{"recorder_version":"31","session":"8ae4340f347f","build":"193.5233.102","bucket":"148","time":1575974028991,"group":{"id":"settings","version":"4"},"event":{"state":true,"data":{"component":"UISettings","created":1575974030024},"id":"invoked"}}
{"recorder_version":"31","session":"8ae4340f347f","build":"193.5233.102","bucket":"148","time":1575974028991,"group":{"id":"settings","version":"4"},"event":{"state":true,"data":{"component":"NotRoamableUiSettings","created":1575974030031},"id":"invoked"}}
{"recorder_version":"31","session":"8ae4340f347f","build":"193.5233.102","bucket":"148","time":1575974029319,"group":{"id":"system.java","version":"1"},"event":{"state":true,"data":{"created":1575974030119,"version":"1.11"},"id":"JetBrains"}}
{"recorder_version":"31","session":"8ae4340f347f","build":"193.5233.102","bucket":"148","time":1575974029319,"group":{"id":"system.java","version":"1"},"event":{"state":true,"data":{"created":1575974030119},"id":"invoked"}}
{"recorder_version":"31","session":"8ae4340f347f","build":"193.5233.102","bucket":"148","time":1575974029457,"group":{"id":"system.os","version":"3"},"event":{"state":true,"data":{"created":1575974030119,"version":"10.0"},"id":"Windows"}}
{"recorder_version":"31","session":"8ae4340f347f","build":"193.5233.102","bucket":"148","time":1575974029457,"group":{"id":"system.os","version":"3"},"event":{"state":true,"data":{"created":1575974030120,"name":"Windows","version":"10.0"},"id":"os.name"}}
{"recorder_version":"31","session":"8ae4340f347f","build":"193.5233.102","bucket":"148","time":1575974029457,"group":{"id":"system.os","version":"3"},"event":{"state":true,"data":{"created":1575974030120,"value":"+08_00"},"id":"os.timezone"}}
{"recorder_version":"31","session":"8ae4340f347f","build":"193.5233.102","bucket":"148","time":1575974029457,"group":{"id":"system.os","version":"3"},"event":{"state":true,"data":{"created":1575974030120},"id":"invoked"}}
{"recorder_version":"31","session":"8ae4340f347f","build":"193.5233.102","bucket":"148","time":1575974029613,"group":{"id":"settings","version":"4"},"event":{"state":true,"data":{"component":"UpdatesConfigurable","created":1575974030120,"name":"checkNeeded","type":"bool","value":false},"id":"not.default"}}
{"recorder_version":"31","session":"8ae4340f347f","build":"193.5233.102","bucket":"148","time":1575974029613,"group":{"id":"settings","version":"4"},"event":{"state":true,"data":{"component":"UpdatesConfigurable","created":1575974030120,"name":"thirdPartyPluginsAllowed","type":"bool","value":true},"id":"not.default"}}
{"recorder_version":"31","session":"8ae4340f347f","build":"193.5233.102","bucket":"148","time":1575974029613,"group":{"id":"settings","version":"4"},"event":{"state":true,"data":{"component":"UpdatesConfigurable","created":1575974030121},"id":"invoked"}}
{"recorder_version":"31","session":"8ae4340f347f","build":"193.5233.102","bucket":"148","time":1575974030014,"group":{"id":"event.log","version":"31"},"event":{"count":1,"data":{"created":1575974030121,"version":"988.0"},"id":"whitelist.loaded"}}
{"recorder_version":"31","session":"8ae4340f347f","build":"193.5233.102","bucket":"148","time":1575974030491,"group":{"id":"performance","version":"31"},"event":{"count":1,"data":{"duration_ms":2348,"created":1575974030493},"id":"ui.latency"}}
{"recorder_version":"31","session":"8ae4340f347f","build":"193.5233.102","bucket":"148","time":1575974030491,"group":{"id":"performance","version":"31"},"event":{"count":1,"data":{"duration_ms":2348,"created":1575974030495},"id":"ui.lagging"}}
{"recorder_version":"31","session":"8ae4340f347f","build":"193.5233.102","bucket":"148","time":1575974030502,"group":{"id":"performance","version":"31"},"event":{"count":1,"data":{"duration_ms":1247,"created":1575974030503},"id":"ui.lagging"}}
{"recorder_version":"31","session":"8ae4340f347f","build":"193.5233.102","bucket":"148","time":1575974030502,"group":{"id":"performance","version":"31"},"event":{"count":1,"data":{"duration_ms":246,"created":1575974030503},"id":"ui.lagging"}}
{"recorder_version":"31","session":"8ae4340f347f","build":"193.5233.102","bucket":"148","time":1575974030637,"group":{"id":"settings","version":"4"},"event":{"state":true,"data":{"component":"GeneralSettings","created":1575974030637},"id":"invoked"}}
{"recorder_version":"31","session":"8ae4340f347f","build":"193.5233.102","bucket":"148","time":1575974030711,"group":{"id":"lifecycle","version":"31"},"event":{"count":1,"data":{"internal":true,"eap":false,"created":1575974030711},"id":"ide.start"}}
{"recorder_version":"31","session":"8ae4340f347f","build":"193.5233.102","bucket":"148","time":1575974031989,"group":{"id":"settings","version":"4"},"event":{"state":true,"data":{"component":"XmlEditorOptions","created":1575974031990},"id":"invoked"}}
{"recorder_version":"31","session":"8ae4340f347f","build":"193.5233.102","bucket":"148","time":1575974035635,"group":{"id":"performance","version":"31"},"event":{"count":1,"data":{"duration_ms":4379,"created":1575974035635},"id":"ui.lagging"}}
{"recorder_version":"31","session":"8ae4340f347f","build":"193.5233.102","bucket":"148","time":1575974035666,"group":{"id":"performance","version":"31"},"event":{"count":1,"data":{"duration_ms":3409,"created":1575974035667},"id":"ui.lagging"}}
{"recorder_version":"31","session":"8ae4340f347f","build":"193.5233.102","bucket":"148","time":1575974035666,"group":{"id":"performance","version":"31"},"event":{"count":1,"data":{"duration_ms":2409,"created":1575974035667},"id":"ui.lagging"}}
{"recorder_version":"31","session":"8ae4340f347f","build":"193.5233.102","bucket":"148","time":1575974035666,"group":{"id":"performance","version":"31"},"event":{"count":1,"data":{"duration_ms":1407,"created":1575974035667},"id":"ui.lagging"}}
{"recorder_version":"31","session":"8ae4340f347f","build":"193.5233.102","bucket":"148","time":1575974035718,"group":{"id":"settings","version":"4"},"event":{"state":true,"data":{"component":"VcsApplicationSettings","created":1575974035718},"id":"invoked"}}
{"recorder_version":"31","session":"8ae4340f347f","build":"193.5233.102","bucket":"148","time":1575974035718,"group":{"id":"lifecycle","version":"31"},"event":{"count":1,"data":{"created":1575974035719},"id":"frame.activated"}}
{"recorder_version":"31","session":"8ae4340f347f","build":"193.5233.102","bucket":"148","time":1575974035787,"group":{"id":"performance","version":"31"},"event":{"count":1,"data":{"duration_ms":528,"created":1575974035787},"id":"ui.lagging"}}
{"recorder_version":"31","session":"8ae4340f347f","build":"193.5233.102","bucket":"148","time":1575974035930,"group":{"id":"ui.dialogs","version":"31"},"event":{"count":1,"data":{"created":1575974035947,"plugin_type":"PLATFORM","dialog_class":"com.intellij.openapi.progress.util.ProgressDialog$MyDialogWrapper"},"id":"show"}}
{"recorder_version":"31","session":"8ae4340f347f","build":"193.5233.102","bucket":"148","time":1575974037203,"group":{"id":"lifecycle","version":"31"},"event":{"count":1,"data":{"created":1575974037216},"id":"frame.deactivated"}}
{"recorder_version":"31","session":"8ae4340f347f","build":"193.5233.102","bucket":"148","time":1575974049789,"group":{"id":"lifecycle","version":"31"},"event":{"count":1,"data":{"created":1575974049789,"project":"1b07182a6fbc47b5244aa599d3d97bfe93a413b2cc48aa24d012a3e8a4aea27e"},"id":"project.opened"}}
{"recorder_version":"31","session":"8ae4340f347f","build":"193.5233.102","bucket":"148","time":1575974051436,"group":{"id":"performance","version":"31"},"event":{"count":1,"data":{"duration_ms":2166,"created":1575974051452},"id":"ui.lagging"}}
{"recorder_version":"31","session":"8ae4340f347f","build":"193.5233.102","bucket":"148","time":1575974051467,"group":{"id":"performance","version":"31"},"event":{"count":1,"data":{"duration_ms":1194,"created":1575974051474},"id":"ui.lagging"}}
{"recorder_version":"31","session":"8ae4340f347f","build":"193.5233.102","bucket":"148","time":1575974051471,"group":{"id":"performance","version":"31"},"event":{"count":1,"data":{"duration_ms":185,"created":1575974051478},"id":"ui.lagging"}}
{"recorder_version":"31","session":"8ae4340f347f","build":"193.5233.102","bucket":"148","time":1575974052387,"group":{"id":"indexing","version":"2"},"event":{"count":1,"data":{"ide_activity_id":1,"created":1575974052387,"project":"1b07182a6fbc47b5244aa599d3d97bfe93a413b2cc48aa24d012a3e8a4aea27e"},"id":"started"}}
{"recorder_version":"31","session":"8ae4340f347f","build":"193.5233.102","bucket":"148","time":1575974052523,"group":{"id":"performance","version":"31"},"event":{"count":1,"data":{"duration_ms":236,"created":1575974052524},"id":"ui.lagging"}}
{"recorder_version":"31","session":"8ae4340f347f","build":"193.5233.102","bucket":"148","time":1575974052560,"group":{"id":"indexing","version":"2"},"event":{"count":1,"data":{"ide_activity_id":1,"stage_class":"com.intellij.util.indexing.UnindexedFilesUpdater","created":1575974052561,"plugin_type":"PLATFORM"},"id":"stage"}}
{"recorder_version":"31","session":"8ae4340f347f","build":"193.5233.102","bucket":"148","time":1575974059397,"group":{"id":"performance","version":"31"},"event":{"count":1,"data":{"duration_ms":3086,"created":1575974059400},"id":"ui.lagging"}}
{"recorder_version":"31","session":"8ae4340f347f","build":"193.5233.102","bucket":"148","time":1575974059399,"group":{"id":"performance","version":"31"},"event":{"count":1,"data":{"duration_ms":2081,"created":1575974059400},"id":"ui.lagging"}}
{"recorder_version":"31","session":"8ae4340f347f","build":"193.5233.102","bucket":"148","time":1575974059399,"group":{"id":"performance","version":"31"},"event":{"count":1,"data":{"duration_ms":1080,"created":1575974059401},"id":"ui.lagging"}}
{"recorder_version":"31","session":"8ae4340f347f","build":"193.5233.102","bucket":"148","time":1575974061007,"group":{"id":"performance","version":"31"},"event":{"count":1,"data":{"duration_ms":686,"created":1575974061053},"id":"ui.lagging"}}
{"recorder_version":"31","session":"8ae4340f347f","build":"193.5233.102","bucket":"148","time":1575974061339,"group":{"id":"indexing","version":"2"},"event":{"count":1,"data":{"duration_ms":8952,"ide_activity_id":1,"created":1575974061344},"id":"finished"}}
{"recorder_version":"31","session":"8ae4340f347f","build":"193.5233.102","bucket":"148","time":1575974061527,"group":{"id":"toolwindow","version":"31"},"event":{"count":1,"data":{"created":1575974061527,"plugin_type":"PLATFORM","id":"Project"},"id":"activated"}}
{"recorder_version":"31","session":"8ae4340f347f","build":"193.5233.102","bucket":"148","time":1575974065033,"group":{"id":"performance","version":"31"},"event":{"count":1,"data":{"duration_ms":2704,"created":1575974065033},"id":"ui.lagging"}}
{"recorder_version":"31","session":"8ae4340f347f","build":"193.5233.102","bucket":"148","time":1575974065219,"group":{"id":"performance","version":"31"},"event":{"count":1,"data":{"duration_ms":1889,"created":1575974065219},"id":"ui.lagging"}}
{"recorder_version":"31","session":"8ae4340f347f","build":"193.5233.102","bucket":"148","time":1575974065219,"group":{"id":"performance","version":"31"},"event":{"count":1,"data":{"duration_ms":887,"created":1575974065219},"id":"ui.lagging"}}
{"recorder_version":"31","session":"8ae4340f347f","build":"193.5233.102","bucket":"148","time":1575974065549,"group":{"id":"vfs","version":"2"},"event":{"count":1,"data":{"duration_ms":4362,"finish_time_ms":1575974065545,"created":1575974065549,"start_time_ms":1575974061183},"id":"refreshed"}}
{"recorder_version":"31","session":"8ae4340f347f","build":"193.5233.102","bucket":"148","time":1575974065702,"group":{"id":"performance","version":"31"},"event":{"count":1,"data":{"duration_ms":359,"created":1575974065702},"id":"ui.lagging"}}
{"recorder_version":"31","session":"8ae4340f347f","build":"193.5233.102","bucket":"148","time":1575974066153,"group":{"id":"ui.tips","version":"2"},"event":{"count":1,"data":{"created":1575974066153,"type":"automatically"},"id":"dialog.shown"}}
{"recorder_version":"31","session":"8ae4340f347f","build":"193.5233.102","bucket":"148","time":1575974066653,"group":{"id":"ui.dialogs","version":"31"},"event":{"count":1,"data":{"created":1575974066653,"plugin_type":"PLATFORM","dialog_class":"com.intellij.ide.util.TipDialog"},"id":"show"}}
{"recorder_version":"31","session":"8ae4340f347f","build":"193.5233.102","bucket":"148","time":1575974067450,"group":{"id":"performance","version":"31"},"event":{"count":1,"data":{"duration_ms":1094,"created":1575974067450},"id":"ui.lagging"}}
{"recorder_version":"31","session":"8ae4340f347f","build":"193.5233.102","bucket":"148","time":1575974067465,"group":{"id":"lifecycle","version":"31"},"event":{"count":1,"data":{"created":1575974067465,"project":"1b07182a6fbc47b5244aa599d3d97bfe93a413b2cc48aa24d012a3e8a4aea27e"},"id":"frame.activated"}}
{"recorder_version":"31","session":"8ae4340f347f","build":"193.5233.102","bucket":"148","time":1575974067497,"group":{"id":"performance","version":"31"},"event":{"count":1,"data":{"duration_ms":125,"created":1575974067497},"id":"ui.lagging"}}
{"recorder_version":"31","session":"8ae4340f347f","build":"193.5233.102","bucket":"148","time":1575974068581,"group":{"id":"performance","version":"31"},"event":{"count":1,"data":{"duration_ms":172,"created":1575974068581},"id":"ui.lagging"}}
{"recorder_version":"31","session":"8ae4340f347f","build":"193.5233.102","bucket":"148","time":1575974069192,"group":{"id":"project.fs","version":"1"},"event":{"state":true,"data":{"os":"Windows","cs-project":false,"created":1575974069192,"project":"1b07182a6fbc47b5244aa599d3d97bfe93a413b2cc48aa24d012a3e8a4aea27e","cs-implicit":true,"cs-system":false},"id":"case-sensitivity"}}
{"recorder_version":"31","session":"8ae4340f347f","build":"193.5233.102","bucket":"148","time":1575974069192,"group":{"id":"project.fs","version":"1"},"event":{"state":true,"data":{"created":1575974069192},"id":"invoked"}}
{"recorder_version":"31","session":"8ae4340f347f","build":"193.5233.102","bucket":"148","time":1575974069192,"group":{"id":"project.fs","version":"1"},"event":{"state":true,"data":{"pct-non-watched":0,"created":1575974069192,"project":"1b07182a6fbc47b5244aa599d3d97bfe93a413b2cc48aa24d012a3e8a4aea27e"},"id":"roots-watched"}}
{"recorder_version":"31","session":"8ae4340f347f","build":"193.5233.102","bucket":"148","time":1575974069192,"group":{"id":"project.fs","version":"1"},"event":{"state":true,"data":{"created":1575974069192},"id":"invoked"}}
{"recorder_version":"31","session":"8ae4340f347f","build":"193.5233.102","bucket":"148","time":1575974069536,"group":{"id":"ui.dialogs","version":"31"},"event":{"count":1,"data":{"code":1,"created":1575974069536,"plugin_type":"PLATFORM","dialog_class":"com.intellij.ide.util.TipDialog"},"id":"close"}}
{"recorder_version":"31","session":"8ae4340f347f","build":"193.5233.102","bucket":"148","time":1575974069536,"group":{"id":"project.import","version":"2"},"event":{"count":1,"data":{"ide_activity_id":2,"plugin":"org.jetbrains.idea.maven","system_id":"undefined.system","created":1575974069551,"task_class":"org.jetbrains.idea.maven.project.MavenProjectsProcessorReadingTask","plugin_type":"JB_BUNDLED","project":"1b07182a6fbc47b5244aa599d3d97bfe93a413b2cc48aa24d012a3e8a4aea27e"},"id":"started"}}
{"recorder_version":"31","session":"8ae4340f347f","build":"193.5233.102","bucket":"148","time":1575974069583,"group":{"id":"ui.dialogs","version":"31"},"event":{"count":1,"data":{"code":1,"created":1575974069583,"plugin_type":"PLATFORM","dialog_class":"com.intellij.openapi.progress.util.ProgressDialog$MyDialogWrapper"},"id":"close"}}
{"recorder_version":"31","session":"8ae4340f347f","build":"193.5233.102","bucket":"148","time":1575974069598,"group":{"id":"performance","version":"31"},"event":{"count":1,"data":{"duration_ms":172,"created":1575974069598},"id":"ui.lagging"}}
{"recorder_version":"31","session":"8ae4340f347f","build":"193.5233.102","bucket":"148","time":1575974069848,"group":{"id":"project.import","version":"2"},"event":{"count":1,"data":{"duration_ms":312,"ide_activity_id":2,"created":1575974069848},"id":"finished"}}
{"recorder_version":"31","session":"8ae4340f347f","build":"193.5233.102","bucket":"148","time":1575974070232,"group":{"id":"indexing","version":"2"},"event":{"count":1,"data":{"ide_activity_id":3,"created":1575974070232,"project":"1b07182a6fbc47b5244aa599d3d97bfe93a413b2cc48aa24d012a3e8a4aea27e"},"id":"started"}}
{"recorder_version":"31","session":"8ae4340f347f","build":"193.5233.102","bucket":"148","time":1575974070294,"group":{"id":"indexing","version":"2"},"event":{"count":1,"data":{"ide_activity_id":3,"plugin":"org.jetbrains.android","stage_class":"com.android.tools.idea.res.ResourceFolderRepositoryFileCacheImpl$PruneTask","created":1575974070294,"plugin_type":"JB_BUNDLED"},"id":"stage"}}
{"recorder_version":"31","session":"8ae4340f347f","build":"193.5233.102","bucket":"148","time":1575974070341,"group":{"id":"indexing","version":"2"},"event":{"count":1,"data":{"ide_activity_id":3,"plugin":"org.jetbrains.android","stage_class":"com.android.tools.idea.res.ResourceFolderRepositoryFileCacheImpl$ManageLruProjectFilesTask","created":1575974070359,"plugin_type":"JB_BUNDLED"},"id":"stage"}}
{"recorder_version":"31","session":"8ae4340f347f","build":"193.5233.102","bucket":"148","time":1575974071161,"group":{"id":"indexing","version":"2"},"event":{"count":1,"data":{"duration_ms":929,"ide_activity_id":3,"created":1575974071161},"id":"finished"}}
{"recorder_version":"31","session":"8ae4340f347f","build":"193.5233.102","bucket":"148","time":1575974071161,"group":{"id":"performance","version":"31"},"event":{"count":1,"data":{"duration_ms":732,"created":1575974071177},"id":"ui.lagging"}}
{"recorder_version":"31","session":"8ae4340f347f","build":"193.5233.102","bucket":"148","time":1575974071161,"group":{"id":"lifecycle","version":"31"},"event":{"count":1,"data":{"duration_ms":39970,"created":1575974071177,"project":"1b07182a6fbc47b5244aa599d3d97bfe93a413b2cc48aa24d012a3e8a4aea27e"},"id":"project.opening.finished"}}
{"recorder_version":"31","session":"8ae4340f347f","build":"193.5233.102","bucket":"148","time":1575974072059,"group":{"id":"lifecycle","version":"31"},"event":{"count":1,"data":{"created":1575974072074,"project":"1b07182a6fbc47b5244aa599d3d97bfe93a413b2cc48aa24d012a3e8a4aea27e"},"id":"frame.deactivated"}}
{"recorder_version":"31","session":"8ae4340f347f","build":"193.5233.102","bucket":"148","time":1575974072523,"group":{"id":"performance","version":"31"},"event":{"count":1,"data":{"duration_ms":1082,"created":1575974072523},"id":"ui.lagging"}}
{"recorder_version":"31","session":"8ae4340f347f","build":"193.5233.102","bucket":"148","time":1575974072779,"group":{"id":"performance","version":"31"},"event":{"count":1,"data":{"duration_ms":338,"created":1575974072784},"id":"ui.lagging"}}
{"recorder_version":"31","session":"8ae4340f347f","build":"193.5233.102","bucket":"148","time":1575974073224,"group":{"id":"indexing","version":"2"},"event":{"count":1,"data":{"ide_activity_id":4,"created":1575974073225,"project":"1b07182a6fbc47b5244aa599d3d97bfe93a413b2cc48aa24d012a3e8a4aea27e"},"id":"started"}}
{"recorder_version":"31","session":"8ae4340f347f","build":"193.5233.102","bucket":"148","time":1575974073294,"group":{"id":"indexing","version":"2"},"event":{"count":1,"data":{"ide_activity_id":4,"plugin":"org.jetbrains.android","stage_class":"com.android.tools.idea.res.ResourceFolderRegistry$PopulateCachesTask","created":1575974073299,"plugin_type":"JB_BUNDLED"},"id":"stage"}}
{"recorder_version":"31","session":"8ae4340f347f","build":"193.5233.102","bucket":"148","time":1575974073335,"group":{"id":"indexing","version":"2"},"event":{"count":1,"data":{"duration_ms":111,"ide_activity_id":4,"created":1575974073336},"id":"finished"}}
{"recorder_version":"31","session":"8ae4340f347f","build":"193.5233.102","bucket":"148","time":1575974073979,"group":{"id":"project.import","version":"2"},"event":{"count":1,"data":{"ide_activity_id":5,"plugin":"org.jetbrains.idea.maven","system_id":"undefined.system","created":1575974073979,"task_class":"org.jetbrains.idea.maven.project.MavenProjectsProcessor$MavenProjectsProcessorWaitForCompletionTask","plugin_type":"JB_BUNDLED","project":"1b07182a6fbc47b5244aa599d3d97bfe93a413b2cc48aa24d012a3e8a4aea27e"},"id":"started"}}
{"recorder_version":"31","session":"8ae4340f347f","build":"193.5233.102","bucket":"148","time":1575974073979,"group":{"id":"project.import","version":"2"},"event":{"count":1,"data":{"duration_ms":0,"ide_activity_id":5,"created":1575974073994},"id":"finished"}}
{"recorder_version":"31","session":"8ae4340f347f","build":"193.5233.102","bucket":"148","time":1575974073994,"group":{"id":"project.import","version":"2"},"event":{"count":1,"data":{"ide_activity_id":6,"plugin":"org.jetbrains.idea.maven","system_id":"undefined.system","created":1575974073994,"task_class":"org.jetbrains.idea.maven.project.MavenProjectsProcessor$MavenProjectsProcessorWaitForCompletionTask","plugin_type":"JB_BUNDLED","project":"1b07182a6fbc47b5244aa599d3d97bfe93a413b2cc48aa24d012a3e8a4aea27e"},"id":"started"}}
{"recorder_version":"31","session":"8ae4340f347f","build":"193.5233.102","bucket":"148","time":1575974073994,"group":{"id":"project.import","version":"2"},"event":{"count":1,"data":{"duration_ms":0,"ide_activity_id":6,"created":1575974073994},"id":"finished"}}
{"recorder_version":"31","session":"8ae4340f347f","build":"193.5233.102","bucket":"148","time":1575974074010,"group":{"id":"project.import","version":"2"},"event":{"count":1,"data":{"ide_activity_id":7,"plugin":"org.jetbrains.idea.maven","system_id":"undefined.system","created":1575974074010,"task_class":"org.jetbrains.idea.maven.project.MavenProjectsProcessor$MavenProjectsProcessorWaitForCompletionTask","plugin_type":"JB_BUNDLED","project":"1b07182a6fbc47b5244aa599d3d97bfe93a413b2cc48aa24d012a3e8a4aea27e"},"id":"started"}}
{"recorder_version":"31","session":"8ae4340f347f","build":"193.5233.102","bucket":"148","time":1575974074010,"group":{"id":"project.import","version":"2"},"event":{"count":1,"data":{"duration_ms":0,"ide_activity_id":7,"created":1575974074010},"id":"finished"}}
{"recorder_version":"31","session":"8ae4340f347f","build":"193.5233.102","bucket":"148","time":1575974074010,"group":{"id":"project.import","version":"2"},"event":{"count":1,"data":{"ide_activity_id":8,"plugin":"org.jetbrains.idea.maven","system_id":"undefined.system","created":1575974074010,"task_class":"org.jetbrains.idea.maven.project.MavenProjectsProcessor$MavenProjectsProcessorWaitForCompletionTask","plugin_type":"JB_BUNDLED","project":"1b07182a6fbc47b5244aa599d3d97bfe93a413b2cc48aa24d012a3e8a4aea27e"},"id":"started"}}
{"recorder_version":"31","session":"8ae4340f347f","build":"193.5233.102","bucket":"148","time":1575974074010,"group":{"id":"project.import","version":"2"},"event":{"count":1,"data":{"duration_ms":0,"ide_activity_id":8,"created":1575974074010},"id":"finished"}}
{"recorder_version":"31","session":"8ae4340f347f","build":"193.5233.102","bucket":"148","time":1575974074010,"group":{"id":"project.import","version":"2"},"event":{"count":1,"data":{"ide_activity_id":9,"plugin":"org.jetbrains.idea.maven","system_id":"undefined.system","created":1575974074010,"task_class":"org.jetbrains.idea.maven.project.MavenProjectsProcessor$MavenProjectsProcessorWaitForCompletionTask","plugin_type":"JB_BUNDLED","project":"1b07182a6fbc47b5244aa599d3d97bfe93a413b2cc48aa24d012a3e8a4aea27e"},"id":"started"}}
{"recorder_version":"31","session":"8ae4340f347f","build":"193.5233.102","bucket":"148","time":1575974074010,"group":{"id":"project.import","version":"2"},"event":{"count":1,"data":{"duration_ms":0,"ide_activity_id":9,"created":1575974074010},"id":"finished"}}
{"recorder_version":"31","session":"8ae4340f347f","build":"193.5233.102","bucket":"148","time":1575974074010,"group":{"id":"project.import","version":"2"},"event":{"count":1,"data":{"ide_activity_id":10,"plugin":"org.jetbrains.idea.maven","system_id":"undefined.system","created":1575974074010,"task_class":"org.jetbrains.idea.maven.project.MavenProjectsProcessor$MavenProjectsProcessorWaitForCompletionTask","plugin_type":"JB_BUNDLED","project":"1b07182a6fbc47b5244aa599d3d97bfe93a413b2cc48aa24d012a3e8a4aea27e"},"id":"started"}}
{"recorder_version":"31","session":"8ae4340f347f","build":"193.5233.102","bucket":"148","time":1575974074010,"group":{"id":"project.import","version":"2"},"event":{"count":1,"data":{"duration_ms":0,"ide_activity_id":10,"created":1575974074010},"id":"finished"}}
{"recorder_version":"31","session":"8ae4340f347f","build":"193.5233.102","bucket":"148","time":1575974074091,"group":{"id":"performance","version":"31"},"event":{"count":1,"data":{"duration_ms":639,"created":1575974074091},"id":"ui.lagging"}}
{"recorder_version":"31","session":"8ae4340f347f","build":"193.5233.102","bucket":"148","time":1575974074719,"group":{"id":"performance","version":"31"},"event":{"count":1,"data":{"duration_ms":266,"created":1575974074719},"id":"ui.lagging"}}
{"recorder_version":"31","session":"8ae4340f347f","build":"193.5233.102","bucket":"148","time":1575974079073,"group":{"id":"performance","version":"31"},"event":{"count":1,"data":{"duration_ms":1604,"created":1575974079088},"id":"ui.lagging"}}
{"recorder_version":"31","session":"8ae4340f347f","build":"193.5233.102","bucket":"148","time":1575974079073,"group":{"id":"performance","version":"31"},"event":{"count":1,"data":{"duration_ms":600,"created":1575974079088},"id":"ui.lagging"}}
{"recorder_version":"31","session":"8ae4340f347f","build":"193.5233.102","bucket":"148","time":1575974080357,"group":{"id":"performance","version":"31"},"event":{"count":1,"data":{"duration_ms":878,"created":1575974080357},"id":"ui.lagging"}}
{"recorder_version":"31","session":"8ae4340f347f","build":"193.5233.102","bucket":"148","time":1575974080623,"group":{"id":"performance","version":"31"},"event":{"count":1,"data":{"duration_ms":141,"created":1575974080623},"id":"ui.lagging"}}
{"recorder_version":"31","session":"8ae4340f347f","build":"193.5233.102","bucket":"148","time":1575974086358,"group":{"id":"startup","version":"1"},"event":{"count":1,"data":{"duration":9359,"created":1575974086358},"id":"appInit"}}
{"recorder_version":"31","session":"8ae4340f347f","build":"193.5233.102","bucket":"148","time":1575974086358,"group":{"id":"startup","version":"1"},"event":{"count":1,"data":{"duration":3343,"created":1575974086359},"id":"splash"}}
{"recorder_version":"31","session":"8ae4340f347f","build":"193.5233.102","bucket":"148","time":1575974086358,"group":{"id":"startup","version":"1"},"event":{"count":1,"data":{"duration":1415,"created":1575974086359},"id":"bootstrap"}}
{"recorder_version":"31","session":"8ae4340f347f","build":"193.5233.102","bucket":"148","time":1575974086358,"group":{"id":"startup","version":"1"},"event":{"count":1,"data":{"duration":49869,"created":1575974086359},"id":"totalDuration"}}
{"recorder_version":"31","session":"8ae4340f347f","build":"193.5233.102","bucket":"148","time":1575974093721,"group":{"id":"performance","version":"31"},"event":{"count":1,"data":{"duration_ms":193,"created":1575974093725},"id":"ui.lagging"}}
{"recorder_version":"31","session":"8ae4340f347f","build":"193.5233.102","bucket":"148","time":1575974105800,"group":{"id":"lifecycle","version":"31"},"event":{"count":1,"data":{"created":1575974105801,"project":"1b07182a6fbc47b5244aa599d3d97bfe93a413b2cc48aa24d012a3e8a4aea27e"},"id":"frame.activated"}}
{"recorder_version":"31","session":"8ae4340f347f","build":"193.5233.102","bucket":"148","time":1575974118069,"group":{"id":"lifecycle","version":"31"},"event":{"count":1,"data":{"created":1575974118069,"project":"1b07182a6fbc47b5244aa599d3d97bfe93a413b2cc48aa24d012a3e8a4aea27e"},"id":"frame.deactivated"}}
{"recorder_version":"31","session":"8ae4340f347f","build":"193.5233.102","bucket":"148","time":1575974123178,"group":{"id":"lifecycle","version":"31"},"event":{"count":1,"data":{"created":1575974123178,"project":"1b07182a6fbc47b5244aa599d3d97bfe93a413b2cc48aa24d012a3e8a4aea27e"},"id":"frame.activated"}}
{"recorder_version":"31","session":"8ae4340f347f","build":"193.5233.102","bucket":"148","time":1575974123318,"group":{"id":"ui.dialogs","version":"31"},"event":{"count":1,"data":{"created":1575974123318,"plugin_type":"PLATFORM","dialog_class":"com.intellij.openapi.ui.messages.MessageDialog"},"id":"show"}}
{"recorder_version":"31","session":"8ae4340f347f","build":"193.5233.102","bucket":"148","time":1575974124584,"group":{"id":"lifecycle","version":"31"},"event":{"count":1,"data":{"restart":false,"created":1575974124584},"id":"ide.close"}}
{"recorder_version":"31","session":"8ae4340f347f","build":"193.5233.102","bucket":"148","time":1575974124945,"group":{"id":"lifecycle","version":"31"},"event":{"count":1,"data":{"created":1575974124945,"project":"1b07182a6fbc47b5244aa599d3d97bfe93a413b2cc48aa24d012a3e8a4aea27e"},"id":"project.closed"}}
