{"recorder_version":"31","session":"742bf4ec7125","build":"193.5233.102","bucket":"148","time":1575890102892,"group":{"id":"settings","version":"4"},"event":{"state":true,"data":{"component":"NotRoamableUiSettings","created":1575890104806},"id":"invoked"}}
{"recorder_version":"31","session":"742bf4ec7125","build":"193.5233.102","bucket":"148","time":1575890102892,"group":{"id":"settings","version":"4"},"event":{"state":true,"data":{"component":"UISettings","created":1575890104809},"id":"invoked"}}
{"recorder_version":"31","session":"742bf4ec7125","build":"193.5233.102","bucket":"148","time":1575890103016,"group":{"id":"system.java","version":"1"},"event":{"state":true,"data":{"created":1575890104828,"version":"1.8"},"id":"Oracle"}}
{"recorder_version":"31","session":"742bf4ec7125","build":"193.5233.102","bucket":"148","time":1575890103016,"group":{"id":"system.java","version":"1"},"event":{"state":true,"data":{"created":1575890104828},"id":"invoked"}}
{"recorder_version":"31","session":"742bf4ec7125","build":"193.5233.102","bucket":"148","time":1575890104101,"group":{"id":"system.os","version":"3"},"event":{"state":true,"data":{"created":1575890104829,"version":"10.0"},"id":"Windows"}}
{"recorder_version":"31","session":"742bf4ec7125","build":"193.5233.102","bucket":"148","time":1575890104101,"group":{"id":"system.os","version":"3"},"event":{"state":true,"data":{"created":1575890104829,"name":"Windows","version":"10.0"},"id":"os.name"}}
{"recorder_version":"31","session":"742bf4ec7125","build":"193.5233.102","bucket":"148","time":1575890104101,"group":{"id":"system.os","version":"3"},"event":{"state":true,"data":{"created":1575890104829,"value":"+08_00"},"id":"os.timezone"}}
{"recorder_version":"31","session":"742bf4ec7125","build":"193.5233.102","bucket":"148","time":1575890104101,"group":{"id":"system.os","version":"3"},"event":{"state":true,"data":{"created":1575890104830},"id":"invoked"}}
{"recorder_version":"31","session":"742bf4ec7125","build":"193.5233.102","bucket":"148","time":1575890104781,"group":{"id":"event.log","version":"31"},"event":{"count":1,"data":{"created":1575890104830,"version":"935.0"},"id":"whitelist.loaded"}}
{"recorder_version":"31","session":"742bf4ec7125","build":"193.5233.102","bucket":"148","time":1575890105487,"group":{"id":"settings","version":"4"},"event":{"state":true,"data":{"component":"UpdatesConfigurable","created":1575890105531,"name":"checkNeeded","type":"bool","value":false},"id":"not.default"}}
{"recorder_version":"31","session":"742bf4ec7125","build":"193.5233.102","bucket":"148","time":1575890105531,"group":{"id":"settings","version":"4"},"event":{"state":true,"data":{"component":"UpdatesConfigurable","created":1575890105531},"id":"invoked"}}
{"recorder_version":"31","session":"742bf4ec7125","build":"193.5233.102","bucket":"148","time":1575890107440,"group":{"id":"performance","version":"31"},"event":{"count":1,"data":{"duration_ms":4678,"created":1575890107441},"id":"ui.latency"}}
{"recorder_version":"31","session":"742bf4ec7125","build":"193.5233.102","bucket":"148","time":1575890107440,"group":{"id":"performance","version":"31"},"event":{"count":1,"data":{"duration_ms":4678,"created":1575890107442},"id":"ui.lagging"}}
{"recorder_version":"31","session":"742bf4ec7125","build":"193.5233.102","bucket":"148","time":1575890107455,"group":{"id":"settings","version":"4"},"event":{"state":true,"data":{"component":"GeneralSettings","created":1575890107455},"id":"invoked"}}
{"recorder_version":"31","session":"742bf4ec7125","build":"193.5233.102","bucket":"148","time":1575890107459,"group":{"id":"performance","version":"31"},"event":{"count":1,"data":{"duration_ms":3777,"created":1575890107459},"id":"ui.lagging"}}
{"recorder_version":"31","session":"742bf4ec7125","build":"193.5233.102","bucket":"148","time":1575890107459,"group":{"id":"performance","version":"31"},"event":{"count":1,"data":{"duration_ms":2766,"created":1575890107459},"id":"ui.lagging"}}
{"recorder_version":"31","session":"742bf4ec7125","build":"193.5233.102","bucket":"148","time":1575890107459,"group":{"id":"performance","version":"31"},"event":{"count":1,"data":{"duration_ms":1765,"created":1575890107459},"id":"ui.lagging"}}
{"recorder_version":"31","session":"742bf4ec7125","build":"193.5233.102","bucket":"148","time":1575890107459,"group":{"id":"performance","version":"31"},"event":{"count":1,"data":{"duration_ms":750,"created":1575890107461},"id":"ui.lagging"}}
{"recorder_version":"31","session":"742bf4ec7125","build":"193.5233.102","bucket":"148","time":1575890108489,"group":{"id":"settings","version":"4"},"event":{"state":true,"data":{"component":"XmlEditorOptions","created":1575890108489},"id":"invoked"}}
{"recorder_version":"31","session":"742bf4ec7125","build":"193.5233.102","bucket":"148","time":1575890110376,"group":{"id":"performance","version":"31"},"event":{"count":1,"data":{"duration_ms":2664,"created":1575890110376},"id":"ui.lagging"}}
{"recorder_version":"31","session":"742bf4ec7125","build":"193.5233.102","bucket":"148","time":1575890110376,"group":{"id":"performance","version":"31"},"event":{"count":1,"data":{"duration_ms":1664,"created":1575890110377},"id":"ui.lagging"}}
{"recorder_version":"31","session":"742bf4ec7125","build":"193.5233.102","bucket":"148","time":1575890110379,"group":{"id":"lifecycle","version":"31"},"event":{"count":1,"data":{"internal":true,"eap":false,"created":1575890110379},"id":"ide.start"}}
{"recorder_version":"31","session":"742bf4ec7125","build":"193.5233.102","bucket":"148","time":1575890110471,"group":{"id":"performance","version":"31"},"event":{"count":1,"data":{"duration_ms":758,"created":1575890110471},"id":"ui.lagging"}}
{"recorder_version":"31","session":"742bf4ec7125","build":"193.5233.102","bucket":"148","time":1575890207832,"group":{"id":"performance","version":"31"},"event":{"count":1,"data":{"duration_ms":0,"created":1575890207832},"id":"ui.latency"}}
{"recorder_version":"31","session":"742bf4ec7125","build":"193.5233.102","bucket":"148","time":1575890289090,"group":{"id":"event.log","version":"31"},"event":{"count":1,"data":{"created":1575890289090,"version":"985.0"},"id":"whitelist.updated"}}
{"recorder_version":"31","session":"742bf4ec7125","build":"193.5233.102","bucket":"148","time":1575890307922,"group":{"id":"performance","version":"31"},"event":{"count":1,"data":{"duration_ms":0,"created":1575890307922},"id":"ui.latency"}}
{"recorder_version":"31","session":"742bf4ec7125","build":"193.5233.102","bucket":"148","time":1575890407442,"group":{"id":"kotlin.ide.j2k","version":"1"},"event":{"count":1,"data":{"created":1575890407442},"id":"registered"}}
{"recorder_version":"31","session":"742bf4ec7125","build":"193.5233.102","bucket":"148","time":1575890407442,"group":{"id":"java.find.usages","version":"1"},"event":{"count":1,"data":{"created":1575890407443},"id":"registered"}}
{"recorder_version":"31","session":"742bf4ec7125","build":"193.5233.102","bucket":"148","time":1575890407442,"group":{"id":"file.types.usage","version":"31"},"event":{"count":1,"data":{"created":1575890407443},"id":"registered"}}
{"recorder_version":"31","session":"742bf4ec7125","build":"193.5233.102","bucket":"148","time":1575890407442,"group":{"id":"ide.script.engine","version":"2"},"event":{"count":1,"data":{"created":1575890407443},"id":"registered"}}
{"recorder_version":"31","session":"742bf4ec7125","build":"193.5233.102","bucket":"148","time":1575890407442,"group":{"id":"live.templates","version":"31"},"event":{"count":1,"data":{"created":1575890407443},"id":"registered"}}
{"recorder_version":"31","session":"742bf4ec7125","build":"193.5233.102","bucket":"148","time":1575890407442,"group":{"id":"ide.self.update","version":"2"},"event":{"count":1,"data":{"created":1575890407444},"id":"registered"}}
{"recorder_version":"31","session":"742bf4ec7125","build":"193.5233.102","bucket":"148","time":1575890407442,"group":{"id":"lifecycle","version":"31"},"event":{"count":1,"data":{"created":1575890407444},"id":"registered"}}
{"recorder_version":"31","session":"742bf4ec7125","build":"193.5233.102","bucket":"148","time":1575890407442,"group":{"id":"vcs.diff.trigger","version":"1"},"event":{"count":1,"data":{"created":1575890407444},"id":"registered"}}
{"recorder_version":"31","session":"742bf4ec7125","build":"193.5233.102","bucket":"148","time":1575890407442,"group":{"id":"debugger.breakpoints.usage","version":"2"},"event":{"count":1,"data":{"created":1575890407444},"id":"registered"}}
{"recorder_version":"31","session":"742bf4ec7125","build":"193.5233.102","bucket":"148","time":1575890407442,"group":{"id":"kotlin.gradle.library","version":"1"},"event":{"count":1,"data":{"created":1575890407444},"id":"registered"}}
{"recorder_version":"31","session":"742bf4ec7125","build":"193.5233.102","bucket":"148","time":1575890407442,"group":{"id":"startup","version":"1"},"event":{"count":1,"data":{"created":1575890407444},"id":"registered"}}
{"recorder_version":"31","session":"742bf4ec7125","build":"193.5233.102","bucket":"148","time":1575890407442,"group":{"id":"find","version":"2"},"event":{"count":1,"data":{"created":1575890407444},"id":"registered"}}
{"recorder_version":"31","session":"742bf4ec7125","build":"193.5233.102","bucket":"148","time":1575890407442,"group":{"id":"kotlin.gradle.target","version":"2"},"event":{"count":1,"data":{"created":1575890407444},"id":"registered"}}
{"recorder_version":"31","session":"742bf4ec7125","build":"193.5233.102","bucket":"148","time":1575890407442,"group":{"id":"gutter.icon.click","version":"2"},"event":{"count":1,"data":{"created":1575890407444},"id":"registered"}}
{"recorder_version":"31","session":"742bf4ec7125","build":"193.5233.102","bucket":"148","time":1575890407442,"group":{"id":"shell.script","version":"1"},"event":{"count":1,"data":{"created":1575890407444},"id":"registered"}}
{"recorder_version":"31","session":"742bf4ec7125","build":"193.5233.102","bucket":"148","time":1575890407442,"group":{"id":"new.project.wizard","version":"1"},"event":{"count":1,"data":{"created":1575890407445},"id":"registered"}}
{"recorder_version":"31","session":"742bf4ec7125","build":"193.5233.102","bucket":"148","time":1575890407442,"group":{"id":"kotlin.ide.npwizards","version":"1"},"event":{"count":1,"data":{"created":1575890407445},"id":"registered"}}
{"recorder_version":"31","session":"742bf4ec7125","build":"193.5233.102","bucket":"148","time":1575890407442,"group":{"id":"intentions","version":"31"},"event":{"count":1,"data":{"created":1575890407445},"id":"registered"}}
{"recorder_version":"31","session":"742bf4ec7125","build":"193.5233.102","bucket":"148","time":1575890407442,"group":{"id":"settings.repository","version":"1"},"event":{"count":1,"data":{"created":1575890407445},"id":"registered"}}
{"recorder_version":"31","session":"742bf4ec7125","build":"193.5233.102","bucket":"148","time":1575890407442,"group":{"id":"vcs.change.reminder","version":"2"},"event":{"count":1,"data":{"created":1575890407445},"id":"registered"}}
{"recorder_version":"31","session":"742bf4ec7125","build":"193.5233.102","bucket":"148","time":1575890407442,"group":{"id":"create.directory.dialog","version":"1"},"event":{"count":1,"data":{"created":1575890407445},"id":"registered"}}
{"recorder_version":"31","session":"742bf4ec7125","build":"193.5233.102","bucket":"148","time":1575890407442,"group":{"id":"kotlin.maven.target","version":"3"},"event":{"count":1,"data":{"created":1575890407445},"id":"registered"}}
{"recorder_version":"31","session":"742bf4ec7125","build":"193.5233.102","bucket":"148","time":1575890407442,"group":{"id":"json.schema","version":"1"},"event":{"count":1,"data":{"created":1575890407445},"id":"registered"}}
{"recorder_version":"31","session":"742bf4ec7125","build":"193.5233.102","bucket":"148","time":1575890407442,"group":{"id":"terminalShell","version":"1"},"event":{"count":1,"data":{"created":1575890407445},"id":"registered"}}
{"recorder_version":"31","session":"742bf4ec7125","build":"193.5233.102","bucket":"148","time":1575890407442,"group":{"id":"rename.refactoring","version":"1"},"event":{"count":1,"data":{"created":1575890407446},"id":"registered"}}
{"recorder_version":"31","session":"742bf4ec7125","build":"193.5233.102","bucket":"148","time":1575890407442,"group":{"id":"build.ant.actions","version":"1"},"event":{"count":1,"data":{"created":1575890407446},"id":"registered"}}
{"recorder_version":"31","session":"742bf4ec7125","build":"193.5233.102","bucket":"148","time":1575890407442,"group":{"id":"actions","version":"31"},"event":{"count":1,"data":{"created":1575890407446},"id":"registered"}}
{"recorder_version":"31","session":"742bf4ec7125","build":"193.5233.102","bucket":"148","time":1575890407442,"group":{"id":"kotlin.ide.editor","version":"1"},"event":{"count":1,"data":{"created":1575890407446},"id":"registered"}}
{"recorder_version":"31","session":"742bf4ec7125","build":"193.5233.102","bucket":"148","time":1575890407442,"group":{"id":"event.log","version":"31"},"event":{"count":1,"data":{"created":1575890407446},"id":"registered"}}
{"recorder_version":"31","session":"742bf4ec7125","build":"193.5233.102","bucket":"148","time":1575890407442,"group":{"id":"run.configuration.exec","version":"31"},"event":{"count":1,"data":{"created":1575890407446},"id":"registered"}}
{"recorder_version":"31","session":"742bf4ec7125","build":"193.5233.102","bucket":"148","time":1575890407442,"group":{"id":"build.tools.actions","version":"1"},"event":{"count":1,"data":{"created":1575890407446},"id":"registered"}}
{"recorder_version":"31","session":"742bf4ec7125","build":"193.5233.102","bucket":"148","time":1575890407442,"group":{"id":"file.editor","version":"2"},"event":{"count":1,"data":{"created":1575890407446},"id":"registered"}}
{"recorder_version":"31","session":"742bf4ec7125","build":"193.5233.102","bucket":"148","time":1575890407442,"group":{"id":"vfs","version":"2"},"event":{"count":1,"data":{"created":1575890407446},"id":"registered"}}
{"recorder_version":"31","session":"742bf4ec7125","build":"193.5233.102","bucket":"148","time":1575890407442,"group":{"id":"project.import","version":"2"},"event":{"count":1,"data":{"created":1575890407446},"id":"registered"}}
{"recorder_version":"31","session":"742bf4ec7125","build":"193.5233.102","bucket":"148","time":1575890407442,"group":{"id":"actions.runAnything","version":"1"},"event":{"count":1,"data":{"created":1575890407447},"id":"registered"}}
{"recorder_version":"31","session":"742bf4ec7125","build":"193.5233.102","bucket":"148","time":1575890407442,"group":{"id":"toolwindow","version":"31"},"event":{"count":1,"data":{"created":1575890407447},"id":"registered"}}
{"recorder_version":"31","session":"742bf4ec7125","build":"193.5233.102","bucket":"148","time":1575890407442,"group":{"id":"kotlin.ide.newFileTempl","version":"1"},"event":{"count":1,"data":{"created":1575890407447},"id":"registered"}}
{"recorder_version":"31","session":"742bf4ec7125","build":"193.5233.102","bucket":"148","time":1575890407442,"group":{"id":"ui.settings","version":"31"},"event":{"count":1,"data":{"created":1575890407448},"id":"registered"}}
{"recorder_version":"31","session":"742bf4ec7125","build":"193.5233.102","bucket":"148","time":1575890407442,"group":{"id":"vcs.log.trigger","version":"2"},"event":{"count":1,"data":{"created":1575890407448},"id":"registered"}}
{"recorder_version":"31","session":"742bf4ec7125","build":"193.5233.102","bucket":"148","time":1575890407442,"group":{"id":"productivity","version":"31"},"event":{"count":1,"data":{"created":1575890407449},"id":"registered"}}
{"recorder_version":"31","session":"742bf4ec7125","build":"193.5233.102","bucket":"148","time":1575890407442,"group":{"id":"build.maven.actions","version":"1"},"event":{"count":1,"data":{"created":1575890407449},"id":"registered"}}
{"recorder_version":"31","session":"742bf4ec7125","build":"193.5233.102","bucket":"148","time":1575890407442,"group":{"id":"ui.event","version":"2"},"event":{"count":1,"data":{"created":1575890407449},"id":"registered"}}
{"recorder_version":"31","session":"742bf4ec7125","build":"193.5233.102","bucket":"148","time":1575890407442,"group":{"id":"plugins.advertiser","version":"1"},"event":{"count":1,"data":{"created":1575890407449},"id":"registered"}}
{"recorder_version":"31","session":"742bf4ec7125","build":"193.5233.102","bucket":"148","time":1575890407442,"group":{"id":"kotlin.ide.debugger","version":"2"},"event":{"count":1,"data":{"created":1575890407449},"id":"registered"}}
{"recorder_version":"31","session":"742bf4ec7125","build":"193.5233.102","bucket":"148","time":1575890407442,"group":{"id":"tooltip.action.events","version":"1"},"event":{"count":1,"data":{"created":1575890407449},"id":"registered"}}
{"recorder_version":"31","session":"742bf4ec7125","build":"193.5233.102","bucket":"148","time":1575890407442,"group":{"id":"completion","version":"1"},"event":{"count":1,"data":{"created":1575890407449},"id":"registered"}}
{"recorder_version":"31","session":"742bf4ec7125","build":"193.5233.102","bucket":"148","time":1575890407442,"group":{"id":"indexing","version":"2"},"event":{"count":1,"data":{"created":1575890407449},"id":"registered"}}
{"recorder_version":"31","session":"742bf4ec7125","build":"193.5233.102","bucket":"148","time":1575890407442,"group":{"id":"vcs","version":"2"},"event":{"count":1,"data":{"created":1575890407449},"id":"registered"}}
{"recorder_version":"31","session":"742bf4ec7125","build":"193.5233.102","bucket":"148","time":1575890407442,"group":{"id":"ui.dialogs","version":"31"},"event":{"count":1,"data":{"created":1575890407449},"id":"registered"}}
{"recorder_version":"31","session":"742bf4ec7125","build":"193.5233.102","bucket":"148","time":1575890407442,"group":{"id":"vcs.back.forward.trigger","version":"1"},"event":{"count":1,"data":{"created":1575890407450},"id":"registered"}}
{"recorder_version":"31","session":"742bf4ec7125","build":"193.5233.102","bucket":"148","time":1575890407442,"group":{"id":"ide.update.dialog","version":"1"},"event":{"count":1,"data":{"created":1575890407450},"id":"registered"}}
{"recorder_version":"31","session":"742bf4ec7125","build":"193.5233.102","bucket":"148","time":1575890407442,"group":{"id":"toolbar","version":"31"},"event":{"count":1,"data":{"created":1575890407450},"id":"registered"}}
{"recorder_version":"31","session":"742bf4ec7125","build":"193.5233.102","bucket":"148","time":1575890407442,"group":{"id":"build.gradle.actions","version":"1"},"event":{"count":1,"data":{"created":1575890407450},"id":"registered"}}
{"recorder_version":"31","session":"742bf4ec7125","build":"193.5233.102","bucket":"148","time":1575890407442,"group":{"id":"performance","version":"31"},"event":{"count":1,"data":{"created":1575890407450},"id":"registered"}}
{"recorder_version":"31","session":"742bf4ec7125","build":"193.5233.102","bucket":"148","time":1575890407442,"group":{"id":"build","version":"2"},"event":{"count":1,"data":{"created":1575890407450},"id":"registered"}}
{"recorder_version":"31","session":"742bf4ec7125","build":"193.5233.102","bucket":"148","time":1575890407442,"group":{"id":"searchEverywhere","version":"1"},"event":{"count":1,"data":{"created":1575890407450},"id":"registered"}}
{"recorder_version":"31","session":"742bf4ec7125","build":"193.5233.102","bucket":"148","time":1575890407442,"group":{"id":"kotlin.ide.action.refactoring","version":"1"},"event":{"count":1,"data":{"created":1575890407451},"id":"registered"}}
{"recorder_version":"31","session":"742bf4ec7125","build":"193.5233.102","bucket":"148","time":1575890407442,"group":{"id":"ui.tips","version":"2"},"event":{"count":1,"data":{"created":1575890407451},"id":"registered"}}
{"recorder_version":"31","session":"742bf4ec7125","build":"193.5233.102","bucket":"148","time":1575890407442,"group":{"id":"surround.with","version":"2"},"event":{"count":1,"data":{"created":1575890407452},"id":"registered"}}
{"recorder_version":"31","session":"742bf4ec7125","build":"193.5233.102","bucket":"148","time":1575890407442,"group":{"id":"import.old.config","version":"3"},"event":{"count":1,"data":{"created":1575890407452},"id":"registered"}}
{"recorder_version":"31","session":"742bf4ec7125","build":"193.5233.102","bucket":"148","time":1575890407442,"group":{"id":"kotlin.jps.target","version":"3"},"event":{"count":1,"data":{"created":1575890407452},"id":"registered"}}
{"recorder_version":"31","session":"742bf4ec7125","build":"193.5233.102","bucket":"148","time":1575890407442,"group":{"id":"completion.postfix","version":"31"},"event":{"count":1,"data":{"created":1575890407452},"id":"registered"}}
{"recorder_version":"31","session":"742bf4ec7125","build":"193.5233.102","bucket":"148","time":1575890407442,"group":{"id":"build.maven.packagesearch","version":"2"},"event":{"count":1,"data":{"created":1575890407453},"id":"registered"}}
{"recorder_version":"31","session":"742bf4ec7125","build":"193.5233.102","bucket":"148","time":1575890408004,"group":{"id":"performance","version":"31"},"event":{"count":1,"data":{"duration_ms":0,"created":1575890408004},"id":"ui.latency"}}
{"recorder_version":"31","session":"742bf4ec7125","build":"193.5233.102","bucket":"148","time":1575890508097,"group":{"id":"performance","version":"31"},"event":{"count":1,"data":{"duration_ms":0,"created":1575890508097},"id":"ui.latency"}}
{"recorder_version":"31","session":"742bf4ec7125","build":"193.5233.102","bucket":"148","time":1575890608191,"group":{"id":"performance","version":"31"},"event":{"count":1,"data":{"duration_ms":0,"created":1575890608191},"id":"ui.latency"}}
{"recorder_version":"31","session":"742bf4ec7125","build":"193.5233.102","bucket":"148","time":1575890708284,"group":{"id":"performance","version":"31"},"event":{"count":1,"data":{"duration_ms":0,"created":1575890708284},"id":"ui.latency"}}
{"recorder_version":"31","session":"742bf4ec7125","build":"193.5233.102","bucket":"148","time":1575890808367,"group":{"id":"performance","version":"31"},"event":{"count":1,"data":{"duration_ms":0,"created":1575890808367},"id":"ui.latency"}}
{"recorder_version":"31","session":"742bf4ec7125","build":"193.5233.102","bucket":"148","time":1575890908458,"group":{"id":"performance","version":"31"},"event":{"count":1,"data":{"duration_ms":0,"created":1575890908458},"id":"ui.latency"}}
{"recorder_version":"31","session":"742bf4ec7125","build":"193.5233.102","bucket":"148","time":1575890980767,"group":{"id":"settings","version":"4"},"event":{"state":true,"data":{"component":"VcsApplicationSettings","created":1575890980768},"id":"invoked"}}
{"recorder_version":"31","session":"742bf4ec7125","build":"193.5233.102","bucket":"148","time":1575890981961,"group":{"id":"lifecycle","version":"31"},"event":{"count":1,"data":{"restart":false,"created":1575890981961},"id":"ide.close"}}
{"recorder_version":"31","session":"742bf4ec7125","build":"193.5233.102","bucket":"148","time":1575890983139,"group":{"id":"ui.dialogs","version":"31"},"event":{"count":1,"data":{"created":1575890983173,"plugin_type":"PLATFORM","dialog_class":"com.intellij.openapi.progress.util.ProgressDialog$MyDialogWrapper"},"id":"show"}}
