{"recorder_version":"31","session":"2837beb98586","build":"193.5233.102","bucket":"148","time":1575976468640,"group":{"id":"settings","version":"4"},"event":{"state":true,"data":{"component":"NotRoamableUiSettings","created":1575976470528},"id":"invoked"}}
{"recorder_version":"31","session":"2837beb98586","build":"193.5233.102","bucket":"148","time":1575976468640,"group":{"id":"settings","version":"4"},"event":{"state":true,"data":{"component":"UISettings","created":1575976470534},"id":"invoked"}}
{"recorder_version":"31","session":"2837beb98586","build":"193.5233.102","bucket":"148","time":1575976468765,"group":{"id":"system.java","version":"1"},"event":{"state":true,"data":{"created":1575976470570,"version":"1.11"},"id":"JetBrains"}}
{"recorder_version":"31","session":"2837beb98586","build":"193.5233.102","bucket":"148","time":1575976468765,"group":{"id":"system.java","version":"1"},"event":{"state":true,"data":{"created":1575976470570},"id":"invoked"}}
{"recorder_version":"31","session":"2837beb98586","build":"193.5233.102","bucket":"148","time":1575976468928,"group":{"id":"system.os","version":"3"},"event":{"state":true,"data":{"created":1575976470572,"version":"10.0"},"id":"Windows"}}
{"recorder_version":"31","session":"2837beb98586","build":"193.5233.102","bucket":"148","time":1575976468928,"group":{"id":"system.os","version":"3"},"event":{"state":true,"data":{"created":1575976470572,"name":"Windows","version":"10.0"},"id":"os.name"}}
{"recorder_version":"31","session":"2837beb98586","build":"193.5233.102","bucket":"148","time":1575976468928,"group":{"id":"system.os","version":"3"},"event":{"state":true,"data":{"created":1575976470572,"value":"+08_00"},"id":"os.timezone"}}
{"recorder_version":"31","session":"2837beb98586","build":"193.5233.102","bucket":"148","time":1575976468928,"group":{"id":"system.os","version":"3"},"event":{"state":true,"data":{"created":1575976470572},"id":"invoked"}}
{"recorder_version":"31","session":"2837beb98586","build":"193.5233.102","bucket":"148","time":1575976469689,"group":{"id":"settings","version":"4"},"event":{"state":true,"data":{"component":"UpdatesConfigurable","created":1575976470573,"name":"checkNeeded","type":"bool","value":false},"id":"not.default"}}
{"recorder_version":"31","session":"2837beb98586","build":"193.5233.102","bucket":"148","time":1575976469689,"group":{"id":"settings","version":"4"},"event":{"state":true,"data":{"component":"UpdatesConfigurable","created":1575976470573,"name":"thirdPartyPluginsAllowed","type":"bool","value":true},"id":"not.default"}}
{"recorder_version":"31","session":"2837beb98586","build":"193.5233.102","bucket":"148","time":1575976469689,"group":{"id":"settings","version":"4"},"event":{"state":true,"data":{"component":"UpdatesConfigurable","created":1575976470573},"id":"invoked"}}
{"recorder_version":"31","session":"2837beb98586","build":"193.5233.102","bucket":"148","time":1575976470514,"group":{"id":"event.log","version":"31"},"event":{"count":1,"data":{"created":1575976470573,"version":"988.0"},"id":"whitelist.loaded"}}
{"recorder_version":"31","session":"2837beb98586","build":"193.5233.102","bucket":"148","time":1575976471091,"group":{"id":"performance","version":"31"},"event":{"count":1,"data":{"duration_ms":3888,"created":1575976471092},"id":"ui.latency"}}
{"recorder_version":"31","session":"2837beb98586","build":"193.5233.102","bucket":"148","time":1575976471091,"group":{"id":"performance","version":"31"},"event":{"count":1,"data":{"duration_ms":3888,"created":1575976471095},"id":"ui.lagging"}}
{"recorder_version":"31","session":"2837beb98586","build":"193.5233.102","bucket":"148","time":1575976471092,"group":{"id":"performance","version":"31"},"event":{"count":1,"data":{"duration_ms":2979,"created":1575976471095},"id":"ui.lagging"}}
{"recorder_version":"31","session":"2837beb98586","build":"193.5233.102","bucket":"148","time":1575976471093,"group":{"id":"performance","version":"31"},"event":{"count":1,"data":{"duration_ms":1979,"created":1575976471095},"id":"ui.lagging"}}
{"recorder_version":"31","session":"2837beb98586","build":"193.5233.102","bucket":"148","time":1575976471093,"group":{"id":"performance","version":"31"},"event":{"count":1,"data":{"duration_ms":978,"created":1575976471095},"id":"ui.lagging"}}
{"recorder_version":"31","session":"2837beb98586","build":"193.5233.102","bucket":"148","time":1575976471376,"group":{"id":"settings","version":"4"},"event":{"state":true,"data":{"component":"GeneralSettings","created":1575976471376},"id":"invoked"}}
{"recorder_version":"31","session":"2837beb98586","build":"193.5233.102","bucket":"148","time":1575976471405,"group":{"id":"lifecycle","version":"31"},"event":{"count":1,"data":{"internal":true,"eap":false,"created":1575976471405},"id":"ide.start"}}
{"recorder_version":"31","session":"2837beb98586","build":"193.5233.102","bucket":"148","time":1575976472327,"group":{"id":"settings","version":"4"},"event":{"state":true,"data":{"component":"XmlEditorOptions","created":1575976472327},"id":"invoked"}}
{"recorder_version":"31","session":"2837beb98586","build":"193.5233.102","bucket":"148","time":1575976483077,"group":{"id":"lifecycle","version":"31"},"event":{"count":1,"data":{"duration_ms":11009,"created":1575976483077,"duration_grouped":"10s+"},"id":"ide.freeze"}}
{"recorder_version":"31","session":"2837beb98586","build":"193.5233.102","bucket":"148","time":1575976483084,"group":{"id":"performance","version":"31"},"event":{"count":1,"data":{"duration_ms":10955,"created":1575976483084},"id":"ui.lagging"}}
{"recorder_version":"31","session":"2837beb98586","build":"193.5233.102","bucket":"148","time":1575976483085,"group":{"id":"performance","version":"31"},"event":{"count":1,"data":{"duration_ms":9956,"created":1575976483085},"id":"ui.lagging"}}
{"recorder_version":"31","session":"2837beb98586","build":"193.5233.102","bucket":"148","time":1575976483085,"group":{"id":"performance","version":"31"},"event":{"count":1,"data":{"duration_ms":8954,"created":1575976483085},"id":"ui.lagging"}}
{"recorder_version":"31","session":"2837beb98586","build":"193.5233.102","bucket":"148","time":1575976483085,"group":{"id":"performance","version":"31"},"event":{"count":1,"data":{"duration_ms":7954,"created":1575976483086},"id":"ui.lagging"}}
{"recorder_version":"31","session":"2837beb98586","build":"193.5233.102","bucket":"148","time":1575976483085,"group":{"id":"performance","version":"31"},"event":{"count":1,"data":{"duration_ms":6952,"created":1575976483086},"id":"ui.lagging"}}
{"recorder_version":"31","session":"2837beb98586","build":"193.5233.102","bucket":"148","time":1575976483141,"group":{"id":"performance","version":"31"},"event":{"count":1,"data":{"duration_ms":5342,"created":1575976483141},"id":"ui.lagging"}}
{"recorder_version":"31","session":"2837beb98586","build":"193.5233.102","bucket":"148","time":1575976483141,"group":{"id":"performance","version":"31"},"event":{"count":1,"data":{"duration_ms":4341,"created":1575976483141},"id":"ui.lagging"}}
{"recorder_version":"31","session":"2837beb98586","build":"193.5233.102","bucket":"148","time":1575976483141,"group":{"id":"performance","version":"31"},"event":{"count":1,"data":{"duration_ms":3339,"created":1575976483141},"id":"ui.lagging"}}
{"recorder_version":"31","session":"2837beb98586","build":"193.5233.102","bucket":"148","time":1575976483141,"group":{"id":"performance","version":"31"},"event":{"count":1,"data":{"duration_ms":2338,"created":1575976483141},"id":"ui.lagging"}}
{"recorder_version":"31","session":"2837beb98586","build":"193.5233.102","bucket":"148","time":1575976483141,"group":{"id":"performance","version":"31"},"event":{"count":1,"data":{"duration_ms":1336,"created":1575976483141},"id":"ui.lagging"}}
{"recorder_version":"31","session":"2837beb98586","build":"193.5233.102","bucket":"148","time":1575976483198,"group":{"id":"settings","version":"4"},"event":{"state":true,"data":{"component":"VcsApplicationSettings","created":1575976483198},"id":"invoked"}}
{"recorder_version":"31","session":"2837beb98586","build":"193.5233.102","bucket":"148","time":1575976483198,"group":{"id":"lifecycle","version":"31"},"event":{"count":1,"data":{"created":1575976483199},"id":"frame.activated"}}
{"recorder_version":"31","session":"2837beb98586","build":"193.5233.102","bucket":"148","time":1575976483342,"group":{"id":"performance","version":"31"},"event":{"count":1,"data":{"duration_ms":535,"created":1575976483342},"id":"ui.lagging"}}
{"recorder_version":"31","session":"2837beb98586","build":"193.5233.102","bucket":"148","time":1575976483766,"group":{"id":"ui.dialogs","version":"31"},"event":{"count":1,"data":{"created":1575976483805,"plugin_type":"PLATFORM","dialog_class":"com.intellij.openapi.progress.util.ProgressDialog$MyDialogWrapper"},"id":"show"}}
{"recorder_version":"31","session":"2837beb98586","build":"193.5233.102","bucket":"148","time":1575976484308,"group":{"id":"performance","version":"31"},"event":{"count":1,"data":{"duration_ms":496,"created":1575976484308},"id":"ui.lagging"}}
{"recorder_version":"31","session":"2837beb98586","build":"193.5233.102","bucket":"148","time":1575976492703,"group":{"id":"lifecycle","version":"31"},"event":{"count":1,"data":{"created":1575976492703},"id":"frame.deactivated"}}
{"recorder_version":"31","session":"2837beb98586","build":"193.5233.102","bucket":"148","time":1575976497366,"group":{"id":"lifecycle","version":"31"},"event":{"count":1,"data":{"created":1575976497366,"project":"1b07182a6fbc47b5244aa599d3d97bfe93a413b2cc48aa24d012a3e8a4aea27e"},"id":"project.opened"}}
{"recorder_version":"31","session":"2837beb98586","build":"193.5233.102","bucket":"148","time":1575976499764,"group":{"id":"performance","version":"31"},"event":{"count":1,"data":{"duration_ms":3943,"created":1575976499764},"id":"ui.lagging"}}
{"recorder_version":"31","session":"2837beb98586","build":"193.5233.102","bucket":"148","time":1575976499764,"group":{"id":"performance","version":"31"},"event":{"count":1,"data":{"duration_ms":2940,"created":1575976499764},"id":"ui.lagging"}}
{"recorder_version":"31","session":"2837beb98586","build":"193.5233.102","bucket":"148","time":1575976499794,"group":{"id":"performance","version":"31"},"event":{"count":1,"data":{"duration_ms":1951,"created":1575976499794},"id":"ui.lagging"}}
{"recorder_version":"31","session":"2837beb98586","build":"193.5233.102","bucket":"148","time":1575976499794,"group":{"id":"performance","version":"31"},"event":{"count":1,"data":{"duration_ms":950,"created":1575976499795},"id":"ui.lagging"}}
{"recorder_version":"31","session":"2837beb98586","build":"193.5233.102","bucket":"148","time":1575976500610,"group":{"id":"indexing","version":"2"},"event":{"count":1,"data":{"ide_activity_id":1,"created":1575976500612,"project":"1b07182a6fbc47b5244aa599d3d97bfe93a413b2cc48aa24d012a3e8a4aea27e"},"id":"started"}}
{"recorder_version":"31","session":"2837beb98586","build":"193.5233.102","bucket":"148","time":1575976500840,"group":{"id":"indexing","version":"2"},"event":{"count":1,"data":{"ide_activity_id":1,"stage_class":"com.intellij.util.indexing.UnindexedFilesUpdater","created":1575976500843,"plugin_type":"PLATFORM"},"id":"stage"}}
{"recorder_version":"31","session":"2837beb98586","build":"193.5233.102","bucket":"148","time":1575976507674,"group":{"id":"performance","version":"31"},"event":{"count":1,"data":{"duration_ms":3819,"created":1575976507674},"id":"ui.lagging"}}
{"recorder_version":"31","session":"2837beb98586","build":"193.5233.102","bucket":"148","time":1575976507674,"group":{"id":"performance","version":"31"},"event":{"count":1,"data":{"duration_ms":2819,"created":1575976507674},"id":"ui.lagging"}}
{"recorder_version":"31","session":"2837beb98586","build":"193.5233.102","bucket":"148","time":1575976507689,"group":{"id":"performance","version":"31"},"event":{"count":1,"data":{"duration_ms":1822,"created":1575976507689},"id":"ui.lagging"}}
{"recorder_version":"31","session":"2837beb98586","build":"193.5233.102","bucket":"148","time":1575976507689,"group":{"id":"performance","version":"31"},"event":{"count":1,"data":{"duration_ms":805,"created":1575976507689},"id":"ui.lagging"}}
{"recorder_version":"31","session":"2837beb98586","build":"193.5233.102","bucket":"148","time":1575976507713,"group":{"id":"indexing","version":"2"},"event":{"count":1,"data":{"duration_ms":7103,"ide_activity_id":1,"created":1575976507713},"id":"finished"}}
{"recorder_version":"31","session":"2837beb98586","build":"193.5233.102","bucket":"148","time":1575976508047,"group":{"id":"performance","version":"31"},"event":{"count":1,"data":{"duration_ms":160,"created":1575976508047},"id":"ui.lagging"}}
{"recorder_version":"31","session":"2837beb98586","build":"193.5233.102","bucket":"148","time":1575976509040,"group":{"id":"vfs","version":"2"},"event":{"count":1,"data":{"duration_ms":1444,"finish_time_ms":1575976509040,"created":1575976509040,"start_time_ms":1575976507596},"id":"refreshed"}}
{"recorder_version":"31","session":"2837beb98586","build":"193.5233.102","bucket":"148","time":1575976509672,"group":{"id":"performance","version":"31"},"event":{"count":1,"data":{"duration_ms":778,"created":1575976509672},"id":"ui.lagging"}}
{"recorder_version":"31","session":"2837beb98586","build":"193.5233.102","bucket":"148","time":1575976510005,"group":{"id":"performance","version":"31"},"event":{"count":1,"data":{"duration_ms":109,"created":1575976510005},"id":"ui.lagging"}}
{"recorder_version":"31","session":"2837beb98586","build":"193.5233.102","bucket":"148","time":1575976510370,"group":{"id":"toolwindow","version":"31"},"event":{"count":1,"data":{"created":1575976510370,"plugin_type":"PLATFORM","id":"Project"},"id":"activated"}}
{"recorder_version":"31","session":"2837beb98586","build":"193.5233.102","bucket":"148","time":1575976513406,"group":{"id":"performance","version":"31"},"event":{"count":1,"data":{"duration_ms":2508,"created":1575976513406},"id":"ui.lagging"}}
{"recorder_version":"31","session":"2837beb98586","build":"193.5233.102","bucket":"148","time":1575976513406,"group":{"id":"performance","version":"31"},"event":{"count":1,"data":{"duration_ms":1500,"created":1575976513406},"id":"ui.lagging"}}
{"recorder_version":"31","session":"2837beb98586","build":"193.5233.102","bucket":"148","time":1575976513560,"group":{"id":"performance","version":"31"},"event":{"count":1,"data":{"duration_ms":645,"created":1575976513560},"id":"ui.lagging"}}
{"recorder_version":"31","session":"2837beb98586","build":"193.5233.102","bucket":"148","time":1575976514311,"group":{"id":"ui.tips","version":"2"},"event":{"count":1,"data":{"created":1575976514311,"type":"automatically"},"id":"dialog.shown"}}
{"recorder_version":"31","session":"2837beb98586","build":"193.5233.102","bucket":"148","time":1575976514904,"group":{"id":"ui.dialogs","version":"31"},"event":{"count":1,"data":{"created":1575976514904,"plugin_type":"PLATFORM","dialog_class":"com.intellij.ide.util.TipDialog"},"id":"show"}}
{"recorder_version":"31","session":"2837beb98586","build":"193.5233.102","bucket":"148","time":1575976515074,"group":{"id":"performance","version":"31"},"event":{"count":1,"data":{"duration_ms":1154,"created":1575976515074},"id":"ui.lagging"}}
{"recorder_version":"31","session":"2837beb98586","build":"193.5233.102","bucket":"148","time":1575976515215,"group":{"id":"performance","version":"31"},"event":{"count":1,"data":{"duration_ms":280,"created":1575976515215},"id":"ui.lagging"}}
{"recorder_version":"31","session":"2837beb98586","build":"193.5233.102","bucket":"148","time":1575976515215,"group":{"id":"lifecycle","version":"31"},"event":{"count":1,"data":{"created":1575976515215,"project":"1b07182a6fbc47b5244aa599d3d97bfe93a413b2cc48aa24d012a3e8a4aea27e"},"id":"frame.activated"}}
{"recorder_version":"31","session":"2837beb98586","build":"193.5233.102","bucket":"148","time":1575976516062,"group":{"id":"performance","version":"31"},"event":{"count":1,"data":{"duration_ms":115,"created":1575976516062},"id":"ui.lagging"}}
{"recorder_version":"31","session":"2837beb98586","build":"193.5233.102","bucket":"148","time":1575976516926,"group":{"id":"project.fs","version":"1"},"event":{"state":true,"data":{"os":"Windows","cs-project":false,"created":1575976516926,"project":"1b07182a6fbc47b5244aa599d3d97bfe93a413b2cc48aa24d012a3e8a4aea27e","cs-implicit":true,"cs-system":false},"id":"case-sensitivity"}}
{"recorder_version":"31","session":"2837beb98586","build":"193.5233.102","bucket":"148","time":1575976516926,"group":{"id":"project.fs","version":"1"},"event":{"state":true,"data":{"created":1575976516926},"id":"invoked"}}
{"recorder_version":"31","session":"2837beb98586","build":"193.5233.102","bucket":"148","time":1575976516926,"group":{"id":"project.fs","version":"1"},"event":{"state":true,"data":{"pct-non-watched":0,"created":1575976516942,"project":"1b07182a6fbc47b5244aa599d3d97bfe93a413b2cc48aa24d012a3e8a4aea27e"},"id":"roots-watched"}}
{"recorder_version":"31","session":"2837beb98586","build":"193.5233.102","bucket":"148","time":1575976516926,"group":{"id":"project.fs","version":"1"},"event":{"state":true,"data":{"created":1575976516942},"id":"invoked"}}
{"recorder_version":"31","session":"2837beb98586","build":"193.5233.102","bucket":"148","time":1575976517379,"group":{"id":"project.import","version":"2"},"event":{"count":1,"data":{"ide_activity_id":2,"plugin":"org.jetbrains.idea.maven","system_id":"undefined.system","created":1575976517379,"task_class":"org.jetbrains.idea.maven.project.MavenProjectsProcessorReadingTask","plugin_type":"JB_BUNDLED","project":"1b07182a6fbc47b5244aa599d3d97bfe93a413b2cc48aa24d012a3e8a4aea27e"},"id":"started"}}
{"recorder_version":"31","session":"2837beb98586","build":"193.5233.102","bucket":"148","time":1575976517379,"group":{"id":"ui.dialogs","version":"31"},"event":{"count":1,"data":{"code":1,"created":1575976517379,"plugin_type":"PLATFORM","dialog_class":"com.intellij.openapi.progress.util.ProgressDialog$MyDialogWrapper"},"id":"close"}}
{"recorder_version":"31","session":"2837beb98586","build":"193.5233.102","bucket":"148","time":1575976517416,"group":{"id":"ui.dialogs","version":"31"},"event":{"count":1,"data":{"code":1,"created":1575976517416,"plugin_type":"PLATFORM","dialog_class":"com.intellij.ide.util.TipDialog"},"id":"close"}}
{"recorder_version":"31","session":"2837beb98586","build":"193.5233.102","bucket":"148","time":1575976517432,"group":{"id":"performance","version":"31"},"event":{"count":1,"data":{"duration_ms":475,"created":1575976517447},"id":"ui.lagging"}}
{"recorder_version":"31","session":"2837beb98586","build":"193.5233.102","bucket":"148","time":1575976517805,"group":{"id":"project.import","version":"2"},"event":{"count":1,"data":{"duration_ms":426,"ide_activity_id":2,"created":1575976517805},"id":"finished"}}
{"recorder_version":"31","session":"2837beb98586","build":"193.5233.102","bucket":"148","time":1575976517918,"group":{"id":"indexing","version":"2"},"event":{"count":1,"data":{"ide_activity_id":3,"created":1575976517918,"project":"1b07182a6fbc47b5244aa599d3d97bfe93a413b2cc48aa24d012a3e8a4aea27e"},"id":"started"}}
{"recorder_version":"31","session":"2837beb98586","build":"193.5233.102","bucket":"148","time":1575976517934,"group":{"id":"indexing","version":"2"},"event":{"count":1,"data":{"ide_activity_id":3,"plugin":"org.jetbrains.android","stage_class":"com.android.tools.idea.res.ResourceFolderRepositoryFileCacheImpl$PruneTask","created":1575976517934,"plugin_type":"JB_BUNDLED"},"id":"stage"}}
{"recorder_version":"31","session":"2837beb98586","build":"193.5233.102","bucket":"148","time":1575976518088,"group":{"id":"indexing","version":"2"},"event":{"count":1,"data":{"ide_activity_id":3,"plugin":"org.jetbrains.android","stage_class":"com.android.tools.idea.res.ResourceFolderRepositoryFileCacheImpl$ManageLruProjectFilesTask","created":1575976518088,"plugin_type":"JB_BUNDLED"},"id":"stage"}}
{"recorder_version":"31","session":"2837beb98586","build":"193.5233.102","bucket":"148","time":1575976518135,"group":{"id":"indexing","version":"2"},"event":{"count":1,"data":{"duration_ms":217,"ide_activity_id":3,"created":1575976518135},"id":"finished"}}
{"recorder_version":"31","session":"2837beb98586","build":"193.5233.102","bucket":"148","time":1575976518861,"group":{"id":"lifecycle","version":"31"},"event":{"count":1,"data":{"duration_ms":46557,"created":1575976518861,"project":"1b07182a6fbc47b5244aa599d3d97bfe93a413b2cc48aa24d012a3e8a4aea27e"},"id":"project.opening.finished"}}
{"recorder_version":"31","session":"2837beb98586","build":"193.5233.102","bucket":"148","time":1575976519845,"group":{"id":"performance","version":"31"},"event":{"count":1,"data":{"duration_ms":874,"created":1575976519845},"id":"ui.lagging"}}
{"recorder_version":"31","session":"2837beb98586","build":"193.5233.102","bucket":"148","time":1575976520470,"group":{"id":"indexing","version":"2"},"event":{"count":1,"data":{"ide_activity_id":4,"created":1575976520486,"project":"1b07182a6fbc47b5244aa599d3d97bfe93a413b2cc48aa24d012a3e8a4aea27e"},"id":"started"}}
{"recorder_version":"31","session":"2837beb98586","build":"193.5233.102","bucket":"148","time":1575976520470,"group":{"id":"indexing","version":"2"},"event":{"count":1,"data":{"ide_activity_id":4,"plugin":"org.jetbrains.android","stage_class":"com.android.tools.idea.res.ResourceFolderRegistry$PopulateCachesTask","created":1575976520486,"plugin_type":"JB_BUNDLED"},"id":"stage"}}
{"recorder_version":"31","session":"2837beb98586","build":"193.5233.102","bucket":"148","time":1575976520470,"group":{"id":"indexing","version":"2"},"event":{"count":1,"data":{"duration_ms":0,"ide_activity_id":4,"created":1575976520486},"id":"finished"}}
{"recorder_version":"31","session":"2837beb98586","build":"193.5233.102","bucket":"148","time":1575976521281,"group":{"id":"project.import","version":"2"},"event":{"count":1,"data":{"ide_activity_id":5,"plugin":"org.jetbrains.idea.maven","system_id":"undefined.system","created":1575976521281,"task_class":"org.jetbrains.idea.maven.project.MavenProjectsProcessor$MavenProjectsProcessorWaitForCompletionTask","plugin_type":"JB_BUNDLED","project":"1b07182a6fbc47b5244aa599d3d97bfe93a413b2cc48aa24d012a3e8a4aea27e"},"id":"started"}}
{"recorder_version":"31","session":"2837beb98586","build":"193.5233.102","bucket":"148","time":1575976521281,"group":{"id":"project.import","version":"2"},"event":{"count":1,"data":{"duration_ms":0,"ide_activity_id":5,"created":1575976521281},"id":"finished"}}
{"recorder_version":"31","session":"2837beb98586","build":"193.5233.102","bucket":"148","time":1575976521281,"group":{"id":"project.import","version":"2"},"event":{"count":1,"data":{"ide_activity_id":6,"plugin":"org.jetbrains.idea.maven","system_id":"undefined.system","created":1575976521281,"task_class":"org.jetbrains.idea.maven.project.MavenProjectsProcessor$MavenProjectsProcessorWaitForCompletionTask","plugin_type":"JB_BUNDLED","project":"1b07182a6fbc47b5244aa599d3d97bfe93a413b2cc48aa24d012a3e8a4aea27e"},"id":"started"}}
{"recorder_version":"31","session":"2837beb98586","build":"193.5233.102","bucket":"148","time":1575976521281,"group":{"id":"project.import","version":"2"},"event":{"count":1,"data":{"duration_ms":0,"ide_activity_id":6,"created":1575976521281},"id":"finished"}}
{"recorder_version":"31","session":"2837beb98586","build":"193.5233.102","bucket":"148","time":1575976521281,"group":{"id":"project.import","version":"2"},"event":{"count":1,"data":{"ide_activity_id":7,"plugin":"org.jetbrains.idea.maven","system_id":"undefined.system","created":1575976521281,"task_class":"org.jetbrains.idea.maven.project.MavenProjectsProcessor$MavenProjectsProcessorWaitForCompletionTask","plugin_type":"JB_BUNDLED","project":"1b07182a6fbc47b5244aa599d3d97bfe93a413b2cc48aa24d012a3e8a4aea27e"},"id":"started"}}
{"recorder_version":"31","session":"2837beb98586","build":"193.5233.102","bucket":"148","time":1575976521281,"group":{"id":"project.import","version":"2"},"event":{"count":1,"data":{"duration_ms":0,"ide_activity_id":7,"created":1575976521281},"id":"finished"}}
{"recorder_version":"31","session":"2837beb98586","build":"193.5233.102","bucket":"148","time":1575976521281,"group":{"id":"project.import","version":"2"},"event":{"count":1,"data":{"ide_activity_id":8,"plugin":"org.jetbrains.idea.maven","system_id":"undefined.system","created":1575976521281,"task_class":"org.jetbrains.idea.maven.project.MavenProjectsProcessor$MavenProjectsProcessorWaitForCompletionTask","plugin_type":"JB_BUNDLED","project":"1b07182a6fbc47b5244aa599d3d97bfe93a413b2cc48aa24d012a3e8a4aea27e"},"id":"started"}}
{"recorder_version":"31","session":"2837beb98586","build":"193.5233.102","bucket":"148","time":1575976521281,"group":{"id":"project.import","version":"2"},"event":{"count":1,"data":{"duration_ms":0,"ide_activity_id":8,"created":1575976521281},"id":"finished"}}
{"recorder_version":"31","session":"2837beb98586","build":"193.5233.102","bucket":"148","time":1575976521281,"group":{"id":"project.import","version":"2"},"event":{"count":1,"data":{"ide_activity_id":9,"plugin":"org.jetbrains.idea.maven","system_id":"undefined.system","created":1575976521281,"task_class":"org.jetbrains.idea.maven.project.MavenProjectsProcessor$MavenProjectsProcessorWaitForCompletionTask","plugin_type":"JB_BUNDLED","project":"1b07182a6fbc47b5244aa599d3d97bfe93a413b2cc48aa24d012a3e8a4aea27e"},"id":"started"}}
{"recorder_version":"31","session":"2837beb98586","build":"193.5233.102","bucket":"148","time":1575976521281,"group":{"id":"project.import","version":"2"},"event":{"count":1,"data":{"duration_ms":0,"ide_activity_id":9,"created":1575976521281},"id":"finished"}}
{"recorder_version":"31","session":"2837beb98586","build":"193.5233.102","bucket":"148","time":1575976521281,"group":{"id":"project.import","version":"2"},"event":{"count":1,"data":{"ide_activity_id":10,"plugin":"org.jetbrains.idea.maven","system_id":"undefined.system","created":1575976521281,"task_class":"org.jetbrains.idea.maven.project.MavenProjectsProcessor$MavenProjectsProcessorWaitForCompletionTask","plugin_type":"JB_BUNDLED","project":"1b07182a6fbc47b5244aa599d3d97bfe93a413b2cc48aa24d012a3e8a4aea27e"},"id":"started"}}
{"recorder_version":"31","session":"2837beb98586","build":"193.5233.102","bucket":"148","time":1575976521281,"group":{"id":"project.import","version":"2"},"event":{"count":1,"data":{"duration_ms":0,"ide_activity_id":10,"created":1575976521281},"id":"finished"}}
{"recorder_version":"31","session":"2837beb98586","build":"193.5233.102","bucket":"148","time":1575976521476,"group":{"id":"lifecycle","version":"31"},"event":{"count":1,"data":{"created":1575976521506,"project":"1b07182a6fbc47b5244aa599d3d97bfe93a413b2cc48aa24d012a3e8a4aea27e"},"id":"frame.deactivated"}}
{"recorder_version":"31","session":"2837beb98586","build":"193.5233.102","bucket":"148","time":1575976521833,"group":{"id":"performance","version":"31"},"event":{"count":1,"data":{"duration_ms":836,"created":1575976521880},"id":"ui.lagging"}}
{"recorder_version":"31","session":"2837beb98586","build":"193.5233.102","bucket":"148","time":1575976522333,"group":{"id":"performance","version":"31"},"event":{"count":1,"data":{"duration_ms":328,"created":1575976522348},"id":"ui.lagging"}}
{"recorder_version":"31","session":"2837beb98586","build":"193.5233.102","bucket":"148","time":1575976524762,"group":{"id":"performance","version":"31"},"event":{"count":1,"data":{"duration_ms":750,"created":1575976524766},"id":"ui.lagging"}}
{"recorder_version":"31","session":"2837beb98586","build":"193.5233.102","bucket":"148","time":1575976525430,"group":{"id":"performance","version":"31"},"event":{"count":1,"data":{"duration_ms":407,"created":1575976525430},"id":"ui.lagging"}}
{"recorder_version":"31","session":"2837beb98586","build":"193.5233.102","bucket":"148","time":1575976534689,"group":{"id":"startup","version":"1"},"event":{"count":1,"data":{"duration":14639,"created":1575976534689},"id":"appInit"}}
{"recorder_version":"31","session":"2837beb98586","build":"193.5233.102","bucket":"148","time":1575976534689,"group":{"id":"startup","version":"1"},"event":{"count":1,"data":{"duration":398,"created":1575976534689},"id":"splash"}}
{"recorder_version":"31","session":"2837beb98586","build":"193.5233.102","bucket":"148","time":1575976534689,"group":{"id":"startup","version":"1"},"event":{"count":1,"data":{"duration":419,"created":1575976534689},"id":"bootstrap"}}
{"recorder_version":"31","session":"2837beb98586","build":"193.5233.102","bucket":"148","time":1575976534689,"group":{"id":"startup","version":"1"},"event":{"count":1,"data":{"duration":60620,"created":1575976534689},"id":"totalDuration"}}
{"recorder_version":"31","session":"2837beb98586","build":"193.5233.102","bucket":"148","time":1575976571159,"group":{"id":"performance","version":"31"},"event":{"count":1,"data":{"duration_ms":0,"created":1575976571159},"id":"ui.latency"}}
{"recorder_version":"31","session":"2837beb98586","build":"193.5233.102","bucket":"148","time":1575976615100,"group":{"id":"lifecycle","version":"31"},"event":{"count":1,"data":{"created":1575976615101,"project":"1b07182a6fbc47b5244aa599d3d97bfe93a413b2cc48aa24d012a3e8a4aea27e"},"id":"frame.activated"}}
{"recorder_version":"31","session":"2837beb98586","build":"193.5233.102","bucket":"148","time":1575976653703,"group":{"id":"event.log","version":"31"},"event":{"count":1,"data":{"created":1575976653703,"version":"990.0"},"id":"whitelist.updated"}}
{"recorder_version":"31","session":"2837beb98586","build":"193.5233.102","bucket":"148","time":1575976671394,"group":{"id":"performance","version":"31"},"event":{"count":1,"data":{"duration_ms":0,"created":1575976671394},"id":"ui.latency"}}
{"recorder_version":"31","session":"2837beb98586","build":"193.5233.102","bucket":"148","time":1575976671900,"group":{"id":"lifecycle","version":"31"},"event":{"count":1,"data":{"created":1575976671906,"project":"1b07182a6fbc47b5244aa599d3d97bfe93a413b2cc48aa24d012a3e8a4aea27e"},"id":"frame.deactivated"}}
{"recorder_version":"31","session":"2837beb98586","build":"193.5233.102","bucket":"148","time":1575976673269,"group":{"id":"lifecycle","version":"31"},"event":{"count":1,"data":{"created":1575976673271,"project":"1b07182a6fbc47b5244aa599d3d97bfe93a413b2cc48aa24d012a3e8a4aea27e"},"id":"frame.activated"}}
{"recorder_version":"31","session":"2837beb98586","build":"193.5233.102","bucket":"148","time":1575976673384,"group":{"id":"ui.dialogs","version":"31"},"event":{"count":1,"data":{"created":1575976673385,"plugin_type":"PLATFORM","dialog_class":"com.intellij.openapi.ui.messages.MessageDialog"},"id":"show"}}
{"recorder_version":"31","session":"2837beb98586","build":"193.5233.102","bucket":"148","time":1575976675083,"group":{"id":"lifecycle","version":"31"},"event":{"count":1,"data":{"restart":false,"created":1575976675084},"id":"ide.close"}}
{"recorder_version":"31","session":"2837beb98586","build":"193.5233.102","bucket":"148","time":1575976675324,"group":{"id":"lifecycle","version":"31"},"event":{"count":1,"data":{"created":1575976675324,"project":"1b07182a6fbc47b5244aa599d3d97bfe93a413b2cc48aa24d012a3e8a4aea27e"},"id":"project.closed"}}
