{"recorder_version":"31","session":"45109f5f3f75","build":"193.5233.102","bucket":"148","time":1575948244120,"group":{"id":"settings","version":"4"},"event":{"state":true,"data":{"component":"NotRoamableUiSettings","created":1575948244570},"id":"invoked"}}
{"recorder_version":"31","session":"45109f5f3f75","build":"193.5233.102","bucket":"148","time":1575948244121,"group":{"id":"settings","version":"4"},"event":{"state":true,"data":{"component":"UISettings","created":1575948244573},"id":"invoked"}}
{"recorder_version":"31","session":"45109f5f3f75","build":"193.5233.102","bucket":"148","time":1575948244183,"group":{"id":"system.java","version":"1"},"event":{"state":true,"data":{"created":1575948244599,"version":"1.11"},"id":"JetBrains"}}
{"recorder_version":"31","session":"45109f5f3f75","build":"193.5233.102","bucket":"148","time":1575948244183,"group":{"id":"system.java","version":"1"},"event":{"state":true,"data":{"created":1575948244599},"id":"invoked"}}
{"recorder_version":"31","session":"45109f5f3f75","build":"193.5233.102","bucket":"148","time":1575948244221,"group":{"id":"system.os","version":"3"},"event":{"state":true,"data":{"created":1575948244601,"version":"10.0"},"id":"Windows"}}
{"recorder_version":"31","session":"45109f5f3f75","build":"193.5233.102","bucket":"148","time":1575948244221,"group":{"id":"system.os","version":"3"},"event":{"state":true,"data":{"created":1575948244601,"name":"Windows","version":"10.0"},"id":"os.name"}}
{"recorder_version":"31","session":"45109f5f3f75","build":"193.5233.102","bucket":"148","time":1575948244221,"group":{"id":"system.os","version":"3"},"event":{"state":true,"data":{"created":1575948244602,"value":"+08_00"},"id":"os.timezone"}}
{"recorder_version":"31","session":"45109f5f3f75","build":"193.5233.102","bucket":"148","time":1575948244221,"group":{"id":"system.os","version":"3"},"event":{"state":true,"data":{"created":1575948244602},"id":"invoked"}}
{"recorder_version":"31","session":"45109f5f3f75","build":"193.5233.102","bucket":"148","time":1575948244550,"group":{"id":"settings","version":"4"},"event":{"state":true,"data":{"component":"UpdatesConfigurable","created":1575948244602,"name":"checkNeeded","type":"bool","value":false},"id":"not.default"}}
{"recorder_version":"31","session":"45109f5f3f75","build":"193.5233.102","bucket":"148","time":1575948244550,"group":{"id":"settings","version":"4"},"event":{"state":true,"data":{"component":"UpdatesConfigurable","created":1575948244602},"id":"invoked"}}
{"recorder_version":"31","session":"45109f5f3f75","build":"193.5233.102","bucket":"148","time":1575948244551,"group":{"id":"event.log","version":"31"},"event":{"count":1,"data":{"created":1575948244603,"version":"986.0"},"id":"whitelist.loaded"}}
{"recorder_version":"31","session":"45109f5f3f75","build":"193.5233.102","bucket":"148","time":1575948244683,"group":{"id":"settings","version":"4"},"event":{"state":true,"data":{"component":"GeneralSettings","created":1575948244683},"id":"invoked"}}
{"recorder_version":"31","session":"45109f5f3f75","build":"193.5233.102","bucket":"148","time":1575948244788,"group":{"id":"lifecycle","version":"31"},"event":{"count":1,"data":{"internal":true,"eap":false,"created":1575948244797},"id":"ide.start"}}
{"recorder_version":"31","session":"45109f5f3f75","build":"193.5233.102","bucket":"148","time":1575948245021,"group":{"id":"settings","version":"4"},"event":{"state":true,"data":{"component":"XmlEditorOptions","created":1575948245022},"id":"invoked"}}
{"recorder_version":"31","session":"45109f5f3f75","build":"193.5233.102","bucket":"148","time":1575948245627,"group":{"id":"performance","version":"31"},"event":{"count":1,"data":{"duration_ms":632,"created":1575948245629},"id":"ui.latency"}}
{"recorder_version":"31","session":"45109f5f3f75","build":"193.5233.102","bucket":"148","time":1575948245627,"group":{"id":"performance","version":"31"},"event":{"count":1,"data":{"duration_ms":632,"created":1575948245630},"id":"ui.lagging"}}
{"recorder_version":"31","session":"45109f5f3f75","build":"193.5233.102","bucket":"148","time":1575948245680,"group":{"id":"settings","version":"4"},"event":{"state":true,"data":{"component":"VcsApplicationSettings","created":1575948245681},"id":"invoked"}}
{"recorder_version":"31","session":"45109f5f3f75","build":"193.5233.102","bucket":"148","time":1575948245680,"group":{"id":"lifecycle","version":"31"},"event":{"count":1,"data":{"created":1575948245682},"id":"frame.activated"}}
{"recorder_version":"31","session":"45109f5f3f75","build":"193.5233.102","bucket":"148","time":1575948245724,"group":{"id":"ui.dialogs","version":"31"},"event":{"count":1,"data":{"created":1575948245727,"plugin_type":"PLATFORM","dialog_class":"com.intellij.openapi.progress.util.ProgressDialog$MyDialogWrapper"},"id":"show"}}
{"recorder_version":"31","session":"45109f5f3f75","build":"193.5233.102","bucket":"148","time":1575948248032,"group":{"id":"lifecycle","version":"31"},"event":{"count":1,"data":{"created":1575948248032,"project":"1b07182a6fbc47b5244aa599d3d97bfe93a413b2cc48aa24d012a3e8a4aea27e"},"id":"project.opened"}}
{"recorder_version":"31","session":"45109f5f3f75","build":"193.5233.102","bucket":"148","time":1575948248513,"group":{"id":"performance","version":"31"},"event":{"count":1,"data":{"duration_ms":508,"created":1575948248546},"id":"ui.lagging"}}
{"recorder_version":"31","session":"45109f5f3f75","build":"193.5233.102","bucket":"148","time":1575948249116,"group":{"id":"indexing","version":"2"},"event":{"count":1,"data":{"ide_activity_id":1,"created":1575948249118,"project":"1b07182a6fbc47b5244aa599d3d97bfe93a413b2cc48aa24d012a3e8a4aea27e"},"id":"started"}}
{"recorder_version":"31","session":"45109f5f3f75","build":"193.5233.102","bucket":"148","time":1575948249148,"group":{"id":"indexing","version":"2"},"event":{"count":1,"data":{"ide_activity_id":1,"stage_class":"com.intellij.util.indexing.UnindexedFilesUpdater","created":1575948249154,"plugin_type":"PLATFORM"},"id":"stage"}}
{"recorder_version":"31","session":"45109f5f3f75","build":"193.5233.102","bucket":"148","time":1575948250133,"group":{"id":"performance","version":"31"},"event":{"count":1,"data":{"duration_ms":110,"created":1575948250143},"id":"ui.lagging"}}
{"recorder_version":"31","session":"45109f5f3f75","build":"193.5233.102","bucket":"148","time":1575948250249,"group":{"id":"toolwindow","version":"31"},"event":{"count":1,"data":{"created":1575948250261,"plugin_type":"PLATFORM","id":"Project"},"id":"activated"}}
{"recorder_version":"31","session":"45109f5f3f75","build":"193.5233.102","bucket":"148","time":1575948251613,"group":{"id":"performance","version":"31"},"event":{"count":1,"data":{"duration_ms":574,"created":1575948251629},"id":"ui.lagging"}}
{"recorder_version":"31","session":"45109f5f3f75","build":"193.5233.102","bucket":"148","time":1575948251841,"group":{"id":"ui.tips","version":"2"},"event":{"count":1,"data":{"created":1575948251851,"type":"automatically"},"id":"dialog.shown"}}
{"recorder_version":"31","session":"45109f5f3f75","build":"193.5233.102","bucket":"148","time":1575948251944,"group":{"id":"ui.dialogs","version":"31"},"event":{"count":1,"data":{"created":1575948251944,"plugin_type":"PLATFORM","dialog_class":"com.intellij.ide.util.TipDialog"},"id":"show"}}
{"recorder_version":"31","session":"45109f5f3f75","build":"193.5233.102","bucket":"148","time":1575948252494,"group":{"id":"project.fs","version":"1"},"event":{"state":true,"data":{"os":"Windows","cs-project":false,"created":1575948252494,"project":"1b07182a6fbc47b5244aa599d3d97bfe93a413b2cc48aa24d012a3e8a4aea27e","cs-implicit":true,"cs-system":false},"id":"case-sensitivity"}}
{"recorder_version":"31","session":"45109f5f3f75","build":"193.5233.102","bucket":"148","time":1575948252494,"group":{"id":"project.fs","version":"1"},"event":{"state":true,"data":{"created":1575948252494},"id":"invoked"}}
{"recorder_version":"31","session":"45109f5f3f75","build":"193.5233.102","bucket":"148","time":1575948252494,"group":{"id":"project.fs","version":"1"},"event":{"state":true,"data":{"pct-non-watched":0,"created":1575948252494,"project":"1b07182a6fbc47b5244aa599d3d97bfe93a413b2cc48aa24d012a3e8a4aea27e"},"id":"roots-watched"}}
{"recorder_version":"31","session":"45109f5f3f75","build":"193.5233.102","bucket":"148","time":1575948252494,"group":{"id":"project.fs","version":"1"},"event":{"state":true,"data":{"created":1575948252494},"id":"invoked"}}
{"recorder_version":"31","session":"45109f5f3f75","build":"193.5233.102","bucket":"148","time":1575948252833,"group":{"id":"project.import","version":"2"},"event":{"count":1,"data":{"ide_activity_id":2,"plugin":"org.jetbrains.idea.maven","system_id":"undefined.system","created":1575948252847,"task_class":"org.jetbrains.idea.maven.project.MavenProjectsProcessorReadingTask","plugin_type":"JB_BUNDLED","project":"1b07182a6fbc47b5244aa599d3d97bfe93a413b2cc48aa24d012a3e8a4aea27e"},"id":"started"}}
{"recorder_version":"31","session":"45109f5f3f75","build":"193.5233.102","bucket":"148","time":1575948252950,"group":{"id":"project.import","version":"2"},"event":{"count":1,"data":{"duration_ms":117,"ide_activity_id":2,"created":1575948252955},"id":"finished"}}
{"recorder_version":"31","session":"45109f5f3f75","build":"193.5233.102","bucket":"148","time":1575948252987,"group":{"id":"ui.dialogs","version":"31"},"event":{"count":1,"data":{"code":1,"created":1575948252989,"plugin_type":"PLATFORM","dialog_class":"com.intellij.openapi.progress.util.ProgressDialog$MyDialogWrapper"},"id":"close"}}
{"recorder_version":"31","session":"45109f5f3f75","build":"193.5233.102","bucket":"148","time":1575948253160,"group":{"id":"lifecycle","version":"31"},"event":{"count":1,"data":{"duration_ms":8339,"created":1575948253178,"project":"1b07182a6fbc47b5244aa599d3d97bfe93a413b2cc48aa24d012a3e8a4aea27e"},"id":"project.opening.finished"}}
{"recorder_version":"31","session":"45109f5f3f75","build":"193.5233.102","bucket":"148","time":1575948255287,"group":{"id":"indexing","version":"2"},"event":{"count":1,"data":{"duration_ms":6171,"ide_activity_id":1,"created":1575948255290},"id":"finished"}}
{"recorder_version":"31","session":"45109f5f3f75","build":"193.5233.102","bucket":"148","time":1575948255403,"group":{"id":"indexing","version":"2"},"event":{"count":1,"data":{"ide_activity_id":3,"created":1575948255405,"project":"1b07182a6fbc47b5244aa599d3d97bfe93a413b2cc48aa24d012a3e8a4aea27e"},"id":"started"}}
{"recorder_version":"31","session":"45109f5f3f75","build":"193.5233.102","bucket":"148","time":1575948255454,"group":{"id":"indexing","version":"2"},"event":{"count":1,"data":{"ide_activity_id":3,"plugin":"org.jetbrains.android","stage_class":"com.android.tools.idea.res.ResourceFolderRepositoryFileCacheImpl$PruneTask","created":1575948255457,"plugin_type":"JB_BUNDLED"},"id":"stage"}}
{"recorder_version":"31","session":"45109f5f3f75","build":"193.5233.102","bucket":"148","time":1575948255495,"group":{"id":"indexing","version":"2"},"event":{"count":1,"data":{"ide_activity_id":3,"plugin":"org.jetbrains.android","stage_class":"com.android.tools.idea.res.ResourceFolderRepositoryFileCacheImpl$ManageLruProjectFilesTask","created":1575948255495,"plugin_type":"JB_BUNDLED"},"id":"stage"}}
{"recorder_version":"31","session":"45109f5f3f75","build":"193.5233.102","bucket":"148","time":1575948255533,"group":{"id":"indexing","version":"2"},"event":{"count":1,"data":{"duration_ms":130,"ide_activity_id":3,"created":1575948255533},"id":"finished"}}
{"recorder_version":"31","session":"45109f5f3f75","build":"193.5233.102","bucket":"148","time":1575948255578,"group":{"id":"indexing","version":"2"},"event":{"count":1,"data":{"ide_activity_id":4,"created":1575948255582,"project":"1b07182a6fbc47b5244aa599d3d97bfe93a413b2cc48aa24d012a3e8a4aea27e"},"id":"started"}}
{"recorder_version":"31","session":"45109f5f3f75","build":"193.5233.102","bucket":"148","time":1575948255605,"group":{"id":"indexing","version":"2"},"event":{"count":1,"data":{"ide_activity_id":4,"plugin":"org.jetbrains.android","stage_class":"com.android.tools.idea.res.ResourceFolderRegistry$PopulateCachesTask","created":1575948255606,"plugin_type":"JB_BUNDLED"},"id":"stage"}}
{"recorder_version":"31","session":"45109f5f3f75","build":"193.5233.102","bucket":"148","time":1575948255622,"group":{"id":"indexing","version":"2"},"event":{"count":1,"data":{"duration_ms":44,"ide_activity_id":4,"created":1575948255623},"id":"finished"}}
{"recorder_version":"31","session":"45109f5f3f75","build":"193.5233.102","bucket":"148","time":1575948255750,"group":{"id":"project.import","version":"2"},"event":{"count":1,"data":{"ide_activity_id":5,"plugin":"org.jetbrains.idea.maven","system_id":"undefined.system","created":1575948255750,"task_class":"org.jetbrains.idea.maven.project.MavenProjectsProcessor$MavenProjectsProcessorWaitForCompletionTask","plugin_type":"JB_BUNDLED","project":"1b07182a6fbc47b5244aa599d3d97bfe93a413b2cc48aa24d012a3e8a4aea27e"},"id":"started"}}
{"recorder_version":"31","session":"45109f5f3f75","build":"193.5233.102","bucket":"148","time":1575948255750,"group":{"id":"project.import","version":"2"},"event":{"count":1,"data":{"duration_ms":0,"ide_activity_id":5,"created":1575948255750},"id":"finished"}}
{"recorder_version":"31","session":"45109f5f3f75","build":"193.5233.102","bucket":"148","time":1575948255750,"group":{"id":"project.import","version":"2"},"event":{"count":1,"data":{"ide_activity_id":6,"plugin":"org.jetbrains.idea.maven","system_id":"undefined.system","created":1575948255766,"task_class":"org.jetbrains.idea.maven.project.MavenProjectsProcessor$MavenProjectsProcessorWaitForCompletionTask","plugin_type":"JB_BUNDLED","project":"1b07182a6fbc47b5244aa599d3d97bfe93a413b2cc48aa24d012a3e8a4aea27e"},"id":"started"}}
{"recorder_version":"31","session":"45109f5f3f75","build":"193.5233.102","bucket":"148","time":1575948255750,"group":{"id":"project.import","version":"2"},"event":{"count":1,"data":{"duration_ms":0,"ide_activity_id":6,"created":1575948255766},"id":"finished"}}
{"recorder_version":"31","session":"45109f5f3f75","build":"193.5233.102","bucket":"148","time":1575948255766,"group":{"id":"project.import","version":"2"},"event":{"count":1,"data":{"ide_activity_id":7,"plugin":"org.jetbrains.idea.maven","system_id":"undefined.system","created":1575948255782,"task_class":"org.jetbrains.idea.maven.project.MavenProjectsProcessor$MavenProjectsProcessorWaitForCompletionTask","plugin_type":"JB_BUNDLED","project":"1b07182a6fbc47b5244aa599d3d97bfe93a413b2cc48aa24d012a3e8a4aea27e"},"id":"started"}}
{"recorder_version":"31","session":"45109f5f3f75","build":"193.5233.102","bucket":"148","time":1575948255766,"group":{"id":"project.import","version":"2"},"event":{"count":1,"data":{"duration_ms":0,"ide_activity_id":7,"created":1575948255782},"id":"finished"}}
{"recorder_version":"31","session":"45109f5f3f75","build":"193.5233.102","bucket":"148","time":1575948255782,"group":{"id":"project.import","version":"2"},"event":{"count":1,"data":{"ide_activity_id":8,"plugin":"org.jetbrains.idea.maven","system_id":"undefined.system","created":1575948255800,"task_class":"org.jetbrains.idea.maven.project.MavenProjectsProcessor$MavenProjectsProcessorWaitForCompletionTask","plugin_type":"JB_BUNDLED","project":"1b07182a6fbc47b5244aa599d3d97bfe93a413b2cc48aa24d012a3e8a4aea27e"},"id":"started"}}
{"recorder_version":"31","session":"45109f5f3f75","build":"193.5233.102","bucket":"148","time":1575948255782,"group":{"id":"project.import","version":"2"},"event":{"count":1,"data":{"duration_ms":0,"ide_activity_id":8,"created":1575948255800},"id":"finished"}}
{"recorder_version":"31","session":"45109f5f3f75","build":"193.5233.102","bucket":"148","time":1575948255802,"group":{"id":"project.import","version":"2"},"event":{"count":1,"data":{"ide_activity_id":9,"plugin":"org.jetbrains.idea.maven","system_id":"undefined.system","created":1575948255803,"task_class":"org.jetbrains.idea.maven.project.MavenProjectsProcessor$MavenProjectsProcessorWaitForCompletionTask","plugin_type":"JB_BUNDLED","project":"1b07182a6fbc47b5244aa599d3d97bfe93a413b2cc48aa24d012a3e8a4aea27e"},"id":"started"}}
{"recorder_version":"31","session":"45109f5f3f75","build":"193.5233.102","bucket":"148","time":1575948255802,"group":{"id":"project.import","version":"2"},"event":{"count":1,"data":{"duration_ms":0,"ide_activity_id":9,"created":1575948255803},"id":"finished"}}
{"recorder_version":"31","session":"45109f5f3f75","build":"193.5233.102","bucket":"148","time":1575948255814,"group":{"id":"project.import","version":"2"},"event":{"count":1,"data":{"ide_activity_id":10,"plugin":"org.jetbrains.idea.maven","system_id":"undefined.system","created":1575948255814,"task_class":"org.jetbrains.idea.maven.project.MavenProjectsProcessor$MavenProjectsProcessorWaitForCompletionTask","plugin_type":"JB_BUNDLED","project":"1b07182a6fbc47b5244aa599d3d97bfe93a413b2cc48aa24d012a3e8a4aea27e"},"id":"started"}}
{"recorder_version":"31","session":"45109f5f3f75","build":"193.5233.102","bucket":"148","time":1575948255814,"group":{"id":"project.import","version":"2"},"event":{"count":1,"data":{"duration_ms":0,"ide_activity_id":10,"created":1575948255815},"id":"finished"}}
{"recorder_version":"31","session":"45109f5f3f75","build":"193.5233.102","bucket":"148","time":1575948256199,"group":{"id":"performance","version":"31"},"event":{"count":1,"data":{"duration_ms":130,"created":1575948256211},"id":"ui.lagging"}}
{"recorder_version":"31","session":"45109f5f3f75","build":"193.5233.102","bucket":"148","time":1575948259388,"group":{"id":"performance","version":"31"},"event":{"count":1,"data":{"duration_ms":228,"created":1575948259388},"id":"ui.lagging"}}
{"recorder_version":"31","session":"45109f5f3f75","build":"193.5233.102","bucket":"148","time":1575948264338,"group":{"id":"startup","version":"1"},"event":{"count":1,"data":{"duration":3062,"created":1575948264338},"id":"appInit"}}
{"recorder_version":"31","session":"45109f5f3f75","build":"193.5233.102","bucket":"148","time":1575948264338,"group":{"id":"startup","version":"1"},"event":{"count":1,"data":{"duration":258,"created":1575948264338},"id":"splash"}}
{"recorder_version":"31","session":"45109f5f3f75","build":"193.5233.102","bucket":"148","time":1575948264338,"group":{"id":"startup","version":"1"},"event":{"count":1,"data":{"duration":366,"created":1575948264338},"id":"bootstrap"}}
{"recorder_version":"31","session":"45109f5f3f75","build":"193.5233.102","bucket":"148","time":1575948264338,"group":{"id":"startup","version":"1"},"event":{"count":1,"data":{"duration":13986,"created":1575948264338},"id":"totalDuration"}}
{"recorder_version":"31","session":"45109f5f3f75","build":"193.5233.102","bucket":"148","time":1575948289466,"group":{"id":"ui.dialogs","version":"31"},"event":{"count":1,"data":{"code":1,"created":1575948289466,"plugin_type":"PLATFORM","dialog_class":"com.intellij.ide.util.TipDialog"},"id":"close"}}
{"recorder_version":"31","session":"45109f5f3f75","build":"193.5233.102","bucket":"148","time":1575948293169,"group":{"id":"lifecycle","version":"31"},"event":{"count":1,"data":{"created":1575948293171,"project":"1b07182a6fbc47b5244aa599d3d97bfe93a413b2cc48aa24d012a3e8a4aea27e"},"id":"frame.deactivated"}}
{"recorder_version":"31","session":"45109f5f3f75","build":"193.5233.102","bucket":"148","time":1575948293373,"group":{"id":"performance","version":"31"},"event":{"count":1,"data":{"duration_ms":151,"created":1575948293380},"id":"ui.lagging"}}
