{"recorder_version":"31","session":"3c60e27778e2","build":"193.5233.102","bucket":"148","time":1575949586621,"group":{"id":"settings","version":"4"},"event":{"state":true,"data":{"component":"NotRoamableUiSettings","created":1575949587434},"id":"invoked"}}
{"recorder_version":"31","session":"3c60e27778e2","build":"193.5233.102","bucket":"148","time":1575949586621,"group":{"id":"settings","version":"4"},"event":{"state":true,"data":{"component":"UISettings","created":1575949587465},"id":"invoked"}}
{"recorder_version":"31","session":"3c60e27778e2","build":"193.5233.102","bucket":"148","time":1575949586840,"group":{"id":"system.java","version":"1"},"event":{"state":true,"data":{"created":1575949587543,"version":"1.11"},"id":"JetBrains"}}
{"recorder_version":"31","session":"3c60e27778e2","build":"193.5233.102","bucket":"148","time":1575949586840,"group":{"id":"system.java","version":"1"},"event":{"state":true,"data":{"created":1575949587543},"id":"invoked"}}
{"recorder_version":"31","session":"3c60e27778e2","build":"193.5233.102","bucket":"148","time":1575949586887,"group":{"id":"system.os","version":"3"},"event":{"state":true,"data":{"created":1575949587543,"version":"10.0"},"id":"Windows"}}
{"recorder_version":"31","session":"3c60e27778e2","build":"193.5233.102","bucket":"148","time":1575949586887,"group":{"id":"system.os","version":"3"},"event":{"state":true,"data":{"created":1575949587543,"name":"Windows","version":"10.0"},"id":"os.name"}}
{"recorder_version":"31","session":"3c60e27778e2","build":"193.5233.102","bucket":"148","time":1575949586887,"group":{"id":"system.os","version":"3"},"event":{"state":true,"data":{"created":1575949587543,"value":"+08_00"},"id":"os.timezone"}}
{"recorder_version":"31","session":"3c60e27778e2","build":"193.5233.102","bucket":"148","time":1575949586887,"group":{"id":"system.os","version":"3"},"event":{"state":true,"data":{"created":1575949587543},"id":"invoked"}}
{"recorder_version":"31","session":"3c60e27778e2","build":"193.5233.102","bucket":"148","time":1575949587012,"group":{"id":"settings","version":"4"},"event":{"state":true,"data":{"component":"UpdatesConfigurable","created":1575949587543,"name":"checkNeeded","type":"bool","value":false},"id":"not.default"}}
{"recorder_version":"31","session":"3c60e27778e2","build":"193.5233.102","bucket":"148","time":1575949587012,"group":{"id":"settings","version":"4"},"event":{"state":true,"data":{"component":"UpdatesConfigurable","created":1575949587543},"id":"invoked"}}
{"recorder_version":"31","session":"3c60e27778e2","build":"193.5233.102","bucket":"148","time":1575949587418,"group":{"id":"event.log","version":"31"},"event":{"count":1,"data":{"created":1575949587543,"version":"986.0"},"id":"whitelist.loaded"}}
{"recorder_version":"31","session":"3c60e27778e2","build":"193.5233.102","bucket":"148","time":1575949587699,"group":{"id":"performance","version":"31"},"event":{"count":1,"data":{"duration_ms":687,"created":1575949587699},"id":"ui.latency"}}
{"recorder_version":"31","session":"3c60e27778e2","build":"193.5233.102","bucket":"148","time":1575949587699,"group":{"id":"performance","version":"31"},"event":{"count":1,"data":{"duration_ms":687,"created":1575949587699},"id":"ui.lagging"}}
{"recorder_version":"31","session":"3c60e27778e2","build":"193.5233.102","bucket":"148","time":1575949587887,"group":{"id":"settings","version":"4"},"event":{"state":true,"data":{"component":"GeneralSettings","created":1575949587887},"id":"invoked"}}
{"recorder_version":"31","session":"3c60e27778e2","build":"193.5233.102","bucket":"148","time":1575949587949,"group":{"id":"lifecycle","version":"31"},"event":{"count":1,"data":{"internal":true,"eap":false,"created":1575949587949},"id":"ide.start"}}
{"recorder_version":"31","session":"3c60e27778e2","build":"193.5233.102","bucket":"148","time":1575949588215,"group":{"id":"performance","version":"31"},"event":{"count":1,"data":{"duration_ms":266,"created":1575949588215},"id":"ui.lagging"}}
{"recorder_version":"31","session":"3c60e27778e2","build":"193.5233.102","bucket":"148","time":1575949588887,"group":{"id":"settings","version":"4"},"event":{"state":true,"data":{"component":"XmlEditorOptions","created":1575949588887},"id":"invoked"}}
{"recorder_version":"31","session":"3c60e27778e2","build":"193.5233.102","bucket":"148","time":1575949593118,"group":{"id":"performance","version":"31"},"event":{"count":1,"data":{"duration_ms":4153,"created":1575949593134},"id":"ui.lagging"}}
{"recorder_version":"31","session":"3c60e27778e2","build":"193.5233.102","bucket":"148","time":1575949593325,"group":{"id":"performance","version":"31"},"event":{"count":1,"data":{"duration_ms":3345,"created":1575949593325},"id":"ui.lagging"}}
{"recorder_version":"31","session":"3c60e27778e2","build":"193.5233.102","bucket":"148","time":1575949593325,"group":{"id":"performance","version":"31"},"event":{"count":1,"data":{"duration_ms":2330,"created":1575949593325},"id":"ui.lagging"}}
{"recorder_version":"31","session":"3c60e27778e2","build":"193.5233.102","bucket":"148","time":1575949593450,"group":{"id":"lifecycle","version":"31"},"event":{"count":1,"data":{"created":1575949593450},"id":"frame.activated"}}
{"recorder_version":"31","session":"3c60e27778e2","build":"193.5233.102","bucket":"148","time":1575949593450,"group":{"id":"settings","version":"4"},"event":{"state":true,"data":{"component":"VcsApplicationSettings","created":1575949593450},"id":"invoked"}}
{"recorder_version":"31","session":"3c60e27778e2","build":"193.5233.102","bucket":"148","time":1575949593653,"group":{"id":"performance","version":"31"},"event":{"count":1,"data":{"duration_ms":1644,"created":1575949593653},"id":"ui.lagging"}}
{"recorder_version":"31","session":"3c60e27778e2","build":"193.5233.102","bucket":"148","time":1575949593653,"group":{"id":"performance","version":"31"},"event":{"count":1,"data":{"duration_ms":628,"created":1575949593653},"id":"ui.lagging"}}
{"recorder_version":"31","session":"3c60e27778e2","build":"193.5233.102","bucket":"148","time":1575949593857,"group":{"id":"ui.dialogs","version":"31"},"event":{"count":1,"data":{"created":1575949593960,"plugin_type":"PLATFORM","dialog_class":"com.intellij.openapi.progress.util.ProgressDialog$MyDialogWrapper"},"id":"show"}}
{"recorder_version":"31","session":"3c60e27778e2","build":"193.5233.102","bucket":"148","time":1575949594335,"group":{"id":"performance","version":"31"},"event":{"count":1,"data":{"duration_ms":296,"created":1575949594335},"id":"ui.lagging"}}
{"recorder_version":"31","session":"3c60e27778e2","build":"193.5233.102","bucket":"148","time":1575949604611,"group":{"id":"performance","version":"31"},"event":{"count":1,"data":{"duration_ms":1457,"created":1575949604611},"id":"ui.lagging"}}
{"recorder_version":"31","session":"3c60e27778e2","build":"193.5233.102","bucket":"148","time":1575949604689,"group":{"id":"lifecycle","version":"31"},"event":{"count":1,"data":{"created":1575949604689,"project":"1b07182a6fbc47b5244aa599d3d97bfe93a413b2cc48aa24d012a3e8a4aea27e"},"id":"project.opened"}}
{"recorder_version":"31","session":"3c60e27778e2","build":"193.5233.102","bucket":"148","time":1575949606502,"group":{"id":"performance","version":"31"},"event":{"count":1,"data":{"duration_ms":2344,"created":1575949606502},"id":"ui.lagging"}}
{"recorder_version":"31","session":"3c60e27778e2","build":"193.5233.102","bucket":"148","time":1575949606538,"group":{"id":"performance","version":"31"},"event":{"count":1,"data":{"duration_ms":1369,"created":1575949606569},"id":"ui.lagging"}}
{"recorder_version":"31","session":"3c60e27778e2","build":"193.5233.102","bucket":"148","time":1575949606538,"group":{"id":"performance","version":"31"},"event":{"count":1,"data":{"duration_ms":353,"created":1575949606569},"id":"ui.lagging"}}
{"recorder_version":"31","session":"3c60e27778e2","build":"193.5233.102","bucket":"148","time":1575949607463,"group":{"id":"indexing","version":"2"},"event":{"count":1,"data":{"ide_activity_id":1,"created":1575949607463,"project":"1b07182a6fbc47b5244aa599d3d97bfe93a413b2cc48aa24d012a3e8a4aea27e"},"id":"started"}}
{"recorder_version":"31","session":"3c60e27778e2","build":"193.5233.102","bucket":"148","time":1575949607659,"group":{"id":"indexing","version":"2"},"event":{"count":1,"data":{"ide_activity_id":1,"stage_class":"com.intellij.util.indexing.UnindexedFilesUpdater","created":1575949607675,"plugin_type":"PLATFORM"},"id":"stage"}}
{"recorder_version":"31","session":"3c60e27778e2","build":"193.5233.102","bucket":"148","time":1575949614728,"group":{"id":"performance","version":"31"},"event":{"count":1,"data":{"duration_ms":4515,"created":1575949614729},"id":"ui.lagging"}}
{"recorder_version":"31","session":"3c60e27778e2","build":"193.5233.102","bucket":"148","time":1575949614767,"group":{"id":"performance","version":"31"},"event":{"count":1,"data":{"duration_ms":3551,"created":1575949614767},"id":"ui.lagging"}}
{"recorder_version":"31","session":"3c60e27778e2","build":"193.5233.102","bucket":"148","time":1575949614769,"group":{"id":"performance","version":"31"},"event":{"count":1,"data":{"duration_ms":2553,"created":1575949614769},"id":"ui.lagging"}}
{"recorder_version":"31","session":"3c60e27778e2","build":"193.5233.102","bucket":"148","time":1575949614769,"group":{"id":"performance","version":"31"},"event":{"count":1,"data":{"duration_ms":1553,"created":1575949614769},"id":"ui.lagging"}}
{"recorder_version":"31","session":"3c60e27778e2","build":"193.5233.102","bucket":"148","time":1575949614799,"group":{"id":"performance","version":"31"},"event":{"count":1,"data":{"duration_ms":582,"created":1575949614799},"id":"ui.lagging"}}
{"recorder_version":"31","session":"3c60e27778e2","build":"193.5233.102","bucket":"148","time":1575949615173,"group":{"id":"indexing","version":"2"},"event":{"count":1,"data":{"duration_ms":7710,"ide_activity_id":1,"created":1575949615174},"id":"finished"}}
{"recorder_version":"31","session":"3c60e27778e2","build":"193.5233.102","bucket":"148","time":1575949615422,"group":{"id":"toolwindow","version":"31"},"event":{"count":1,"data":{"created":1575949615422,"plugin_type":"PLATFORM","id":"Project"},"id":"activated"}}
{"recorder_version":"31","session":"3c60e27778e2","build":"193.5233.102","bucket":"148","time":1575949619731,"group":{"id":"performance","version":"31"},"event":{"count":1,"data":{"duration_ms":3508,"created":1575949619731},"id":"ui.lagging"}}
{"recorder_version":"31","session":"3c60e27778e2","build":"193.5233.102","bucket":"148","time":1575949619908,"group":{"id":"performance","version":"31"},"event":{"count":1,"data":{"duration_ms":2685,"created":1575949619908},"id":"ui.lagging"}}
{"recorder_version":"31","session":"3c60e27778e2","build":"193.5233.102","bucket":"148","time":1575949619909,"group":{"id":"performance","version":"31"},"event":{"count":1,"data":{"duration_ms":1685,"created":1575949619909},"id":"ui.lagging"}}
{"recorder_version":"31","session":"3c60e27778e2","build":"193.5233.102","bucket":"148","time":1575949619913,"group":{"id":"performance","version":"31"},"event":{"count":1,"data":{"duration_ms":688,"created":1575949619913},"id":"ui.lagging"}}
{"recorder_version":"31","session":"3c60e27778e2","build":"193.5233.102","bucket":"148","time":1575949621370,"group":{"id":"ui.tips","version":"2"},"event":{"count":1,"data":{"created":1575949621370,"type":"automatically"},"id":"dialog.shown"}}
{"recorder_version":"31","session":"3c60e27778e2","build":"193.5233.102","bucket":"148","time":1575949622036,"group":{"id":"ui.dialogs","version":"31"},"event":{"count":1,"data":{"created":1575949622039,"plugin_type":"PLATFORM","dialog_class":"com.intellij.ide.util.TipDialog"},"id":"show"}}
{"recorder_version":"31","session":"3c60e27778e2","build":"193.5233.102","bucket":"148","time":1575949622191,"group":{"id":"vfs","version":"2"},"event":{"count":1,"data":{"duration_ms":7010,"finish_time_ms":1575949622189,"created":1575949622191,"start_time_ms":1575949615179},"id":"refreshed"}}
{"recorder_version":"31","session":"3c60e27778e2","build":"193.5233.102","bucket":"148","time":1575949622196,"group":{"id":"performance","version":"31"},"event":{"count":1,"data":{"duration_ms":969,"created":1575949622197},"id":"ui.lagging"}}
{"recorder_version":"31","session":"3c60e27778e2","build":"193.5233.102","bucket":"148","time":1575949622943,"group":{"id":"project.fs","version":"1"},"event":{"state":true,"data":{"os":"Windows","cs-project":false,"created":1575949622943,"project":"1b07182a6fbc47b5244aa599d3d97bfe93a413b2cc48aa24d012a3e8a4aea27e","cs-implicit":true,"cs-system":false},"id":"case-sensitivity"}}
{"recorder_version":"31","session":"3c60e27778e2","build":"193.5233.102","bucket":"148","time":1575949622943,"group":{"id":"project.fs","version":"1"},"event":{"state":true,"data":{"created":1575949622944},"id":"invoked"}}
{"recorder_version":"31","session":"3c60e27778e2","build":"193.5233.102","bucket":"148","time":1575949622944,"group":{"id":"project.fs","version":"1"},"event":{"state":true,"data":{"pct-non-watched":0,"created":1575949622944,"project":"1b07182a6fbc47b5244aa599d3d97bfe93a413b2cc48aa24d012a3e8a4aea27e"},"id":"roots-watched"}}
{"recorder_version":"31","session":"3c60e27778e2","build":"193.5233.102","bucket":"148","time":1575949622944,"group":{"id":"project.fs","version":"1"},"event":{"state":true,"data":{"created":1575949622944},"id":"invoked"}}
{"recorder_version":"31","session":"3c60e27778e2","build":"193.5233.102","bucket":"148","time":1575949624496,"group":{"id":"project.import","version":"2"},"event":{"count":1,"data":{"ide_activity_id":2,"plugin":"org.jetbrains.idea.maven","system_id":"undefined.system","created":1575949624496,"task_class":"org.jetbrains.idea.maven.project.MavenProjectsProcessorReadingTask","plugin_type":"JB_BUNDLED","project":"1b07182a6fbc47b5244aa599d3d97bfe93a413b2cc48aa24d012a3e8a4aea27e"},"id":"started"}}
{"recorder_version":"31","session":"3c60e27778e2","build":"193.5233.102","bucket":"148","time":1575949624508,"group":{"id":"performance","version":"31"},"event":{"count":1,"data":{"duration_ms":1280,"created":1575949624511},"id":"ui.lagging"}}
{"recorder_version":"31","session":"3c60e27778e2","build":"193.5233.102","bucket":"148","time":1575949624510,"group":{"id":"performance","version":"31"},"event":{"count":1,"data":{"duration_ms":281,"created":1575949624511},"id":"ui.lagging"}}
{"recorder_version":"31","session":"3c60e27778e2","build":"193.5233.102","bucket":"148","time":1575949624540,"group":{"id":"ui.dialogs","version":"31"},"event":{"count":1,"data":{"code":1,"created":1575949624541,"plugin_type":"PLATFORM","dialog_class":"com.intellij.openapi.progress.util.ProgressDialog$MyDialogWrapper"},"id":"close"}}
{"recorder_version":"31","session":"3c60e27778e2","build":"193.5233.102","bucket":"148","time":1575949624605,"group":{"id":"indexing","version":"2"},"event":{"count":1,"data":{"ide_activity_id":3,"created":1575949624606,"project":"1b07182a6fbc47b5244aa599d3d97bfe93a413b2cc48aa24d012a3e8a4aea27e"},"id":"started"}}
{"recorder_version":"31","session":"3c60e27778e2","build":"193.5233.102","bucket":"148","time":1575949624679,"group":{"id":"indexing","version":"2"},"event":{"count":1,"data":{"ide_activity_id":3,"plugin":"org.jetbrains.android","stage_class":"com.android.tools.idea.res.ResourceFolderRepositoryFileCacheImpl$PruneTask","created":1575949624680,"plugin_type":"JB_BUNDLED"},"id":"stage"}}
{"recorder_version":"31","session":"3c60e27778e2","build":"193.5233.102","bucket":"148","time":1575949624717,"group":{"id":"indexing","version":"2"},"event":{"count":1,"data":{"ide_activity_id":3,"plugin":"org.jetbrains.android","stage_class":"com.android.tools.idea.res.ResourceFolderRepositoryFileCacheImpl$ManageLruProjectFilesTask","created":1575949624719,"plugin_type":"JB_BUNDLED"},"id":"stage"}}
{"recorder_version":"31","session":"3c60e27778e2","build":"193.5233.102","bucket":"148","time":1575949624782,"group":{"id":"project.import","version":"2"},"event":{"count":1,"data":{"duration_ms":286,"ide_activity_id":2,"created":1575949624783},"id":"finished"}}
{"recorder_version":"31","session":"3c60e27778e2","build":"193.5233.102","bucket":"148","time":1575949625190,"group":{"id":"lifecycle","version":"31"},"event":{"count":1,"data":{"duration_ms":36650,"created":1575949625200,"project":"1b07182a6fbc47b5244aa599d3d97bfe93a413b2cc48aa24d012a3e8a4aea27e"},"id":"project.opening.finished"}}
{"recorder_version":"31","session":"3c60e27778e2","build":"193.5233.102","bucket":"148","time":1575949625193,"group":{"id":"indexing","version":"2"},"event":{"count":1,"data":{"duration_ms":588,"ide_activity_id":3,"created":1575949625200},"id":"finished"}}
{"recorder_version":"31","session":"3c60e27778e2","build":"193.5233.102","bucket":"148","time":1575949625403,"group":{"id":"performance","version":"31"},"event":{"count":1,"data":{"duration_ms":173,"created":1575949625411},"id":"ui.lagging"}}
{"recorder_version":"31","session":"3c60e27778e2","build":"193.5233.102","bucket":"148","time":1575949626479,"group":{"id":"performance","version":"31"},"event":{"count":1,"data":{"duration_ms":250,"created":1575949626479},"id":"ui.lagging"}}
{"recorder_version":"31","session":"3c60e27778e2","build":"193.5233.102","bucket":"148","time":1575949626635,"group":{"id":"indexing","version":"2"},"event":{"count":1,"data":{"ide_activity_id":4,"created":1575949626635,"project":"1b07182a6fbc47b5244aa599d3d97bfe93a413b2cc48aa24d012a3e8a4aea27e"},"id":"started"}}
{"recorder_version":"31","session":"3c60e27778e2","build":"193.5233.102","bucket":"148","time":1575949626682,"group":{"id":"indexing","version":"2"},"event":{"count":1,"data":{"ide_activity_id":4,"plugin":"org.jetbrains.android","stage_class":"com.android.tools.idea.res.ResourceFolderRegistry$PopulateCachesTask","created":1575949626682,"plugin_type":"JB_BUNDLED"},"id":"stage"}}
{"recorder_version":"31","session":"3c60e27778e2","build":"193.5233.102","bucket":"148","time":1575949626682,"group":{"id":"indexing","version":"2"},"event":{"count":1,"data":{"duration_ms":47,"ide_activity_id":4,"created":1575949626682},"id":"finished"}}
{"recorder_version":"31","session":"3c60e27778e2","build":"193.5233.102","bucket":"148","time":1575949627885,"group":{"id":"project.import","version":"2"},"event":{"count":1,"data":{"ide_activity_id":5,"plugin":"org.jetbrains.idea.maven","system_id":"undefined.system","created":1575949627886,"task_class":"org.jetbrains.idea.maven.project.MavenProjectsProcessor$MavenProjectsProcessorWaitForCompletionTask","plugin_type":"JB_BUNDLED","project":"1b07182a6fbc47b5244aa599d3d97bfe93a413b2cc48aa24d012a3e8a4aea27e"},"id":"started"}}
{"recorder_version":"31","session":"3c60e27778e2","build":"193.5233.102","bucket":"148","time":1575949627885,"group":{"id":"project.import","version":"2"},"event":{"count":1,"data":{"duration_ms":0,"ide_activity_id":5,"created":1575949627886},"id":"finished"}}
{"recorder_version":"31","session":"3c60e27778e2","build":"193.5233.102","bucket":"148","time":1575949627886,"group":{"id":"project.import","version":"2"},"event":{"count":1,"data":{"ide_activity_id":6,"plugin":"org.jetbrains.idea.maven","system_id":"undefined.system","created":1575949627887,"task_class":"org.jetbrains.idea.maven.project.MavenProjectsProcessor$MavenProjectsProcessorWaitForCompletionTask","plugin_type":"JB_BUNDLED","project":"1b07182a6fbc47b5244aa599d3d97bfe93a413b2cc48aa24d012a3e8a4aea27e"},"id":"started"}}
{"recorder_version":"31","session":"3c60e27778e2","build":"193.5233.102","bucket":"148","time":1575949627887,"group":{"id":"project.import","version":"2"},"event":{"count":1,"data":{"duration_ms":0,"ide_activity_id":6,"created":1575949627887},"id":"finished"}}
{"recorder_version":"31","session":"3c60e27778e2","build":"193.5233.102","bucket":"148","time":1575949627887,"group":{"id":"project.import","version":"2"},"event":{"count":1,"data":{"ide_activity_id":7,"plugin":"org.jetbrains.idea.maven","system_id":"undefined.system","created":1575949627888,"task_class":"org.jetbrains.idea.maven.project.MavenProjectsProcessor$MavenProjectsProcessorWaitForCompletionTask","plugin_type":"JB_BUNDLED","project":"1b07182a6fbc47b5244aa599d3d97bfe93a413b2cc48aa24d012a3e8a4aea27e"},"id":"started"}}
{"recorder_version":"31","session":"3c60e27778e2","build":"193.5233.102","bucket":"148","time":1575949627887,"group":{"id":"project.import","version":"2"},"event":{"count":1,"data":{"duration_ms":0,"ide_activity_id":7,"created":1575949627888},"id":"finished"}}
{"recorder_version":"31","session":"3c60e27778e2","build":"193.5233.102","bucket":"148","time":1575949627888,"group":{"id":"project.import","version":"2"},"event":{"count":1,"data":{"ide_activity_id":8,"plugin":"org.jetbrains.idea.maven","system_id":"undefined.system","created":1575949627889,"task_class":"org.jetbrains.idea.maven.project.MavenProjectsProcessor$MavenProjectsProcessorWaitForCompletionTask","plugin_type":"JB_BUNDLED","project":"1b07182a6fbc47b5244aa599d3d97bfe93a413b2cc48aa24d012a3e8a4aea27e"},"id":"started"}}
{"recorder_version":"31","session":"3c60e27778e2","build":"193.5233.102","bucket":"148","time":1575949627888,"group":{"id":"project.import","version":"2"},"event":{"count":1,"data":{"duration_ms":0,"ide_activity_id":8,"created":1575949627890},"id":"finished"}}
{"recorder_version":"31","session":"3c60e27778e2","build":"193.5233.102","bucket":"148","time":1575949627890,"group":{"id":"project.import","version":"2"},"event":{"count":1,"data":{"ide_activity_id":9,"plugin":"org.jetbrains.idea.maven","system_id":"undefined.system","created":1575949627890,"task_class":"org.jetbrains.idea.maven.project.MavenProjectsProcessor$MavenProjectsProcessorWaitForCompletionTask","plugin_type":"JB_BUNDLED","project":"1b07182a6fbc47b5244aa599d3d97bfe93a413b2cc48aa24d012a3e8a4aea27e"},"id":"started"}}
{"recorder_version":"31","session":"3c60e27778e2","build":"193.5233.102","bucket":"148","time":1575949627890,"group":{"id":"project.import","version":"2"},"event":{"count":1,"data":{"duration_ms":0,"ide_activity_id":9,"created":1575949627890},"id":"finished"}}
{"recorder_version":"31","session":"3c60e27778e2","build":"193.5233.102","bucket":"148","time":1575949627891,"group":{"id":"project.import","version":"2"},"event":{"count":1,"data":{"ide_activity_id":10,"plugin":"org.jetbrains.idea.maven","system_id":"undefined.system","created":1575949627891,"task_class":"org.jetbrains.idea.maven.project.MavenProjectsProcessor$MavenProjectsProcessorWaitForCompletionTask","plugin_type":"JB_BUNDLED","project":"1b07182a6fbc47b5244aa599d3d97bfe93a413b2cc48aa24d012a3e8a4aea27e"},"id":"started"}}
{"recorder_version":"31","session":"3c60e27778e2","build":"193.5233.102","bucket":"148","time":1575949627891,"group":{"id":"project.import","version":"2"},"event":{"count":1,"data":{"duration_ms":0,"ide_activity_id":10,"created":1575949627893},"id":"finished"}}
{"recorder_version":"31","session":"3c60e27778e2","build":"193.5233.102","bucket":"148","time":1575949628002,"group":{"id":"performance","version":"31"},"event":{"count":1,"data":{"duration_ms":769,"created":1575949628003},"id":"ui.lagging"}}
{"recorder_version":"31","session":"3c60e27778e2","build":"193.5233.102","bucket":"148","time":1575949629694,"group":{"id":"performance","version":"31"},"event":{"count":1,"data":{"duration_ms":1461,"created":1575949629694},"id":"ui.lagging"}}
{"recorder_version":"31","session":"3c60e27778e2","build":"193.5233.102","bucket":"148","time":1575949629694,"group":{"id":"performance","version":"31"},"event":{"count":1,"data":{"duration_ms":460,"created":1575949629696},"id":"ui.lagging"}}
{"recorder_version":"31","session":"3c60e27778e2","build":"193.5233.102","bucket":"148","time":1575949635425,"group":{"id":"startup","version":"1"},"event":{"count":1,"data":{"duration":4240,"created":1575949635425},"id":"appInit"}}
{"recorder_version":"31","session":"3c60e27778e2","build":"193.5233.102","bucket":"148","time":1575949635425,"group":{"id":"startup","version":"1"},"event":{"count":1,"data":{"duration":290,"created":1575949635425},"id":"splash"}}
{"recorder_version":"31","session":"3c60e27778e2","build":"193.5233.102","bucket":"148","time":1575949635425,"group":{"id":"startup","version":"1"},"event":{"count":1,"data":{"duration":252,"created":1575949635425},"id":"bootstrap"}}
{"recorder_version":"31","session":"3c60e27778e2","build":"193.5233.102","bucket":"148","time":1575949635425,"group":{"id":"startup","version":"1"},"event":{"count":1,"data":{"duration":37157,"created":1575949635425},"id":"totalDuration"}}
{"recorder_version":"31","session":"3c60e27778e2","build":"193.5233.102","bucket":"148","time":1575949687719,"group":{"id":"performance","version":"31"},"event":{"count":1,"data":{"duration_ms":0,"created":1575949687719},"id":"ui.latency"}}
{"recorder_version":"31","session":"3c60e27778e2","build":"193.5233.102","bucket":"148","time":1575949714200,"group":{"id":"ui.dialogs","version":"31"},"event":{"count":1,"data":{"code":1,"created":1575949714200,"plugin_type":"PLATFORM","dialog_class":"com.intellij.ide.util.TipDialog"},"id":"close"}}
{"recorder_version":"31","session":"3c60e27778e2","build":"193.5233.102","bucket":"148","time":1575949730553,"group":{"id":"file.types.usage","version":"31"},"event":{"count":1,"data":{"file_path":"2ee496aa4156f0ec145cd563b03ba72c94ae3a89268e148700aaadeed7b95459","file_type":"XML","created":1575949730553,"plugin_type":"PLATFORM","project":"1b07182a6fbc47b5244aa599d3d97bfe93a413b2cc48aa24d012a3e8a4aea27e"},"id":"open"}}
{"recorder_version":"31","session":"3c60e27778e2","build":"193.5233.102","bucket":"148","time":1575949732866,"group":{"id":"actions","version":"31"},"event":{"count":1,"data":{"context_menu":false,"current_file":"XML","action_id":"ShowSettings","created":1575949732866,"plugin_type":"PLATFORM","project":"1b07182a6fbc47b5244aa599d3d97bfe93a413b2cc48aa24d012a3e8a4aea27e","place":"keyboard_shortcut","class":"com.intellij.ide.actions.ShowSettingsAction","input_event":"Ctrl+Alt+S"},"id":"action.invoked"}}
{"recorder_version":"31","session":"3c60e27778e2","build":"193.5233.102","bucket":"148","time":1575949735431,"group":{"id":"ui.dialogs","version":"31"},"event":{"count":1,"data":{"created":1575949735431,"plugin_type":"PLATFORM","dialog_class":"com.intellij.openapi.options.newEditor.SettingsDialog"},"id":"show"}}
{"recorder_version":"31","session":"3c60e27778e2","build":"193.5233.102","bucket":"148","time":1575949735587,"group":{"id":"performance","version":"31"},"event":{"count":1,"data":{"duration_ms":2643,"created":1575949735587},"id":"ui.lagging"}}
{"recorder_version":"31","session":"3c60e27778e2","build":"193.5233.102","bucket":"148","time":1575949735587,"group":{"id":"performance","version":"31"},"event":{"count":1,"data":{"duration_ms":1627,"created":1575949735587},"id":"ui.lagging"}}
{"recorder_version":"31","session":"3c60e27778e2","build":"193.5233.102","bucket":"148","time":1575949735587,"group":{"id":"performance","version":"31"},"event":{"count":1,"data":{"duration_ms":625,"created":1575949735587},"id":"ui.lagging"}}
{"recorder_version":"31","session":"3c60e27778e2","build":"193.5233.102","bucket":"148","time":1575949736118,"group":{"id":"ui.settings","version":"31"},"event":{"count":1,"data":{"created":1575949736118,"plugin_type":"PLATFORM","configurable":"com.intellij.ide.plugins.PluginManagerConfigurable"},"id":"select"}}
{"recorder_version":"31","session":"3c60e27778e2","build":"193.5233.102","bucket":"148","time":1575949736165,"group":{"id":"performance","version":"31"},"event":{"count":1,"data":{"duration_ms":187,"created":1575949736165},"id":"ui.lagging"}}
{"recorder_version":"31","session":"3c60e27778e2","build":"193.5233.102","bucket":"148","time":1575949742429,"group":{"id":"ui.dialogs","version":"31"},"event":{"count":1,"data":{"created":1575949742445,"plugin_type":"PLATFORM","dialog_class":"com.intellij.openapi.ui.messages.MessageDialog"},"id":"show"}}
{"recorder_version":"31","session":"3c60e27778e2","build":"193.5233.102","bucket":"148","time":1575949745820,"group":{"id":"lifecycle","version":"31"},"event":{"count":1,"data":{"created":1575949745820,"project":"1b07182a6fbc47b5244aa599d3d97bfe93a413b2cc48aa24d012a3e8a4aea27e"},"id":"frame.deactivated"}}
{"recorder_version":"31","session":"3c60e27778e2","build":"193.5233.102","bucket":"148","time":1575949746632,"group":{"id":"lifecycle","version":"31"},"event":{"count":1,"data":{"created":1575949746632,"project":"1b07182a6fbc47b5244aa599d3d97bfe93a413b2cc48aa24d012a3e8a4aea27e"},"id":"frame.activated"}}
{"recorder_version":"31","session":"3c60e27778e2","build":"193.5233.102","bucket":"148","time":1575949748290,"group":{"id":"ui.settings","version":"31"},"event":{"count":1,"data":{"created":1575949748290,"plugin_type":"PLATFORM","configurable":"com.intellij.ide.plugins.PluginManagerConfigurable"},"id":"apply"}}
{"recorder_version":"31","session":"3c60e27778e2","build":"193.5233.102","bucket":"148","time":1575949748290,"group":{"id":"ui.dialogs","version":"31"},"event":{"count":1,"data":{"code":0,"created":1575949748290,"plugin_type":"PLATFORM","dialog_class":"com.intellij.openapi.options.newEditor.SettingsDialog"},"id":"close"}}
{"recorder_version":"31","session":"3c60e27778e2","build":"193.5233.102","bucket":"148","time":1575949749805,"group":{"id":"performance","version":"31"},"event":{"count":1,"data":{"duration_ms":687,"created":1575949749805},"id":"ui.lagging"}}
{"recorder_version":"31","session":"3c60e27778e2","build":"193.5233.102","bucket":"148","time":1575949750352,"group":{"id":"ui.dialogs","version":"31"},"event":{"count":1,"data":{"created":1575949750352,"plugin_type":"PLATFORM","dialog_class":"com.intellij.openapi.ui.messages.MessageDialog"},"id":"show"}}
{"recorder_version":"31","session":"3c60e27778e2","build":"193.5233.102","bucket":"148","time":1575949750383,"group":{"id":"performance","version":"31"},"event":{"count":1,"data":{"duration_ms":250,"created":1575949750383},"id":"ui.lagging"}}
{"recorder_version":"31","session":"3c60e27778e2","build":"193.5233.102","bucket":"148","time":1575949751492,"group":{"id":"lifecycle","version":"31"},"event":{"count":1,"data":{"restart":false,"created":1575949751492},"id":"ide.close"}}
{"recorder_version":"31","session":"3c60e27778e2","build":"193.5233.102","bucket":"148","time":1575949751836,"group":{"id":"lifecycle","version":"31"},"event":{"count":1,"data":{"created":1575949751836,"project":"1b07182a6fbc47b5244aa599d3d97bfe93a413b2cc48aa24d012a3e8a4aea27e"},"id":"project.closed"}}
