{"recorder_version":"31","session":"017df2b7abc6","build":"193.5233.102","bucket":"148","time":1575976709723,"group":{"id":"settings","version":"4"},"event":{"state":true,"data":{"component":"NotRoamableUiSettings","created":1575976710177},"id":"invoked"}}
{"recorder_version":"31","session":"017df2b7abc6","build":"193.5233.102","bucket":"148","time":1575976709726,"group":{"id":"settings","version":"4"},"event":{"state":true,"data":{"component":"UISettings","created":1575976710193},"id":"invoked"}}
{"recorder_version":"31","session":"017df2b7abc6","build":"193.5233.102","bucket":"148","time":1575976709743,"group":{"id":"system.java","version":"1"},"event":{"state":true,"data":{"created":1575976710209,"version":"1.11"},"id":"JetBrains"}}
{"recorder_version":"31","session":"017df2b7abc6","build":"193.5233.102","bucket":"148","time":1575976709743,"group":{"id":"system.java","version":"1"},"event":{"state":true,"data":{"created":1575976710209},"id":"invoked"}}
{"recorder_version":"31","session":"017df2b7abc6","build":"193.5233.102","bucket":"148","time":1575976709765,"group":{"id":"system.os","version":"3"},"event":{"state":true,"data":{"created":1575976710209,"version":"10.0"},"id":"Windows"}}
{"recorder_version":"31","session":"017df2b7abc6","build":"193.5233.102","bucket":"148","time":1575976709765,"group":{"id":"system.os","version":"3"},"event":{"state":true,"data":{"created":1575976710209,"name":"Windows","version":"10.0"},"id":"os.name"}}
{"recorder_version":"31","session":"017df2b7abc6","build":"193.5233.102","bucket":"148","time":1575976709765,"group":{"id":"system.os","version":"3"},"event":{"state":true,"data":{"created":1575976710209,"value":"+08_00"},"id":"os.timezone"}}
{"recorder_version":"31","session":"017df2b7abc6","build":"193.5233.102","bucket":"148","time":1575976709765,"group":{"id":"system.os","version":"3"},"event":{"state":true,"data":{"created":1575976710209},"id":"invoked"}}
{"recorder_version":"31","session":"017df2b7abc6","build":"193.5233.102","bucket":"148","time":1575976709765,"group":{"id":"settings","version":"4"},"event":{"state":true,"data":{"component":"UpdatesConfigurable","created":1575976710209,"name":"checkNeeded","type":"bool","value":false},"id":"not.default"}}
{"recorder_version":"31","session":"017df2b7abc6","build":"193.5233.102","bucket":"148","time":1575976709765,"group":{"id":"settings","version":"4"},"event":{"state":true,"data":{"component":"UpdatesConfigurable","created":1575976710209,"name":"thirdPartyPluginsAllowed","type":"bool","value":true},"id":"not.default"}}
{"recorder_version":"31","session":"017df2b7abc6","build":"193.5233.102","bucket":"148","time":1575976709765,"group":{"id":"settings","version":"4"},"event":{"state":true,"data":{"component":"UpdatesConfigurable","created":1575976710209},"id":"invoked"}}
{"recorder_version":"31","session":"017df2b7abc6","build":"193.5233.102","bucket":"148","time":1575976710049,"group":{"id":"performance","version":"31"},"event":{"count":1,"data":{"duration_ms":2,"created":1575976710209},"id":"ui.latency"}}
{"recorder_version":"31","session":"017df2b7abc6","build":"193.5233.102","bucket":"148","time":1575976710162,"group":{"id":"event.log","version":"31"},"event":{"count":1,"data":{"created":1575976710209,"version":"990.0"},"id":"whitelist.loaded"}}
{"recorder_version":"31","session":"017df2b7abc6","build":"193.5233.102","bucket":"148","time":1575976710268,"group":{"id":"settings","version":"4"},"event":{"state":true,"data":{"component":"GeneralSettings","created":1575976710268},"id":"invoked"}}
{"recorder_version":"31","session":"017df2b7abc6","build":"193.5233.102","bucket":"148","time":1575976710268,"group":{"id":"lifecycle","version":"31"},"event":{"count":1,"data":{"internal":true,"eap":false,"created":1575976710284},"id":"ide.start"}}
{"recorder_version":"31","session":"017df2b7abc6","build":"193.5233.102","bucket":"148","time":1575976711104,"group":{"id":"settings","version":"4"},"event":{"state":true,"data":{"component":"XmlEditorOptions","created":1575976711104},"id":"invoked"}}
{"recorder_version":"31","session":"017df2b7abc6","build":"193.5233.102","bucket":"148","time":1575976711251,"group":{"id":"performance","version":"31"},"event":{"count":1,"data":{"duration_ms":221,"created":1575976711251},"id":"ui.lagging"}}
{"recorder_version":"31","session":"017df2b7abc6","build":"193.5233.102","bucket":"148","time":1575976711251,"group":{"id":"settings","version":"4"},"event":{"state":true,"data":{"component":"VcsApplicationSettings","created":1575976711251},"id":"invoked"}}
{"recorder_version":"31","session":"017df2b7abc6","build":"193.5233.102","bucket":"148","time":1575976711251,"group":{"id":"lifecycle","version":"31"},"event":{"count":1,"data":{"created":1575976711251},"id":"frame.activated"}}
{"recorder_version":"31","session":"017df2b7abc6","build":"193.5233.102","bucket":"148","time":1575976711298,"group":{"id":"ui.dialogs","version":"31"},"event":{"count":1,"data":{"created":1575976711298,"plugin_type":"PLATFORM","dialog_class":"com.intellij.openapi.progress.util.ProgressDialog$MyDialogWrapper"},"id":"show"}}
{"recorder_version":"31","session":"017df2b7abc6","build":"193.5233.102","bucket":"148","time":1575976713110,"group":{"id":"lifecycle","version":"31"},"event":{"count":1,"data":{"created":1575976713110},"id":"frame.deactivated"}}
{"recorder_version":"31","session":"017df2b7abc6","build":"193.5233.102","bucket":"148","time":1575976713816,"group":{"id":"lifecycle","version":"31"},"event":{"count":1,"data":{"created":1575976713816,"project":"1b07182a6fbc47b5244aa599d3d97bfe93a413b2cc48aa24d012a3e8a4aea27e"},"id":"project.opened"}}
{"recorder_version":"31","session":"017df2b7abc6","build":"193.5233.102","bucket":"148","time":1575976714312,"group":{"id":"performance","version":"31"},"event":{"count":1,"data":{"duration_ms":258,"created":1575976714344},"id":"ui.lagging"}}
{"recorder_version":"31","session":"017df2b7abc6","build":"193.5233.102","bucket":"148","time":1575976714930,"group":{"id":"indexing","version":"2"},"event":{"count":1,"data":{"ide_activity_id":1,"created":1575976714956,"project":"1b07182a6fbc47b5244aa599d3d97bfe93a413b2cc48aa24d012a3e8a4aea27e"},"id":"started"}}
{"recorder_version":"31","session":"017df2b7abc6","build":"193.5233.102","bucket":"148","time":1575976715027,"group":{"id":"indexing","version":"2"},"event":{"count":1,"data":{"ide_activity_id":1,"stage_class":"com.intellij.util.indexing.UnindexedFilesUpdater","created":1575976715038,"plugin_type":"PLATFORM"},"id":"stage"}}
{"recorder_version":"31","session":"017df2b7abc6","build":"193.5233.102","bucket":"148","time":1575976716871,"group":{"id":"performance","version":"31"},"event":{"count":1,"data":{"duration_ms":738,"created":1575976716875},"id":"ui.lagging"}}
{"recorder_version":"31","session":"017df2b7abc6","build":"193.5233.102","bucket":"148","time":1575976717917,"group":{"id":"performance","version":"31"},"event":{"count":1,"data":{"duration_ms":702,"created":1575976718096},"id":"ui.lagging"}}
{"recorder_version":"31","session":"017df2b7abc6","build":"193.5233.102","bucket":"148","time":1575976718367,"group":{"id":"performance","version":"31"},"event":{"count":1,"data":{"duration_ms":124,"created":1575976718370},"id":"ui.lagging"}}
{"recorder_version":"31","session":"017df2b7abc6","build":"193.5233.102","bucket":"148","time":1575976718435,"group":{"id":"toolwindow","version":"31"},"event":{"count":1,"data":{"created":1575976718457,"plugin_type":"PLATFORM","id":"Project"},"id":"activated"}}
{"recorder_version":"31","session":"017df2b7abc6","build":"193.5233.102","bucket":"148","time":1575976719212,"group":{"id":"ui.tips","version":"2"},"event":{"count":1,"data":{"created":1575976719212,"type":"automatically"},"id":"dialog.shown"}}
{"recorder_version":"31","session":"017df2b7abc6","build":"193.5233.102","bucket":"148","time":1575976719289,"group":{"id":"ui.dialogs","version":"31"},"event":{"count":1,"data":{"created":1575976719294,"plugin_type":"PLATFORM","dialog_class":"com.intellij.ide.util.TipDialog"},"id":"show"}}
{"recorder_version":"31","session":"017df2b7abc6","build":"193.5233.102","bucket":"148","time":1575976719464,"group":{"id":"performance","version":"31"},"event":{"count":1,"data":{"duration_ms":217,"created":1575976719473},"id":"ui.lagging"}}
{"recorder_version":"31","session":"017df2b7abc6","build":"193.5233.102","bucket":"148","time":1575976719468,"group":{"id":"lifecycle","version":"31"},"event":{"count":1,"data":{"created":1575976719473,"project":"1b07182a6fbc47b5244aa599d3d97bfe93a413b2cc48aa24d012a3e8a4aea27e"},"id":"frame.activated"}}
{"recorder_version":"31","session":"017df2b7abc6","build":"193.5233.102","bucket":"148","time":1575976719822,"group":{"id":"project.fs","version":"1"},"event":{"state":true,"data":{"os":"Windows","cs-project":false,"created":1575976719842,"project":"1b07182a6fbc47b5244aa599d3d97bfe93a413b2cc48aa24d012a3e8a4aea27e","cs-implicit":true,"cs-system":false},"id":"case-sensitivity"}}
{"recorder_version":"31","session":"017df2b7abc6","build":"193.5233.102","bucket":"148","time":1575976719822,"group":{"id":"project.fs","version":"1"},"event":{"state":true,"data":{"created":1575976719842},"id":"invoked"}}
{"recorder_version":"31","session":"017df2b7abc6","build":"193.5233.102","bucket":"148","time":1575976719845,"group":{"id":"project.fs","version":"1"},"event":{"state":true,"data":{"pct-non-watched":0,"created":1575976719850,"project":"1b07182a6fbc47b5244aa599d3d97bfe93a413b2cc48aa24d012a3e8a4aea27e"},"id":"roots-watched"}}
{"recorder_version":"31","session":"017df2b7abc6","build":"193.5233.102","bucket":"148","time":1575976719845,"group":{"id":"project.fs","version":"1"},"event":{"state":true,"data":{"created":1575976719850},"id":"invoked"}}
{"recorder_version":"31","session":"017df2b7abc6","build":"193.5233.102","bucket":"148","time":1575976719931,"group":{"id":"project.import","version":"2"},"event":{"count":1,"data":{"ide_activity_id":2,"plugin":"org.jetbrains.idea.maven","system_id":"undefined.system","created":1575976719934,"task_class":"org.jetbrains.idea.maven.project.MavenProjectsProcessorReadingTask","plugin_type":"JB_BUNDLED","project":"1b07182a6fbc47b5244aa599d3d97bfe93a413b2cc48aa24d012a3e8a4aea27e"},"id":"started"}}
{"recorder_version":"31","session":"017df2b7abc6","build":"193.5233.102","bucket":"148","time":1575976719975,"group":{"id":"ui.dialogs","version":"31"},"event":{"count":1,"data":{"code":1,"created":1575976719979,"plugin_type":"PLATFORM","dialog_class":"com.intellij.openapi.progress.util.ProgressDialog$MyDialogWrapper"},"id":"close"}}
{"recorder_version":"31","session":"017df2b7abc6","build":"193.5233.102","bucket":"148","time":1575976720063,"group":{"id":"project.import","version":"2"},"event":{"count":1,"data":{"duration_ms":132,"ide_activity_id":2,"created":1575976720063},"id":"finished"}}
{"recorder_version":"31","session":"017df2b7abc6","build":"193.5233.102","bucket":"148","time":1575976720193,"group":{"id":"lifecycle","version":"31"},"event":{"count":1,"data":{"duration_ms":9626,"created":1575976720214,"project":"1b07182a6fbc47b5244aa599d3d97bfe93a413b2cc48aa24d012a3e8a4aea27e"},"id":"project.opening.finished"}}
{"recorder_version":"31","session":"017df2b7abc6","build":"193.5233.102","bucket":"148","time":1575976720376,"group":{"id":"performance","version":"31"},"event":{"count":1,"data":{"duration_ms":121,"created":1575976720379},"id":"ui.lagging"}}
{"recorder_version":"31","session":"017df2b7abc6","build":"193.5233.102","bucket":"148","time":1575976721490,"group":{"id":"ui.dialogs","version":"31"},"event":{"count":1,"data":{"code":1,"created":1575976721492,"plugin_type":"PLATFORM","dialog_class":"com.intellij.ide.util.TipDialog"},"id":"close"}}
{"recorder_version":"31","session":"017df2b7abc6","build":"193.5233.102","bucket":"148","time":1575976721510,"group":{"id":"performance","version":"31"},"event":{"count":1,"data":{"duration_ms":246,"created":1575976721510},"id":"ui.lagging"}}
{"recorder_version":"31","session":"017df2b7abc6","build":"193.5233.102","bucket":"148","time":1575976722610,"group":{"id":"indexing","version":"2"},"event":{"count":1,"data":{"duration_ms":7680,"ide_activity_id":1,"created":1575976722641},"id":"finished"}}
{"recorder_version":"31","session":"017df2b7abc6","build":"193.5233.102","bucket":"148","time":1575976722867,"group":{"id":"indexing","version":"2"},"event":{"count":1,"data":{"ide_activity_id":3,"created":1575976722867,"project":"1b07182a6fbc47b5244aa599d3d97bfe93a413b2cc48aa24d012a3e8a4aea27e"},"id":"started"}}
{"recorder_version":"31","session":"017df2b7abc6","build":"193.5233.102","bucket":"148","time":1575976722898,"group":{"id":"indexing","version":"2"},"event":{"count":1,"data":{"ide_activity_id":3,"plugin":"org.jetbrains.android","stage_class":"com.android.tools.idea.res.ResourceFolderRepositoryFileCacheImpl$PruneTask","created":1575976722898,"plugin_type":"JB_BUNDLED"},"id":"stage"}}
{"recorder_version":"31","session":"017df2b7abc6","build":"193.5233.102","bucket":"148","time":1575976722898,"group":{"id":"indexing","version":"2"},"event":{"count":1,"data":{"ide_activity_id":3,"plugin":"org.jetbrains.android","stage_class":"com.android.tools.idea.res.ResourceFolderRepositoryFileCacheImpl$ManageLruProjectFilesTask","created":1575976722898,"plugin_type":"JB_BUNDLED"},"id":"stage"}}
{"recorder_version":"31","session":"017df2b7abc6","build":"193.5233.102","bucket":"148","time":1575976722961,"group":{"id":"indexing","version":"2"},"event":{"count":1,"data":{"duration_ms":94,"ide_activity_id":3,"created":1575976722961},"id":"finished"}}
{"recorder_version":"31","session":"017df2b7abc6","build":"193.5233.102","bucket":"148","time":1575976723008,"group":{"id":"indexing","version":"2"},"event":{"count":1,"data":{"ide_activity_id":4,"created":1575976723008,"project":"1b07182a6fbc47b5244aa599d3d97bfe93a413b2cc48aa24d012a3e8a4aea27e"},"id":"started"}}
{"recorder_version":"31","session":"017df2b7abc6","build":"193.5233.102","bucket":"148","time":1575976723039,"group":{"id":"indexing","version":"2"},"event":{"count":1,"data":{"ide_activity_id":4,"plugin":"org.jetbrains.android","stage_class":"com.android.tools.idea.res.ResourceFolderRegistry$PopulateCachesTask","created":1575976723039,"plugin_type":"JB_BUNDLED"},"id":"stage"}}
{"recorder_version":"31","session":"017df2b7abc6","build":"193.5233.102","bucket":"148","time":1575976723039,"group":{"id":"indexing","version":"2"},"event":{"count":1,"data":{"duration_ms":31,"ide_activity_id":4,"created":1575976723039},"id":"finished"}}
{"recorder_version":"31","session":"017df2b7abc6","build":"193.5233.102","bucket":"148","time":1575976723248,"group":{"id":"project.import","version":"2"},"event":{"count":1,"data":{"ide_activity_id":5,"plugin":"org.jetbrains.idea.maven","system_id":"undefined.system","created":1575976723279,"task_class":"org.jetbrains.idea.maven.project.MavenProjectsProcessor$MavenProjectsProcessorWaitForCompletionTask","plugin_type":"JB_BUNDLED","project":"1b07182a6fbc47b5244aa599d3d97bfe93a413b2cc48aa24d012a3e8a4aea27e"},"id":"started"}}
{"recorder_version":"31","session":"017df2b7abc6","build":"193.5233.102","bucket":"148","time":1575976723248,"group":{"id":"project.import","version":"2"},"event":{"count":1,"data":{"duration_ms":0,"ide_activity_id":5,"created":1575976723279},"id":"finished"}}
{"recorder_version":"31","session":"017df2b7abc6","build":"193.5233.102","bucket":"148","time":1575976723279,"group":{"id":"project.import","version":"2"},"event":{"count":1,"data":{"ide_activity_id":6,"plugin":"org.jetbrains.idea.maven","system_id":"undefined.system","created":1575976723279,"task_class":"org.jetbrains.idea.maven.project.MavenProjectsProcessor$MavenProjectsProcessorWaitForCompletionTask","plugin_type":"JB_BUNDLED","project":"1b07182a6fbc47b5244aa599d3d97bfe93a413b2cc48aa24d012a3e8a4aea27e"},"id":"started"}}
{"recorder_version":"31","session":"017df2b7abc6","build":"193.5233.102","bucket":"148","time":1575976723279,"group":{"id":"project.import","version":"2"},"event":{"count":1,"data":{"duration_ms":0,"ide_activity_id":6,"created":1575976723279},"id":"finished"}}
{"recorder_version":"31","session":"017df2b7abc6","build":"193.5233.102","bucket":"148","time":1575976723279,"group":{"id":"project.import","version":"2"},"event":{"count":1,"data":{"ide_activity_id":7,"plugin":"org.jetbrains.idea.maven","system_id":"undefined.system","created":1575976723279,"task_class":"org.jetbrains.idea.maven.project.MavenProjectsProcessor$MavenProjectsProcessorWaitForCompletionTask","plugin_type":"JB_BUNDLED","project":"1b07182a6fbc47b5244aa599d3d97bfe93a413b2cc48aa24d012a3e8a4aea27e"},"id":"started"}}
{"recorder_version":"31","session":"017df2b7abc6","build":"193.5233.102","bucket":"148","time":1575976723279,"group":{"id":"project.import","version":"2"},"event":{"count":1,"data":{"duration_ms":0,"ide_activity_id":7,"created":1575976723295},"id":"finished"}}
{"recorder_version":"31","session":"017df2b7abc6","build":"193.5233.102","bucket":"148","time":1575976723326,"group":{"id":"project.import","version":"2"},"event":{"count":1,"data":{"ide_activity_id":8,"plugin":"org.jetbrains.idea.maven","system_id":"undefined.system","created":1575976723326,"task_class":"org.jetbrains.idea.maven.project.MavenProjectsProcessor$MavenProjectsProcessorWaitForCompletionTask","plugin_type":"JB_BUNDLED","project":"1b07182a6fbc47b5244aa599d3d97bfe93a413b2cc48aa24d012a3e8a4aea27e"},"id":"started"}}
{"recorder_version":"31","session":"017df2b7abc6","build":"193.5233.102","bucket":"148","time":1575976723326,"group":{"id":"project.import","version":"2"},"event":{"count":1,"data":{"duration_ms":0,"ide_activity_id":8,"created":1575976723326},"id":"finished"}}
{"recorder_version":"31","session":"017df2b7abc6","build":"193.5233.102","bucket":"148","time":1575976723342,"group":{"id":"project.import","version":"2"},"event":{"count":1,"data":{"ide_activity_id":9,"plugin":"org.jetbrains.idea.maven","system_id":"undefined.system","created":1575976723342,"task_class":"org.jetbrains.idea.maven.project.MavenProjectsProcessor$MavenProjectsProcessorWaitForCompletionTask","plugin_type":"JB_BUNDLED","project":"1b07182a6fbc47b5244aa599d3d97bfe93a413b2cc48aa24d012a3e8a4aea27e"},"id":"started"}}
{"recorder_version":"31","session":"017df2b7abc6","build":"193.5233.102","bucket":"148","time":1575976723342,"group":{"id":"project.import","version":"2"},"event":{"count":1,"data":{"duration_ms":0,"ide_activity_id":9,"created":1575976723342},"id":"finished"}}
{"recorder_version":"31","session":"017df2b7abc6","build":"193.5233.102","bucket":"148","time":1575976723342,"group":{"id":"project.import","version":"2"},"event":{"count":1,"data":{"ide_activity_id":10,"plugin":"org.jetbrains.idea.maven","system_id":"undefined.system","created":1575976723342,"task_class":"org.jetbrains.idea.maven.project.MavenProjectsProcessor$MavenProjectsProcessorWaitForCompletionTask","plugin_type":"JB_BUNDLED","project":"1b07182a6fbc47b5244aa599d3d97bfe93a413b2cc48aa24d012a3e8a4aea27e"},"id":"started"}}
{"recorder_version":"31","session":"017df2b7abc6","build":"193.5233.102","bucket":"148","time":1575976723342,"group":{"id":"project.import","version":"2"},"event":{"count":1,"data":{"duration_ms":0,"ide_activity_id":10,"created":1575976723342},"id":"finished"}}
{"recorder_version":"31","session":"017df2b7abc6","build":"193.5233.102","bucket":"148","time":1575976723592,"group":{"id":"performance","version":"31"},"event":{"count":1,"data":{"duration_ms":297,"created":1575976723602},"id":"ui.lagging"}}
{"recorder_version":"31","session":"017df2b7abc6","build":"193.5233.102","bucket":"148","time":1575976731738,"group":{"id":"startup","version":"1"},"event":{"count":1,"data":{"duration":3743,"created":1575976731738},"id":"appInit"}}
{"recorder_version":"31","session":"017df2b7abc6","build":"193.5233.102","bucket":"148","time":1575976731738,"group":{"id":"startup","version":"1"},"event":{"count":1,"data":{"duration":867,"created":1575976731738},"id":"splash"}}
{"recorder_version":"31","session":"017df2b7abc6","build":"193.5233.102","bucket":"148","time":1575976731738,"group":{"id":"startup","version":"1"},"event":{"count":1,"data":{"duration":342,"created":1575976731738},"id":"bootstrap"}}
{"recorder_version":"31","session":"017df2b7abc6","build":"193.5233.102","bucket":"148","time":1575976731738,"group":{"id":"startup","version":"1"},"event":{"count":1,"data":{"duration":16338,"created":1575976731738},"id":"totalDuration"}}
{"recorder_version":"31","session":"017df2b7abc6","build":"193.5233.102","bucket":"148","time":1575976779140,"group":{"id":"performance","version":"31"},"event":{"count":1,"data":{"duration_ms":140,"created":1575976779140},"id":"ui.lagging"}}
{"recorder_version":"31","session":"017df2b7abc6","build":"193.5233.102","bucket":"148","time":1575976795599,"group":{"id":"lifecycle","version":"31"},"event":{"count":1,"data":{"created":1575976795599,"project":"1b07182a6fbc47b5244aa599d3d97bfe93a413b2cc48aa24d012a3e8a4aea27e"},"id":"frame.deactivated"}}
{"recorder_version":"31","session":"017df2b7abc6","build":"193.5233.102","bucket":"148","time":1575976798099,"group":{"id":"lifecycle","version":"31"},"event":{"count":1,"data":{"created":1575976798102,"project":"1b07182a6fbc47b5244aa599d3d97bfe93a413b2cc48aa24d012a3e8a4aea27e"},"id":"frame.activated"}}
{"recorder_version":"31","session":"017df2b7abc6","build":"193.5233.102","bucket":"148","time":1575976798214,"group":{"id":"ui.dialogs","version":"31"},"event":{"count":1,"data":{"created":1575976798214,"plugin_type":"PLATFORM","dialog_class":"com.intellij.openapi.ui.messages.MessageDialog"},"id":"show"}}
{"recorder_version":"31","session":"017df2b7abc6","build":"193.5233.102","bucket":"148","time":1575976798802,"group":{"id":"lifecycle","version":"31"},"event":{"count":1,"data":{"restart":false,"created":1575976798803},"id":"ide.close"}}
{"recorder_version":"31","session":"017df2b7abc6","build":"193.5233.102","bucket":"148","time":1575976798924,"group":{"id":"lifecycle","version":"31"},"event":{"count":1,"data":{"created":1575976798924,"project":"1b07182a6fbc47b5244aa599d3d97bfe93a413b2cc48aa24d012a3e8a4aea27e"},"id":"project.closed"}}
