{"recorder_version":"31","session":"638a2eab7712","build":"193.5233.102","bucket":"148","time":1575949773818,"group":{"id":"settings","version":"4"},"event":{"state":true,"data":{"component":"NotRoamableUiSettings","created":1575949774317},"id":"invoked"}}
{"recorder_version":"31","session":"638a2eab7712","build":"193.5233.102","bucket":"148","time":1575949773833,"group":{"id":"settings","version":"4"},"event":{"state":true,"data":{"component":"UISettings","created":1575949774317},"id":"invoked"}}
{"recorder_version":"31","session":"638a2eab7712","build":"193.5233.102","bucket":"148","time":1575949773974,"group":{"id":"system.java","version":"1"},"event":{"state":true,"data":{"created":1575949774333,"version":"1.11"},"id":"JetBrains"}}
{"recorder_version":"31","session":"638a2eab7712","build":"193.5233.102","bucket":"148","time":1575949773974,"group":{"id":"system.java","version":"1"},"event":{"state":true,"data":{"created":1575949774333},"id":"invoked"}}
{"recorder_version":"31","session":"638a2eab7712","build":"193.5233.102","bucket":"148","time":1575949773989,"group":{"id":"system.os","version":"3"},"event":{"state":true,"data":{"created":1575949774333,"version":"10.0"},"id":"Windows"}}
{"recorder_version":"31","session":"638a2eab7712","build":"193.5233.102","bucket":"148","time":1575949773989,"group":{"id":"system.os","version":"3"},"event":{"state":true,"data":{"created":1575949774333,"name":"Windows","version":"10.0"},"id":"os.name"}}
{"recorder_version":"31","session":"638a2eab7712","build":"193.5233.102","bucket":"148","time":1575949773989,"group":{"id":"system.os","version":"3"},"event":{"state":true,"data":{"created":1575949774333,"value":"+08_00"},"id":"os.timezone"}}
{"recorder_version":"31","session":"638a2eab7712","build":"193.5233.102","bucket":"148","time":1575949773989,"group":{"id":"system.os","version":"3"},"event":{"state":true,"data":{"created":1575949774333},"id":"invoked"}}
{"recorder_version":"31","session":"638a2eab7712","build":"193.5233.102","bucket":"148","time":1575949774302,"group":{"id":"event.log","version":"31"},"event":{"count":1,"data":{"created":1575949774333,"version":"986.0"},"id":"whitelist.loaded"}}
{"recorder_version":"31","session":"638a2eab7712","build":"193.5233.102","bucket":"148","time":1575949774552,"group":{"id":"settings","version":"4"},"event":{"state":true,"data":{"component":"UpdatesConfigurable","created":1575949774552,"name":"checkNeeded","type":"bool","value":false},"id":"not.default"}}
{"recorder_version":"31","session":"638a2eab7712","build":"193.5233.102","bucket":"148","time":1575949774552,"group":{"id":"settings","version":"4"},"event":{"state":true,"data":{"component":"UpdatesConfigurable","created":1575949774567,"name":"thirdPartyPluginsAllowed","type":"bool","value":true},"id":"not.default"}}
{"recorder_version":"31","session":"638a2eab7712","build":"193.5233.102","bucket":"148","time":1575949774552,"group":{"id":"settings","version":"4"},"event":{"state":true,"data":{"component":"UpdatesConfigurable","created":1575949774567},"id":"invoked"}}
{"recorder_version":"31","session":"638a2eab7712","build":"193.5233.102","bucket":"148","time":1575949774677,"group":{"id":"settings","version":"4"},"event":{"state":true,"data":{"component":"GeneralSettings","created":1575949774677},"id":"invoked"}}
{"recorder_version":"31","session":"638a2eab7712","build":"193.5233.102","bucket":"148","time":1575949774971,"group":{"id":"lifecycle","version":"31"},"event":{"count":1,"data":{"internal":true,"eap":false,"created":1575949774971},"id":"ide.start"}}
{"recorder_version":"31","session":"638a2eab7712","build":"193.5233.102","bucket":"148","time":1575949774971,"group":{"id":"performance","version":"31"},"event":{"count":1,"data":{"duration_ms":15,"created":1575949774972},"id":"ui.latency"}}
{"recorder_version":"31","session":"638a2eab7712","build":"193.5233.102","bucket":"148","time":1575949775118,"group":{"id":"settings","version":"4"},"event":{"state":true,"data":{"component":"XmlEditorOptions","created":1575949775119},"id":"invoked"}}
{"recorder_version":"31","session":"638a2eab7712","build":"193.5233.102","bucket":"148","time":1575949776104,"group":{"id":"performance","version":"31"},"event":{"count":1,"data":{"duration_ms":365,"created":1575949776104},"id":"ui.lagging"}}
{"recorder_version":"31","session":"638a2eab7712","build":"193.5233.102","bucket":"148","time":1575949776109,"group":{"id":"settings","version":"4"},"event":{"state":true,"data":{"component":"VcsApplicationSettings","created":1575949776110},"id":"invoked"}}
{"recorder_version":"31","session":"638a2eab7712","build":"193.5233.102","bucket":"148","time":1575949776109,"group":{"id":"lifecycle","version":"31"},"event":{"count":1,"data":{"created":1575949776110},"id":"frame.activated"}}
{"recorder_version":"31","session":"638a2eab7712","build":"193.5233.102","bucket":"148","time":1575949776151,"group":{"id":"ui.dialogs","version":"31"},"event":{"count":1,"data":{"created":1575949776164,"plugin_type":"PLATFORM","dialog_class":"com.intellij.openapi.progress.util.ProgressDialog$MyDialogWrapper"},"id":"show"}}
{"recorder_version":"31","session":"638a2eab7712","build":"193.5233.102","bucket":"148","time":1575949778150,"group":{"id":"lifecycle","version":"31"},"event":{"count":1,"data":{"created":1575949778213,"project":"1b07182a6fbc47b5244aa599d3d97bfe93a413b2cc48aa24d012a3e8a4aea27e"},"id":"project.opened"}}
{"recorder_version":"31","session":"638a2eab7712","build":"193.5233.102","bucket":"148","time":1575949778860,"group":{"id":"performance","version":"31"},"event":{"count":1,"data":{"duration_ms":1116,"created":1575949778892},"id":"ui.lagging"}}
{"recorder_version":"31","session":"638a2eab7712","build":"193.5233.102","bucket":"148","time":1575949778923,"group":{"id":"lifecycle","version":"31"},"event":{"count":1,"data":{"created":1575949778970,"project":"1b07182a6fbc47b5244aa599d3d97bfe93a413b2cc48aa24d012a3e8a4aea27e"},"id":"frame.deactivated"}}
{"recorder_version":"31","session":"638a2eab7712","build":"193.5233.102","bucket":"148","time":1575949778923,"group":{"id":"performance","version":"31"},"event":{"count":1,"data":{"duration_ms":172,"created":1575949778970},"id":"ui.lagging"}}
{"recorder_version":"31","session":"638a2eab7712","build":"193.5233.102","bucket":"148","time":1575949779534,"group":{"id":"indexing","version":"2"},"event":{"count":1,"data":{"ide_activity_id":1,"created":1575949779536,"project":"1b07182a6fbc47b5244aa599d3d97bfe93a413b2cc48aa24d012a3e8a4aea27e"},"id":"started"}}
{"recorder_version":"31","session":"638a2eab7712","build":"193.5233.102","bucket":"148","time":1575949779537,"group":{"id":"indexing","version":"2"},"event":{"count":1,"data":{"ide_activity_id":1,"stage_class":"com.intellij.util.indexing.UnindexedFilesUpdater","created":1575949779539,"plugin_type":"PLATFORM"},"id":"stage"}}
{"recorder_version":"31","session":"638a2eab7712","build":"193.5233.102","bucket":"148","time":1575949781356,"group":{"id":"toolwindow","version":"31"},"event":{"count":1,"data":{"created":1575949781356,"plugin_type":"PLATFORM","id":"Project"},"id":"activated"}}
{"recorder_version":"31","session":"638a2eab7712","build":"193.5233.102","bucket":"148","time":1575949782145,"group":{"id":"performance","version":"31"},"event":{"count":1,"data":{"duration_ms":316,"created":1575949782159},"id":"ui.lagging"}}
{"recorder_version":"31","session":"638a2eab7712","build":"193.5233.102","bucket":"148","time":1575949782578,"group":{"id":"ui.tips","version":"2"},"event":{"count":1,"data":{"created":1575949782578,"type":"automatically"},"id":"dialog.shown"}}
{"recorder_version":"31","session":"638a2eab7712","build":"193.5233.102","bucket":"148","time":1575949782691,"group":{"id":"ui.dialogs","version":"31"},"event":{"count":1,"data":{"created":1575949782816,"plugin_type":"PLATFORM","dialog_class":"com.intellij.ide.util.TipDialog"},"id":"show"}}
{"recorder_version":"31","session":"638a2eab7712","build":"193.5233.102","bucket":"148","time":1575949782894,"group":{"id":"lifecycle","version":"31"},"event":{"count":1,"data":{"created":1575949782925,"project":"1b07182a6fbc47b5244aa599d3d97bfe93a413b2cc48aa24d012a3e8a4aea27e"},"id":"frame.activated"}}
{"recorder_version":"31","session":"638a2eab7712","build":"193.5233.102","bucket":"148","time":1575949782938,"group":{"id":"performance","version":"31"},"event":{"count":1,"data":{"duration_ms":106,"created":1575949782955},"id":"ui.lagging"}}
{"recorder_version":"31","session":"638a2eab7712","build":"193.5233.102","bucket":"148","time":1575949783988,"group":{"id":"project.fs","version":"1"},"event":{"state":true,"data":{"os":"Windows","cs-project":false,"created":1575949783996,"project":"1b07182a6fbc47b5244aa599d3d97bfe93a413b2cc48aa24d012a3e8a4aea27e","cs-implicit":true,"cs-system":false},"id":"case-sensitivity"}}
{"recorder_version":"31","session":"638a2eab7712","build":"193.5233.102","bucket":"148","time":1575949783988,"group":{"id":"project.fs","version":"1"},"event":{"state":true,"data":{"created":1575949783997},"id":"invoked"}}
{"recorder_version":"31","session":"638a2eab7712","build":"193.5233.102","bucket":"148","time":1575949783999,"group":{"id":"project.fs","version":"1"},"event":{"state":true,"data":{"pct-non-watched":0,"created":1575949784000,"project":"1b07182a6fbc47b5244aa599d3d97bfe93a413b2cc48aa24d012a3e8a4aea27e"},"id":"roots-watched"}}
{"recorder_version":"31","session":"638a2eab7712","build":"193.5233.102","bucket":"148","time":1575949783999,"group":{"id":"project.fs","version":"1"},"event":{"state":true,"data":{"created":1575949784000},"id":"invoked"}}
{"recorder_version":"31","session":"638a2eab7712","build":"193.5233.102","bucket":"148","time":1575949784089,"group":{"id":"project.import","version":"2"},"event":{"count":1,"data":{"ide_activity_id":2,"plugin":"org.jetbrains.idea.maven","system_id":"undefined.system","created":1575949784120,"task_class":"org.jetbrains.idea.maven.project.MavenProjectsProcessorReadingTask","plugin_type":"JB_BUNDLED","project":"1b07182a6fbc47b5244aa599d3d97bfe93a413b2cc48aa24d012a3e8a4aea27e"},"id":"started"}}
{"recorder_version":"31","session":"638a2eab7712","build":"193.5233.102","bucket":"148","time":1575949784098,"group":{"id":"ui.dialogs","version":"31"},"event":{"count":1,"data":{"code":1,"created":1575949784120,"plugin_type":"PLATFORM","dialog_class":"com.intellij.openapi.progress.util.ProgressDialog$MyDialogWrapper"},"id":"close"}}
{"recorder_version":"31","session":"638a2eab7712","build":"193.5233.102","bucket":"148","time":1575949784290,"group":{"id":"lifecycle","version":"31"},"event":{"count":1,"data":{"duration_ms":9280,"created":1575949784337,"project":"1b07182a6fbc47b5244aa599d3d97bfe93a413b2cc48aa24d012a3e8a4aea27e"},"id":"project.opening.finished"}}
{"recorder_version":"31","session":"638a2eab7712","build":"193.5233.102","bucket":"148","time":1575949784377,"group":{"id":"project.import","version":"2"},"event":{"count":1,"data":{"duration_ms":288,"ide_activity_id":2,"created":1575949784377},"id":"finished"}}
{"recorder_version":"31","session":"638a2eab7712","build":"193.5233.102","bucket":"148","time":1575949786789,"group":{"id":"indexing","version":"2"},"event":{"count":1,"data":{"duration_ms":7255,"ide_activity_id":1,"created":1575949786805},"id":"finished"}}
{"recorder_version":"31","session":"638a2eab7712","build":"193.5233.102","bucket":"148","time":1575949786903,"group":{"id":"indexing","version":"2"},"event":{"count":1,"data":{"ide_activity_id":3,"created":1575949786907,"project":"1b07182a6fbc47b5244aa599d3d97bfe93a413b2cc48aa24d012a3e8a4aea27e"},"id":"started"}}
{"recorder_version":"31","session":"638a2eab7712","build":"193.5233.102","bucket":"148","time":1575949786953,"group":{"id":"indexing","version":"2"},"event":{"count":1,"data":{"ide_activity_id":3,"plugin":"org.jetbrains.android","stage_class":"com.android.tools.idea.res.ResourceFolderRepositoryFileCacheImpl$PruneTask","created":1575949786959,"plugin_type":"JB_BUNDLED"},"id":"stage"}}
{"recorder_version":"31","session":"638a2eab7712","build":"193.5233.102","bucket":"148","time":1575949787032,"group":{"id":"indexing","version":"2"},"event":{"count":1,"data":{"ide_activity_id":3,"plugin":"org.jetbrains.android","stage_class":"com.android.tools.idea.res.ResourceFolderRepositoryFileCacheImpl$ManageLruProjectFilesTask","created":1575949787034,"plugin_type":"JB_BUNDLED"},"id":"stage"}}
{"recorder_version":"31","session":"638a2eab7712","build":"193.5233.102","bucket":"148","time":1575949787114,"group":{"id":"indexing","version":"2"},"event":{"count":1,"data":{"duration_ms":211,"ide_activity_id":3,"created":1575949787119},"id":"finished"}}
{"recorder_version":"31","session":"638a2eab7712","build":"193.5233.102","bucket":"148","time":1575949787223,"group":{"id":"indexing","version":"2"},"event":{"count":1,"data":{"ide_activity_id":4,"created":1575949787229,"project":"1b07182a6fbc47b5244aa599d3d97bfe93a413b2cc48aa24d012a3e8a4aea27e"},"id":"started"}}
{"recorder_version":"31","session":"638a2eab7712","build":"193.5233.102","bucket":"148","time":1575949787232,"group":{"id":"indexing","version":"2"},"event":{"count":1,"data":{"ide_activity_id":4,"plugin":"org.jetbrains.android","stage_class":"com.android.tools.idea.res.ResourceFolderRegistry$PopulateCachesTask","created":1575949787233,"plugin_type":"JB_BUNDLED"},"id":"stage"}}
{"recorder_version":"31","session":"638a2eab7712","build":"193.5233.102","bucket":"148","time":1575949787252,"group":{"id":"indexing","version":"2"},"event":{"count":1,"data":{"duration_ms":29,"ide_activity_id":4,"created":1575949787252},"id":"finished"}}
{"recorder_version":"31","session":"638a2eab7712","build":"193.5233.102","bucket":"148","time":1575949787412,"group":{"id":"project.import","version":"2"},"event":{"count":1,"data":{"ide_activity_id":5,"plugin":"org.jetbrains.idea.maven","system_id":"undefined.system","created":1575949787450,"task_class":"org.jetbrains.idea.maven.project.MavenProjectsProcessor$MavenProjectsProcessorWaitForCompletionTask","plugin_type":"JB_BUNDLED","project":"1b07182a6fbc47b5244aa599d3d97bfe93a413b2cc48aa24d012a3e8a4aea27e"},"id":"started"}}
{"recorder_version":"31","session":"638a2eab7712","build":"193.5233.102","bucket":"148","time":1575949787412,"group":{"id":"project.import","version":"2"},"event":{"count":1,"data":{"duration_ms":0,"ide_activity_id":5,"created":1575949787450},"id":"finished"}}
{"recorder_version":"31","session":"638a2eab7712","build":"193.5233.102","bucket":"148","time":1575949787472,"group":{"id":"project.import","version":"2"},"event":{"count":1,"data":{"ide_activity_id":6,"plugin":"org.jetbrains.idea.maven","system_id":"undefined.system","created":1575949787518,"task_class":"org.jetbrains.idea.maven.project.MavenProjectsProcessor$MavenProjectsProcessorWaitForCompletionTask","plugin_type":"JB_BUNDLED","project":"1b07182a6fbc47b5244aa599d3d97bfe93a413b2cc48aa24d012a3e8a4aea27e"},"id":"started"}}
{"recorder_version":"31","session":"638a2eab7712","build":"193.5233.102","bucket":"148","time":1575949787472,"group":{"id":"project.import","version":"2"},"event":{"count":1,"data":{"duration_ms":0,"ide_activity_id":6,"created":1575949787518},"id":"finished"}}
{"recorder_version":"31","session":"638a2eab7712","build":"193.5233.102","bucket":"148","time":1575949787528,"group":{"id":"project.import","version":"2"},"event":{"count":1,"data":{"ide_activity_id":7,"plugin":"org.jetbrains.idea.maven","system_id":"undefined.system","created":1575949787529,"task_class":"org.jetbrains.idea.maven.project.MavenProjectsProcessor$MavenProjectsProcessorWaitForCompletionTask","plugin_type":"JB_BUNDLED","project":"1b07182a6fbc47b5244aa599d3d97bfe93a413b2cc48aa24d012a3e8a4aea27e"},"id":"started"}}
{"recorder_version":"31","session":"638a2eab7712","build":"193.5233.102","bucket":"148","time":1575949787528,"group":{"id":"project.import","version":"2"},"event":{"count":1,"data":{"duration_ms":0,"ide_activity_id":7,"created":1575949787538},"id":"finished"}}
{"recorder_version":"31","session":"638a2eab7712","build":"193.5233.102","bucket":"148","time":1575949787540,"group":{"id":"project.import","version":"2"},"event":{"count":1,"data":{"ide_activity_id":8,"plugin":"org.jetbrains.idea.maven","system_id":"undefined.system","created":1575949787541,"task_class":"org.jetbrains.idea.maven.project.MavenProjectsProcessor$MavenProjectsProcessorWaitForCompletionTask","plugin_type":"JB_BUNDLED","project":"1b07182a6fbc47b5244aa599d3d97bfe93a413b2cc48aa24d012a3e8a4aea27e"},"id":"started"}}
{"recorder_version":"31","session":"638a2eab7712","build":"193.5233.102","bucket":"148","time":1575949787540,"group":{"id":"project.import","version":"2"},"event":{"count":1,"data":{"duration_ms":0,"ide_activity_id":8,"created":1575949787541},"id":"finished"}}
{"recorder_version":"31","session":"638a2eab7712","build":"193.5233.102","bucket":"148","time":1575949787572,"group":{"id":"project.import","version":"2"},"event":{"count":1,"data":{"ide_activity_id":9,"plugin":"org.jetbrains.idea.maven","system_id":"undefined.system","created":1575949787585,"task_class":"org.jetbrains.idea.maven.project.MavenProjectsProcessor$MavenProjectsProcessorWaitForCompletionTask","plugin_type":"JB_BUNDLED","project":"1b07182a6fbc47b5244aa599d3d97bfe93a413b2cc48aa24d012a3e8a4aea27e"},"id":"started"}}
{"recorder_version":"31","session":"638a2eab7712","build":"193.5233.102","bucket":"148","time":1575949787572,"group":{"id":"project.import","version":"2"},"event":{"count":1,"data":{"duration_ms":0,"ide_activity_id":9,"created":1575949787699},"id":"finished"}}
{"recorder_version":"31","session":"638a2eab7712","build":"193.5233.102","bucket":"148","time":1575949787711,"group":{"id":"project.import","version":"2"},"event":{"count":1,"data":{"ide_activity_id":10,"plugin":"org.jetbrains.idea.maven","system_id":"undefined.system","created":1575949787712,"task_class":"org.jetbrains.idea.maven.project.MavenProjectsProcessor$MavenProjectsProcessorWaitForCompletionTask","plugin_type":"JB_BUNDLED","project":"1b07182a6fbc47b5244aa599d3d97bfe93a413b2cc48aa24d012a3e8a4aea27e"},"id":"started"}}
{"recorder_version":"31","session":"638a2eab7712","build":"193.5233.102","bucket":"148","time":1575949787711,"group":{"id":"project.import","version":"2"},"event":{"count":1,"data":{"duration_ms":0,"ide_activity_id":10,"created":1575949787746},"id":"finished"}}
{"recorder_version":"31","session":"638a2eab7712","build":"193.5233.102","bucket":"148","time":1575949788185,"group":{"id":"performance","version":"31"},"event":{"count":1,"data":{"duration_ms":184,"created":1575949788189},"id":"ui.lagging"}}
{"recorder_version":"31","session":"638a2eab7712","build":"193.5233.102","bucket":"148","time":1575949793233,"group":{"id":"performance","version":"31"},"event":{"count":1,"data":{"duration_ms":187,"created":1575949793233},"id":"ui.lagging"}}
{"recorder_version":"31","session":"638a2eab7712","build":"193.5233.102","bucket":"148","time":1575949793858,"group":{"id":"ui.dialogs","version":"31"},"event":{"count":1,"data":{"code":1,"created":1575949793874,"plugin_type":"PLATFORM","dialog_class":"com.intellij.ide.util.TipDialog"},"id":"close"}}
{"recorder_version":"31","session":"638a2eab7712","build":"193.5233.102","bucket":"148","time":1575949795247,"group":{"id":"startup","version":"1"},"event":{"count":1,"data":{"duration":3059,"created":1575949795247},"id":"appInit"}}
{"recorder_version":"31","session":"638a2eab7712","build":"193.5233.102","bucket":"148","time":1575949795247,"group":{"id":"startup","version":"1"},"event":{"count":1,"data":{"duration":362,"created":1575949795247},"id":"splash"}}
{"recorder_version":"31","session":"638a2eab7712","build":"193.5233.102","bucket":"148","time":1575949795247,"group":{"id":"startup","version":"1"},"event":{"count":1,"data":{"duration":307,"created":1575949795247},"id":"bootstrap"}}
{"recorder_version":"31","session":"638a2eab7712","build":"193.5233.102","bucket":"148","time":1575949795247,"group":{"id":"startup","version":"1"},"event":{"count":1,"data":{"duration":16600,"created":1575949795247},"id":"totalDuration"}}
{"recorder_version":"31","session":"638a2eab7712","build":"193.5233.102","bucket":"148","time":1575949795622,"group":{"id":"toolwindow","version":"31"},"event":{"count":1,"data":{"created":1575949795622,"plugin_type":"UNKNOWN","id":"unknown"},"id":"activated"}}
{"recorder_version":"31","session":"638a2eab7712","build":"193.5233.102","bucket":"148","time":1575949868114,"group":{"id":"performance","version":"31"},"event":{"count":1,"data":{"duration_ms":197,"created":1575949868114},"id":"ui.lagging"}}
{"recorder_version":"31","session":"638a2eab7712","build":"193.5233.102","bucket":"148","time":1575949870123,"group":{"id":"lifecycle","version":"31"},"event":{"count":1,"data":{"created":1575949870123,"project":"1b07182a6fbc47b5244aa599d3d97bfe93a413b2cc48aa24d012a3e8a4aea27e"},"id":"frame.deactivated"}}
{"recorder_version":"31","session":"638a2eab7712","build":"193.5233.102","bucket":"148","time":1575949871002,"group":{"id":"lifecycle","version":"31"},"event":{"count":1,"data":{"created":1575949871021,"project":"1b07182a6fbc47b5244aa599d3d97bfe93a413b2cc48aa24d012a3e8a4aea27e"},"id":"frame.activated"}}
{"recorder_version":"31","session":"638a2eab7712","build":"193.5233.102","bucket":"148","time":1575949872389,"group":{"id":"lifecycle","version":"31"},"event":{"count":1,"data":{"created":1575949872389,"project":"1b07182a6fbc47b5244aa599d3d97bfe93a413b2cc48aa24d012a3e8a4aea27e"},"id":"frame.deactivated"}}
{"recorder_version":"31","session":"638a2eab7712","build":"193.5233.102","bucket":"148","time":1575949874921,"group":{"id":"performance","version":"31"},"event":{"count":1,"data":{"duration_ms":0,"created":1575949874921},"id":"ui.latency"}}
{"recorder_version":"31","session":"638a2eab7712","build":"193.5233.102","bucket":"148","time":1575949975036,"group":{"id":"performance","version":"31"},"event":{"count":1,"data":{"duration_ms":0,"created":1575949975036},"id":"ui.latency"}}
{"recorder_version":"31","session":"638a2eab7712","build":"193.5233.102","bucket":"148","time":1575950016128,"group":{"id":"lifecycle","version":"31"},"event":{"count":1,"data":{"created":1575950016128,"project":"1b07182a6fbc47b5244aa599d3d97bfe93a413b2cc48aa24d012a3e8a4aea27e"},"id":"frame.activated"}}
{"recorder_version":"31","session":"638a2eab7712","build":"193.5233.102","bucket":"148","time":1575950020554,"group":{"id":"lifecycle","version":"31"},"event":{"count":1,"data":{"created":1575950020555,"project":"1b07182a6fbc47b5244aa599d3d97bfe93a413b2cc48aa24d012a3e8a4aea27e"},"id":"frame.deactivated"}}
{"recorder_version":"31","session":"638a2eab7712","build":"193.5233.102","bucket":"148","time":1575950056248,"group":{"id":"lifecycle","version":"31"},"event":{"count":1,"data":{"created":1575950056248,"project":"1b07182a6fbc47b5244aa599d3d97bfe93a413b2cc48aa24d012a3e8a4aea27e"},"id":"frame.activated"}}
{"recorder_version":"31","session":"638a2eab7712","build":"193.5233.102","bucket":"148","time":1575950056366,"group":{"id":"ui.dialogs","version":"31"},"event":{"count":1,"data":{"created":1575950056367,"plugin_type":"PLATFORM","dialog_class":"com.intellij.openapi.ui.messages.MessageDialog"},"id":"show"}}
{"recorder_version":"31","session":"638a2eab7712","build":"193.5233.102","bucket":"148","time":1575950057769,"group":{"id":"lifecycle","version":"31"},"event":{"count":1,"data":{"restart":false,"created":1575950057769},"id":"ide.close"}}
{"recorder_version":"31","session":"638a2eab7712","build":"193.5233.102","bucket":"148","time":1575950058147,"group":{"id":"lifecycle","version":"31"},"event":{"count":1,"data":{"created":1575950058147,"project":"1b07182a6fbc47b5244aa599d3d97bfe93a413b2cc48aa24d012a3e8a4aea27e"},"id":"project.closed"}}
