{"recorder_version":"31","session":"2c4f20009de9","build":"193.5233.102","bucket":"148","time":1575972821283,"group":{"id":"settings","version":"4"},"event":{"state":true,"data":{"component":"NotRoamableUiSettings","created":1575972822570},"id":"invoked"}}
{"recorder_version":"31","session":"2c4f20009de9","build":"193.5233.102","bucket":"148","time":1575972821283,"group":{"id":"settings","version":"4"},"event":{"state":true,"data":{"component":"UISettings","created":1575972822575},"id":"invoked"}}
{"recorder_version":"31","session":"2c4f20009de9","build":"193.5233.102","bucket":"148","time":1575972821401,"group":{"id":"system.java","version":"1"},"event":{"state":true,"data":{"created":1575972822597,"version":"1.11"},"id":"JetBrains"}}
{"recorder_version":"31","session":"2c4f20009de9","build":"193.5233.102","bucket":"148","time":1575972821401,"group":{"id":"system.java","version":"1"},"event":{"state":true,"data":{"created":1575972822597},"id":"invoked"}}
{"recorder_version":"31","session":"2c4f20009de9","build":"193.5233.102","bucket":"148","time":1575972821622,"group":{"id":"system.os","version":"3"},"event":{"state":true,"data":{"created":1575972822598,"version":"10.0"},"id":"Windows"}}
{"recorder_version":"31","session":"2c4f20009de9","build":"193.5233.102","bucket":"148","time":1575972821622,"group":{"id":"system.os","version":"3"},"event":{"state":true,"data":{"created":1575972822598,"name":"Windows","version":"10.0"},"id":"os.name"}}
{"recorder_version":"31","session":"2c4f20009de9","build":"193.5233.102","bucket":"148","time":1575972821622,"group":{"id":"system.os","version":"3"},"event":{"state":true,"data":{"created":1575972822599,"value":"+08_00"},"id":"os.timezone"}}
{"recorder_version":"31","session":"2c4f20009de9","build":"193.5233.102","bucket":"148","time":1575972821622,"group":{"id":"system.os","version":"3"},"event":{"state":true,"data":{"created":1575972822599},"id":"invoked"}}
{"recorder_version":"31","session":"2c4f20009de9","build":"193.5233.102","bucket":"148","time":1575972822418,"group":{"id":"settings","version":"4"},"event":{"state":true,"data":{"component":"UpdatesConfigurable","created":1575972822600,"name":"checkNeeded","type":"bool","value":false},"id":"not.default"}}
{"recorder_version":"31","session":"2c4f20009de9","build":"193.5233.102","bucket":"148","time":1575972822418,"group":{"id":"settings","version":"4"},"event":{"state":true,"data":{"component":"UpdatesConfigurable","created":1575972822603,"name":"thirdPartyPluginsAllowed","type":"bool","value":true},"id":"not.default"}}
{"recorder_version":"31","session":"2c4f20009de9","build":"193.5233.102","bucket":"148","time":1575972822418,"group":{"id":"settings","version":"4"},"event":{"state":true,"data":{"component":"UpdatesConfigurable","created":1575972822604},"id":"invoked"}}
{"recorder_version":"31","session":"2c4f20009de9","build":"193.5233.102","bucket":"148","time":1575972822560,"group":{"id":"event.log","version":"31"},"event":{"count":1,"data":{"created":1575972822605,"version":"986.0"},"id":"whitelist.loaded"}}
{"recorder_version":"31","session":"2c4f20009de9","build":"193.5233.102","bucket":"148","time":1575972823347,"group":{"id":"performance","version":"31"},"event":{"count":1,"data":{"duration_ms":2794,"created":1575972823348},"id":"ui.latency"}}
{"recorder_version":"31","session":"2c4f20009de9","build":"193.5233.102","bucket":"148","time":1575972823347,"group":{"id":"performance","version":"31"},"event":{"count":1,"data":{"duration_ms":2794,"created":1575972823348},"id":"ui.lagging"}}
{"recorder_version":"31","session":"2c4f20009de9","build":"193.5233.102","bucket":"148","time":1575972823358,"group":{"id":"performance","version":"31"},"event":{"count":1,"data":{"duration_ms":1771,"created":1575972823358},"id":"ui.lagging"}}
{"recorder_version":"31","session":"2c4f20009de9","build":"193.5233.102","bucket":"148","time":1575972823358,"group":{"id":"performance","version":"31"},"event":{"count":1,"data":{"duration_ms":769,"created":1575972823359},"id":"ui.lagging"}}
{"recorder_version":"31","session":"2c4f20009de9","build":"193.5233.102","bucket":"148","time":1575972823448,"group":{"id":"settings","version":"4"},"event":{"state":true,"data":{"component":"GeneralSettings","created":1575972823448},"id":"invoked"}}
{"recorder_version":"31","session":"2c4f20009de9","build":"193.5233.102","bucket":"148","time":1575972823556,"group":{"id":"lifecycle","version":"31"},"event":{"count":1,"data":{"internal":true,"eap":false,"created":1575972823556},"id":"ide.start"}}
{"recorder_version":"31","session":"2c4f20009de9","build":"193.5233.102","bucket":"148","time":1575972824261,"group":{"id":"performance","version":"31"},"event":{"count":1,"data":{"duration_ms":670,"created":1575972824262},"id":"ui.lagging"}}
{"recorder_version":"31","session":"2c4f20009de9","build":"193.5233.102","bucket":"148","time":1575972824911,"group":{"id":"settings","version":"4"},"event":{"state":true,"data":{"component":"XmlEditorOptions","created":1575972824911},"id":"invoked"}}
{"recorder_version":"31","session":"2c4f20009de9","build":"193.5233.102","bucket":"148","time":1575972831197,"group":{"id":"lifecycle","version":"31"},"event":{"count":1,"data":{"duration_ms":6922,"created":1575972831198,"duration_grouped":"6s"},"id":"ide.freeze"}}
{"recorder_version":"31","session":"2c4f20009de9","build":"193.5233.102","bucket":"148","time":1575972831224,"group":{"id":"performance","version":"31"},"event":{"count":1,"data":{"duration_ms":6631,"created":1575972831224},"id":"ui.lagging"}}
{"recorder_version":"31","session":"2c4f20009de9","build":"193.5233.102","bucket":"148","time":1575972831224,"group":{"id":"performance","version":"31"},"event":{"count":1,"data":{"duration_ms":5631,"created":1575972831225},"id":"ui.lagging"}}
{"recorder_version":"31","session":"2c4f20009de9","build":"193.5233.102","bucket":"148","time":1575972831224,"group":{"id":"performance","version":"31"},"event":{"count":1,"data":{"duration_ms":4630,"created":1575972831225},"id":"ui.lagging"}}
{"recorder_version":"31","session":"2c4f20009de9","build":"193.5233.102","bucket":"148","time":1575972831452,"group":{"id":"performance","version":"31"},"event":{"count":1,"data":{"duration_ms":3857,"created":1575972831453},"id":"ui.lagging"}}
{"recorder_version":"31","session":"2c4f20009de9","build":"193.5233.102","bucket":"148","time":1575972831453,"group":{"id":"performance","version":"31"},"event":{"count":1,"data":{"duration_ms":2856,"created":1575972831453},"id":"ui.lagging"}}
{"recorder_version":"31","session":"2c4f20009de9","build":"193.5233.102","bucket":"148","time":1575972831453,"group":{"id":"performance","version":"31"},"event":{"count":1,"data":{"duration_ms":1856,"created":1575972831453},"id":"ui.lagging"}}
{"recorder_version":"31","session":"2c4f20009de9","build":"193.5233.102","bucket":"148","time":1575972831531,"group":{"id":"settings","version":"4"},"event":{"state":true,"data":{"component":"VcsApplicationSettings","created":1575972831531},"id":"invoked"}}
{"recorder_version":"31","session":"2c4f20009de9","build":"193.5233.102","bucket":"148","time":1575972831531,"group":{"id":"lifecycle","version":"31"},"event":{"count":1,"data":{"created":1575972831532},"id":"frame.activated"}}
{"recorder_version":"31","session":"2c4f20009de9","build":"193.5233.102","bucket":"148","time":1575972831666,"group":{"id":"performance","version":"31"},"event":{"count":1,"data":{"duration_ms":1068,"created":1575972831666},"id":"ui.lagging"}}
{"recorder_version":"31","session":"2c4f20009de9","build":"193.5233.102","bucket":"148","time":1575972832134,"group":{"id":"ui.dialogs","version":"31"},"event":{"count":1,"data":{"created":1575972832136,"plugin_type":"PLATFORM","dialog_class":"com.intellij.openapi.progress.util.ProgressDialog$MyDialogWrapper"},"id":"show"}}
{"recorder_version":"31","session":"2c4f20009de9","build":"193.5233.102","bucket":"148","time":1575972832932,"group":{"id":"performance","version":"31"},"event":{"count":1,"data":{"duration_ms":1334,"created":1575972832933},"id":"ui.lagging"}}
{"recorder_version":"31","session":"2c4f20009de9","build":"193.5233.102","bucket":"148","time":1575972832949,"group":{"id":"performance","version":"31"},"event":{"count":1,"data":{"duration_ms":348,"created":1575972832949},"id":"ui.lagging"}}
{"recorder_version":"31","session":"2c4f20009de9","build":"193.5233.102","bucket":"148","time":1575972836850,"group":{"id":"performance","version":"31"},"event":{"count":1,"data":{"duration_ms":246,"created":1575972836850},"id":"ui.lagging"}}
{"recorder_version":"31","session":"2c4f20009de9","build":"193.5233.102","bucket":"148","time":1575972843989,"group":{"id":"lifecycle","version":"31"},"event":{"count":1,"data":{"created":1575972843989,"project":"1b07182a6fbc47b5244aa599d3d97bfe93a413b2cc48aa24d012a3e8a4aea27e"},"id":"project.opened"}}
{"recorder_version":"31","session":"2c4f20009de9","build":"193.5233.102","bucket":"148","time":1575972846056,"group":{"id":"performance","version":"31"},"event":{"count":1,"data":{"duration_ms":3445,"created":1575972846056},"id":"ui.lagging"}}
{"recorder_version":"31","session":"2c4f20009de9","build":"193.5233.102","bucket":"148","time":1575972846057,"group":{"id":"performance","version":"31"},"event":{"count":1,"data":{"duration_ms":2445,"created":1575972846057},"id":"ui.lagging"}}
{"recorder_version":"31","session":"2c4f20009de9","build":"193.5233.102","bucket":"148","time":1575972846076,"group":{"id":"performance","version":"31"},"event":{"count":1,"data":{"duration_ms":1464,"created":1575972846076},"id":"ui.lagging"}}
{"recorder_version":"31","session":"2c4f20009de9","build":"193.5233.102","bucket":"148","time":1575972846076,"group":{"id":"performance","version":"31"},"event":{"count":1,"data":{"duration_ms":464,"created":1575972846077},"id":"ui.lagging"}}
{"recorder_version":"31","session":"2c4f20009de9","build":"193.5233.102","bucket":"148","time":1575972846815,"group":{"id":"indexing","version":"2"},"event":{"count":1,"data":{"ide_activity_id":1,"created":1575972846815,"project":"1b07182a6fbc47b5244aa599d3d97bfe93a413b2cc48aa24d012a3e8a4aea27e"},"id":"started"}}
{"recorder_version":"31","session":"2c4f20009de9","build":"193.5233.102","bucket":"148","time":1575972846947,"group":{"id":"performance","version":"31"},"event":{"count":1,"data":{"duration_ms":332,"created":1575972846948},"id":"ui.lagging"}}
{"recorder_version":"31","session":"2c4f20009de9","build":"193.5233.102","bucket":"148","time":1575972846949,"group":{"id":"indexing","version":"2"},"event":{"count":1,"data":{"ide_activity_id":1,"stage_class":"com.intellij.util.indexing.UnindexedFilesUpdater","created":1575972846949,"plugin_type":"PLATFORM"},"id":"stage"}}
{"recorder_version":"31","session":"2c4f20009de9","build":"193.5233.102","bucket":"148","time":1575972853663,"group":{"id":"performance","version":"31"},"event":{"count":1,"data":{"duration_ms":4011,"created":1575972853663},"id":"ui.lagging"}}
{"recorder_version":"31","session":"2c4f20009de9","build":"193.5233.102","bucket":"148","time":1575972853663,"group":{"id":"performance","version":"31"},"event":{"count":1,"data":{"duration_ms":3011,"created":1575972853664},"id":"ui.lagging"}}
{"recorder_version":"31","session":"2c4f20009de9","build":"193.5233.102","bucket":"148","time":1575972853665,"group":{"id":"performance","version":"31"},"event":{"count":1,"data":{"duration_ms":2012,"created":1575972853665},"id":"ui.lagging"}}
{"recorder_version":"31","session":"2c4f20009de9","build":"193.5233.102","bucket":"148","time":1575972853665,"group":{"id":"performance","version":"31"},"event":{"count":1,"data":{"duration_ms":1010,"created":1575972853666},"id":"ui.lagging"}}
{"recorder_version":"31","session":"2c4f20009de9","build":"193.5233.102","bucket":"148","time":1575972854025,"group":{"id":"performance","version":"31"},"event":{"count":1,"data":{"duration_ms":369,"created":1575972854026},"id":"ui.lagging"}}
{"recorder_version":"31","session":"2c4f20009de9","build":"193.5233.102","bucket":"148","time":1575972854198,"group":{"id":"indexing","version":"2"},"event":{"count":1,"data":{"duration_ms":7383,"ide_activity_id":1,"created":1575972854199},"id":"finished"}}
{"recorder_version":"31","session":"2c4f20009de9","build":"193.5233.102","bucket":"148","time":1575972854417,"group":{"id":"toolwindow","version":"31"},"event":{"count":1,"data":{"created":1575972854418,"plugin_type":"PLATFORM","id":"Project"},"id":"activated"}}
{"recorder_version":"31","session":"2c4f20009de9","build":"193.5233.102","bucket":"148","time":1575972859072,"group":{"id":"performance","version":"31"},"event":{"count":1,"data":{"duration_ms":4414,"created":1575972859077},"id":"ui.lagging"}}
{"recorder_version":"31","session":"2c4f20009de9","build":"193.5233.102","bucket":"148","time":1575972859072,"group":{"id":"performance","version":"31"},"event":{"count":1,"data":{"duration_ms":3414,"created":1575972859078},"id":"ui.lagging"}}
{"recorder_version":"31","session":"2c4f20009de9","build":"193.5233.102","bucket":"148","time":1575972859073,"group":{"id":"performance","version":"31"},"event":{"count":1,"data":{"duration_ms":2414,"created":1575972859078},"id":"ui.lagging"}}
{"recorder_version":"31","session":"2c4f20009de9","build":"193.5233.102","bucket":"148","time":1575972859073,"group":{"id":"performance","version":"31"},"event":{"count":1,"data":{"duration_ms":1413,"created":1575972859078},"id":"ui.lagging"}}
{"recorder_version":"31","session":"2c4f20009de9","build":"193.5233.102","bucket":"148","time":1575972859763,"group":{"id":"performance","version":"31"},"event":{"count":1,"data":{"duration_ms":1101,"created":1575972859763},"id":"ui.lagging"}}
{"recorder_version":"31","session":"2c4f20009de9","build":"193.5233.102","bucket":"148","time":1575972859933,"group":{"id":"performance","version":"31"},"event":{"count":1,"data":{"duration_ms":269,"created":1575972859933},"id":"ui.lagging"}}
{"recorder_version":"31","session":"2c4f20009de9","build":"193.5233.102","bucket":"148","time":1575972859947,"group":{"id":"ui.tips","version":"2"},"event":{"count":1,"data":{"created":1575972859947,"type":"automatically"},"id":"dialog.shown"}}
{"recorder_version":"31","session":"2c4f20009de9","build":"193.5233.102","bucket":"148","time":1575972860298,"group":{"id":"ui.dialogs","version":"31"},"event":{"count":1,"data":{"created":1575972860299,"plugin_type":"PLATFORM","dialog_class":"com.intellij.ide.util.TipDialog"},"id":"show"}}
{"recorder_version":"31","session":"2c4f20009de9","build":"193.5233.102","bucket":"148","time":1575972864333,"group":{"id":"performance","version":"31"},"event":{"count":1,"data":{"duration_ms":3668,"created":1575972864333},"id":"ui.lagging"}}
{"recorder_version":"31","session":"2c4f20009de9","build":"193.5233.102","bucket":"148","time":1575972864333,"group":{"id":"performance","version":"31"},"event":{"count":1,"data":{"duration_ms":2668,"created":1575972864334},"id":"ui.lagging"}}
{"recorder_version":"31","session":"2c4f20009de9","build":"193.5233.102","bucket":"148","time":1575972864333,"group":{"id":"performance","version":"31"},"event":{"count":1,"data":{"duration_ms":1666,"created":1575972864334},"id":"ui.lagging"}}
{"recorder_version":"31","session":"2c4f20009de9","build":"193.5233.102","bucket":"148","time":1575972865104,"group":{"id":"performance","version":"31"},"event":{"count":1,"data":{"duration_ms":1436,"created":1575972865104},"id":"ui.lagging"}}
{"recorder_version":"31","session":"2c4f20009de9","build":"193.5233.102","bucket":"148","time":1575972865210,"group":{"id":"performance","version":"31"},"event":{"count":1,"data":{"duration_ms":542,"created":1575972865210},"id":"ui.lagging"}}
{"recorder_version":"31","session":"2c4f20009de9","build":"193.5233.102","bucket":"148","time":1575972866835,"group":{"id":"project.fs","version":"1"},"event":{"state":true,"data":{"os":"Windows","cs-project":false,"created":1575972866836,"project":"1b07182a6fbc47b5244aa599d3d97bfe93a413b2cc48aa24d012a3e8a4aea27e","cs-implicit":true,"cs-system":false},"id":"case-sensitivity"}}
{"recorder_version":"31","session":"2c4f20009de9","build":"193.5233.102","bucket":"148","time":1575972866835,"group":{"id":"project.fs","version":"1"},"event":{"state":true,"data":{"created":1575972866836},"id":"invoked"}}
{"recorder_version":"31","session":"2c4f20009de9","build":"193.5233.102","bucket":"148","time":1575972866836,"group":{"id":"project.fs","version":"1"},"event":{"state":true,"data":{"pct-non-watched":0,"created":1575972866837,"project":"1b07182a6fbc47b5244aa599d3d97bfe93a413b2cc48aa24d012a3e8a4aea27e"},"id":"roots-watched"}}
{"recorder_version":"31","session":"2c4f20009de9","build":"193.5233.102","bucket":"148","time":1575972866836,"group":{"id":"project.fs","version":"1"},"event":{"state":true,"data":{"created":1575972866837},"id":"invoked"}}
{"recorder_version":"31","session":"2c4f20009de9","build":"193.5233.102","bucket":"148","time":1575972868199,"group":{"id":"performance","version":"31"},"event":{"count":1,"data":{"duration_ms":1529,"created":1575972868199},"id":"ui.lagging"}}
{"recorder_version":"31","session":"2c4f20009de9","build":"193.5233.102","bucket":"148","time":1575972868200,"group":{"id":"project.import","version":"2"},"event":{"count":1,"data":{"ide_activity_id":2,"plugin":"org.jetbrains.idea.maven","system_id":"undefined.system","created":1575972868200,"task_class":"org.jetbrains.idea.maven.project.MavenProjectsProcessorReadingTask","plugin_type":"JB_BUNDLED","project":"1b07182a6fbc47b5244aa599d3d97bfe93a413b2cc48aa24d012a3e8a4aea27e"},"id":"started"}}
{"recorder_version":"31","session":"2c4f20009de9","build":"193.5233.102","bucket":"148","time":1575972868207,"group":{"id":"performance","version":"31"},"event":{"count":1,"data":{"duration_ms":537,"created":1575972868207},"id":"ui.lagging"}}
{"recorder_version":"31","session":"2c4f20009de9","build":"193.5233.102","bucket":"148","time":1575972868251,"group":{"id":"ui.dialogs","version":"31"},"event":{"count":1,"data":{"code":1,"created":1575972868256,"plugin_type":"PLATFORM","dialog_class":"com.intellij.openapi.progress.util.ProgressDialog$MyDialogWrapper"},"id":"close"}}
{"recorder_version":"31","session":"2c4f20009de9","build":"193.5233.102","bucket":"148","time":1575972868344,"group":{"id":"indexing","version":"2"},"event":{"count":1,"data":{"ide_activity_id":3,"created":1575972868345,"project":"1b07182a6fbc47b5244aa599d3d97bfe93a413b2cc48aa24d012a3e8a4aea27e"},"id":"started"}}
{"recorder_version":"31","session":"2c4f20009de9","build":"193.5233.102","bucket":"148","time":1575972868395,"group":{"id":"indexing","version":"2"},"event":{"count":1,"data":{"ide_activity_id":3,"plugin":"org.jetbrains.android","stage_class":"com.android.tools.idea.res.ResourceFolderRepositoryFileCacheImpl$PruneTask","created":1575972868395,"plugin_type":"JB_BUNDLED"},"id":"stage"}}
{"recorder_version":"31","session":"2c4f20009de9","build":"193.5233.102","bucket":"148","time":1575972868419,"group":{"id":"indexing","version":"2"},"event":{"count":1,"data":{"ide_activity_id":3,"plugin":"org.jetbrains.android","stage_class":"com.android.tools.idea.res.ResourceFolderRepositoryFileCacheImpl$ManageLruProjectFilesTask","created":1575972868422,"plugin_type":"JB_BUNDLED"},"id":"stage"}}
{"recorder_version":"31","session":"2c4f20009de9","build":"193.5233.102","bucket":"148","time":1575972868900,"group":{"id":"project.import","version":"2"},"event":{"count":1,"data":{"duration_ms":700,"ide_activity_id":2,"created":1575972868900},"id":"finished"}}
{"recorder_version":"31","session":"2c4f20009de9","build":"193.5233.102","bucket":"148","time":1575972869495,"group":{"id":"lifecycle","version":"31"},"event":{"count":1,"data":{"duration_ms":44963,"created":1575972869499,"project":"1b07182a6fbc47b5244aa599d3d97bfe93a413b2cc48aa24d012a3e8a4aea27e"},"id":"project.opening.finished"}}
{"recorder_version":"31","session":"2c4f20009de9","build":"193.5233.102","bucket":"148","time":1575972869501,"group":{"id":"performance","version":"31"},"event":{"count":1,"data":{"duration_ms":831,"created":1575972869511},"id":"ui.lagging"}}
{"recorder_version":"31","session":"2c4f20009de9","build":"193.5233.102","bucket":"148","time":1575972869512,"group":{"id":"indexing","version":"2"},"event":{"count":1,"data":{"duration_ms":1168,"ide_activity_id":3,"created":1575972869514},"id":"finished"}}
{"recorder_version":"31","session":"2c4f20009de9","build":"193.5233.102","bucket":"148","time":1575972870301,"group":{"id":"performance","version":"31"},"event":{"count":1,"data":{"duration_ms":629,"created":1575972870308},"id":"ui.lagging"}}
{"recorder_version":"31","session":"2c4f20009de9","build":"193.5233.102","bucket":"148","time":1575972870610,"group":{"id":"indexing","version":"2"},"event":{"count":1,"data":{"ide_activity_id":4,"created":1575972870626,"project":"1b07182a6fbc47b5244aa599d3d97bfe93a413b2cc48aa24d012a3e8a4aea27e"},"id":"started"}}
{"recorder_version":"31","session":"2c4f20009de9","build":"193.5233.102","bucket":"148","time":1575972870831,"group":{"id":"indexing","version":"2"},"event":{"count":1,"data":{"ide_activity_id":4,"plugin":"org.jetbrains.android","stage_class":"com.android.tools.idea.res.ResourceFolderRegistry$PopulateCachesTask","created":1575972870832,"plugin_type":"JB_BUNDLED"},"id":"stage"}}
{"recorder_version":"31","session":"2c4f20009de9","build":"193.5233.102","bucket":"148","time":1575972870833,"group":{"id":"performance","version":"31"},"event":{"count":1,"data":{"duration_ms":153,"created":1575972870833},"id":"ui.lagging"}}
{"recorder_version":"31","session":"2c4f20009de9","build":"193.5233.102","bucket":"148","time":1575972870962,"group":{"id":"indexing","version":"2"},"event":{"count":1,"data":{"duration_ms":352,"ide_activity_id":4,"created":1575972870963},"id":"finished"}}
{"recorder_version":"31","session":"2c4f20009de9","build":"193.5233.102","bucket":"148","time":1575972871583,"group":{"id":"project.import","version":"2"},"event":{"count":1,"data":{"ide_activity_id":5,"plugin":"org.jetbrains.idea.maven","system_id":"undefined.system","created":1575972871583,"task_class":"org.jetbrains.idea.maven.project.MavenProjectsProcessor$MavenProjectsProcessorWaitForCompletionTask","plugin_type":"JB_BUNDLED","project":"1b07182a6fbc47b5244aa599d3d97bfe93a413b2cc48aa24d012a3e8a4aea27e"},"id":"started"}}
{"recorder_version":"31","session":"2c4f20009de9","build":"193.5233.102","bucket":"148","time":1575972871583,"group":{"id":"project.import","version":"2"},"event":{"count":1,"data":{"duration_ms":0,"ide_activity_id":5,"created":1575972871583},"id":"finished"}}
{"recorder_version":"31","session":"2c4f20009de9","build":"193.5233.102","bucket":"148","time":1575972871584,"group":{"id":"project.import","version":"2"},"event":{"count":1,"data":{"ide_activity_id":6,"plugin":"org.jetbrains.idea.maven","system_id":"undefined.system","created":1575972871584,"task_class":"org.jetbrains.idea.maven.project.MavenProjectsProcessor$MavenProjectsProcessorWaitForCompletionTask","plugin_type":"JB_BUNDLED","project":"1b07182a6fbc47b5244aa599d3d97bfe93a413b2cc48aa24d012a3e8a4aea27e"},"id":"started"}}
{"recorder_version":"31","session":"2c4f20009de9","build":"193.5233.102","bucket":"148","time":1575972871584,"group":{"id":"project.import","version":"2"},"event":{"count":1,"data":{"duration_ms":0,"ide_activity_id":6,"created":1575972871585},"id":"finished"}}
{"recorder_version":"31","session":"2c4f20009de9","build":"193.5233.102","bucket":"148","time":1575972871585,"group":{"id":"project.import","version":"2"},"event":{"count":1,"data":{"ide_activity_id":7,"plugin":"org.jetbrains.idea.maven","system_id":"undefined.system","created":1575972871585,"task_class":"org.jetbrains.idea.maven.project.MavenProjectsProcessor$MavenProjectsProcessorWaitForCompletionTask","plugin_type":"JB_BUNDLED","project":"1b07182a6fbc47b5244aa599d3d97bfe93a413b2cc48aa24d012a3e8a4aea27e"},"id":"started"}}
{"recorder_version":"31","session":"2c4f20009de9","build":"193.5233.102","bucket":"148","time":1575972871585,"group":{"id":"project.import","version":"2"},"event":{"count":1,"data":{"duration_ms":0,"ide_activity_id":7,"created":1575972871585},"id":"finished"}}
{"recorder_version":"31","session":"2c4f20009de9","build":"193.5233.102","bucket":"148","time":1575972871586,"group":{"id":"project.import","version":"2"},"event":{"count":1,"data":{"ide_activity_id":8,"plugin":"org.jetbrains.idea.maven","system_id":"undefined.system","created":1575972871586,"task_class":"org.jetbrains.idea.maven.project.MavenProjectsProcessor$MavenProjectsProcessorWaitForCompletionTask","plugin_type":"JB_BUNDLED","project":"1b07182a6fbc47b5244aa599d3d97bfe93a413b2cc48aa24d012a3e8a4aea27e"},"id":"started"}}
{"recorder_version":"31","session":"2c4f20009de9","build":"193.5233.102","bucket":"148","time":1575972871586,"group":{"id":"project.import","version":"2"},"event":{"count":1,"data":{"duration_ms":0,"ide_activity_id":8,"created":1575972871587},"id":"finished"}}
{"recorder_version":"31","session":"2c4f20009de9","build":"193.5233.102","bucket":"148","time":1575972871588,"group":{"id":"project.import","version":"2"},"event":{"count":1,"data":{"ide_activity_id":9,"plugin":"org.jetbrains.idea.maven","system_id":"undefined.system","created":1575972871588,"task_class":"org.jetbrains.idea.maven.project.MavenProjectsProcessor$MavenProjectsProcessorWaitForCompletionTask","plugin_type":"JB_BUNDLED","project":"1b07182a6fbc47b5244aa599d3d97bfe93a413b2cc48aa24d012a3e8a4aea27e"},"id":"started"}}
{"recorder_version":"31","session":"2c4f20009de9","build":"193.5233.102","bucket":"148","time":1575972871588,"group":{"id":"project.import","version":"2"},"event":{"count":1,"data":{"duration_ms":0,"ide_activity_id":9,"created":1575972871588},"id":"finished"}}
{"recorder_version":"31","session":"2c4f20009de9","build":"193.5233.102","bucket":"148","time":1575972871590,"group":{"id":"project.import","version":"2"},"event":{"count":1,"data":{"ide_activity_id":10,"plugin":"org.jetbrains.idea.maven","system_id":"undefined.system","created":1575972871590,"task_class":"org.jetbrains.idea.maven.project.MavenProjectsProcessor$MavenProjectsProcessorWaitForCompletionTask","plugin_type":"JB_BUNDLED","project":"1b07182a6fbc47b5244aa599d3d97bfe93a413b2cc48aa24d012a3e8a4aea27e"},"id":"started"}}
{"recorder_version":"31","session":"2c4f20009de9","build":"193.5233.102","bucket":"148","time":1575972871590,"group":{"id":"project.import","version":"2"},"event":{"count":1,"data":{"duration_ms":0,"ide_activity_id":10,"created":1575972871597},"id":"finished"}}
{"recorder_version":"31","session":"2c4f20009de9","build":"193.5233.102","bucket":"148","time":1575972882712,"group":{"id":"startup","version":"1"},"event":{"count":1,"data":{"duration":12824,"created":1575972882712},"id":"appInit"}}
{"recorder_version":"31","session":"2c4f20009de9","build":"193.5233.102","bucket":"148","time":1575972882712,"group":{"id":"startup","version":"1"},"event":{"count":1,"data":{"duration":369,"created":1575972882713},"id":"splash"}}
{"recorder_version":"31","session":"2c4f20009de9","build":"193.5233.102","bucket":"148","time":1575972882712,"group":{"id":"startup","version":"1"},"event":{"count":1,"data":{"duration":696,"created":1575972882713},"id":"bootstrap"}}
{"recorder_version":"31","session":"2c4f20009de9","build":"193.5233.102","bucket":"148","time":1575972882712,"group":{"id":"startup","version":"1"},"event":{"count":1,"data":{"duration":50835,"created":1575972882713},"id":"totalDuration"}}
{"recorder_version":"31","session":"2c4f20009de9","build":"193.5233.102","bucket":"148","time":1575972883539,"group":{"id":"ui.dialogs","version":"31"},"event":{"count":1,"data":{"code":1,"created":1575972883539,"plugin_type":"PLATFORM","dialog_class":"com.intellij.ide.util.TipDialog"},"id":"close"}}
{"recorder_version":"31","session":"2c4f20009de9","build":"193.5233.102","bucket":"148","time":1575972891010,"group":{"id":"toolwindow","version":"31"},"event":{"count":1,"data":{"created":1575972891010,"plugin_type":"UNKNOWN","id":"unknown"},"id":"activated"}}
{"recorder_version":"31","session":"2c4f20009de9","build":"193.5233.102","bucket":"148","time":1575972893116,"group":{"id":"actions","version":"31"},"event":{"count":1,"data":{"context_menu":false,"current_file":"JAVA","action_id":"ShowSettings","created":1575972893116,"plugin_type":"PLATFORM","project":"1b07182a6fbc47b5244aa599d3d97bfe93a413b2cc48aa24d012a3e8a4aea27e","place":"keyboard_shortcut","class":"com.intellij.ide.actions.ShowSettingsAction","input_event":"Ctrl+Alt+S"},"id":"action.invoked"}}
{"recorder_version":"31","session":"2c4f20009de9","build":"193.5233.102","bucket":"148","time":1575972895617,"group":{"id":"ui.dialogs","version":"31"},"event":{"count":1,"data":{"created":1575972895617,"plugin_type":"PLATFORM","dialog_class":"com.intellij.openapi.options.newEditor.SettingsDialog"},"id":"show"}}
{"recorder_version":"31","session":"2c4f20009de9","build":"193.5233.102","bucket":"148","time":1575972895701,"group":{"id":"performance","version":"31"},"event":{"count":1,"data":{"duration_ms":1995,"created":1575972895701},"id":"ui.lagging"}}
{"recorder_version":"31","session":"2c4f20009de9","build":"193.5233.102","bucket":"148","time":1575972895701,"group":{"id":"performance","version":"31"},"event":{"count":1,"data":{"duration_ms":994,"created":1575972895701},"id":"ui.lagging"}}
{"recorder_version":"31","session":"2c4f20009de9","build":"193.5233.102","bucket":"148","time":1575972896203,"group":{"id":"ui.settings","version":"31"},"event":{"count":1,"data":{"created":1575972896204,"plugin_type":"PLATFORM","configurable":"com.intellij.ide.plugins.PluginManagerConfigurable"},"id":"select"}}
{"recorder_version":"31","session":"2c4f20009de9","build":"193.5233.102","bucket":"148","time":1575972917329,"group":{"id":"actions","version":"31"},"event":{"count":1,"data":{"context_menu":false,"action_id":"com.intellij.ide.plugins.newui.PluginsTab$3$1","created":1575972917329,"plugin_type":"PLATFORM","project":"1b07182a6fbc47b5244aa599d3d97bfe93a413b2cc48aa24d012a3e8a4aea27e","place":"keyboard_shortcut","class":"com.intellij.ide.plugins.newui.PluginsTab$3$1","input_event":"Escape"},"id":"action.invoked"}}
{"recorder_version":"31","session":"2c4f20009de9","build":"193.5233.102","bucket":"148","time":1575972920116,"group":{"id":"ui.dialogs","version":"31"},"event":{"count":1,"data":{"code":1,"created":1575972920117,"plugin_type":"PLATFORM","dialog_class":"com.intellij.openapi.options.newEditor.SettingsDialog"},"id":"close"}}
{"recorder_version":"31","session":"2c4f20009de9","build":"193.5233.102","bucket":"148","time":1575972920933,"group":{"id":"actions","version":"31"},"event":{"count":1,"data":{"context_menu":false,"current_file":"JAVA","action_id":"ShowSettings","created":1575972920933,"plugin_type":"PLATFORM","project":"1b07182a6fbc47b5244aa599d3d97bfe93a413b2cc48aa24d012a3e8a4aea27e","place":"keyboard_shortcut","class":"com.intellij.ide.actions.ShowSettingsAction","input_event":"Ctrl+Alt+S"},"id":"action.invoked"}}
{"recorder_version":"31","session":"2c4f20009de9","build":"193.5233.102","bucket":"148","time":1575972921049,"group":{"id":"ui.dialogs","version":"31"},"event":{"count":1,"data":{"created":1575972921050,"plugin_type":"PLATFORM","dialog_class":"com.intellij.openapi.options.newEditor.SettingsDialog"},"id":"show"}}
{"recorder_version":"31","session":"2c4f20009de9","build":"193.5233.102","bucket":"148","time":1575972921286,"group":{"id":"ui.settings","version":"31"},"event":{"count":1,"data":{"created":1575972921288,"plugin_type":"PLATFORM","configurable":"com.intellij.ide.plugins.PluginManagerConfigurable"},"id":"select"}}
{"recorder_version":"31","session":"2c4f20009de9","build":"193.5233.102","bucket":"148","time":1575972922298,"group":{"id":"lifecycle","version":"31"},"event":{"count":1,"data":{"created":1575972922299,"project":"1b07182a6fbc47b5244aa599d3d97bfe93a413b2cc48aa24d012a3e8a4aea27e"},"id":"frame.deactivated"}}
{"recorder_version":"31","session":"2c4f20009de9","build":"193.5233.102","bucket":"148","time":1575972923737,"group":{"id":"performance","version":"31"},"event":{"count":1,"data":{"duration_ms":0,"created":1575972923737},"id":"ui.latency"}}
{"recorder_version":"31","session":"2c4f20009de9","build":"193.5233.102","bucket":"148","time":1575972937595,"group":{"id":"lifecycle","version":"31"},"event":{"count":1,"data":{"created":1575972937595,"project":"1b07182a6fbc47b5244aa599d3d97bfe93a413b2cc48aa24d012a3e8a4aea27e"},"id":"frame.activated"}}
{"recorder_version":"31","session":"2c4f20009de9","build":"193.5233.102","bucket":"148","time":1575972947223,"group":{"id":"lifecycle","version":"31"},"event":{"count":1,"data":{"created":1575972947223,"project":"1b07182a6fbc47b5244aa599d3d97bfe93a413b2cc48aa24d012a3e8a4aea27e"},"id":"frame.deactivated"}}
{"recorder_version":"31","session":"2c4f20009de9","build":"193.5233.102","bucket":"148","time":1575972965559,"group":{"id":"lifecycle","version":"31"},"event":{"count":1,"data":{"created":1575972965560,"project":"1b07182a6fbc47b5244aa599d3d97bfe93a413b2cc48aa24d012a3e8a4aea27e"},"id":"frame.activated"}}
{"recorder_version":"31","session":"2c4f20009de9","build":"193.5233.102","bucket":"148","time":1575972972386,"group":{"id":"lifecycle","version":"31"},"event":{"count":1,"data":{"created":1575972972386,"project":"1b07182a6fbc47b5244aa599d3d97bfe93a413b2cc48aa24d012a3e8a4aea27e"},"id":"frame.deactivated"}}
{"recorder_version":"31","session":"2c4f20009de9","build":"193.5233.102","bucket":"148","time":1575973005385,"group":{"id":"event.log","version":"31"},"event":{"count":1,"data":{"created":1575973005385,"version":"988.0"},"id":"whitelist.updated"}}
{"recorder_version":"31","session":"2c4f20009de9","build":"193.5233.102","bucket":"148","time":1575973008828,"group":{"id":"lifecycle","version":"31"},"event":{"count":1,"data":{"created":1575973008828,"project":"1b07182a6fbc47b5244aa599d3d97bfe93a413b2cc48aa24d012a3e8a4aea27e"},"id":"frame.activated"}}
{"recorder_version":"31","session":"2c4f20009de9","build":"193.5233.102","bucket":"148","time":1575973011450,"group":{"id":"ui.dialogs","version":"31"},"event":{"count":1,"data":{"code":1,"created":1575973011450,"plugin_type":"PLATFORM","dialog_class":"com.intellij.openapi.options.newEditor.SettingsDialog"},"id":"close"}}
{"recorder_version":"31","session":"2c4f20009de9","build":"193.5233.102","bucket":"148","time":1575973012834,"group":{"id":"actions","version":"31"},"event":{"count":1,"data":{"context_menu":false,"current_file":"JAVA","action_id":"ShowSettings","created":1575973012834,"plugin_type":"PLATFORM","project":"1b07182a6fbc47b5244aa599d3d97bfe93a413b2cc48aa24d012a3e8a4aea27e","place":"keyboard_shortcut","class":"com.intellij.ide.actions.ShowSettingsAction","input_event":"Ctrl+Alt+S"},"id":"action.invoked"}}
{"recorder_version":"31","session":"2c4f20009de9","build":"193.5233.102","bucket":"148","time":1575973012927,"group":{"id":"ui.dialogs","version":"31"},"event":{"count":1,"data":{"created":1575973012927,"plugin_type":"PLATFORM","dialog_class":"com.intellij.openapi.options.newEditor.SettingsDialog"},"id":"show"}}
{"recorder_version":"31","session":"2c4f20009de9","build":"193.5233.102","bucket":"148","time":1575973013177,"group":{"id":"ui.settings","version":"31"},"event":{"count":1,"data":{"created":1575973013177,"plugin_type":"PLATFORM","configurable":"com.intellij.ide.plugins.PluginManagerConfigurable"},"id":"select"}}
{"recorder_version":"31","session":"2c4f20009de9","build":"193.5233.102","bucket":"148","time":1575973024404,"group":{"id":"performance","version":"31"},"event":{"count":1,"data":{"duration_ms":0,"created":1575973024404},"id":"ui.latency"}}
{"recorder_version":"31","session":"2c4f20009de9","build":"193.5233.102","bucket":"148","time":1575973028311,"group":{"id":"lifecycle","version":"31"},"event":{"count":1,"data":{"created":1575973028311,"project":"1b07182a6fbc47b5244aa599d3d97bfe93a413b2cc48aa24d012a3e8a4aea27e"},"id":"frame.deactivated"}}
{"recorder_version":"31","session":"2c4f20009de9","build":"193.5233.102","bucket":"148","time":1575973059060,"group":{"id":"lifecycle","version":"31"},"event":{"count":1,"data":{"created":1575973059060,"project":"1b07182a6fbc47b5244aa599d3d97bfe93a413b2cc48aa24d012a3e8a4aea27e"},"id":"frame.activated"}}
{"recorder_version":"31","session":"2c4f20009de9","build":"193.5233.102","bucket":"148","time":1575973087233,"group":{"id":"ui.settings","version":"31"},"event":{"count":1,"data":{"created":1575973087234,"plugin_type":"PLATFORM","configurable":"com.intellij.ide.plugins.PluginManagerConfigurable"},"id":"apply"}}
{"recorder_version":"31","session":"2c4f20009de9","build":"193.5233.102","bucket":"148","time":1575973087235,"group":{"id":"ui.dialogs","version":"31"},"event":{"count":1,"data":{"code":0,"created":1575973087235,"plugin_type":"PLATFORM","dialog_class":"com.intellij.openapi.options.newEditor.SettingsDialog"},"id":"close"}}
{"recorder_version":"31","session":"2c4f20009de9","build":"193.5233.102","bucket":"148","time":1575973088789,"group":{"id":"ui.dialogs","version":"31"},"event":{"count":1,"data":{"created":1575973088789,"plugin_type":"PLATFORM","dialog_class":"com.intellij.openapi.ui.messages.MessageDialog"},"id":"show"}}
{"recorder_version":"31","session":"2c4f20009de9","build":"193.5233.102","bucket":"148","time":1575973089773,"group":{"id":"lifecycle","version":"31"},"event":{"count":1,"data":{"restart":false,"created":1575973089773},"id":"ide.close"}}
{"recorder_version":"31","session":"2c4f20009de9","build":"193.5233.102","bucket":"148","time":1575973090025,"group":{"id":"lifecycle","version":"31"},"event":{"count":1,"data":{"created":1575973090025,"project":"1b07182a6fbc47b5244aa599d3d97bfe93a413b2cc48aa24d012a3e8a4aea27e"},"id":"project.closed"}}
