{"recorder_version":"31","session":"23fe8326d25b","build":"193.5233.102","bucket":"148","time":1575946920909,"group":{"id":"settings","version":"4"},"event":{"state":true,"data":{"component":"NotRoamableUiSettings","created":1575946921431},"id":"invoked"}}
{"recorder_version":"31","session":"23fe8326d25b","build":"193.5233.102","bucket":"148","time":1575946920917,"group":{"id":"settings","version":"4"},"event":{"state":true,"data":{"component":"UISettings","created":1575946921433},"id":"invoked"}}
{"recorder_version":"31","session":"23fe8326d25b","build":"193.5233.102","bucket":"148","time":1575946920928,"group":{"id":"settings","version":"4"},"event":{"state":true,"data":{"component":"UpdatesConfigurable","created":1575946921475,"name":"checkNeeded","type":"bool","value":false},"id":"not.default"}}
{"recorder_version":"31","session":"23fe8326d25b","build":"193.5233.102","bucket":"148","time":1575946920928,"group":{"id":"settings","version":"4"},"event":{"state":true,"data":{"component":"UpdatesConfigurable","created":1575946921475},"id":"invoked"}}
{"recorder_version":"31","session":"23fe8326d25b","build":"193.5233.102","bucket":"148","time":1575946921031,"group":{"id":"system.java","version":"1"},"event":{"state":true,"data":{"created":1575946921478,"version":"1.8"},"id":"Oracle"}}
{"recorder_version":"31","session":"23fe8326d25b","build":"193.5233.102","bucket":"148","time":1575946921031,"group":{"id":"system.java","version":"1"},"event":{"state":true,"data":{"created":1575946921479},"id":"invoked"}}
{"recorder_version":"31","session":"23fe8326d25b","build":"193.5233.102","bucket":"148","time":1575946921034,"group":{"id":"system.os","version":"3"},"event":{"state":true,"data":{"created":1575946921479,"version":"10.0"},"id":"Windows"}}
{"recorder_version":"31","session":"23fe8326d25b","build":"193.5233.102","bucket":"148","time":1575946921034,"group":{"id":"system.os","version":"3"},"event":{"state":true,"data":{"created":1575946921479,"name":"Windows","version":"10.0"},"id":"os.name"}}
{"recorder_version":"31","session":"23fe8326d25b","build":"193.5233.102","bucket":"148","time":1575946921034,"group":{"id":"system.os","version":"3"},"event":{"state":true,"data":{"created":1575946921479,"value":"+08_00"},"id":"os.timezone"}}
{"recorder_version":"31","session":"23fe8326d25b","build":"193.5233.102","bucket":"148","time":1575946921034,"group":{"id":"system.os","version":"3"},"event":{"state":true,"data":{"created":1575946921487},"id":"invoked"}}
{"recorder_version":"31","session":"23fe8326d25b","build":"193.5233.102","bucket":"148","time":1575946921154,"group":{"id":"settings","version":"4"},"event":{"state":true,"data":{"component":"GeneralSettings","created":1575946921487},"id":"invoked"}}
{"recorder_version":"31","session":"23fe8326d25b","build":"193.5233.102","bucket":"148","time":1575946921246,"group":{"id":"lifecycle","version":"31"},"event":{"count":1,"data":{"internal":true,"eap":false,"created":1575946921500},"id":"ide.start"}}
{"recorder_version":"31","session":"23fe8326d25b","build":"193.5233.102","bucket":"148","time":1575946921344,"group":{"id":"event.log","version":"31"},"event":{"count":1,"data":{"created":1575946921500,"version":"986.0"},"id":"whitelist.loaded"}}
{"recorder_version":"31","session":"23fe8326d25b","build":"193.5233.102","bucket":"148","time":1575946921616,"group":{"id":"settings","version":"4"},"event":{"state":true,"data":{"component":"XmlEditorOptions","created":1575946921623},"id":"invoked"}}
{"recorder_version":"31","session":"23fe8326d25b","build":"193.5233.102","bucket":"148","time":1575946922033,"group":{"id":"performance","version":"31"},"event":{"count":1,"data":{"duration_ms":670,"created":1575946922033},"id":"ui.latency"}}
{"recorder_version":"31","session":"23fe8326d25b","build":"193.5233.102","bucket":"148","time":1575946922033,"group":{"id":"performance","version":"31"},"event":{"count":1,"data":{"duration_ms":670,"created":1575946922033},"id":"ui.lagging"}}
{"recorder_version":"31","session":"23fe8326d25b","build":"193.5233.102","bucket":"148","time":1575946922038,"group":{"id":"settings","version":"4"},"event":{"state":true,"data":{"component":"VcsApplicationSettings","created":1575946922038},"id":"invoked"}}
{"recorder_version":"31","session":"23fe8326d25b","build":"193.5233.102","bucket":"148","time":1575946922038,"group":{"id":"lifecycle","version":"31"},"event":{"count":1,"data":{"created":1575946922040},"id":"frame.activated"}}
{"recorder_version":"31","session":"23fe8326d25b","build":"193.5233.102","bucket":"148","time":1575946922068,"group":{"id":"ui.dialogs","version":"31"},"event":{"count":1,"data":{"created":1575946922070,"plugin_type":"PLATFORM","dialog_class":"com.intellij.openapi.progress.util.ProgressDialog$MyDialogWrapper"},"id":"show"}}
{"recorder_version":"31","session":"23fe8326d25b","build":"193.5233.102","bucket":"148","time":1575946923918,"group":{"id":"lifecycle","version":"31"},"event":{"count":1,"data":{"created":1575946923918,"project":"1b07182a6fbc47b5244aa599d3d97bfe93a413b2cc48aa24d012a3e8a4aea27e"},"id":"project.opened"}}
{"recorder_version":"31","session":"23fe8326d25b","build":"193.5233.102","bucket":"148","time":1575946924489,"group":{"id":"performance","version":"31"},"event":{"count":1,"data":{"duration_ms":118,"created":1575946924492},"id":"ui.lagging"}}
{"recorder_version":"31","session":"23fe8326d25b","build":"193.5233.102","bucket":"148","time":1575946924766,"group":{"id":"indexing","version":"2"},"event":{"count":1,"data":{"ide_activity_id":1,"created":1575946924768,"project":"1b07182a6fbc47b5244aa599d3d97bfe93a413b2cc48aa24d012a3e8a4aea27e"},"id":"started"}}
{"recorder_version":"31","session":"23fe8326d25b","build":"193.5233.102","bucket":"148","time":1575946924828,"group":{"id":"indexing","version":"2"},"event":{"count":1,"data":{"ide_activity_id":1,"stage_class":"com.intellij.util.indexing.UnindexedFilesUpdater","created":1575946924830,"plugin_type":"PLATFORM"},"id":"stage"}}
{"recorder_version":"31","session":"23fe8326d25b","build":"193.5233.102","bucket":"148","time":1575946926149,"group":{"id":"performance","version":"31"},"event":{"count":1,"data":{"duration_ms":763,"created":1575946926170},"id":"ui.lagging"}}
{"recorder_version":"31","session":"23fe8326d25b","build":"193.5233.102","bucket":"148","time":1575946926179,"group":{"id":"lifecycle","version":"31"},"event":{"count":1,"data":{"created":1575946926186,"project":"1b07182a6fbc47b5244aa599d3d97bfe93a413b2cc48aa24d012a3e8a4aea27e"},"id":"frame.deactivated"}}
{"recorder_version":"31","session":"23fe8326d25b","build":"193.5233.102","bucket":"148","time":1575946926297,"group":{"id":"toolwindow","version":"31"},"event":{"count":1,"data":{"created":1575946926333,"plugin_type":"PLATFORM","id":"Project"},"id":"activated"}}
{"recorder_version":"31","session":"23fe8326d25b","build":"193.5233.102","bucket":"148","time":1575946927570,"group":{"id":"performance","version":"31"},"event":{"count":1,"data":{"duration_ms":1182,"created":1575946927588},"id":"ui.lagging"}}
{"recorder_version":"31","session":"23fe8326d25b","build":"193.5233.102","bucket":"148","time":1575946927570,"group":{"id":"performance","version":"31"},"event":{"count":1,"data":{"duration_ms":170,"created":1575946927588},"id":"ui.lagging"}}
{"recorder_version":"31","session":"23fe8326d25b","build":"193.5233.102","bucket":"148","time":1575946927676,"group":{"id":"ui.tips","version":"2"},"event":{"count":1,"data":{"created":1575946927678,"type":"automatically"},"id":"dialog.shown"}}
{"recorder_version":"31","session":"23fe8326d25b","build":"193.5233.102","bucket":"148","time":1575946927757,"group":{"id":"ui.dialogs","version":"31"},"event":{"count":1,"data":{"created":1575946927761,"plugin_type":"PLATFORM","dialog_class":"com.intellij.ide.util.TipDialog"},"id":"show"}}
{"recorder_version":"31","session":"23fe8326d25b","build":"193.5233.102","bucket":"148","time":1575946927943,"group":{"id":"lifecycle","version":"31"},"event":{"count":1,"data":{"created":1575946927943,"project":"1b07182a6fbc47b5244aa599d3d97bfe93a413b2cc48aa24d012a3e8a4aea27e"},"id":"frame.activated"}}
{"recorder_version":"31","session":"23fe8326d25b","build":"193.5233.102","bucket":"148","time":1575946928488,"group":{"id":"project.fs","version":"1"},"event":{"state":true,"data":{"os":"Windows","cs-project":false,"created":1575946928491,"project":"1b07182a6fbc47b5244aa599d3d97bfe93a413b2cc48aa24d012a3e8a4aea27e","cs-implicit":true,"cs-system":false},"id":"case-sensitivity"}}
{"recorder_version":"31","session":"23fe8326d25b","build":"193.5233.102","bucket":"148","time":1575946928488,"group":{"id":"project.fs","version":"1"},"event":{"state":true,"data":{"created":1575946928492},"id":"invoked"}}
{"recorder_version":"31","session":"23fe8326d25b","build":"193.5233.102","bucket":"148","time":1575946928491,"group":{"id":"project.fs","version":"1"},"event":{"state":true,"data":{"pct-non-watched":0,"created":1575946928492,"project":"1b07182a6fbc47b5244aa599d3d97bfe93a413b2cc48aa24d012a3e8a4aea27e"},"id":"roots-watched"}}
{"recorder_version":"31","session":"23fe8326d25b","build":"193.5233.102","bucket":"148","time":1575946928491,"group":{"id":"project.fs","version":"1"},"event":{"state":true,"data":{"created":1575946928493},"id":"invoked"}}
{"recorder_version":"31","session":"23fe8326d25b","build":"193.5233.102","bucket":"148","time":1575946928641,"group":{"id":"project.import","version":"2"},"event":{"count":1,"data":{"ide_activity_id":2,"plugin":"org.jetbrains.idea.maven","system_id":"undefined.system","created":1575946928647,"task_class":"org.jetbrains.idea.maven.project.MavenProjectsProcessorReadingTask","plugin_type":"JB_BUNDLED","project":"1b07182a6fbc47b5244aa599d3d97bfe93a413b2cc48aa24d012a3e8a4aea27e"},"id":"started"}}
{"recorder_version":"31","session":"23fe8326d25b","build":"193.5233.102","bucket":"148","time":1575946928647,"group":{"id":"ui.dialogs","version":"31"},"event":{"count":1,"data":{"code":1,"created":1575946928648,"plugin_type":"PLATFORM","dialog_class":"com.intellij.openapi.progress.util.ProgressDialog$MyDialogWrapper"},"id":"close"}}
{"recorder_version":"31","session":"23fe8326d25b","build":"193.5233.102","bucket":"148","time":1575946928873,"group":{"id":"lifecycle","version":"31"},"event":{"count":1,"data":{"duration_ms":7506,"created":1575946928955,"project":"1b07182a6fbc47b5244aa599d3d97bfe93a413b2cc48aa24d012a3e8a4aea27e"},"id":"project.opening.finished"}}
{"recorder_version":"31","session":"23fe8326d25b","build":"193.5233.102","bucket":"148","time":1575946929159,"group":{"id":"project.import","version":"2"},"event":{"count":1,"data":{"duration_ms":518,"ide_activity_id":2,"created":1575946929161},"id":"finished"}}
{"recorder_version":"31","session":"23fe8326d25b","build":"193.5233.102","bucket":"148","time":1575946929853,"group":{"id":"indexing","version":"2"},"event":{"count":1,"data":{"duration_ms":5087,"ide_activity_id":1,"created":1575946929855},"id":"finished"}}
{"recorder_version":"31","session":"23fe8326d25b","build":"193.5233.102","bucket":"148","time":1575946930144,"group":{"id":"indexing","version":"2"},"event":{"count":1,"data":{"ide_activity_id":3,"created":1575946930144,"project":"1b07182a6fbc47b5244aa599d3d97bfe93a413b2cc48aa24d012a3e8a4aea27e"},"id":"started"}}
{"recorder_version":"31","session":"23fe8326d25b","build":"193.5233.102","bucket":"148","time":1575946930312,"group":{"id":"indexing","version":"2"},"event":{"count":1,"data":{"ide_activity_id":3,"plugin":"org.jetbrains.android","stage_class":"com.android.tools.idea.res.ResourceFolderRepositoryFileCacheImpl$PruneTask","created":1575946930312,"plugin_type":"JB_BUNDLED"},"id":"stage"}}
{"recorder_version":"31","session":"23fe8326d25b","build":"193.5233.102","bucket":"148","time":1575946930566,"group":{"id":"performance","version":"31"},"event":{"count":1,"data":{"duration_ms":125,"created":1575946930584},"id":"ui.lagging"}}
{"recorder_version":"31","session":"23fe8326d25b","build":"193.5233.102","bucket":"148","time":1575946930583,"group":{"id":"indexing","version":"2"},"event":{"count":1,"data":{"ide_activity_id":3,"plugin":"org.jetbrains.android","stage_class":"com.android.tools.idea.res.ResourceFolderRepositoryFileCacheImpl$ManageLruProjectFilesTask","created":1575946930584,"plugin_type":"JB_BUNDLED"},"id":"stage"}}
{"recorder_version":"31","session":"23fe8326d25b","build":"193.5233.102","bucket":"148","time":1575946930653,"group":{"id":"indexing","version":"2"},"event":{"count":1,"data":{"duration_ms":509,"ide_activity_id":3,"created":1575946930655},"id":"finished"}}
{"recorder_version":"31","session":"23fe8326d25b","build":"193.5233.102","bucket":"148","time":1575946930720,"group":{"id":"indexing","version":"2"},"event":{"count":1,"data":{"ide_activity_id":4,"created":1575946930720,"project":"1b07182a6fbc47b5244aa599d3d97bfe93a413b2cc48aa24d012a3e8a4aea27e"},"id":"started"}}
{"recorder_version":"31","session":"23fe8326d25b","build":"193.5233.102","bucket":"148","time":1575946930767,"group":{"id":"indexing","version":"2"},"event":{"count":1,"data":{"ide_activity_id":4,"plugin":"org.jetbrains.android","stage_class":"com.android.tools.idea.res.ResourceFolderRegistry$PopulateCachesTask","created":1575946930773,"plugin_type":"JB_BUNDLED"},"id":"stage"}}
{"recorder_version":"31","session":"23fe8326d25b","build":"193.5233.102","bucket":"148","time":1575946930809,"group":{"id":"indexing","version":"2"},"event":{"count":1,"data":{"duration_ms":89,"ide_activity_id":4,"created":1575946930809},"id":"finished"}}
{"recorder_version":"31","session":"23fe8326d25b","build":"193.5233.102","bucket":"148","time":1575946930968,"group":{"id":"project.import","version":"2"},"event":{"count":1,"data":{"ide_activity_id":5,"plugin":"org.jetbrains.idea.maven","system_id":"undefined.system","created":1575946930968,"task_class":"org.jetbrains.idea.maven.project.MavenProjectsProcessor$MavenProjectsProcessorWaitForCompletionTask","plugin_type":"JB_BUNDLED","project":"1b07182a6fbc47b5244aa599d3d97bfe93a413b2cc48aa24d012a3e8a4aea27e"},"id":"started"}}
{"recorder_version":"31","session":"23fe8326d25b","build":"193.5233.102","bucket":"148","time":1575946930968,"group":{"id":"project.import","version":"2"},"event":{"count":1,"data":{"duration_ms":0,"ide_activity_id":5,"created":1575946930968},"id":"finished"}}
{"recorder_version":"31","session":"23fe8326d25b","build":"193.5233.102","bucket":"148","time":1575946930984,"group":{"id":"project.import","version":"2"},"event":{"count":1,"data":{"ide_activity_id":6,"plugin":"org.jetbrains.idea.maven","system_id":"undefined.system","created":1575946930993,"task_class":"org.jetbrains.idea.maven.project.MavenProjectsProcessor$MavenProjectsProcessorWaitForCompletionTask","plugin_type":"JB_BUNDLED","project":"1b07182a6fbc47b5244aa599d3d97bfe93a413b2cc48aa24d012a3e8a4aea27e"},"id":"started"}}
{"recorder_version":"31","session":"23fe8326d25b","build":"193.5233.102","bucket":"148","time":1575946930984,"group":{"id":"project.import","version":"2"},"event":{"count":1,"data":{"duration_ms":0,"ide_activity_id":6,"created":1575946930993},"id":"finished"}}
{"recorder_version":"31","session":"23fe8326d25b","build":"193.5233.102","bucket":"148","time":1575946930997,"group":{"id":"project.import","version":"2"},"event":{"count":1,"data":{"ide_activity_id":7,"plugin":"org.jetbrains.idea.maven","system_id":"undefined.system","created":1575946930999,"task_class":"org.jetbrains.idea.maven.project.MavenProjectsProcessor$MavenProjectsProcessorWaitForCompletionTask","plugin_type":"JB_BUNDLED","project":"1b07182a6fbc47b5244aa599d3d97bfe93a413b2cc48aa24d012a3e8a4aea27e"},"id":"started"}}
{"recorder_version":"31","session":"23fe8326d25b","build":"193.5233.102","bucket":"148","time":1575946930998,"group":{"id":"project.import","version":"2"},"event":{"count":1,"data":{"duration_ms":1,"ide_activity_id":7,"created":1575946930999},"id":"finished"}}
{"recorder_version":"31","session":"23fe8326d25b","build":"193.5233.102","bucket":"148","time":1575946931010,"group":{"id":"project.import","version":"2"},"event":{"count":1,"data":{"ide_activity_id":8,"plugin":"org.jetbrains.idea.maven","system_id":"undefined.system","created":1575946931015,"task_class":"org.jetbrains.idea.maven.project.MavenProjectsProcessor$MavenProjectsProcessorWaitForCompletionTask","plugin_type":"JB_BUNDLED","project":"1b07182a6fbc47b5244aa599d3d97bfe93a413b2cc48aa24d012a3e8a4aea27e"},"id":"started"}}
{"recorder_version":"31","session":"23fe8326d25b","build":"193.5233.102","bucket":"148","time":1575946931010,"group":{"id":"project.import","version":"2"},"event":{"count":1,"data":{"duration_ms":0,"ide_activity_id":8,"created":1575946931016},"id":"finished"}}
{"recorder_version":"31","session":"23fe8326d25b","build":"193.5233.102","bucket":"148","time":1575946931022,"group":{"id":"project.import","version":"2"},"event":{"count":1,"data":{"ide_activity_id":9,"plugin":"org.jetbrains.idea.maven","system_id":"undefined.system","created":1575946931025,"task_class":"org.jetbrains.idea.maven.project.MavenProjectsProcessor$MavenProjectsProcessorWaitForCompletionTask","plugin_type":"JB_BUNDLED","project":"1b07182a6fbc47b5244aa599d3d97bfe93a413b2cc48aa24d012a3e8a4aea27e"},"id":"started"}}
{"recorder_version":"31","session":"23fe8326d25b","build":"193.5233.102","bucket":"148","time":1575946931022,"group":{"id":"project.import","version":"2"},"event":{"count":1,"data":{"duration_ms":0,"ide_activity_id":9,"created":1575946931025},"id":"finished"}}
{"recorder_version":"31","session":"23fe8326d25b","build":"193.5233.102","bucket":"148","time":1575946931048,"group":{"id":"project.import","version":"2"},"event":{"count":1,"data":{"ide_activity_id":10,"plugin":"org.jetbrains.idea.maven","system_id":"undefined.system","created":1575946931049,"task_class":"org.jetbrains.idea.maven.project.MavenProjectsProcessor$MavenProjectsProcessorWaitForCompletionTask","plugin_type":"JB_BUNDLED","project":"1b07182a6fbc47b5244aa599d3d97bfe93a413b2cc48aa24d012a3e8a4aea27e"},"id":"started"}}
{"recorder_version":"31","session":"23fe8326d25b","build":"193.5233.102","bucket":"148","time":1575946931048,"group":{"id":"project.import","version":"2"},"event":{"count":1,"data":{"duration_ms":0,"ide_activity_id":10,"created":1575946931052},"id":"finished"}}
{"recorder_version":"31","session":"23fe8326d25b","build":"193.5233.102","bucket":"148","time":1575946931958,"group":{"id":"ui.dialogs","version":"31"},"event":{"count":1,"data":{"code":1,"created":1575946931973,"plugin_type":"PLATFORM","dialog_class":"com.intellij.ide.util.TipDialog"},"id":"close"}}
{"recorder_version":"31","session":"23fe8326d25b","build":"193.5233.102","bucket":"148","time":1575946938082,"group":{"id":"startup","version":"1"},"event":{"count":1,"data":{"duration":2466,"created":1575946938082},"id":"appInit"}}
{"recorder_version":"31","session":"23fe8326d25b","build":"193.5233.102","bucket":"148","time":1575946938082,"group":{"id":"startup","version":"1"},"event":{"count":1,"data":{"duration":478,"created":1575946938084},"id":"splash"}}
{"recorder_version":"31","session":"23fe8326d25b","build":"193.5233.102","bucket":"148","time":1575946938082,"group":{"id":"startup","version":"1"},"event":{"count":1,"data":{"duration":336,"created":1575946938085},"id":"bootstrap"}}
{"recorder_version":"31","session":"23fe8326d25b","build":"193.5233.102","bucket":"148","time":1575946938082,"group":{"id":"startup","version":"1"},"event":{"count":1,"data":{"duration":12301,"created":1575946938085},"id":"totalDuration"}}
{"recorder_version":"31","session":"23fe8326d25b","build":"193.5233.102","bucket":"148","time":1575946938820,"group":{"id":"lifecycle","version":"31"},"event":{"count":1,"data":{"created":1575946938824,"project":"1b07182a6fbc47b5244aa599d3d97bfe93a413b2cc48aa24d012a3e8a4aea27e"},"id":"frame.deactivated"}}
{"recorder_version":"31","session":"23fe8326d25b","build":"193.5233.102","bucket":"148","time":1575946939866,"group":{"id":"performance","version":"31"},"event":{"count":1,"data":{"duration_ms":151,"created":1575946939871},"id":"ui.lagging"}}
{"recorder_version":"31","session":"23fe8326d25b","build":"193.5233.102","bucket":"148","time":1575946961456,"group":{"id":"lifecycle","version":"31"},"event":{"count":1,"data":{"created":1575946961456,"project":"1b07182a6fbc47b5244aa599d3d97bfe93a413b2cc48aa24d012a3e8a4aea27e"},"id":"frame.activated"}}
{"recorder_version":"31","session":"23fe8326d25b","build":"193.5233.102","bucket":"148","time":1575946961573,"group":{"id":"ui.dialogs","version":"31"},"event":{"count":1,"data":{"created":1575946961574,"plugin_type":"PLATFORM","dialog_class":"com.intellij.openapi.ui.messages.MessageDialog"},"id":"show"}}
{"recorder_version":"31","session":"23fe8326d25b","build":"193.5233.102","bucket":"148","time":1575946962604,"group":{"id":"lifecycle","version":"31"},"event":{"count":1,"data":{"restart":false,"created":1575946962604},"id":"ide.close"}}
{"recorder_version":"31","session":"23fe8326d25b","build":"193.5233.102","bucket":"148","time":1575946962721,"group":{"id":"lifecycle","version":"31"},"event":{"count":1,"data":{"created":1575946962721,"project":"1b07182a6fbc47b5244aa599d3d97bfe93a413b2cc48aa24d012a3e8a4aea27e"},"id":"project.closed"}}
