{"recorder_version":"31","session":"c332d4dedf17","build":"193.5233.102","bucket":"148","time":1575946465270,"group":{"id":"settings","version":"4"},"event":{"state":true,"data":{"component":"NotRoamableUiSettings","created":1575946467272},"id":"invoked"}}
{"recorder_version":"31","session":"c332d4dedf17","build":"193.5233.102","bucket":"148","time":1575946465270,"group":{"id":"settings","version":"4"},"event":{"state":true,"data":{"component":"UISettings","created":1575946467315},"id":"invoked"}}
{"recorder_version":"31","session":"c332d4dedf17","build":"193.5233.102","bucket":"148","time":1575946465410,"group":{"id":"system.java","version":"1"},"event":{"state":true,"data":{"created":1575946467352,"version":"1.8"},"id":"Oracle"}}
{"recorder_version":"31","session":"c332d4dedf17","build":"193.5233.102","bucket":"148","time":1575946465410,"group":{"id":"system.java","version":"1"},"event":{"state":true,"data":{"created":1575946467352},"id":"invoked"}}
{"recorder_version":"31","session":"c332d4dedf17","build":"193.5233.102","bucket":"148","time":1575946466566,"group":{"id":"system.os","version":"3"},"event":{"state":true,"data":{"created":1575946467354,"version":"10.0"},"id":"Windows"}}
{"recorder_version":"31","session":"c332d4dedf17","build":"193.5233.102","bucket":"148","time":1575946466566,"group":{"id":"system.os","version":"3"},"event":{"state":true,"data":{"created":1575946467360,"name":"Windows","version":"10.0"},"id":"os.name"}}
{"recorder_version":"31","session":"c332d4dedf17","build":"193.5233.102","bucket":"148","time":1575946466566,"group":{"id":"system.os","version":"3"},"event":{"state":true,"data":{"created":1575946467361,"value":"+08_00"},"id":"os.timezone"}}
{"recorder_version":"31","session":"c332d4dedf17","build":"193.5233.102","bucket":"148","time":1575946466566,"group":{"id":"system.os","version":"3"},"event":{"state":true,"data":{"created":1575946467361},"id":"invoked"}}
{"recorder_version":"31","session":"c332d4dedf17","build":"193.5233.102","bucket":"148","time":1575946467267,"group":{"id":"event.log","version":"31"},"event":{"count":1,"data":{"created":1575946467361,"version":"986.0"},"id":"whitelist.loaded"}}
{"recorder_version":"31","session":"c332d4dedf17","build":"193.5233.102","bucket":"148","time":1575946467926,"group":{"id":"settings","version":"4"},"event":{"state":true,"data":{"component":"UpdatesConfigurable","created":1575946467927,"name":"checkNeeded","type":"bool","value":false},"id":"not.default"}}
{"recorder_version":"31","session":"c332d4dedf17","build":"193.5233.102","bucket":"148","time":1575946467926,"group":{"id":"settings","version":"4"},"event":{"state":true,"data":{"component":"UpdatesConfigurable","created":1575946467928},"id":"invoked"}}
{"recorder_version":"31","session":"c332d4dedf17","build":"193.5233.102","bucket":"148","time":1575946469196,"group":{"id":"performance","version":"31"},"event":{"count":1,"data":{"duration_ms":4360,"created":1575946469196},"id":"ui.latency"}}
{"recorder_version":"31","session":"c332d4dedf17","build":"193.5233.102","bucket":"148","time":1575946469196,"group":{"id":"performance","version":"31"},"event":{"count":1,"data":{"duration_ms":4360,"created":1575946469197},"id":"ui.lagging"}}
{"recorder_version":"31","session":"c332d4dedf17","build":"193.5233.102","bucket":"148","time":1575946469197,"group":{"id":"performance","version":"31"},"event":{"count":1,"data":{"duration_ms":3459,"created":1575946469197},"id":"ui.lagging"}}
{"recorder_version":"31","session":"c332d4dedf17","build":"193.5233.102","bucket":"148","time":1575946469197,"group":{"id":"performance","version":"31"},"event":{"count":1,"data":{"duration_ms":2445,"created":1575946469198},"id":"ui.lagging"}}
{"recorder_version":"31","session":"c332d4dedf17","build":"193.5233.102","bucket":"148","time":1575946469198,"group":{"id":"performance","version":"31"},"event":{"count":1,"data":{"duration_ms":1438,"created":1575946469198},"id":"ui.lagging"}}
{"recorder_version":"31","session":"c332d4dedf17","build":"193.5233.102","bucket":"148","time":1575946469198,"group":{"id":"performance","version":"31"},"event":{"count":1,"data":{"duration_ms":437,"created":1575946469198},"id":"ui.lagging"}}
{"recorder_version":"31","session":"c332d4dedf17","build":"193.5233.102","bucket":"148","time":1575946469288,"group":{"id":"settings","version":"4"},"event":{"state":true,"data":{"component":"GeneralSettings","created":1575946469288},"id":"invoked"}}
{"recorder_version":"31","session":"c332d4dedf17","build":"193.5233.102","bucket":"148","time":1575946469435,"group":{"id":"lifecycle","version":"31"},"event":{"count":1,"data":{"internal":true,"eap":false,"created":1575946469435},"id":"ide.start"}}
{"recorder_version":"31","session":"c332d4dedf17","build":"193.5233.102","bucket":"148","time":1575946470112,"group":{"id":"performance","version":"31"},"event":{"count":1,"data":{"duration_ms":349,"created":1575946470112},"id":"ui.lagging"}}
{"recorder_version":"31","session":"c332d4dedf17","build":"193.5233.102","bucket":"148","time":1575946470909,"group":{"id":"settings","version":"4"},"event":{"state":true,"data":{"component":"XmlEditorOptions","created":1575946470910},"id":"invoked"}}
{"recorder_version":"31","session":"c332d4dedf17","build":"193.5233.102","bucket":"148","time":1575946474747,"group":{"id":"performance","version":"31"},"event":{"count":1,"data":{"duration_ms":3981,"created":1575946474747},"id":"ui.lagging"}}
{"recorder_version":"31","session":"c332d4dedf17","build":"193.5233.102","bucket":"148","time":1575946474993,"group":{"id":"performance","version":"31"},"event":{"count":1,"data":{"duration_ms":3225,"created":1575946474993},"id":"ui.lagging"}}
{"recorder_version":"31","session":"c332d4dedf17","build":"193.5233.102","bucket":"148","time":1575946474993,"group":{"id":"performance","version":"31"},"event":{"count":1,"data":{"duration_ms":2162,"created":1575946474993},"id":"ui.lagging"}}
{"recorder_version":"31","session":"c332d4dedf17","build":"193.5233.102","bucket":"148","time":1575946474993,"group":{"id":"performance","version":"31"},"event":{"count":1,"data":{"duration_ms":1151,"created":1575946474993},"id":"ui.lagging"}}
{"recorder_version":"31","session":"c332d4dedf17","build":"193.5233.102","bucket":"148","time":1575946475055,"group":{"id":"settings","version":"4"},"event":{"state":true,"data":{"component":"VcsApplicationSettings","created":1575946475055},"id":"invoked"}}
{"recorder_version":"31","session":"c332d4dedf17","build":"193.5233.102","bucket":"148","time":1575946475055,"group":{"id":"lifecycle","version":"31"},"event":{"count":1,"data":{"created":1575946475055},"id":"frame.activated"}}
{"recorder_version":"31","session":"c332d4dedf17","build":"193.5233.102","bucket":"148","time":1575946475424,"group":{"id":"ui.dialogs","version":"31"},"event":{"count":1,"data":{"created":1575946475431,"plugin_type":"PLATFORM","dialog_class":"com.intellij.openapi.progress.util.ProgressDialog$MyDialogWrapper"},"id":"show"}}
{"recorder_version":"31","session":"c332d4dedf17","build":"193.5233.102","bucket":"148","time":1575946475764,"group":{"id":"performance","version":"31"},"event":{"count":1,"data":{"duration_ms":912,"created":1575946475764},"id":"ui.lagging"}}
{"recorder_version":"31","session":"c332d4dedf17","build":"193.5233.102","bucket":"148","time":1575946479511,"group":{"id":"lifecycle","version":"31"},"event":{"count":1,"data":{"created":1575946479511},"id":"frame.deactivated"}}
{"recorder_version":"31","session":"c332d4dedf17","build":"193.5233.102","bucket":"148","time":1575946486673,"group":{"id":"lifecycle","version":"31"},"event":{"count":1,"data":{"created":1575946486673,"project":"1b07182a6fbc47b5244aa599d3d97bfe93a413b2cc48aa24d012a3e8a4aea27e"},"id":"project.opened"}}
{"recorder_version":"31","session":"c332d4dedf17","build":"193.5233.102","bucket":"148","time":1575946489667,"group":{"id":"performance","version":"31"},"event":{"count":1,"data":{"duration_ms":4736,"created":1575946489668},"id":"ui.lagging"}}
{"recorder_version":"31","session":"c332d4dedf17","build":"193.5233.102","bucket":"148","time":1575946489667,"group":{"id":"performance","version":"31"},"event":{"count":1,"data":{"duration_ms":3734,"created":1575946489668},"id":"ui.lagging"}}
{"recorder_version":"31","session":"c332d4dedf17","build":"193.5233.102","bucket":"148","time":1575946489717,"group":{"id":"performance","version":"31"},"event":{"count":1,"data":{"duration_ms":2783,"created":1575946489737},"id":"ui.lagging"}}
{"recorder_version":"31","session":"c332d4dedf17","build":"193.5233.102","bucket":"148","time":1575946489730,"group":{"id":"performance","version":"31"},"event":{"count":1,"data":{"duration_ms":1796,"created":1575946489737},"id":"ui.lagging"}}
{"recorder_version":"31","session":"c332d4dedf17","build":"193.5233.102","bucket":"148","time":1575946489730,"group":{"id":"performance","version":"31"},"event":{"count":1,"data":{"duration_ms":796,"created":1575946489751},"id":"ui.lagging"}}
{"recorder_version":"31","session":"c332d4dedf17","build":"193.5233.102","bucket":"148","time":1575946490628,"group":{"id":"performance","version":"31"},"event":{"count":1,"data":{"duration_ms":693,"created":1575946490628},"id":"ui.lagging"}}
{"recorder_version":"31","session":"c332d4dedf17","build":"193.5233.102","bucket":"148","time":1575946490831,"group":{"id":"indexing","version":"2"},"event":{"count":1,"data":{"ide_activity_id":1,"created":1575946490831,"project":"1b07182a6fbc47b5244aa599d3d97bfe93a413b2cc48aa24d012a3e8a4aea27e"},"id":"started"}}
{"recorder_version":"31","session":"c332d4dedf17","build":"193.5233.102","bucket":"148","time":1575946490953,"group":{"id":"indexing","version":"2"},"event":{"count":1,"data":{"ide_activity_id":1,"stage_class":"com.intellij.util.indexing.UnindexedFilesUpdater","created":1575946490953,"plugin_type":"PLATFORM"},"id":"stage"}}
{"recorder_version":"31","session":"c332d4dedf17","build":"193.5233.102","bucket":"148","time":1575946495762,"group":{"id":"performance","version":"31"},"event":{"count":1,"data":{"duration_ms":2818,"created":1575946495763},"id":"ui.lagging"}}
{"recorder_version":"31","session":"c332d4dedf17","build":"193.5233.102","bucket":"148","time":1575946495931,"group":{"id":"performance","version":"31"},"event":{"count":1,"data":{"duration_ms":1981,"created":1575946495934},"id":"ui.lagging"}}
{"recorder_version":"31","session":"c332d4dedf17","build":"193.5233.102","bucket":"148","time":1575946495931,"group":{"id":"performance","version":"31"},"event":{"count":1,"data":{"duration_ms":980,"created":1575946495934},"id":"ui.lagging"}}
{"recorder_version":"31","session":"c332d4dedf17","build":"193.5233.102","bucket":"148","time":1575946496225,"group":{"id":"performance","version":"31"},"event":{"count":1,"data":{"duration_ms":274,"created":1575946496233},"id":"ui.lagging"}}
{"recorder_version":"31","session":"c332d4dedf17","build":"193.5233.102","bucket":"148","time":1575946496366,"group":{"id":"toolwindow","version":"31"},"event":{"count":1,"data":{"created":1575946496367,"plugin_type":"PLATFORM","id":"Project"},"id":"activated"}}
{"recorder_version":"31","session":"c332d4dedf17","build":"193.5233.102","bucket":"148","time":1575946499144,"group":{"id":"performance","version":"31"},"event":{"count":1,"data":{"duration_ms":2193,"created":1575946499149},"id":"ui.lagging"}}
{"recorder_version":"31","session":"c332d4dedf17","build":"193.5233.102","bucket":"148","time":1575946499151,"group":{"id":"performance","version":"31"},"event":{"count":1,"data":{"duration_ms":1198,"created":1575946499159},"id":"ui.lagging"}}
{"recorder_version":"31","session":"c332d4dedf17","build":"193.5233.102","bucket":"148","time":1575946499156,"group":{"id":"performance","version":"31"},"event":{"count":1,"data":{"duration_ms":201,"created":1575946499159},"id":"ui.lagging"}}
{"recorder_version":"31","session":"c332d4dedf17","build":"193.5233.102","bucket":"148","time":1575946499442,"group":{"id":"ui.tips","version":"2"},"event":{"count":1,"data":{"created":1575946499443,"type":"automatically"},"id":"dialog.shown"}}
{"recorder_version":"31","session":"c332d4dedf17","build":"193.5233.102","bucket":"148","time":1575946500060,"group":{"id":"ui.dialogs","version":"31"},"event":{"count":1,"data":{"created":1575946500061,"plugin_type":"PLATFORM","dialog_class":"com.intellij.ide.util.TipDialog"},"id":"show"}}
{"recorder_version":"31","session":"c332d4dedf17","build":"193.5233.102","bucket":"148","time":1575946500119,"group":{"id":"project.fs","version":"1"},"event":{"state":true,"data":{"os":"Windows","cs-project":false,"created":1575946500122,"project":"1b07182a6fbc47b5244aa599d3d97bfe93a413b2cc48aa24d012a3e8a4aea27e","cs-implicit":true,"cs-system":false},"id":"case-sensitivity"}}
{"recorder_version":"31","session":"c332d4dedf17","build":"193.5233.102","bucket":"148","time":1575946500119,"group":{"id":"project.fs","version":"1"},"event":{"state":true,"data":{"created":1575946500122},"id":"invoked"}}
{"recorder_version":"31","session":"c332d4dedf17","build":"193.5233.102","bucket":"148","time":1575946500122,"group":{"id":"project.fs","version":"1"},"event":{"state":true,"data":{"pct-non-watched":0,"created":1575946500123,"project":"1b07182a6fbc47b5244aa599d3d97bfe93a413b2cc48aa24d012a3e8a4aea27e"},"id":"roots-watched"}}
{"recorder_version":"31","session":"c332d4dedf17","build":"193.5233.102","bucket":"148","time":1575946500122,"group":{"id":"project.fs","version":"1"},"event":{"state":true,"data":{"created":1575946500123},"id":"invoked"}}
{"recorder_version":"31","session":"c332d4dedf17","build":"193.5233.102","bucket":"148","time":1575946500473,"group":{"id":"project.import","version":"2"},"event":{"count":1,"data":{"ide_activity_id":2,"plugin":"org.jetbrains.idea.maven","system_id":"undefined.system","created":1575946500474,"task_class":"org.jetbrains.idea.maven.project.MavenProjectsProcessorReadingTask","plugin_type":"JB_BUNDLED","project":"1b07182a6fbc47b5244aa599d3d97bfe93a413b2cc48aa24d012a3e8a4aea27e"},"id":"started"}}
{"recorder_version":"31","session":"c332d4dedf17","build":"193.5233.102","bucket":"148","time":1575946500502,"group":{"id":"performance","version":"31"},"event":{"count":1,"data":{"duration_ms":545,"created":1575946500502},"id":"ui.lagging"}}
{"recorder_version":"31","session":"c332d4dedf17","build":"193.5233.102","bucket":"148","time":1575946500505,"group":{"id":"lifecycle","version":"31"},"event":{"count":1,"data":{"created":1575946500505,"project":"1b07182a6fbc47b5244aa599d3d97bfe93a413b2cc48aa24d012a3e8a4aea27e"},"id":"frame.activated"}}
{"recorder_version":"31","session":"c332d4dedf17","build":"193.5233.102","bucket":"148","time":1575946500781,"group":{"id":"indexing","version":"2"},"event":{"count":1,"data":{"duration_ms":9950,"ide_activity_id":1,"created":1575946500781},"id":"finished"}}
{"recorder_version":"31","session":"c332d4dedf17","build":"193.5233.102","bucket":"148","time":1575946500796,"group":{"id":"ui.dialogs","version":"31"},"event":{"count":1,"data":{"code":1,"created":1575946500797,"plugin_type":"PLATFORM","dialog_class":"com.intellij.openapi.progress.util.ProgressDialog$MyDialogWrapper"},"id":"close"}}
{"recorder_version":"31","session":"c332d4dedf17","build":"193.5233.102","bucket":"148","time":1575946501109,"group":{"id":"performance","version":"31"},"event":{"count":1,"data":{"duration_ms":153,"created":1575946501109},"id":"ui.lagging"}}
{"recorder_version":"31","session":"c332d4dedf17","build":"193.5233.102","bucket":"148","time":1575946501204,"group":{"id":"project.import","version":"2"},"event":{"count":1,"data":{"duration_ms":731,"ide_activity_id":2,"created":1575946501205},"id":"finished"}}
{"recorder_version":"31","session":"c332d4dedf17","build":"193.5233.102","bucket":"148","time":1575946502393,"group":{"id":"lifecycle","version":"31"},"event":{"count":1,"data":{"duration_ms":31703,"created":1575946502395,"project":"1b07182a6fbc47b5244aa599d3d97bfe93a413b2cc48aa24d012a3e8a4aea27e"},"id":"project.opening.finished"}}
{"recorder_version":"31","session":"c332d4dedf17","build":"193.5233.102","bucket":"148","time":1575946502675,"group":{"id":"performance","version":"31"},"event":{"count":1,"data":{"duration_ms":718,"created":1575946502680},"id":"ui.lagging"}}
{"recorder_version":"31","session":"c332d4dedf17","build":"193.5233.102","bucket":"148","time":1575946503450,"group":{"id":"performance","version":"31"},"event":{"count":1,"data":{"duration_ms":491,"created":1575946503477},"id":"ui.lagging"}}
{"recorder_version":"31","session":"c332d4dedf17","build":"193.5233.102","bucket":"148","time":1575946503681,"group":{"id":"indexing","version":"2"},"event":{"count":1,"data":{"ide_activity_id":3,"created":1575946503682,"project":"1b07182a6fbc47b5244aa599d3d97bfe93a413b2cc48aa24d012a3e8a4aea27e"},"id":"started"}}
{"recorder_version":"31","session":"c332d4dedf17","build":"193.5233.102","bucket":"148","time":1575946503931,"group":{"id":"indexing","version":"2"},"event":{"count":1,"data":{"ide_activity_id":3,"plugin":"org.jetbrains.android","stage_class":"com.android.tools.idea.res.ResourceFolderRepositoryFileCacheImpl$PruneTask","created":1575946503958,"plugin_type":"JB_BUNDLED"},"id":"stage"}}
{"recorder_version":"31","session":"c332d4dedf17","build":"193.5233.102","bucket":"148","time":1575946504022,"group":{"id":"indexing","version":"2"},"event":{"count":1,"data":{"ide_activity_id":3,"plugin":"org.jetbrains.android","stage_class":"com.android.tools.idea.res.ResourceFolderRepositoryFileCacheImpl$ManageLruProjectFilesTask","created":1575946504038,"plugin_type":"JB_BUNDLED"},"id":"stage"}}
{"recorder_version":"31","session":"c332d4dedf17","build":"193.5233.102","bucket":"148","time":1575946504105,"group":{"id":"indexing","version":"2"},"event":{"count":1,"data":{"duration_ms":424,"ide_activity_id":3,"created":1575946504105},"id":"finished"}}
{"recorder_version":"31","session":"c332d4dedf17","build":"193.5233.102","bucket":"148","time":1575946504222,"group":{"id":"indexing","version":"2"},"event":{"count":1,"data":{"ide_activity_id":4,"created":1575946504222,"project":"1b07182a6fbc47b5244aa599d3d97bfe93a413b2cc48aa24d012a3e8a4aea27e"},"id":"started"}}
{"recorder_version":"31","session":"c332d4dedf17","build":"193.5233.102","bucket":"148","time":1575946504244,"group":{"id":"indexing","version":"2"},"event":{"count":1,"data":{"ide_activity_id":4,"plugin":"org.jetbrains.android","stage_class":"com.android.tools.idea.res.ResourceFolderRegistry$PopulateCachesTask","created":1575946504245,"plugin_type":"JB_BUNDLED"},"id":"stage"}}
{"recorder_version":"31","session":"c332d4dedf17","build":"193.5233.102","bucket":"148","time":1575946504247,"group":{"id":"indexing","version":"2"},"event":{"count":1,"data":{"duration_ms":25,"ide_activity_id":4,"created":1575946504247},"id":"finished"}}
{"recorder_version":"31","session":"c332d4dedf17","build":"193.5233.102","bucket":"148","time":1575946504700,"group":{"id":"project.import","version":"2"},"event":{"count":1,"data":{"ide_activity_id":5,"plugin":"org.jetbrains.idea.maven","system_id":"undefined.system","created":1575946504706,"task_class":"org.jetbrains.idea.maven.project.MavenProjectsProcessor$MavenProjectsProcessorWaitForCompletionTask","plugin_type":"JB_BUNDLED","project":"1b07182a6fbc47b5244aa599d3d97bfe93a413b2cc48aa24d012a3e8a4aea27e"},"id":"started"}}
{"recorder_version":"31","session":"c332d4dedf17","build":"193.5233.102","bucket":"148","time":1575946504700,"group":{"id":"project.import","version":"2"},"event":{"count":1,"data":{"duration_ms":0,"ide_activity_id":5,"created":1575946504706},"id":"finished"}}
{"recorder_version":"31","session":"c332d4dedf17","build":"193.5233.102","bucket":"148","time":1575946504701,"group":{"id":"project.import","version":"2"},"event":{"count":1,"data":{"ide_activity_id":6,"plugin":"org.jetbrains.idea.maven","system_id":"undefined.system","created":1575946504706,"task_class":"org.jetbrains.idea.maven.project.MavenProjectsProcessor$MavenProjectsProcessorWaitForCompletionTask","plugin_type":"JB_BUNDLED","project":"1b07182a6fbc47b5244aa599d3d97bfe93a413b2cc48aa24d012a3e8a4aea27e"},"id":"started"}}
{"recorder_version":"31","session":"c332d4dedf17","build":"193.5233.102","bucket":"148","time":1575946504701,"group":{"id":"project.import","version":"2"},"event":{"count":1,"data":{"duration_ms":0,"ide_activity_id":6,"created":1575946504706},"id":"finished"}}
{"recorder_version":"31","session":"c332d4dedf17","build":"193.5233.102","bucket":"148","time":1575946504705,"group":{"id":"project.import","version":"2"},"event":{"count":1,"data":{"ide_activity_id":7,"plugin":"org.jetbrains.idea.maven","system_id":"undefined.system","created":1575946504707,"task_class":"org.jetbrains.idea.maven.project.MavenProjectsProcessor$MavenProjectsProcessorWaitForCompletionTask","plugin_type":"JB_BUNDLED","project":"1b07182a6fbc47b5244aa599d3d97bfe93a413b2cc48aa24d012a3e8a4aea27e"},"id":"started"}}
{"recorder_version":"31","session":"c332d4dedf17","build":"193.5233.102","bucket":"148","time":1575946504705,"group":{"id":"project.import","version":"2"},"event":{"count":1,"data":{"duration_ms":0,"ide_activity_id":7,"created":1575946504709},"id":"finished"}}
{"recorder_version":"31","session":"c332d4dedf17","build":"193.5233.102","bucket":"148","time":1575946504711,"group":{"id":"project.import","version":"2"},"event":{"count":1,"data":{"ide_activity_id":8,"plugin":"org.jetbrains.idea.maven","system_id":"undefined.system","created":1575946504715,"task_class":"org.jetbrains.idea.maven.project.MavenProjectsProcessor$MavenProjectsProcessorWaitForCompletionTask","plugin_type":"JB_BUNDLED","project":"1b07182a6fbc47b5244aa599d3d97bfe93a413b2cc48aa24d012a3e8a4aea27e"},"id":"started"}}
{"recorder_version":"31","session":"c332d4dedf17","build":"193.5233.102","bucket":"148","time":1575946504711,"group":{"id":"project.import","version":"2"},"event":{"count":1,"data":{"duration_ms":0,"ide_activity_id":8,"created":1575946504716},"id":"finished"}}
{"recorder_version":"31","session":"c332d4dedf17","build":"193.5233.102","bucket":"148","time":1575946504715,"group":{"id":"project.import","version":"2"},"event":{"count":1,"data":{"ide_activity_id":9,"plugin":"org.jetbrains.idea.maven","system_id":"undefined.system","created":1575946504716,"task_class":"org.jetbrains.idea.maven.project.MavenProjectsProcessor$MavenProjectsProcessorWaitForCompletionTask","plugin_type":"JB_BUNDLED","project":"1b07182a6fbc47b5244aa599d3d97bfe93a413b2cc48aa24d012a3e8a4aea27e"},"id":"started"}}
{"recorder_version":"31","session":"c332d4dedf17","build":"193.5233.102","bucket":"148","time":1575946504715,"group":{"id":"project.import","version":"2"},"event":{"count":1,"data":{"duration_ms":0,"ide_activity_id":9,"created":1575946504716},"id":"finished"}}
{"recorder_version":"31","session":"c332d4dedf17","build":"193.5233.102","bucket":"148","time":1575946504715,"group":{"id":"project.import","version":"2"},"event":{"count":1,"data":{"ide_activity_id":10,"plugin":"org.jetbrains.idea.maven","system_id":"undefined.system","created":1575946504716,"task_class":"org.jetbrains.idea.maven.project.MavenProjectsProcessor$MavenProjectsProcessorWaitForCompletionTask","plugin_type":"JB_BUNDLED","project":"1b07182a6fbc47b5244aa599d3d97bfe93a413b2cc48aa24d012a3e8a4aea27e"},"id":"started"}}
{"recorder_version":"31","session":"c332d4dedf17","build":"193.5233.102","bucket":"148","time":1575946504716,"group":{"id":"project.import","version":"2"},"event":{"count":1,"data":{"duration_ms":0,"ide_activity_id":10,"created":1575946504717},"id":"finished"}}
{"recorder_version":"31","session":"c332d4dedf17","build":"193.5233.102","bucket":"148","time":1575946505320,"group":{"id":"performance","version":"31"},"event":{"count":1,"data":{"duration_ms":340,"created":1575946505323},"id":"ui.lagging"}}
{"recorder_version":"31","session":"c332d4dedf17","build":"193.5233.102","bucket":"148","time":1575946509135,"group":{"id":"performance","version":"31"},"event":{"count":1,"data":{"duration_ms":3152,"created":1575946509135},"id":"ui.lagging"}}
{"recorder_version":"31","session":"c332d4dedf17","build":"193.5233.102","bucket":"148","time":1575946509135,"group":{"id":"performance","version":"31"},"event":{"count":1,"data":{"duration_ms":2153,"created":1575946509136},"id":"ui.lagging"}}
{"recorder_version":"31","session":"c332d4dedf17","build":"193.5233.102","bucket":"148","time":1575946509135,"group":{"id":"performance","version":"31"},"event":{"count":1,"data":{"duration_ms":1152,"created":1575946509145},"id":"ui.lagging"}}
{"recorder_version":"31","session":"c332d4dedf17","build":"193.5233.102","bucket":"148","time":1575946509147,"group":{"id":"performance","version":"31"},"event":{"count":1,"data":{"duration_ms":162,"created":1575946509149},"id":"ui.lagging"}}
{"recorder_version":"31","session":"c332d4dedf17","build":"193.5233.102","bucket":"148","time":1575946519026,"group":{"id":"startup","version":"1"},"event":{"count":1,"data":{"duration":13465,"created":1575946519026},"id":"appInit"}}
{"recorder_version":"31","session":"c332d4dedf17","build":"193.5233.102","bucket":"148","time":1575946519026,"group":{"id":"startup","version":"1"},"event":{"count":1,"data":{"duration":5143,"created":1575946519027},"id":"splash"}}
{"recorder_version":"31","session":"c332d4dedf17","build":"193.5233.102","bucket":"148","time":1575946519026,"group":{"id":"startup","version":"1"},"event":{"count":1,"data":{"duration":537,"created":1575946519027},"id":"bootstrap"}}
{"recorder_version":"31","session":"c332d4dedf17","build":"193.5233.102","bucket":"148","time":1575946519026,"group":{"id":"startup","version":"1"},"event":{"count":1,"data":{"duration":47005,"created":1575946519027},"id":"totalDuration"}}
{"recorder_version":"31","session":"c332d4dedf17","build":"193.5233.102","bucket":"148","time":1575946570052,"group":{"id":"performance","version":"31"},"event":{"count":1,"data":{"duration_ms":0,"created":1575946570052},"id":"ui.latency"}}
{"recorder_version":"31","session":"c332d4dedf17","build":"193.5233.102","bucket":"148","time":1575946576121,"group":{"id":"ui.dialogs","version":"31"},"event":{"count":1,"data":{"code":1,"created":1575946576121,"plugin_type":"PLATFORM","dialog_class":"com.intellij.ide.util.TipDialog"},"id":"close"}}
{"recorder_version":"31","session":"c332d4dedf17","build":"193.5233.102","bucket":"148","time":1575946580595,"group":{"id":"lifecycle","version":"31"},"event":{"count":1,"data":{"created":1575946580595,"project":"1b07182a6fbc47b5244aa599d3d97bfe93a413b2cc48aa24d012a3e8a4aea27e"},"id":"frame.deactivated"}}
{"recorder_version":"31","session":"c332d4dedf17","build":"193.5233.102","bucket":"148","time":1575946587988,"group":{"id":"lifecycle","version":"31"},"event":{"count":1,"data":{"created":1575946587991,"project":"1b07182a6fbc47b5244aa599d3d97bfe93a413b2cc48aa24d012a3e8a4aea27e"},"id":"frame.activated"}}
{"recorder_version":"31","session":"c332d4dedf17","build":"193.5233.102","bucket":"148","time":1575946588155,"group":{"id":"toolwindow","version":"31"},"event":{"count":1,"data":{"created":1575946588155,"plugin_type":"PLATFORM","id":"Project"},"id":"activated"}}
{"recorder_version":"31","session":"c332d4dedf17","build":"193.5233.102","bucket":"148","time":1575946589926,"group":{"id":"file.types.usage","version":"31"},"event":{"count":1,"data":{"file_path":"b92ed917505d7e4f98167e7cc74a7d93edeafed221f64d420a6be1765c4ffefa","plugin":"com.intellij.java","file_type":"JAVA","created":1575946589926,"plugin_type":"JB_BUNDLED","project":"1b07182a6fbc47b5244aa599d3d97bfe93a413b2cc48aa24d012a3e8a4aea27e"},"id":"open"}}
{"recorder_version":"31","session":"c332d4dedf17","build":"193.5233.102","bucket":"148","time":1575946599957,"group":{"id":"lifecycle","version":"31"},"event":{"count":1,"data":{"created":1575946599961,"project":"1b07182a6fbc47b5244aa599d3d97bfe93a413b2cc48aa24d012a3e8a4aea27e"},"id":"frame.deactivated"}}
{"recorder_version":"31","session":"c332d4dedf17","build":"193.5233.102","bucket":"148","time":1575946607208,"group":{"id":"lifecycle","version":"31"},"event":{"count":1,"data":{"created":1575946607208,"project":"1b07182a6fbc47b5244aa599d3d97bfe93a413b2cc48aa24d012a3e8a4aea27e"},"id":"frame.activated"}}
{"recorder_version":"31","session":"c332d4dedf17","build":"193.5233.102","bucket":"148","time":1575946611321,"group":{"id":"lifecycle","version":"31"},"event":{"count":1,"data":{"created":1575946611321,"project":"1b07182a6fbc47b5244aa599d3d97bfe93a413b2cc48aa24d012a3e8a4aea27e"},"id":"frame.deactivated"}}
{"recorder_version":"31","session":"c332d4dedf17","build":"193.5233.102","bucket":"148","time":1575946612774,"group":{"id":"lifecycle","version":"31"},"event":{"count":1,"data":{"created":1575946612774,"project":"1b07182a6fbc47b5244aa599d3d97bfe93a413b2cc48aa24d012a3e8a4aea27e"},"id":"frame.activated"}}
{"recorder_version":"31","session":"c332d4dedf17","build":"193.5233.102","bucket":"148","time":1575946612873,"group":{"id":"toolwindow","version":"31"},"event":{"count":1,"data":{"created":1575946612874,"plugin_type":"PLATFORM","id":"Project"},"id":"activated"}}
{"recorder_version":"31","session":"c332d4dedf17","build":"193.5233.102","bucket":"148","time":1575946614131,"group":{"id":"file.types.usage","version":"31"},"event":{"count":1,"data":{"file_path":"b92ed917505d7e4f98167e7cc74a7d93edeafed221f64d420a6be1765c4ffefa","plugin":"com.intellij.java","file_type":"JAVA","created":1575946614133,"plugin_type":"JB_BUNDLED","project":"1b07182a6fbc47b5244aa599d3d97bfe93a413b2cc48aa24d012a3e8a4aea27e"},"id":"open"}}
{"recorder_version":"31","session":"c332d4dedf17","build":"193.5233.102","bucket":"148","time":1575946634878,"group":{"id":"performance","version":"31"},"event":{"count":1,"data":{"duration_ms":15210,"created":1575946637596},"id":"ui.lagging"}}
{"recorder_version":"31","session":"c332d4dedf17","build":"193.5233.102","bucket":"148","time":1575946637689,"group":{"id":"lifecycle","version":"31"},"event":{"count":1,"data":{"created":1575946637689,"project":"1b07182a6fbc47b5244aa599d3d97bfe93a413b2cc48aa24d012a3e8a4aea27e"},"id":"frame.deactivated"}}
{"recorder_version":"31","session":"c332d4dedf17","build":"193.5233.102","bucket":"148","time":1575946637693,"group":{"id":"performance","version":"31"},"event":{"count":1,"data":{"duration_ms":2814,"created":1575946637693},"id":"ui.lagging"}}
{"recorder_version":"31","session":"c332d4dedf17","build":"193.5233.102","bucket":"148","time":1575946639730,"group":{"id":"lifecycle","version":"31"},"event":{"count":1,"data":{"created":1575946639734,"project":"1b07182a6fbc47b5244aa599d3d97bfe93a413b2cc48aa24d012a3e8a4aea27e"},"id":"frame.activated"}}
{"recorder_version":"31","session":"c332d4dedf17","build":"193.5233.102","bucket":"148","time":1575946639878,"group":{"id":"ui.dialogs","version":"31"},"event":{"count":1,"data":{"created":1575946639878,"plugin_type":"PLATFORM","dialog_class":"com.intellij.openapi.ui.messages.MessageDialog"},"id":"show"}}
{"recorder_version":"31","session":"c332d4dedf17","build":"193.5233.102","bucket":"148","time":1575946641531,"group":{"id":"lifecycle","version":"31"},"event":{"count":1,"data":{"restart":false,"created":1575946641532},"id":"ide.close"}}
{"recorder_version":"31","session":"c332d4dedf17","build":"193.5233.102","bucket":"148","time":1575946641716,"group":{"id":"lifecycle","version":"31"},"event":{"count":1,"data":{"created":1575946641716,"project":"1b07182a6fbc47b5244aa599d3d97bfe93a413b2cc48aa24d012a3e8a4aea27e"},"id":"project.closed"}}
