{"recorder_version":"31","session":"53a04ff57f45","build":"193.5233.102","bucket":"148","time":1575944895606,"group":{"id":"settings","version":"4"},"event":{"state":true,"data":{"component":"NotRoamableUiSettings","created":1575944896340},"id":"invoked"}}
{"recorder_version":"31","session":"53a04ff57f45","build":"193.5233.102","bucket":"148","time":1575944895608,"group":{"id":"settings","version":"4"},"event":{"state":true,"data":{"component":"UISettings","created":1575944896371},"id":"invoked"}}
{"recorder_version":"31","session":"53a04ff57f45","build":"193.5233.102","bucket":"148","time":1575944895748,"group":{"id":"system.java","version":"1"},"event":{"state":true,"data":{"created":1575944896387,"version":"1.8"},"id":"Oracle"}}
{"recorder_version":"31","session":"53a04ff57f45","build":"193.5233.102","bucket":"148","time":1575944895748,"group":{"id":"system.java","version":"1"},"event":{"state":true,"data":{"created":1575944896387},"id":"invoked"}}
{"recorder_version":"31","session":"53a04ff57f45","build":"193.5233.102","bucket":"148","time":1575944896215,"group":{"id":"system.os","version":"3"},"event":{"state":true,"data":{"created":1575944896387,"version":"10.0"},"id":"Windows"}}
{"recorder_version":"31","session":"53a04ff57f45","build":"193.5233.102","bucket":"148","time":1575944896215,"group":{"id":"system.os","version":"3"},"event":{"state":true,"data":{"created":1575944896403,"name":"Windows","version":"10.0"},"id":"os.name"}}
{"recorder_version":"31","session":"53a04ff57f45","build":"193.5233.102","bucket":"148","time":1575944896215,"group":{"id":"system.os","version":"3"},"event":{"state":true,"data":{"created":1575944896403,"value":"+08_00"},"id":"os.timezone"}}
{"recorder_version":"31","session":"53a04ff57f45","build":"193.5233.102","bucket":"148","time":1575944896215,"group":{"id":"system.os","version":"3"},"event":{"state":true,"data":{"created":1575944896403},"id":"invoked"}}
{"recorder_version":"31","session":"53a04ff57f45","build":"193.5233.102","bucket":"148","time":1575944896324,"group":{"id":"event.log","version":"31"},"event":{"count":1,"data":{"created":1575944896403,"version":"985.0"},"id":"whitelist.loaded"}}
{"recorder_version":"31","session":"53a04ff57f45","build":"193.5233.102","bucket":"148","time":1575944896590,"group":{"id":"settings","version":"4"},"event":{"state":true,"data":{"component":"UpdatesConfigurable","created":1575944896590,"name":"checkNeeded","type":"bool","value":false},"id":"not.default"}}
{"recorder_version":"31","session":"53a04ff57f45","build":"193.5233.102","bucket":"148","time":1575944896590,"group":{"id":"settings","version":"4"},"event":{"state":true,"data":{"component":"UpdatesConfigurable","created":1575944896590},"id":"invoked"}}
{"recorder_version":"31","session":"53a04ff57f45","build":"193.5233.102","bucket":"148","time":1575944897587,"group":{"id":"performance","version":"31"},"event":{"count":1,"data":{"duration_ms":1827,"created":1575944897588},"id":"ui.latency"}}
{"recorder_version":"31","session":"53a04ff57f45","build":"193.5233.102","bucket":"148","time":1575944897587,"group":{"id":"performance","version":"31"},"event":{"count":1,"data":{"duration_ms":1827,"created":1575944897590},"id":"ui.lagging"}}
{"recorder_version":"31","session":"53a04ff57f45","build":"193.5233.102","bucket":"148","time":1575944897589,"group":{"id":"performance","version":"31"},"event":{"count":1,"data":{"duration_ms":827,"created":1575944897590},"id":"ui.lagging"}}
{"recorder_version":"31","session":"53a04ff57f45","build":"193.5233.102","bucket":"148","time":1575944897594,"group":{"id":"settings","version":"4"},"event":{"state":true,"data":{"component":"GeneralSettings","created":1575944897595},"id":"invoked"}}
{"recorder_version":"31","session":"53a04ff57f45","build":"193.5233.102","bucket":"148","time":1575944898058,"group":{"id":"settings","version":"4"},"event":{"state":true,"data":{"component":"XmlEditorOptions","created":1575944898058},"id":"invoked"}}
{"recorder_version":"31","session":"53a04ff57f45","build":"193.5233.102","bucket":"148","time":1575944898667,"group":{"id":"performance","version":"31"},"event":{"count":1,"data":{"duration_ms":904,"created":1575944898667},"id":"ui.lagging"}}
{"recorder_version":"31","session":"53a04ff57f45","build":"193.5233.102","bucket":"148","time":1575944898714,"group":{"id":"lifecycle","version":"31"},"event":{"count":1,"data":{"internal":true,"eap":false,"created":1575944898714},"id":"ide.start"}}
{"recorder_version":"31","session":"53a04ff57f45","build":"193.5233.102","bucket":"148","time":1575944901633,"group":{"id":"settings","version":"4"},"event":{"state":true,"data":{"component":"VcsApplicationSettings","created":1575944901633},"id":"invoked"}}
{"recorder_version":"31","session":"53a04ff57f45","build":"193.5233.102","bucket":"148","time":1575944901757,"group":{"id":"actions","version":"31"},"event":{"count":1,"data":{"context_menu":false,"action_id":"WelcomeScreen.OpenProject","created":1575944901758,"plugin_type":"PLATFORM","place":"WelcomeScreen","class":"com.intellij.ide.actions.OpenFileAction$OnWelcomeScreen","input_event":"MouseLeft"},"id":"action.invoked"}}
{"recorder_version":"31","session":"53a04ff57f45","build":"193.5233.102","bucket":"148","time":1575944902284,"group":{"id":"ui.dialogs","version":"31"},"event":{"count":1,"data":{"created":1575944902285,"plugin_type":"PLATFORM","dialog_class":"com.intellij.openapi.fileChooser.ex.FileChooserDialogImpl"},"id":"show"}}
{"recorder_version":"31","session":"53a04ff57f45","build":"193.5233.102","bucket":"148","time":1575944902556,"group":{"id":"performance","version":"31"},"event":{"count":1,"data":{"duration_ms":766,"created":1575944902556},"id":"ui.lagging"}}
{"recorder_version":"31","session":"53a04ff57f45","build":"193.5233.102","bucket":"148","time":1575944905631,"group":{"id":"performance","version":"31"},"event":{"count":1,"data":{"duration_ms":815,"created":1575944905631},"id":"ui.lagging"}}
{"recorder_version":"31","session":"53a04ff57f45","build":"193.5233.102","bucket":"148","time":1575944921885,"group":{"id":"ui.dialogs","version":"31"},"event":{"count":1,"data":{"code":0,"created":1575944921885,"plugin_type":"PLATFORM","dialog_class":"com.intellij.openapi.fileChooser.ex.FileChooserDialogImpl"},"id":"close"}}
{"recorder_version":"31","session":"53a04ff57f45","build":"193.5233.102","bucket":"148","time":1575944922082,"group":{"id":"performance","version":"31"},"event":{"count":1,"data":{"duration_ms":152,"created":1575944922082},"id":"ui.lagging"}}
{"recorder_version":"31","session":"53a04ff57f45","build":"193.5233.102","bucket":"148","time":1575944922488,"group":{"id":"ui.dialogs","version":"31"},"event":{"count":1,"data":{"created":1575944922488,"plugin_type":"PLATFORM","dialog_class":"com.intellij.openapi.progress.util.ProgressDialog$MyDialogWrapper"},"id":"show"}}
{"recorder_version":"31","session":"53a04ff57f45","build":"193.5233.102","bucket":"148","time":1575944924442,"group":{"id":"lifecycle","version":"31"},"event":{"count":1,"data":{"created":1575944924442},"id":"frame.deactivated"}}
{"recorder_version":"31","session":"53a04ff57f45","build":"193.5233.102","bucket":"148","time":1575944926404,"group":{"id":"lifecycle","version":"31"},"event":{"count":1,"data":{"created":1575944926404,"project":"1b07182a6fbc47b5244aa599d3d97bfe93a413b2cc48aa24d012a3e8a4aea27e"},"id":"project.opened"}}
{"recorder_version":"31","session":"53a04ff57f45","build":"193.5233.102","bucket":"148","time":1575944927120,"group":{"id":"performance","version":"31"},"event":{"count":1,"data":{"duration_ms":161,"created":1575944927126},"id":"ui.lagging"}}
{"recorder_version":"31","session":"53a04ff57f45","build":"193.5233.102","bucket":"148","time":1575944927426,"group":{"id":"indexing","version":"2"},"event":{"count":1,"data":{"ide_activity_id":1,"created":1575944927427,"project":"1b07182a6fbc47b5244aa599d3d97bfe93a413b2cc48aa24d012a3e8a4aea27e"},"id":"started"}}
{"recorder_version":"31","session":"53a04ff57f45","build":"193.5233.102","bucket":"148","time":1575944927982,"group":{"id":"indexing","version":"2"},"event":{"count":1,"data":{"ide_activity_id":1,"stage_class":"com.intellij.util.indexing.UnindexedFilesUpdater","created":1575944927982,"plugin_type":"PLATFORM"},"id":"stage"}}
{"recorder_version":"31","session":"53a04ff57f45","build":"193.5233.102","bucket":"148","time":1575944928115,"group":{"id":"performance","version":"31"},"event":{"count":1,"data":{"duration_ms":156,"created":1575944928115},"id":"ui.lagging"}}
{"recorder_version":"31","session":"53a04ff57f45","build":"193.5233.102","bucket":"148","time":1575944928118,"group":{"id":"ui.tips","version":"2"},"event":{"count":1,"data":{"created":1575944928123,"type":"automatically"},"id":"dialog.shown"}}
{"recorder_version":"31","session":"53a04ff57f45","build":"193.5233.102","bucket":"148","time":1575944928495,"group":{"id":"ui.dialogs","version":"31"},"event":{"count":1,"data":{"created":1575944928495,"plugin_type":"PLATFORM","dialog_class":"com.intellij.ide.util.TipDialog"},"id":"show"}}
{"recorder_version":"31","session":"53a04ff57f45","build":"193.5233.102","bucket":"148","time":1575944928634,"group":{"id":"lifecycle","version":"31"},"event":{"count":1,"data":{"created":1575944928634,"project":"1b07182a6fbc47b5244aa599d3d97bfe93a413b2cc48aa24d012a3e8a4aea27e"},"id":"frame.activated"}}
{"recorder_version":"31","session":"53a04ff57f45","build":"193.5233.102","bucket":"148","time":1575944929609,"group":{"id":"toolwindow","version":"31"},"event":{"count":1,"data":{"created":1575944929615,"plugin_type":"PLATFORM","id":"Project"},"id":"activated"}}
{"recorder_version":"31","session":"53a04ff57f45","build":"193.5233.102","bucket":"148","time":1575944929852,"group":{"id":"project.fs","version":"1"},"event":{"state":true,"data":{"os":"Windows","cs-project":false,"created":1575944929853,"project":"1b07182a6fbc47b5244aa599d3d97bfe93a413b2cc48aa24d012a3e8a4aea27e","cs-implicit":true,"cs-system":false},"id":"case-sensitivity"}}
{"recorder_version":"31","session":"53a04ff57f45","build":"193.5233.102","bucket":"148","time":1575944929852,"group":{"id":"project.fs","version":"1"},"event":{"state":true,"data":{"created":1575944929853},"id":"invoked"}}
{"recorder_version":"31","session":"53a04ff57f45","build":"193.5233.102","bucket":"148","time":1575944929860,"group":{"id":"project.fs","version":"1"},"event":{"state":true,"data":{"pct-non-watched":0,"created":1575944929863,"project":"1b07182a6fbc47b5244aa599d3d97bfe93a413b2cc48aa24d012a3e8a4aea27e"},"id":"roots-watched"}}
{"recorder_version":"31","session":"53a04ff57f45","build":"193.5233.102","bucket":"148","time":1575944929860,"group":{"id":"project.fs","version":"1"},"event":{"state":true,"data":{"created":1575944929863},"id":"invoked"}}
{"recorder_version":"31","session":"53a04ff57f45","build":"193.5233.102","bucket":"148","time":1575944930286,"group":{"id":"project.import","version":"2"},"event":{"count":1,"data":{"ide_activity_id":2,"plugin":"org.jetbrains.idea.maven","system_id":"undefined.system","created":1575944930286,"task_class":"org.jetbrains.idea.maven.project.MavenProjectsProcessorReadingTask","plugin_type":"JB_BUNDLED","project":"1b07182a6fbc47b5244aa599d3d97bfe93a413b2cc48aa24d012a3e8a4aea27e"},"id":"started"}}
{"recorder_version":"31","session":"53a04ff57f45","build":"193.5233.102","bucket":"148","time":1575944930286,"group":{"id":"ui.dialogs","version":"31"},"event":{"count":1,"data":{"code":1,"created":1575944930286,"plugin_type":"PLATFORM","dialog_class":"com.intellij.openapi.progress.util.ProgressDialog$MyDialogWrapper"},"id":"close"}}
{"recorder_version":"31","session":"53a04ff57f45","build":"193.5233.102","bucket":"148","time":1575944930317,"group":{"id":"performance","version":"31"},"event":{"count":1,"data":{"duration_ms":343,"created":1575944930317},"id":"ui.lagging"}}
{"recorder_version":"31","session":"53a04ff57f45","build":"193.5233.102","bucket":"148","time":1575944930442,"group":{"id":"lifecycle","version":"31"},"event":{"count":1,"data":{"duration_ms":8163,"created":1575944930442,"project":"1b07182a6fbc47b5244aa599d3d97bfe93a413b2cc48aa24d012a3e8a4aea27e"},"id":"project.opening.finished"}}
{"recorder_version":"31","session":"53a04ff57f45","build":"193.5233.102","bucket":"148","time":1575944935431,"group":{"id":"toolwindow","version":"31"},"event":{"count":1,"data":{"created":1575944935452,"plugin_type":"UNKNOWN","id":"unknown"},"id":"activated"}}
{"recorder_version":"31","session":"53a04ff57f45","build":"193.5233.102","bucket":"148","time":1575944936794,"group":{"id":"project.import","version":"2"},"event":{"count":1,"data":{"duration_ms":6508,"ide_activity_id":2,"created":1575944936794},"id":"finished"}}
{"recorder_version":"31","session":"53a04ff57f45","build":"193.5233.102","bucket":"148","time":1575944939979,"group":{"id":"performance","version":"31"},"event":{"count":1,"data":{"duration_ms":3888,"created":1575944939994},"id":"ui.lagging"}}
{"recorder_version":"31","session":"53a04ff57f45","build":"193.5233.102","bucket":"148","time":1575944939979,"group":{"id":"performance","version":"31"},"event":{"count":1,"data":{"duration_ms":2875,"created":1575944939994},"id":"ui.lagging"}}
{"recorder_version":"31","session":"53a04ff57f45","build":"193.5233.102","bucket":"148","time":1575944939979,"group":{"id":"performance","version":"31"},"event":{"count":1,"data":{"duration_ms":1873,"created":1575944939994},"id":"ui.lagging"}}
{"recorder_version":"31","session":"53a04ff57f45","build":"193.5233.102","bucket":"148","time":1575944939979,"group":{"id":"performance","version":"31"},"event":{"count":1,"data":{"duration_ms":855,"created":1575944939994},"id":"ui.lagging"}}
{"recorder_version":"31","session":"53a04ff57f45","build":"193.5233.102","bucket":"148","time":1575944943094,"group":{"id":"performance","version":"31"},"event":{"count":1,"data":{"duration_ms":2967,"created":1575944943097},"id":"ui.lagging"}}
{"recorder_version":"31","session":"53a04ff57f45","build":"193.5233.102","bucket":"148","time":1575944943094,"group":{"id":"performance","version":"31"},"event":{"count":1,"data":{"duration_ms":1966,"created":1575944943098},"id":"ui.lagging"}}
{"recorder_version":"31","session":"53a04ff57f45","build":"193.5233.102","bucket":"148","time":1575944943193,"group":{"id":"performance","version":"31"},"event":{"count":1,"data":{"duration_ms":1062,"created":1575944943237},"id":"ui.lagging"}}
{"recorder_version":"31","session":"53a04ff57f45","build":"193.5233.102","bucket":"148","time":1575944944252,"group":{"id":"performance","version":"31"},"event":{"count":1,"data":{"duration_ms":110,"created":1575944944252},"id":"ui.lagging"}}
{"recorder_version":"31","session":"53a04ff57f45","build":"193.5233.102","bucket":"148","time":1575944947128,"group":{"id":"startup","version":"1"},"event":{"count":1,"data":{"duration":5345,"created":1575944947144},"id":"appInit"}}
{"recorder_version":"31","session":"53a04ff57f45","build":"193.5233.102","bucket":"148","time":1575944947128,"group":{"id":"startup","version":"1"},"event":{"count":1,"data":{"duration":2806,"created":1575944947144},"id":"splash"}}
{"recorder_version":"31","session":"53a04ff57f45","build":"193.5233.102","bucket":"148","time":1575944947128,"group":{"id":"startup","version":"1"},"event":{"count":1,"data":{"duration":590,"created":1575944947144},"id":"bootstrap"}}
{"recorder_version":"31","session":"53a04ff57f45","build":"193.5233.102","bucket":"148","time":1575944947128,"group":{"id":"startup","version":"1"},"event":{"count":1,"data":{"duration":39642,"created":1575944947144},"id":"totalDuration"}}
{"recorder_version":"31","session":"53a04ff57f45","build":"193.5233.102","bucket":"148","time":1575944952129,"group":{"id":"ui.dialogs","version":"31"},"event":{"count":1,"data":{"code":1,"created":1575944952145,"plugin_type":"PLATFORM","dialog_class":"com.intellij.ide.util.TipDialog"},"id":"close"}}
{"recorder_version":"31","session":"53a04ff57f45","build":"193.5233.102","bucket":"148","time":1575944956129,"group":{"id":"toolwindow","version":"31"},"event":{"count":1,"data":{"created":1575944956129,"plugin_type":"PLATFORM","id":"Project"},"id":"activated"}}
{"recorder_version":"31","session":"53a04ff57f45","build":"193.5233.102","bucket":"148","time":1575944967433,"group":{"id":"performance","version":"31"},"event":{"count":1,"data":{"duration_ms":171,"created":1575944967433},"id":"ui.lagging"}}
{"recorder_version":"31","session":"53a04ff57f45","build":"193.5233.102","bucket":"148","time":1575944971433,"group":{"id":"performance","version":"31"},"event":{"count":1,"data":{"duration_ms":141,"created":1575944971433},"id":"ui.lagging"}}
{"recorder_version":"31","session":"53a04ff57f45","build":"193.5233.102","bucket":"148","time":1575944976980,"group":{"id":"file.types.usage","version":"31"},"event":{"count":1,"data":{"file_path":"b92ed917505d7e4f98167e7cc74a7d93edeafed221f64d420a6be1765c4ffefa","plugin":"com.intellij.java","file_type":"JAVA","created":1575944976980,"plugin_type":"JB_BUNDLED","project":"1b07182a6fbc47b5244aa599d3d97bfe93a413b2cc48aa24d012a3e8a4aea27e"},"id":"open"}}
{"recorder_version":"31","session":"53a04ff57f45","build":"193.5233.102","bucket":"148","time":1575944977429,"group":{"id":"lifecycle","version":"31"},"event":{"count":1,"data":{"duration_ms":5104,"created":1575944977430,"duration_grouped":"5s"},"id":"ide.freeze"}}
{"recorder_version":"31","session":"53a04ff57f45","build":"193.5233.102","bucket":"148","time":1575944977485,"group":{"id":"performance","version":"31"},"event":{"count":1,"data":{"duration_ms":5178,"created":1575944977485},"id":"ui.lagging"}}
{"recorder_version":"31","session":"53a04ff57f45","build":"193.5233.102","bucket":"148","time":1575944977485,"group":{"id":"performance","version":"31"},"event":{"count":1,"data":{"duration_ms":4177,"created":1575944977485},"id":"ui.lagging"}}
{"recorder_version":"31","session":"53a04ff57f45","build":"193.5233.102","bucket":"148","time":1575944977485,"group":{"id":"performance","version":"31"},"event":{"count":1,"data":{"duration_ms":3170,"created":1575944977485},"id":"ui.lagging"}}
{"recorder_version":"31","session":"53a04ff57f45","build":"193.5233.102","bucket":"148","time":1575944977485,"group":{"id":"performance","version":"31"},"event":{"count":1,"data":{"duration_ms":2161,"created":1575944977485},"id":"ui.lagging"}}
{"recorder_version":"31","session":"53a04ff57f45","build":"193.5233.102","bucket":"148","time":1575944977485,"group":{"id":"performance","version":"31"},"event":{"count":1,"data":{"duration_ms":1149,"created":1575944977485},"id":"ui.lagging"}}
{"recorder_version":"31","session":"53a04ff57f45","build":"193.5233.102","bucket":"148","time":1575944984606,"group":{"id":"performance","version":"31"},"event":{"count":1,"data":{"duration_ms":156,"created":1575944984606},"id":"ui.lagging"}}
{"recorder_version":"31","session":"53a04ff57f45","build":"193.5233.102","bucket":"148","time":1575944986037,"group":{"id":"lifecycle","version":"31"},"event":{"count":1,"data":{"created":1575944986084,"project":"1b07182a6fbc47b5244aa599d3d97bfe93a413b2cc48aa24d012a3e8a4aea27e"},"id":"frame.deactivated"}}
{"recorder_version":"31","session":"53a04ff57f45","build":"193.5233.102","bucket":"148","time":1575944990108,"group":{"id":"performance","version":"31"},"event":{"count":1,"data":{"duration_ms":624,"created":1575944990109},"id":"ui.lagging"}}
{"recorder_version":"31","session":"53a04ff57f45","build":"193.5233.102","bucket":"148","time":1575944997660,"group":{"id":"lifecycle","version":"31"},"event":{"count":1,"data":{"created":1575944997660,"project":"1b07182a6fbc47b5244aa599d3d97bfe93a413b2cc48aa24d012a3e8a4aea27e"},"id":"frame.activated"}}
{"recorder_version":"31","session":"53a04ff57f45","build":"193.5233.102","bucket":"148","time":1575944997791,"group":{"id":"toolwindow","version":"31"},"event":{"count":1,"data":{"created":1575944997791,"plugin_type":"PLATFORM","id":"Project"},"id":"activated"}}
{"recorder_version":"31","session":"53a04ff57f45","build":"193.5233.102","bucket":"148","time":1575944998515,"group":{"id":"performance","version":"31"},"event":{"count":1,"data":{"duration_ms":0,"created":1575944998515},"id":"ui.latency"}}
{"recorder_version":"31","session":"53a04ff57f45","build":"193.5233.102","bucket":"148","time":1575944999238,"group":{"id":"file.types.usage","version":"31"},"event":{"count":1,"data":{"file_path":"b92ed917505d7e4f98167e7cc74a7d93edeafed221f64d420a6be1765c4ffefa","plugin":"com.intellij.java","file_type":"JAVA","created":1575944999238,"plugin_type":"JB_BUNDLED","project":"1b07182a6fbc47b5244aa599d3d97bfe93a413b2cc48aa24d012a3e8a4aea27e"},"id":"open"}}
{"recorder_version":"31","session":"53a04ff57f45","build":"193.5233.102","bucket":"148","time":1575945002157,"group":{"id":"toolwindow","version":"31"},"event":{"count":1,"data":{"created":1575945002157,"plugin_type":"PLATFORM","id":"Project"},"id":"activated"}}
{"recorder_version":"31","session":"53a04ff57f45","build":"193.5233.102","bucket":"148","time":1575945003340,"group":{"id":"lifecycle","version":"31"},"event":{"count":1,"data":{"created":1575945003341,"project":"1b07182a6fbc47b5244aa599d3d97bfe93a413b2cc48aa24d012a3e8a4aea27e"},"id":"frame.deactivated"}}
{"recorder_version":"31","session":"53a04ff57f45","build":"193.5233.102","bucket":"148","time":1575945004580,"group":{"id":"lifecycle","version":"31"},"event":{"count":1,"data":{"created":1575945004580,"project":"1b07182a6fbc47b5244aa599d3d97bfe93a413b2cc48aa24d012a3e8a4aea27e"},"id":"frame.activated"}}
{"recorder_version":"31","session":"53a04ff57f45","build":"193.5233.102","bucket":"148","time":1575945010097,"group":{"id":"lifecycle","version":"31"},"event":{"count":1,"data":{"created":1575945010097,"project":"1b07182a6fbc47b5244aa599d3d97bfe93a413b2cc48aa24d012a3e8a4aea27e"},"id":"frame.deactivated"}}
{"recorder_version":"31","session":"53a04ff57f45","build":"193.5233.102","bucket":"148","time":1575945026029,"group":{"id":"lifecycle","version":"31"},"event":{"count":1,"data":{"created":1575945026030,"project":"1b07182a6fbc47b5244aa599d3d97bfe93a413b2cc48aa24d012a3e8a4aea27e"},"id":"frame.activated"}}
{"recorder_version":"31","session":"53a04ff57f45","build":"193.5233.102","bucket":"148","time":1575945027985,"group":{"id":"lifecycle","version":"31"},"event":{"count":1,"data":{"created":1575945028010,"project":"1b07182a6fbc47b5244aa599d3d97bfe93a413b2cc48aa24d012a3e8a4aea27e"},"id":"frame.deactivated"}}
{"recorder_version":"31","session":"53a04ff57f45","build":"193.5233.102","bucket":"148","time":1575945042422,"group":{"id":"indexing","version":"2"},"event":{"count":1,"data":{"duration_ms":114996,"ide_activity_id":1,"created":1575945042422},"id":"finished"}}
{"recorder_version":"31","session":"53a04ff57f45","build":"193.5233.102","bucket":"148","time":1575945043064,"group":{"id":"performance","version":"31"},"event":{"count":1,"data":{"duration_ms":407,"created":1575945043064},"id":"ui.lagging"}}
{"recorder_version":"31","session":"53a04ff57f45","build":"193.5233.102","bucket":"148","time":1575945043095,"group":{"id":"indexing","version":"2"},"event":{"count":1,"data":{"ide_activity_id":3,"created":1575945043095,"project":"1b07182a6fbc47b5244aa599d3d97bfe93a413b2cc48aa24d012a3e8a4aea27e"},"id":"started"}}
{"recorder_version":"31","session":"53a04ff57f45","build":"193.5233.102","bucket":"148","time":1575945043095,"group":{"id":"indexing","version":"2"},"event":{"count":1,"data":{"ide_activity_id":3,"plugin":"org.jetbrains.android","stage_class":"com.android.tools.idea.res.ResourceFolderRepositoryFileCacheImpl$PruneTask","created":1575945043095,"plugin_type":"JB_BUNDLED"},"id":"stage"}}
{"recorder_version":"31","session":"53a04ff57f45","build":"193.5233.102","bucket":"148","time":1575945043111,"group":{"id":"indexing","version":"2"},"event":{"count":1,"data":{"ide_activity_id":3,"plugin":"org.jetbrains.android","stage_class":"com.android.tools.idea.res.ResourceFolderRepositoryFileCacheImpl$ManageLruProjectFilesTask","created":1575945043111,"plugin_type":"JB_BUNDLED"},"id":"stage"}}
{"recorder_version":"31","session":"53a04ff57f45","build":"193.5233.102","bucket":"148","time":1575945043158,"group":{"id":"indexing","version":"2"},"event":{"count":1,"data":{"duration_ms":63,"ide_activity_id":3,"created":1575945043158},"id":"finished"}}
{"recorder_version":"31","session":"53a04ff57f45","build":"193.5233.102","bucket":"148","time":1575945043189,"group":{"id":"indexing","version":"2"},"event":{"count":1,"data":{"ide_activity_id":4,"created":1575945043189,"project":"1b07182a6fbc47b5244aa599d3d97bfe93a413b2cc48aa24d012a3e8a4aea27e"},"id":"started"}}
{"recorder_version":"31","session":"53a04ff57f45","build":"193.5233.102","bucket":"148","time":1575945043189,"group":{"id":"indexing","version":"2"},"event":{"count":1,"data":{"ide_activity_id":4,"plugin":"org.jetbrains.android","stage_class":"com.android.tools.idea.res.ResourceFolderRegistry$PopulateCachesTask","created":1575945043189,"plugin_type":"JB_BUNDLED"},"id":"stage"}}
{"recorder_version":"31","session":"53a04ff57f45","build":"193.5233.102","bucket":"148","time":1575945043189,"group":{"id":"indexing","version":"2"},"event":{"count":1,"data":{"duration_ms":0,"ide_activity_id":4,"created":1575945043189},"id":"finished"}}
{"recorder_version":"31","session":"53a04ff57f45","build":"193.5233.102","bucket":"148","time":1575945046001,"group":{"id":"project.import","version":"2"},"event":{"count":1,"data":{"ide_activity_id":5,"plugin":"org.jetbrains.idea.maven","system_id":"undefined.system","created":1575945046001,"task_class":"org.jetbrains.idea.maven.project.MavenProjectsProcessorResolvingTask","plugin_type":"JB_BUNDLED","project":"1b07182a6fbc47b5244aa599d3d97bfe93a413b2cc48aa24d012a3e8a4aea27e"},"id":"started"}}
{"recorder_version":"31","session":"53a04ff57f45","build":"193.5233.102","bucket":"148","time":1575945046095,"group":{"id":"performance","version":"31"},"event":{"count":1,"data":{"duration_ms":2437,"created":1575945046095},"id":"ui.lagging"}}
{"recorder_version":"31","session":"53a04ff57f45","build":"193.5233.102","bucket":"148","time":1575945046095,"group":{"id":"performance","version":"31"},"event":{"count":1,"data":{"duration_ms":1422,"created":1575945046095},"id":"ui.lagging"}}
{"recorder_version":"31","session":"53a04ff57f45","build":"193.5233.102","bucket":"148","time":1575945046095,"group":{"id":"project.import","version":"2"},"event":{"count":1,"data":{"ide_activity_id":6,"plugin":"org.jetbrains.idea.maven","system_id":"undefined.system","created":1575945046095,"task_class":"org.jetbrains.idea.maven.project.MavenProjectsProcessorReadingTask","plugin_type":"JB_BUNDLED","project":"1b07182a6fbc47b5244aa599d3d97bfe93a413b2cc48aa24d012a3e8a4aea27e"},"id":"started"}}
{"recorder_version":"31","session":"53a04ff57f45","build":"193.5233.102","bucket":"148","time":1575945046095,"group":{"id":"performance","version":"31"},"event":{"count":1,"data":{"duration_ms":418,"created":1575945046095},"id":"ui.lagging"}}
{"recorder_version":"31","session":"53a04ff57f45","build":"193.5233.102","bucket":"148","time":1575945046158,"group":{"id":"project.import","version":"2"},"event":{"count":1,"data":{"duration_ms":63,"ide_activity_id":6,"created":1575945046173},"id":"finished"}}
{"recorder_version":"31","session":"53a04ff57f45","build":"193.5233.102","bucket":"148","time":1575945047188,"group":{"id":"project.import","version":"2"},"event":{"count":1,"data":{"duration_ms":1187,"ide_activity_id":5,"created":1575945047204},"id":"finished"}}
{"recorder_version":"31","session":"53a04ff57f45","build":"193.5233.102","bucket":"148","time":1575945047188,"group":{"id":"project.import","version":"2"},"event":{"count":1,"data":{"ide_activity_id":7,"plugin":"org.jetbrains.idea.maven","system_id":"undefined.system","created":1575945047204,"task_class":"org.jetbrains.idea.maven.project.MavenProjectsProcessorResolvingTask","plugin_type":"JB_BUNDLED","project":"1b07182a6fbc47b5244aa599d3d97bfe93a413b2cc48aa24d012a3e8a4aea27e"},"id":"started"}}
{"recorder_version":"31","session":"53a04ff57f45","build":"193.5233.102","bucket":"148","time":1575945047251,"group":{"id":"project.import","version":"2"},"event":{"count":1,"data":{"duration_ms":63,"ide_activity_id":7,"created":1575945047251},"id":"finished"}}
{"recorder_version":"31","session":"53a04ff57f45","build":"193.5233.102","bucket":"148","time":1575945053598,"group":{"id":"indexing","version":"2"},"event":{"count":1,"data":{"ide_activity_id":8,"created":1575945053598,"project":"1b07182a6fbc47b5244aa599d3d97bfe93a413b2cc48aa24d012a3e8a4aea27e"},"id":"started"}}
{"recorder_version":"31","session":"53a04ff57f45","build":"193.5233.102","bucket":"148","time":1575945053598,"group":{"id":"project.import","version":"2"},"event":{"count":1,"data":{"ide_activity_id":9,"plugin":"org.jetbrains.idea.maven","system_id":"undefined.system","created":1575945053598,"task_class":"org.jetbrains.idea.maven.importing.MavenProjectImporter$1","plugin_type":"JB_BUNDLED","project":"1b07182a6fbc47b5244aa599d3d97bfe93a413b2cc48aa24d012a3e8a4aea27e"},"id":"started"}}
{"recorder_version":"31","session":"53a04ff57f45","build":"193.5233.102","bucket":"148","time":1575945053708,"group":{"id":"performance","version":"31"},"event":{"count":1,"data":{"duration_ms":2984,"created":1575945053708},"id":"ui.lagging"}}
{"recorder_version":"31","session":"53a04ff57f45","build":"193.5233.102","bucket":"148","time":1575945053708,"group":{"id":"performance","version":"31"},"event":{"count":1,"data":{"duration_ms":1968,"created":1575945053708},"id":"ui.lagging"}}
{"recorder_version":"31","session":"53a04ff57f45","build":"193.5233.102","bucket":"148","time":1575945053708,"group":{"id":"performance","version":"31"},"event":{"count":1,"data":{"duration_ms":953,"created":1575945053708},"id":"ui.lagging"}}
{"recorder_version":"31","session":"53a04ff57f45","build":"193.5233.102","bucket":"148","time":1575945053708,"group":{"id":"project.import","version":"2"},"event":{"count":1,"data":{"duration_ms":110,"ide_activity_id":9,"created":1575945053708},"id":"finished"}}
{"recorder_version":"31","session":"53a04ff57f45","build":"193.5233.102","bucket":"148","time":1575945053723,"group":{"id":"indexing","version":"2"},"event":{"count":1,"data":{"ide_activity_id":8,"stage_class":"com.intellij.util.indexing.UnindexedFilesUpdater","created":1575945053723,"plugin_type":"PLATFORM"},"id":"stage"}}
{"recorder_version":"31","session":"53a04ff57f45","build":"193.5233.102","bucket":"148","time":1575945053817,"group":{"id":"project.import","version":"2"},"event":{"count":1,"data":{"ide_activity_id":10,"plugin":"org.jetbrains.idea.maven","system_id":"undefined.system","created":1575945053817,"task_class":"org.jetbrains.idea.maven.project.MavenProjectsProcessor$MavenProjectsProcessorWaitForCompletionTask","plugin_type":"JB_BUNDLED","project":"1b07182a6fbc47b5244aa599d3d97bfe93a413b2cc48aa24d012a3e8a4aea27e"},"id":"started"}}
{"recorder_version":"31","session":"53a04ff57f45","build":"193.5233.102","bucket":"148","time":1575945053817,"group":{"id":"project.import","version":"2"},"event":{"count":1,"data":{"duration_ms":0,"ide_activity_id":10,"created":1575945053817},"id":"finished"}}
{"recorder_version":"31","session":"53a04ff57f45","build":"193.5233.102","bucket":"148","time":1575945053817,"group":{"id":"project.import","version":"2"},"event":{"count":1,"data":{"ide_activity_id":11,"plugin":"org.jetbrains.idea.maven","system_id":"undefined.system","created":1575945053817,"task_class":"org.jetbrains.idea.maven.project.MavenProjectsProcessor$MavenProjectsProcessorWaitForCompletionTask","plugin_type":"JB_BUNDLED","project":"1b07182a6fbc47b5244aa599d3d97bfe93a413b2cc48aa24d012a3e8a4aea27e"},"id":"started"}}
{"recorder_version":"31","session":"53a04ff57f45","build":"193.5233.102","bucket":"148","time":1575945053817,"group":{"id":"project.import","version":"2"},"event":{"count":1,"data":{"duration_ms":0,"ide_activity_id":11,"created":1575945053817},"id":"finished"}}
{"recorder_version":"31","session":"53a04ff57f45","build":"193.5233.102","bucket":"148","time":1575945053833,"group":{"id":"project.import","version":"2"},"event":{"count":1,"data":{"ide_activity_id":12,"plugin":"org.jetbrains.idea.maven","system_id":"undefined.system","created":1575945053833,"task_class":"org.jetbrains.idea.maven.project.MavenProjectsProcessor$MavenProjectsProcessorWaitForCompletionTask","plugin_type":"JB_BUNDLED","project":"1b07182a6fbc47b5244aa599d3d97bfe93a413b2cc48aa24d012a3e8a4aea27e"},"id":"started"}}
{"recorder_version":"31","session":"53a04ff57f45","build":"193.5233.102","bucket":"148","time":1575945053833,"group":{"id":"project.import","version":"2"},"event":{"count":1,"data":{"duration_ms":0,"ide_activity_id":12,"created":1575945053833},"id":"finished"}}
{"recorder_version":"31","session":"53a04ff57f45","build":"193.5233.102","bucket":"148","time":1575945053833,"group":{"id":"project.import","version":"2"},"event":{"count":1,"data":{"ide_activity_id":13,"plugin":"org.jetbrains.idea.maven","system_id":"undefined.system","created":1575945053833,"task_class":"org.jetbrains.idea.maven.project.MavenProjectsProcessor$MavenProjectsProcessorWaitForCompletionTask","plugin_type":"JB_BUNDLED","project":"1b07182a6fbc47b5244aa599d3d97bfe93a413b2cc48aa24d012a3e8a4aea27e"},"id":"started"}}
{"recorder_version":"31","session":"53a04ff57f45","build":"193.5233.102","bucket":"148","time":1575945053833,"group":{"id":"project.import","version":"2"},"event":{"count":1,"data":{"duration_ms":0,"ide_activity_id":13,"created":1575945053833},"id":"finished"}}
{"recorder_version":"31","session":"53a04ff57f45","build":"193.5233.102","bucket":"148","time":1575945053833,"group":{"id":"project.import","version":"2"},"event":{"count":1,"data":{"ide_activity_id":14,"plugin":"org.jetbrains.idea.maven","system_id":"undefined.system","created":1575945053833,"task_class":"org.jetbrains.idea.maven.project.MavenProjectsProcessor$MavenProjectsProcessorWaitForCompletionTask","plugin_type":"JB_BUNDLED","project":"1b07182a6fbc47b5244aa599d3d97bfe93a413b2cc48aa24d012a3e8a4aea27e"},"id":"started"}}
{"recorder_version":"31","session":"53a04ff57f45","build":"193.5233.102","bucket":"148","time":1575945053833,"group":{"id":"project.import","version":"2"},"event":{"count":1,"data":{"duration_ms":0,"ide_activity_id":14,"created":1575945053833},"id":"finished"}}
{"recorder_version":"31","session":"53a04ff57f45","build":"193.5233.102","bucket":"148","time":1575945053833,"group":{"id":"project.import","version":"2"},"event":{"count":1,"data":{"ide_activity_id":15,"plugin":"org.jetbrains.idea.maven","system_id":"undefined.system","created":1575945053833,"task_class":"org.jetbrains.idea.maven.project.MavenProjectsProcessor$MavenProjectsProcessorWaitForCompletionTask","plugin_type":"JB_BUNDLED","project":"1b07182a6fbc47b5244aa599d3d97bfe93a413b2cc48aa24d012a3e8a4aea27e"},"id":"started"}}
{"recorder_version":"31","session":"53a04ff57f45","build":"193.5233.102","bucket":"148","time":1575945053833,"group":{"id":"project.import","version":"2"},"event":{"count":1,"data":{"duration_ms":0,"ide_activity_id":15,"created":1575945053833},"id":"finished"}}
{"recorder_version":"31","session":"53a04ff57f45","build":"193.5233.102","bucket":"148","time":1575945053899,"group":{"id":"indexing","version":"2"},"event":{"count":1,"data":{"duration_ms":301,"ide_activity_id":8,"created":1575945053899},"id":"finished"}}
{"recorder_version":"31","session":"53a04ff57f45","build":"193.5233.102","bucket":"148","time":1575945077831,"group":{"id":"lifecycle","version":"31"},"event":{"count":1,"data":{"created":1575945077832,"project":"1b07182a6fbc47b5244aa599d3d97bfe93a413b2cc48aa24d012a3e8a4aea27e"},"id":"frame.activated"}}
{"recorder_version":"31","session":"53a04ff57f45","build":"193.5233.102","bucket":"148","time":1575945079279,"group":{"id":"event.log","version":"31"},"event":{"count":1,"data":{"created":1575945079280,"version":"986.0"},"id":"whitelist.updated"}}
{"recorder_version":"31","session":"53a04ff57f45","build":"193.5233.102","bucket":"148","time":1575945085360,"group":{"id":"performance","version":"31"},"event":{"count":1,"data":{"duration_ms":2456,"created":1575945085360},"id":"ui.lagging"}}
{"recorder_version":"31","session":"53a04ff57f45","build":"193.5233.102","bucket":"148","time":1575945085360,"group":{"id":"performance","version":"31"},"event":{"count":1,"data":{"duration_ms":1456,"created":1575945085360},"id":"ui.lagging"}}
{"recorder_version":"31","session":"53a04ff57f45","build":"193.5233.102","bucket":"148","time":1575945085363,"group":{"id":"performance","version":"31"},"event":{"count":1,"data":{"duration_ms":459,"created":1575945085363},"id":"ui.lagging"}}
{"recorder_version":"31","session":"53a04ff57f45","build":"193.5233.102","bucket":"148","time":1575945085541,"group":{"id":"file.types.usage","version":"31"},"event":{"count":1,"data":{"file_path":"b92ed917505d7e4f98167e7cc74a7d93edeafed221f64d420a6be1765c4ffefa","plugin":"com.intellij.java","file_type":"JAVA","created":1575945085541,"plugin_type":"JB_BUNDLED","project":"1b07182a6fbc47b5244aa599d3d97bfe93a413b2cc48aa24d012a3e8a4aea27e"},"id":"open"}}
{"recorder_version":"31","session":"53a04ff57f45","build":"193.5233.102","bucket":"148","time":1575945090345,"group":{"id":"lifecycle","version":"31"},"event":{"count":1,"data":{"created":1575945090345,"project":"1b07182a6fbc47b5244aa599d3d97bfe93a413b2cc48aa24d012a3e8a4aea27e"},"id":"frame.deactivated"}}
{"recorder_version":"31","session":"53a04ff57f45","build":"193.5233.102","bucket":"148","time":1575945092035,"group":{"id":"performance","version":"31"},"event":{"count":1,"data":{"duration_ms":125,"created":1575945092035},"id":"ui.lagging"}}
{"recorder_version":"31","session":"53a04ff57f45","build":"193.5233.102","bucket":"148","time":1575945098976,"group":{"id":"performance","version":"31"},"event":{"count":1,"data":{"duration_ms":0,"created":1575945098976},"id":"ui.latency"}}
{"recorder_version":"31","session":"53a04ff57f45","build":"193.5233.102","bucket":"148","time":1575945197588,"group":{"id":"kotlin.ide.j2k","version":"1"},"event":{"count":1,"data":{"created":1575945197588},"id":"registered"}}
{"recorder_version":"31","session":"53a04ff57f45","build":"193.5233.102","bucket":"148","time":1575945197588,"group":{"id":"java.find.usages","version":"1"},"event":{"count":1,"data":{"created":1575945197588},"id":"registered"}}
{"recorder_version":"31","session":"53a04ff57f45","build":"193.5233.102","bucket":"148","time":1575945197588,"group":{"id":"file.types.usage","version":"31"},"event":{"count":1,"data":{"created":1575945197588},"id":"registered"}}
{"recorder_version":"31","session":"53a04ff57f45","build":"193.5233.102","bucket":"148","time":1575945197588,"group":{"id":"ide.script.engine","version":"2"},"event":{"count":1,"data":{"created":1575945197588},"id":"registered"}}
{"recorder_version":"31","session":"53a04ff57f45","build":"193.5233.102","bucket":"148","time":1575945197588,"group":{"id":"live.templates","version":"31"},"event":{"count":1,"data":{"created":1575945197588},"id":"registered"}}
{"recorder_version":"31","session":"53a04ff57f45","build":"193.5233.102","bucket":"148","time":1575945197588,"group":{"id":"ide.self.update","version":"2"},"event":{"count":1,"data":{"created":1575945197588},"id":"registered"}}
{"recorder_version":"31","session":"53a04ff57f45","build":"193.5233.102","bucket":"148","time":1575945197588,"group":{"id":"lifecycle","version":"31"},"event":{"count":1,"data":{"created":1575945197588},"id":"registered"}}
{"recorder_version":"31","session":"53a04ff57f45","build":"193.5233.102","bucket":"148","time":1575945197588,"group":{"id":"vcs.diff.trigger","version":"1"},"event":{"count":1,"data":{"created":1575945197588},"id":"registered"}}
{"recorder_version":"31","session":"53a04ff57f45","build":"193.5233.102","bucket":"148","time":1575945197588,"group":{"id":"debugger.breakpoints.usage","version":"2"},"event":{"count":1,"data":{"created":1575945197588},"id":"registered"}}
{"recorder_version":"31","session":"53a04ff57f45","build":"193.5233.102","bucket":"148","time":1575945197588,"group":{"id":"kotlin.gradle.library","version":"1"},"event":{"count":1,"data":{"created":1575945197588},"id":"registered"}}
{"recorder_version":"31","session":"53a04ff57f45","build":"193.5233.102","bucket":"148","time":1575945197588,"group":{"id":"startup","version":"1"},"event":{"count":1,"data":{"created":1575945197588},"id":"registered"}}
{"recorder_version":"31","session":"53a04ff57f45","build":"193.5233.102","bucket":"148","time":1575945197588,"group":{"id":"find","version":"2"},"event":{"count":1,"data":{"created":1575945197588},"id":"registered"}}
{"recorder_version":"31","session":"53a04ff57f45","build":"193.5233.102","bucket":"148","time":1575945197588,"group":{"id":"kotlin.gradle.target","version":"2"},"event":{"count":1,"data":{"created":1575945197588},"id":"registered"}}
{"recorder_version":"31","session":"53a04ff57f45","build":"193.5233.102","bucket":"148","time":1575945197588,"group":{"id":"gutter.icon.click","version":"2"},"event":{"count":1,"data":{"created":1575945197588},"id":"registered"}}
{"recorder_version":"31","session":"53a04ff57f45","build":"193.5233.102","bucket":"148","time":1575945197588,"group":{"id":"shell.script","version":"1"},"event":{"count":1,"data":{"created":1575945197588},"id":"registered"}}
{"recorder_version":"31","session":"53a04ff57f45","build":"193.5233.102","bucket":"148","time":1575945197588,"group":{"id":"new.project.wizard","version":"1"},"event":{"count":1,"data":{"created":1575945197588},"id":"registered"}}
{"recorder_version":"31","session":"53a04ff57f45","build":"193.5233.102","bucket":"148","time":1575945197588,"group":{"id":"kotlin.ide.npwizards","version":"1"},"event":{"count":1,"data":{"created":1575945197588},"id":"registered"}}
{"recorder_version":"31","session":"53a04ff57f45","build":"193.5233.102","bucket":"148","time":1575945197588,"group":{"id":"intentions","version":"31"},"event":{"count":1,"data":{"created":1575945197588},"id":"registered"}}
{"recorder_version":"31","session":"53a04ff57f45","build":"193.5233.102","bucket":"148","time":1575945197588,"group":{"id":"settings.repository","version":"1"},"event":{"count":1,"data":{"created":1575945197588},"id":"registered"}}
{"recorder_version":"31","session":"53a04ff57f45","build":"193.5233.102","bucket":"148","time":1575945197588,"group":{"id":"vcs.change.reminder","version":"2"},"event":{"count":1,"data":{"created":1575945197588},"id":"registered"}}
{"recorder_version":"31","session":"53a04ff57f45","build":"193.5233.102","bucket":"148","time":1575945197588,"group":{"id":"create.directory.dialog","version":"1"},"event":{"count":1,"data":{"created":1575945197588},"id":"registered"}}
{"recorder_version":"31","session":"53a04ff57f45","build":"193.5233.102","bucket":"148","time":1575945197588,"group":{"id":"kotlin.maven.target","version":"3"},"event":{"count":1,"data":{"created":1575945197588},"id":"registered"}}
{"recorder_version":"31","session":"53a04ff57f45","build":"193.5233.102","bucket":"148","time":1575945197588,"group":{"id":"json.schema","version":"1"},"event":{"count":1,"data":{"created":1575945197588},"id":"registered"}}
{"recorder_version":"31","session":"53a04ff57f45","build":"193.5233.102","bucket":"148","time":1575945197588,"group":{"id":"terminalShell","version":"1"},"event":{"count":1,"data":{"created":1575945197588},"id":"registered"}}
{"recorder_version":"31","session":"53a04ff57f45","build":"193.5233.102","bucket":"148","time":1575945197588,"group":{"id":"rename.refactoring","version":"1"},"event":{"count":1,"data":{"created":1575945197588},"id":"registered"}}
{"recorder_version":"31","session":"53a04ff57f45","build":"193.5233.102","bucket":"148","time":1575945197588,"group":{"id":"build.ant.actions","version":"1"},"event":{"count":1,"data":{"created":1575945197588},"id":"registered"}}
{"recorder_version":"31","session":"53a04ff57f45","build":"193.5233.102","bucket":"148","time":1575945197588,"group":{"id":"actions","version":"31"},"event":{"count":1,"data":{"created":1575945197588},"id":"registered"}}
{"recorder_version":"31","session":"53a04ff57f45","build":"193.5233.102","bucket":"148","time":1575945197588,"group":{"id":"kotlin.ide.editor","version":"1"},"event":{"count":1,"data":{"created":1575945197588},"id":"registered"}}
{"recorder_version":"31","session":"53a04ff57f45","build":"193.5233.102","bucket":"148","time":1575945197588,"group":{"id":"event.log","version":"31"},"event":{"count":1,"data":{"created":1575945197588},"id":"registered"}}
{"recorder_version":"31","session":"53a04ff57f45","build":"193.5233.102","bucket":"148","time":1575945197588,"group":{"id":"run.configuration.exec","version":"31"},"event":{"count":1,"data":{"created":1575945197588},"id":"registered"}}
{"recorder_version":"31","session":"53a04ff57f45","build":"193.5233.102","bucket":"148","time":1575945197588,"group":{"id":"build.tools.actions","version":"1"},"event":{"count":1,"data":{"created":1575945197588},"id":"registered"}}
{"recorder_version":"31","session":"53a04ff57f45","build":"193.5233.102","bucket":"148","time":1575945197588,"group":{"id":"file.editor","version":"2"},"event":{"count":1,"data":{"created":1575945197588},"id":"registered"}}
{"recorder_version":"31","session":"53a04ff57f45","build":"193.5233.102","bucket":"148","time":1575945197588,"group":{"id":"vfs","version":"2"},"event":{"count":1,"data":{"created":1575945197588},"id":"registered"}}
{"recorder_version":"31","session":"53a04ff57f45","build":"193.5233.102","bucket":"148","time":1575945197588,"group":{"id":"project.import","version":"2"},"event":{"count":1,"data":{"created":1575945197588},"id":"registered"}}
{"recorder_version":"31","session":"53a04ff57f45","build":"193.5233.102","bucket":"148","time":1575945197588,"group":{"id":"actions.runAnything","version":"1"},"event":{"count":1,"data":{"created":1575945197588},"id":"registered"}}
{"recorder_version":"31","session":"53a04ff57f45","build":"193.5233.102","bucket":"148","time":1575945197588,"group":{"id":"toolwindow","version":"31"},"event":{"count":1,"data":{"created":1575945197588},"id":"registered"}}
{"recorder_version":"31","session":"53a04ff57f45","build":"193.5233.102","bucket":"148","time":1575945197588,"group":{"id":"kotlin.ide.newFileTempl","version":"1"},"event":{"count":1,"data":{"created":1575945197588},"id":"registered"}}
{"recorder_version":"31","session":"53a04ff57f45","build":"193.5233.102","bucket":"148","time":1575945197588,"group":{"id":"ui.settings","version":"31"},"event":{"count":1,"data":{"created":1575945197588},"id":"registered"}}
{"recorder_version":"31","session":"53a04ff57f45","build":"193.5233.102","bucket":"148","time":1575945197588,"group":{"id":"vcs.log.trigger","version":"2"},"event":{"count":1,"data":{"created":1575945197588},"id":"registered"}}
{"recorder_version":"31","session":"53a04ff57f45","build":"193.5233.102","bucket":"148","time":1575945197588,"group":{"id":"productivity","version":"31"},"event":{"count":1,"data":{"created":1575945197588},"id":"registered"}}
{"recorder_version":"31","session":"53a04ff57f45","build":"193.5233.102","bucket":"148","time":1575945197588,"group":{"id":"build.maven.actions","version":"1"},"event":{"count":1,"data":{"created":1575945197588},"id":"registered"}}
{"recorder_version":"31","session":"53a04ff57f45","build":"193.5233.102","bucket":"148","time":1575945197588,"group":{"id":"ui.event","version":"2"},"event":{"count":1,"data":{"created":1575945197588},"id":"registered"}}
{"recorder_version":"31","session":"53a04ff57f45","build":"193.5233.102","bucket":"148","time":1575945197588,"group":{"id":"plugins.advertiser","version":"1"},"event":{"count":1,"data":{"created":1575945197588},"id":"registered"}}
{"recorder_version":"31","session":"53a04ff57f45","build":"193.5233.102","bucket":"148","time":1575945197588,"group":{"id":"kotlin.ide.debugger","version":"2"},"event":{"count":1,"data":{"created":1575945197588},"id":"registered"}}
{"recorder_version":"31","session":"53a04ff57f45","build":"193.5233.102","bucket":"148","time":1575945197588,"group":{"id":"tooltip.action.events","version":"1"},"event":{"count":1,"data":{"created":1575945197588},"id":"registered"}}
{"recorder_version":"31","session":"53a04ff57f45","build":"193.5233.102","bucket":"148","time":1575945197588,"group":{"id":"completion","version":"1"},"event":{"count":1,"data":{"created":1575945197588},"id":"registered"}}
{"recorder_version":"31","session":"53a04ff57f45","build":"193.5233.102","bucket":"148","time":1575945197588,"group":{"id":"indexing","version":"2"},"event":{"count":1,"data":{"created":1575945197588},"id":"registered"}}
{"recorder_version":"31","session":"53a04ff57f45","build":"193.5233.102","bucket":"148","time":1575945197588,"group":{"id":"vcs","version":"2"},"event":{"count":1,"data":{"created":1575945197588},"id":"registered"}}
{"recorder_version":"31","session":"53a04ff57f45","build":"193.5233.102","bucket":"148","time":1575945197588,"group":{"id":"ui.dialogs","version":"31"},"event":{"count":1,"data":{"created":1575945197588},"id":"registered"}}
{"recorder_version":"31","session":"53a04ff57f45","build":"193.5233.102","bucket":"148","time":1575945197588,"group":{"id":"vcs.back.forward.trigger","version":"1"},"event":{"count":1,"data":{"created":1575945197588},"id":"registered"}}
{"recorder_version":"31","session":"53a04ff57f45","build":"193.5233.102","bucket":"148","time":1575945197588,"group":{"id":"ide.update.dialog","version":"1"},"event":{"count":1,"data":{"created":1575945197588},"id":"registered"}}
{"recorder_version":"31","session":"53a04ff57f45","build":"193.5233.102","bucket":"148","time":1575945197588,"group":{"id":"toolbar","version":"31"},"event":{"count":1,"data":{"created":1575945197588},"id":"registered"}}
{"recorder_version":"31","session":"53a04ff57f45","build":"193.5233.102","bucket":"148","time":1575945197588,"group":{"id":"build.gradle.actions","version":"1"},"event":{"count":1,"data":{"created":1575945197588},"id":"registered"}}
{"recorder_version":"31","session":"53a04ff57f45","build":"193.5233.102","bucket":"148","time":1575945197588,"group":{"id":"performance","version":"31"},"event":{"count":1,"data":{"created":1575945197588},"id":"registered"}}
{"recorder_version":"31","session":"53a04ff57f45","build":"193.5233.102","bucket":"148","time":1575945197588,"group":{"id":"build","version":"2"},"event":{"count":1,"data":{"created":1575945197588},"id":"registered"}}
{"recorder_version":"31","session":"53a04ff57f45","build":"193.5233.102","bucket":"148","time":1575945197588,"group":{"id":"searchEverywhere","version":"1"},"event":{"count":1,"data":{"created":1575945197588},"id":"registered"}}
{"recorder_version":"31","session":"53a04ff57f45","build":"193.5233.102","bucket":"148","time":1575945197588,"group":{"id":"kotlin.ide.action.refactoring","version":"1"},"event":{"count":1,"data":{"created":1575945197588},"id":"registered"}}
{"recorder_version":"31","session":"53a04ff57f45","build":"193.5233.102","bucket":"148","time":1575945197588,"group":{"id":"ui.tips","version":"2"},"event":{"count":1,"data":{"created":1575945197588},"id":"registered"}}
{"recorder_version":"31","session":"53a04ff57f45","build":"193.5233.102","bucket":"148","time":1575945197588,"group":{"id":"surround.with","version":"2"},"event":{"count":1,"data":{"created":1575945197588},"id":"registered"}}
{"recorder_version":"31","session":"53a04ff57f45","build":"193.5233.102","bucket":"148","time":1575945197588,"group":{"id":"import.old.config","version":"3"},"event":{"count":1,"data":{"created":1575945197588},"id":"registered"}}
{"recorder_version":"31","session":"53a04ff57f45","build":"193.5233.102","bucket":"148","time":1575945197588,"group":{"id":"kotlin.jps.target","version":"3"},"event":{"count":1,"data":{"created":1575945197588},"id":"registered"}}
{"recorder_version":"31","session":"53a04ff57f45","build":"193.5233.102","bucket":"148","time":1575945197588,"group":{"id":"completion.postfix","version":"31"},"event":{"count":1,"data":{"created":1575945197588},"id":"registered"}}
{"recorder_version":"31","session":"53a04ff57f45","build":"193.5233.102","bucket":"148","time":1575945197588,"group":{"id":"build.maven.packagesearch","version":"2"},"event":{"count":1,"data":{"created":1575945197588},"id":"registered"}}
{"recorder_version":"31","session":"53a04ff57f45","build":"193.5233.102","bucket":"148","time":1575945199181,"group":{"id":"performance","version":"31"},"event":{"count":1,"data":{"duration_ms":0,"created":1575945199181},"id":"ui.latency"}}
{"recorder_version":"31","session":"53a04ff57f45","build":"193.5233.102","bucket":"148","time":1575945299983,"group":{"id":"performance","version":"31"},"event":{"count":1,"data":{"duration_ms":0,"created":1575945299983},"id":"ui.latency"}}
{"recorder_version":"31","session":"53a04ff57f45","build":"193.5233.102","bucket":"148","time":1575945400117,"group":{"id":"performance","version":"31"},"event":{"count":1,"data":{"duration_ms":0,"created":1575945400117},"id":"ui.latency"}}
{"recorder_version":"31","session":"53a04ff57f45","build":"193.5233.102","bucket":"148","time":1575945500332,"group":{"id":"performance","version":"31"},"event":{"count":1,"data":{"duration_ms":0,"created":1575945500332},"id":"ui.latency"}}
{"recorder_version":"31","session":"53a04ff57f45","build":"193.5233.102","bucket":"148","time":1575945600886,"group":{"id":"performance","version":"31"},"event":{"count":1,"data":{"duration_ms":0,"created":1575945600886},"id":"ui.latency"}}
{"recorder_version":"31","session":"53a04ff57f45","build":"193.5233.102","bucket":"148","time":1575945660554,"group":{"id":"lifecycle","version":"31"},"event":{"count":1,"data":{"created":1575945660554,"project":"1b07182a6fbc47b5244aa599d3d97bfe93a413b2cc48aa24d012a3e8a4aea27e"},"id":"frame.activated"}}
{"recorder_version":"31","session":"53a04ff57f45","build":"193.5233.102","bucket":"148","time":1575945661587,"group":{"id":"ui.dialogs","version":"31"},"event":{"count":1,"data":{"created":1575945661588,"plugin_type":"PLATFORM","dialog_class":"com.intellij.openapi.ui.messages.MessageDialog"},"id":"show"}}
{"recorder_version":"31","session":"53a04ff57f45","build":"193.5233.102","bucket":"148","time":1575945662696,"group":{"id":"lifecycle","version":"31"},"event":{"count":1,"data":{"restart":false,"created":1575945662696},"id":"ide.close"}}
{"recorder_version":"31","session":"53a04ff57f45","build":"193.5233.102","bucket":"148","time":1575945663003,"group":{"id":"ui.dialogs","version":"31"},"event":{"count":1,"data":{"created":1575945663004,"plugin_type":"PLATFORM","dialog_class":"com.intellij.openapi.progress.util.ProgressDialog$MyDialogWrapper"},"id":"show"}}
{"recorder_version":"31","session":"53a04ff57f45","build":"193.5233.102","bucket":"148","time":1575945663032,"group":{"id":"ui.dialogs","version":"31"},"event":{"count":1,"data":{"code":1,"created":1575945663032,"plugin_type":"PLATFORM","dialog_class":"com.intellij.openapi.progress.util.ProgressDialog$MyDialogWrapper"},"id":"close"}}
{"recorder_version":"31","session":"53a04ff57f45","build":"193.5233.102","bucket":"148","time":1575945663371,"group":{"id":"lifecycle","version":"31"},"event":{"count":1,"data":{"created":1575945663371,"project":"1b07182a6fbc47b5244aa599d3d97bfe93a413b2cc48aa24d012a3e8a4aea27e"},"id":"project.closed"}}
