{"recorder_version":"31","session":"a5fe14dd47b5","build":"193.5233.102","bucket":"148","time":1575947433808,"group":{"id":"settings","version":"4"},"event":{"state":true,"data":{"component":"NotRoamableUiSettings","created":1575947434181},"id":"invoked"}}
{"recorder_version":"31","session":"a5fe14dd47b5","build":"193.5233.102","bucket":"148","time":1575947433810,"group":{"id":"settings","version":"4"},"event":{"state":true,"data":{"component":"UISettings","created":1575947434183},"id":"invoked"}}
{"recorder_version":"31","session":"a5fe14dd47b5","build":"193.5233.102","bucket":"148","time":1575947433826,"group":{"id":"system.java","version":"1"},"event":{"state":true,"data":{"created":1575947434213,"version":"1.11"},"id":"JetBrains"}}
{"recorder_version":"31","session":"a5fe14dd47b5","build":"193.5233.102","bucket":"148","time":1575947433826,"group":{"id":"system.java","version":"1"},"event":{"state":true,"data":{"created":1575947434214},"id":"invoked"}}
{"recorder_version":"31","session":"a5fe14dd47b5","build":"193.5233.102","bucket":"148","time":1575947433913,"group":{"id":"system.os","version":"3"},"event":{"state":true,"data":{"created":1575947434218,"version":"10.0"},"id":"Windows"}}
{"recorder_version":"31","session":"a5fe14dd47b5","build":"193.5233.102","bucket":"148","time":1575947433913,"group":{"id":"system.os","version":"3"},"event":{"state":true,"data":{"created":1575947434219,"name":"Windows","version":"10.0"},"id":"os.name"}}
{"recorder_version":"31","session":"a5fe14dd47b5","build":"193.5233.102","bucket":"148","time":1575947433913,"group":{"id":"system.os","version":"3"},"event":{"state":true,"data":{"created":1575947434220,"value":"+08_00"},"id":"os.timezone"}}
{"recorder_version":"31","session":"a5fe14dd47b5","build":"193.5233.102","bucket":"148","time":1575947433913,"group":{"id":"system.os","version":"3"},"event":{"state":true,"data":{"created":1575947434220},"id":"invoked"}}
{"recorder_version":"31","session":"a5fe14dd47b5","build":"193.5233.102","bucket":"148","time":1575947434143,"group":{"id":"event.log","version":"31"},"event":{"count":1,"data":{"created":1575947434220,"version":"986.0"},"id":"whitelist.loaded"}}
{"recorder_version":"31","session":"a5fe14dd47b5","build":"193.5233.102","bucket":"148","time":1575947434407,"group":{"id":"settings","version":"4"},"event":{"state":true,"data":{"component":"UpdatesConfigurable","created":1575947434413,"name":"checkNeeded","type":"bool","value":false},"id":"not.default"}}
{"recorder_version":"31","session":"a5fe14dd47b5","build":"193.5233.102","bucket":"148","time":1575947434407,"group":{"id":"settings","version":"4"},"event":{"state":true,"data":{"component":"UpdatesConfigurable","created":1575947434414},"id":"invoked"}}
{"recorder_version":"31","session":"a5fe14dd47b5","build":"193.5233.102","bucket":"148","time":1575947434528,"group":{"id":"settings","version":"4"},"event":{"state":true,"data":{"component":"GeneralSettings","created":1575947434530},"id":"invoked"}}
{"recorder_version":"31","session":"a5fe14dd47b5","build":"193.5233.102","bucket":"148","time":1575947434705,"group":{"id":"lifecycle","version":"31"},"event":{"count":1,"data":{"internal":true,"eap":false,"created":1575947434705},"id":"ide.start"}}
{"recorder_version":"31","session":"a5fe14dd47b5","build":"193.5233.102","bucket":"148","time":1575947434705,"group":{"id":"performance","version":"31"},"event":{"count":1,"data":{"duration_ms":33,"created":1575947434706},"id":"ui.latency"}}
{"recorder_version":"31","session":"a5fe14dd47b5","build":"193.5233.102","bucket":"148","time":1575947434926,"group":{"id":"settings","version":"4"},"event":{"state":true,"data":{"component":"XmlEditorOptions","created":1575947434928},"id":"invoked"}}
{"recorder_version":"31","session":"a5fe14dd47b5","build":"193.5233.102","bucket":"148","time":1575947436019,"group":{"id":"performance","version":"31"},"event":{"count":1,"data":{"duration_ms":413,"created":1575947436019},"id":"ui.lagging"}}
{"recorder_version":"31","session":"a5fe14dd47b5","build":"193.5233.102","bucket":"148","time":1575947436024,"group":{"id":"lifecycle","version":"31"},"event":{"count":1,"data":{"created":1575947436026},"id":"frame.activated"}}
{"recorder_version":"31","session":"a5fe14dd47b5","build":"193.5233.102","bucket":"148","time":1575947436026,"group":{"id":"settings","version":"4"},"event":{"state":true,"data":{"component":"VcsApplicationSettings","created":1575947436027},"id":"invoked"}}
{"recorder_version":"31","session":"a5fe14dd47b5","build":"193.5233.102","bucket":"148","time":1575947436078,"group":{"id":"ui.dialogs","version":"31"},"event":{"count":1,"data":{"created":1575947436095,"plugin_type":"PLATFORM","dialog_class":"com.intellij.openapi.progress.util.ProgressDialog$MyDialogWrapper"},"id":"show"}}
{"recorder_version":"31","session":"a5fe14dd47b5","build":"193.5233.102","bucket":"148","time":1575947443835,"group":{"id":"lifecycle","version":"31"},"event":{"count":1,"data":{"created":1575947443835,"project":"1b07182a6fbc47b5244aa599d3d97bfe93a413b2cc48aa24d012a3e8a4aea27e"},"id":"project.opened"}}
{"recorder_version":"31","session":"a5fe14dd47b5","build":"193.5233.102","bucket":"148","time":1575947445714,"group":{"id":"performance","version":"31"},"event":{"count":1,"data":{"duration_ms":3098,"created":1575947445714},"id":"ui.lagging"}}
{"recorder_version":"31","session":"a5fe14dd47b5","build":"193.5233.102","bucket":"148","time":1575947445714,"group":{"id":"performance","version":"31"},"event":{"count":1,"data":{"duration_ms":2097,"created":1575947445714},"id":"ui.lagging"}}
{"recorder_version":"31","session":"a5fe14dd47b5","build":"193.5233.102","bucket":"148","time":1575947445724,"group":{"id":"performance","version":"31"},"event":{"count":1,"data":{"duration_ms":1107,"created":1575947445724},"id":"ui.lagging"}}
{"recorder_version":"31","session":"a5fe14dd47b5","build":"193.5233.102","bucket":"148","time":1575947445724,"group":{"id":"performance","version":"31"},"event":{"count":1,"data":{"duration_ms":100,"created":1575947445724},"id":"ui.lagging"}}
{"recorder_version":"31","session":"a5fe14dd47b5","build":"193.5233.102","bucket":"148","time":1575947446716,"group":{"id":"indexing","version":"2"},"event":{"count":1,"data":{"ide_activity_id":1,"created":1575947446716,"project":"1b07182a6fbc47b5244aa599d3d97bfe93a413b2cc48aa24d012a3e8a4aea27e"},"id":"started"}}
{"recorder_version":"31","session":"a5fe14dd47b5","build":"193.5233.102","bucket":"148","time":1575947446867,"group":{"id":"performance","version":"31"},"event":{"count":1,"data":{"duration_ms":231,"created":1575947446867},"id":"ui.lagging"}}
{"recorder_version":"31","session":"a5fe14dd47b5","build":"193.5233.102","bucket":"148","time":1575947446867,"group":{"id":"indexing","version":"2"},"event":{"count":1,"data":{"ide_activity_id":1,"stage_class":"com.intellij.util.indexing.UnindexedFilesUpdater","created":1575947446867,"plugin_type":"PLATFORM"},"id":"stage"}}
{"recorder_version":"31","session":"a5fe14dd47b5","build":"193.5233.102","bucket":"148","time":1575947452803,"group":{"id":"performance","version":"31"},"event":{"count":1,"data":{"duration_ms":4140,"created":1575947452819},"id":"ui.lagging"}}
{"recorder_version":"31","session":"a5fe14dd47b5","build":"193.5233.102","bucket":"148","time":1575947452804,"group":{"id":"performance","version":"31"},"event":{"count":1,"data":{"duration_ms":3136,"created":1575947452819},"id":"ui.lagging"}}
{"recorder_version":"31","session":"a5fe14dd47b5","build":"193.5233.102","bucket":"148","time":1575947452809,"group":{"id":"performance","version":"31"},"event":{"count":1,"data":{"duration_ms":2139,"created":1575947452819},"id":"ui.lagging"}}
{"recorder_version":"31","session":"a5fe14dd47b5","build":"193.5233.102","bucket":"148","time":1575947452809,"group":{"id":"performance","version":"31"},"event":{"count":1,"data":{"duration_ms":1139,"created":1575947452820},"id":"ui.lagging"}}
{"recorder_version":"31","session":"a5fe14dd47b5","build":"193.5233.102","bucket":"148","time":1575947452825,"group":{"id":"performance","version":"31"},"event":{"count":1,"data":{"duration_ms":155,"created":1575947452826},"id":"ui.lagging"}}
{"recorder_version":"31","session":"a5fe14dd47b5","build":"193.5233.102","bucket":"148","time":1575947453686,"group":{"id":"toolwindow","version":"31"},"event":{"count":1,"data":{"created":1575947453687,"plugin_type":"PLATFORM","id":"Project"},"id":"activated"}}
{"recorder_version":"31","session":"a5fe14dd47b5","build":"193.5233.102","bucket":"148","time":1575947458167,"group":{"id":"performance","version":"31"},"event":{"count":1,"data":{"duration_ms":4496,"created":1575947458168},"id":"ui.lagging"}}
{"recorder_version":"31","session":"a5fe14dd47b5","build":"193.5233.102","bucket":"148","time":1575947458170,"group":{"id":"performance","version":"31"},"event":{"count":1,"data":{"duration_ms":3499,"created":1575947458174},"id":"ui.lagging"}}
{"recorder_version":"31","session":"a5fe14dd47b5","build":"193.5233.102","bucket":"148","time":1575947458172,"group":{"id":"performance","version":"31"},"event":{"count":1,"data":{"duration_ms":2501,"created":1575947458175},"id":"ui.lagging"}}
{"recorder_version":"31","session":"a5fe14dd47b5","build":"193.5233.102","bucket":"148","time":1575947458172,"group":{"id":"performance","version":"31"},"event":{"count":1,"data":{"duration_ms":1501,"created":1575947458175},"id":"ui.lagging"}}
{"recorder_version":"31","session":"a5fe14dd47b5","build":"193.5233.102","bucket":"148","time":1575947458175,"group":{"id":"indexing","version":"2"},"event":{"count":1,"data":{"duration_ms":11458,"ide_activity_id":1,"created":1575947458177},"id":"finished"}}
{"recorder_version":"31","session":"a5fe14dd47b5","build":"193.5233.102","bucket":"148","time":1575947458299,"group":{"id":"performance","version":"31"},"event":{"count":1,"data":{"duration_ms":627,"created":1575947458304},"id":"ui.lagging"}}
{"recorder_version":"31","session":"a5fe14dd47b5","build":"193.5233.102","bucket":"148","time":1575947458794,"group":{"id":"ui.tips","version":"2"},"event":{"count":1,"data":{"created":1575947458798,"type":"automatically"},"id":"dialog.shown"}}
{"recorder_version":"31","session":"a5fe14dd47b5","build":"193.5233.102","bucket":"148","time":1575947459125,"group":{"id":"ui.dialogs","version":"31"},"event":{"count":1,"data":{"created":1575947459125,"plugin_type":"PLATFORM","dialog_class":"com.intellij.ide.util.TipDialog"},"id":"show"}}
{"recorder_version":"31","session":"a5fe14dd47b5","build":"193.5233.102","bucket":"148","time":1575947459240,"group":{"id":"project.fs","version":"1"},"event":{"state":true,"data":{"os":"Windows","cs-project":false,"created":1575947459242,"project":"1b07182a6fbc47b5244aa599d3d97bfe93a413b2cc48aa24d012a3e8a4aea27e","cs-implicit":true,"cs-system":false},"id":"case-sensitivity"}}
{"recorder_version":"31","session":"a5fe14dd47b5","build":"193.5233.102","bucket":"148","time":1575947459240,"group":{"id":"project.fs","version":"1"},"event":{"state":true,"data":{"created":1575947459242},"id":"invoked"}}
{"recorder_version":"31","session":"a5fe14dd47b5","build":"193.5233.102","bucket":"148","time":1575947459242,"group":{"id":"project.fs","version":"1"},"event":{"state":true,"data":{"pct-non-watched":0,"created":1575947459242,"project":"1b07182a6fbc47b5244aa599d3d97bfe93a413b2cc48aa24d012a3e8a4aea27e"},"id":"roots-watched"}}
{"recorder_version":"31","session":"a5fe14dd47b5","build":"193.5233.102","bucket":"148","time":1575947459242,"group":{"id":"project.fs","version":"1"},"event":{"state":true,"data":{"created":1575947459246},"id":"invoked"}}
{"recorder_version":"31","session":"a5fe14dd47b5","build":"193.5233.102","bucket":"148","time":1575947459941,"group":{"id":"project.import","version":"2"},"event":{"count":1,"data":{"ide_activity_id":2,"plugin":"org.jetbrains.idea.maven","system_id":"undefined.system","created":1575947459941,"task_class":"org.jetbrains.idea.maven.project.MavenProjectsProcessorReadingTask","plugin_type":"JB_BUNDLED","project":"1b07182a6fbc47b5244aa599d3d97bfe93a413b2cc48aa24d012a3e8a4aea27e"},"id":"started"}}
{"recorder_version":"31","session":"a5fe14dd47b5","build":"193.5233.102","bucket":"148","time":1575947460080,"group":{"id":"performance","version":"31"},"event":{"count":1,"data":{"duration_ms":1406,"created":1575947460088},"id":"ui.lagging"}}
{"recorder_version":"31","session":"a5fe14dd47b5","build":"193.5233.102","bucket":"148","time":1575947460219,"group":{"id":"performance","version":"31"},"event":{"count":1,"data":{"duration_ms":543,"created":1575947460222},"id":"ui.lagging"}}
{"recorder_version":"31","session":"a5fe14dd47b5","build":"193.5233.102","bucket":"148","time":1575947460434,"group":{"id":"project.import","version":"2"},"event":{"count":1,"data":{"duration_ms":493,"ide_activity_id":2,"created":1575947460434},"id":"finished"}}
{"recorder_version":"31","session":"a5fe14dd47b5","build":"193.5233.102","bucket":"148","time":1575947461276,"group":{"id":"ui.dialogs","version":"31"},"event":{"count":1,"data":{"code":1,"created":1575947461283,"plugin_type":"PLATFORM","dialog_class":"com.intellij.openapi.progress.util.ProgressDialog$MyDialogWrapper"},"id":"close"}}
{"recorder_version":"31","session":"a5fe14dd47b5","build":"193.5233.102","bucket":"148","time":1575947461415,"group":{"id":"performance","version":"31"},"event":{"count":1,"data":{"duration_ms":737,"created":1575947461415},"id":"ui.lagging"}}
{"recorder_version":"31","session":"a5fe14dd47b5","build":"193.5233.102","bucket":"148","time":1575947462317,"group":{"id":"lifecycle","version":"31"},"event":{"count":1,"data":{"duration_ms":27365,"created":1575947462321,"project":"1b07182a6fbc47b5244aa599d3d97bfe93a413b2cc48aa24d012a3e8a4aea27e"},"id":"project.opening.finished"}}
{"recorder_version":"31","session":"a5fe14dd47b5","build":"193.5233.102","bucket":"148","time":1575947463823,"group":{"id":"performance","version":"31"},"event":{"count":1,"data":{"duration_ms":1144,"created":1575947463825},"id":"ui.lagging"}}
{"recorder_version":"31","session":"a5fe14dd47b5","build":"193.5233.102","bucket":"148","time":1575947463824,"group":{"id":"performance","version":"31"},"event":{"count":1,"data":{"duration_ms":144,"created":1575947463825},"id":"ui.lagging"}}
{"recorder_version":"31","session":"a5fe14dd47b5","build":"193.5233.102","bucket":"148","time":1575947463827,"group":{"id":"indexing","version":"2"},"event":{"count":1,"data":{"ide_activity_id":3,"created":1575947463828,"project":"1b07182a6fbc47b5244aa599d3d97bfe93a413b2cc48aa24d012a3e8a4aea27e"},"id":"started"}}
{"recorder_version":"31","session":"a5fe14dd47b5","build":"193.5233.102","bucket":"148","time":1575947463835,"group":{"id":"indexing","version":"2"},"event":{"count":1,"data":{"ide_activity_id":3,"plugin":"org.jetbrains.android","stage_class":"com.android.tools.idea.res.ResourceFolderRepositoryFileCacheImpl$PruneTask","created":1575947463836,"plugin_type":"JB_BUNDLED"},"id":"stage"}}
{"recorder_version":"31","session":"a5fe14dd47b5","build":"193.5233.102","bucket":"148","time":1575947464452,"group":{"id":"indexing","version":"2"},"event":{"count":1,"data":{"ide_activity_id":3,"plugin":"org.jetbrains.android","stage_class":"com.android.tools.idea.res.ResourceFolderRepositoryFileCacheImpl$ManageLruProjectFilesTask","created":1575947464456,"plugin_type":"JB_BUNDLED"},"id":"stage"}}
{"recorder_version":"31","session":"a5fe14dd47b5","build":"193.5233.102","bucket":"148","time":1575947464567,"group":{"id":"indexing","version":"2"},"event":{"count":1,"data":{"duration_ms":740,"ide_activity_id":3,"created":1575947464596},"id":"finished"}}
{"recorder_version":"31","session":"a5fe14dd47b5","build":"193.5233.102","bucket":"148","time":1575947464758,"group":{"id":"indexing","version":"2"},"event":{"count":1,"data":{"ide_activity_id":4,"created":1575947464764,"project":"1b07182a6fbc47b5244aa599d3d97bfe93a413b2cc48aa24d012a3e8a4aea27e"},"id":"started"}}
{"recorder_version":"31","session":"a5fe14dd47b5","build":"193.5233.102","bucket":"148","time":1575947464764,"group":{"id":"indexing","version":"2"},"event":{"count":1,"data":{"ide_activity_id":4,"plugin":"org.jetbrains.android","stage_class":"com.android.tools.idea.res.ResourceFolderRegistry$PopulateCachesTask","created":1575947464774,"plugin_type":"JB_BUNDLED"},"id":"stage"}}
{"recorder_version":"31","session":"a5fe14dd47b5","build":"193.5233.102","bucket":"148","time":1575947464772,"group":{"id":"indexing","version":"2"},"event":{"count":1,"data":{"duration_ms":14,"ide_activity_id":4,"created":1575947464775},"id":"finished"}}
{"recorder_version":"31","session":"a5fe14dd47b5","build":"193.5233.102","bucket":"148","time":1575947469180,"group":{"id":"project.import","version":"2"},"event":{"count":1,"data":{"ide_activity_id":5,"plugin":"org.jetbrains.idea.maven","system_id":"undefined.system","created":1575947469181,"task_class":"org.jetbrains.idea.maven.project.MavenProjectsProcessor$MavenProjectsProcessorWaitForCompletionTask","plugin_type":"JB_BUNDLED","project":"1b07182a6fbc47b5244aa599d3d97bfe93a413b2cc48aa24d012a3e8a4aea27e"},"id":"started"}}
{"recorder_version":"31","session":"a5fe14dd47b5","build":"193.5233.102","bucket":"148","time":1575947469181,"group":{"id":"project.import","version":"2"},"event":{"count":1,"data":{"duration_ms":1,"ide_activity_id":5,"created":1575947469181},"id":"finished"}}
{"recorder_version":"31","session":"a5fe14dd47b5","build":"193.5233.102","bucket":"148","time":1575947469182,"group":{"id":"project.import","version":"2"},"event":{"count":1,"data":{"ide_activity_id":6,"plugin":"org.jetbrains.idea.maven","system_id":"undefined.system","created":1575947469183,"task_class":"org.jetbrains.idea.maven.project.MavenProjectsProcessor$MavenProjectsProcessorWaitForCompletionTask","plugin_type":"JB_BUNDLED","project":"1b07182a6fbc47b5244aa599d3d97bfe93a413b2cc48aa24d012a3e8a4aea27e"},"id":"started"}}
{"recorder_version":"31","session":"a5fe14dd47b5","build":"193.5233.102","bucket":"148","time":1575947469182,"group":{"id":"project.import","version":"2"},"event":{"count":1,"data":{"duration_ms":0,"ide_activity_id":6,"created":1575947469183},"id":"finished"}}
{"recorder_version":"31","session":"a5fe14dd47b5","build":"193.5233.102","bucket":"148","time":1575947469184,"group":{"id":"project.import","version":"2"},"event":{"count":1,"data":{"ide_activity_id":7,"plugin":"org.jetbrains.idea.maven","system_id":"undefined.system","created":1575947469185,"task_class":"org.jetbrains.idea.maven.project.MavenProjectsProcessor$MavenProjectsProcessorWaitForCompletionTask","plugin_type":"JB_BUNDLED","project":"1b07182a6fbc47b5244aa599d3d97bfe93a413b2cc48aa24d012a3e8a4aea27e"},"id":"started"}}
{"recorder_version":"31","session":"a5fe14dd47b5","build":"193.5233.102","bucket":"148","time":1575947469184,"group":{"id":"project.import","version":"2"},"event":{"count":1,"data":{"duration_ms":0,"ide_activity_id":7,"created":1575947469185},"id":"finished"}}
{"recorder_version":"31","session":"a5fe14dd47b5","build":"193.5233.102","bucket":"148","time":1575947469185,"group":{"id":"project.import","version":"2"},"event":{"count":1,"data":{"ide_activity_id":8,"plugin":"org.jetbrains.idea.maven","system_id":"undefined.system","created":1575947469186,"task_class":"org.jetbrains.idea.maven.project.MavenProjectsProcessor$MavenProjectsProcessorWaitForCompletionTask","plugin_type":"JB_BUNDLED","project":"1b07182a6fbc47b5244aa599d3d97bfe93a413b2cc48aa24d012a3e8a4aea27e"},"id":"started"}}
{"recorder_version":"31","session":"a5fe14dd47b5","build":"193.5233.102","bucket":"148","time":1575947469185,"group":{"id":"project.import","version":"2"},"event":{"count":1,"data":{"duration_ms":0,"ide_activity_id":8,"created":1575947469186},"id":"finished"}}
{"recorder_version":"31","session":"a5fe14dd47b5","build":"193.5233.102","bucket":"148","time":1575947469185,"group":{"id":"project.import","version":"2"},"event":{"count":1,"data":{"ide_activity_id":9,"plugin":"org.jetbrains.idea.maven","system_id":"undefined.system","created":1575947469186,"task_class":"org.jetbrains.idea.maven.project.MavenProjectsProcessor$MavenProjectsProcessorWaitForCompletionTask","plugin_type":"JB_BUNDLED","project":"1b07182a6fbc47b5244aa599d3d97bfe93a413b2cc48aa24d012a3e8a4aea27e"},"id":"started"}}
{"recorder_version":"31","session":"a5fe14dd47b5","build":"193.5233.102","bucket":"148","time":1575947469185,"group":{"id":"project.import","version":"2"},"event":{"count":1,"data":{"duration_ms":0,"ide_activity_id":9,"created":1575947469186},"id":"finished"}}
{"recorder_version":"31","session":"a5fe14dd47b5","build":"193.5233.102","bucket":"148","time":1575947469186,"group":{"id":"project.import","version":"2"},"event":{"count":1,"data":{"ide_activity_id":10,"plugin":"org.jetbrains.idea.maven","system_id":"undefined.system","created":1575947469186,"task_class":"org.jetbrains.idea.maven.project.MavenProjectsProcessor$MavenProjectsProcessorWaitForCompletionTask","plugin_type":"JB_BUNDLED","project":"1b07182a6fbc47b5244aa599d3d97bfe93a413b2cc48aa24d012a3e8a4aea27e"},"id":"started"}}
{"recorder_version":"31","session":"a5fe14dd47b5","build":"193.5233.102","bucket":"148","time":1575947469186,"group":{"id":"project.import","version":"2"},"event":{"count":1,"data":{"duration_ms":0,"ide_activity_id":10,"created":1575947469187},"id":"finished"}}
{"recorder_version":"31","session":"a5fe14dd47b5","build":"193.5233.102","bucket":"148","time":1575947472152,"group":{"id":"performance","version":"31"},"event":{"count":1,"data":{"duration_ms":6464,"created":1575947472153},"id":"ui.lagging"}}
{"recorder_version":"31","session":"a5fe14dd47b5","build":"193.5233.102","bucket":"148","time":1575947472161,"group":{"id":"performance","version":"31"},"event":{"count":1,"data":{"duration_ms":5474,"created":1575947472164},"id":"ui.lagging"}}
{"recorder_version":"31","session":"a5fe14dd47b5","build":"193.5233.102","bucket":"148","time":1575947472161,"group":{"id":"performance","version":"31"},"event":{"count":1,"data":{"duration_ms":4474,"created":1575947472164},"id":"ui.lagging"}}
{"recorder_version":"31","session":"a5fe14dd47b5","build":"193.5233.102","bucket":"148","time":1575947472162,"group":{"id":"performance","version":"31"},"event":{"count":1,"data":{"duration_ms":3460,"created":1575947472164},"id":"ui.lagging"}}
{"recorder_version":"31","session":"a5fe14dd47b5","build":"193.5233.102","bucket":"148","time":1575947472212,"group":{"id":"performance","version":"31"},"event":{"count":1,"data":{"duration_ms":2510,"created":1575947472218},"id":"ui.lagging"}}
{"recorder_version":"31","session":"a5fe14dd47b5","build":"193.5233.102","bucket":"148","time":1575947472212,"group":{"id":"performance","version":"31"},"event":{"count":1,"data":{"duration_ms":1501,"created":1575947472219},"id":"ui.lagging"}}
{"recorder_version":"31","session":"a5fe14dd47b5","build":"193.5233.102","bucket":"148","time":1575947472213,"group":{"id":"performance","version":"31"},"event":{"count":1,"data":{"duration_ms":500,"created":1575947472219},"id":"ui.lagging"}}
{"recorder_version":"31","session":"a5fe14dd47b5","build":"193.5233.102","bucket":"148","time":1575947473648,"group":{"id":"performance","version":"31"},"event":{"count":1,"data":{"duration_ms":934,"created":1575947473648},"id":"ui.lagging"}}
{"recorder_version":"31","session":"a5fe14dd47b5","build":"193.5233.102","bucket":"148","time":1575947478757,"group":{"id":"startup","version":"1"},"event":{"count":1,"data":{"duration":3448,"created":1575947478757},"id":"appInit"}}
{"recorder_version":"31","session":"a5fe14dd47b5","build":"193.5233.102","bucket":"148","time":1575947478757,"group":{"id":"startup","version":"1"},"event":{"count":1,"data":{"duration":258,"created":1575947478757},"id":"splash"}}
{"recorder_version":"31","session":"a5fe14dd47b5","build":"193.5233.102","bucket":"148","time":1575947478757,"group":{"id":"startup","version":"1"},"event":{"count":1,"data":{"duration":300,"created":1575947478757},"id":"bootstrap"}}
{"recorder_version":"31","session":"a5fe14dd47b5","build":"193.5233.102","bucket":"148","time":1575947478757,"group":{"id":"startup","version":"1"},"event":{"count":1,"data":{"duration":27783,"created":1575947478757},"id":"totalDuration"}}
{"recorder_version":"31","session":"a5fe14dd47b5","build":"193.5233.102","bucket":"148","time":1575947486055,"group":{"id":"performance","version":"31"},"event":{"count":1,"data":{"duration_ms":246,"created":1575947486055},"id":"ui.lagging"}}
{"recorder_version":"31","session":"a5fe14dd47b5","build":"193.5233.102","bucket":"148","time":1575947486067,"group":{"id":"ui.dialogs","version":"31"},"event":{"count":1,"data":{"code":1,"created":1575947486075,"plugin_type":"PLATFORM","dialog_class":"com.intellij.ide.util.TipDialog"},"id":"close"}}
{"recorder_version":"31","session":"a5fe14dd47b5","build":"193.5233.102","bucket":"148","time":1575947487913,"group":{"id":"lifecycle","version":"31"},"event":{"count":1,"data":{"created":1575947487913,"project":"1b07182a6fbc47b5244aa599d3d97bfe93a413b2cc48aa24d012a3e8a4aea27e"},"id":"frame.deactivated"}}
{"recorder_version":"31","session":"a5fe14dd47b5","build":"193.5233.102","bucket":"148","time":1575947488916,"group":{"id":"performance","version":"31"},"event":{"count":1,"data":{"duration_ms":107,"created":1575947488916},"id":"ui.lagging"}}
{"recorder_version":"31","session":"a5fe14dd47b5","build":"193.5233.102","bucket":"148","time":1575947491084,"group":{"id":"performance","version":"31"},"event":{"count":1,"data":{"duration_ms":274,"created":1575947491086},"id":"ui.lagging"}}
{"recorder_version":"31","session":"a5fe14dd47b5","build":"193.5233.102","bucket":"148","time":1575947534846,"group":{"id":"performance","version":"31"},"event":{"count":1,"data":{"duration_ms":0,"created":1575947534846},"id":"ui.latency"}}
{"recorder_version":"31","session":"a5fe14dd47b5","build":"193.5233.102","bucket":"148","time":1575947609755,"group":{"id":"lifecycle","version":"31"},"event":{"count":1,"data":{"created":1575947609757,"project":"1b07182a6fbc47b5244aa599d3d97bfe93a413b2cc48aa24d012a3e8a4aea27e"},"id":"frame.activated"}}
{"recorder_version":"31","session":"a5fe14dd47b5","build":"193.5233.102","bucket":"148","time":1575947611322,"group":{"id":"ui.dialogs","version":"31"},"event":{"count":1,"data":{"created":1575947611322,"plugin_type":"PLATFORM","dialog_class":"com.intellij.openapi.ui.messages.MessageDialog"},"id":"show"}}
{"recorder_version":"31","session":"a5fe14dd47b5","build":"193.5233.102","bucket":"148","time":1575947612870,"group":{"id":"lifecycle","version":"31"},"event":{"count":1,"data":{"restart":false,"created":1575947612870},"id":"ide.close"}}
{"recorder_version":"31","session":"a5fe14dd47b5","build":"193.5233.102","bucket":"148","time":1575947613229,"group":{"id":"performance","version":"31"},"event":{"count":1,"data":{"duration_ms":292,"created":1575947613229},"id":"ui.lagging"}}
{"recorder_version":"31","session":"a5fe14dd47b5","build":"193.5233.102","bucket":"148","time":1575947613231,"group":{"id":"ui.dialogs","version":"31"},"event":{"count":1,"data":{"created":1575947613231,"plugin_type":"PLATFORM","dialog_class":"com.intellij.openapi.progress.util.ProgressDialog$MyDialogWrapper"},"id":"show"}}
{"recorder_version":"31","session":"a5fe14dd47b5","build":"193.5233.102","bucket":"148","time":1575947613436,"group":{"id":"ui.dialogs","version":"31"},"event":{"count":1,"data":{"code":1,"created":1575947613437,"plugin_type":"PLATFORM","dialog_class":"com.intellij.openapi.progress.util.ProgressDialog$MyDialogWrapper"},"id":"close"}}
{"recorder_version":"31","session":"a5fe14dd47b5","build":"193.5233.102","bucket":"148","time":1575947613442,"group":{"id":"lifecycle","version":"31"},"event":{"count":1,"data":{"created":1575947613442,"project":"1b07182a6fbc47b5244aa599d3d97bfe93a413b2cc48aa24d012a3e8a4aea27e"},"id":"project.closed"}}
