{"recorder_version":"31","session":"7021491dbf91","build":"193.5233.102","bucket":"148","time":1575962496765,"group":{"id":"settings","version":"4"},"event":{"state":true,"data":{"component":"NotRoamableUiSettings","created":1575962497197},"id":"invoked"}}
{"recorder_version":"31","session":"7021491dbf91","build":"193.5233.102","bucket":"148","time":1575962496765,"group":{"id":"settings","version":"4"},"event":{"state":true,"data":{"component":"UISettings","created":1575962497197},"id":"invoked"}}
{"recorder_version":"31","session":"7021491dbf91","build":"193.5233.102","bucket":"148","time":1575962496843,"group":{"id":"system.java","version":"1"},"event":{"state":true,"data":{"created":1575962497213,"version":"1.11"},"id":"JetBrains"}}
{"recorder_version":"31","session":"7021491dbf91","build":"193.5233.102","bucket":"148","time":1575962496843,"group":{"id":"system.java","version":"1"},"event":{"state":true,"data":{"created":1575962497213},"id":"invoked"}}
{"recorder_version":"31","session":"7021491dbf91","build":"193.5233.102","bucket":"148","time":1575962496905,"group":{"id":"system.os","version":"3"},"event":{"state":true,"data":{"created":1575962497213,"version":"10.0"},"id":"Windows"}}
{"recorder_version":"31","session":"7021491dbf91","build":"193.5233.102","bucket":"148","time":1575962496905,"group":{"id":"system.os","version":"3"},"event":{"state":true,"data":{"created":1575962497213,"name":"Windows","version":"10.0"},"id":"os.name"}}
{"recorder_version":"31","session":"7021491dbf91","build":"193.5233.102","bucket":"148","time":1575962496905,"group":{"id":"system.os","version":"3"},"event":{"state":true,"data":{"created":1575962497213,"value":"+08_00"},"id":"os.timezone"}}
{"recorder_version":"31","session":"7021491dbf91","build":"193.5233.102","bucket":"148","time":1575962496905,"group":{"id":"system.os","version":"3"},"event":{"state":true,"data":{"created":1575962497213},"id":"invoked"}}
{"recorder_version":"31","session":"7021491dbf91","build":"193.5233.102","bucket":"148","time":1575962497182,"group":{"id":"event.log","version":"31"},"event":{"count":1,"data":{"created":1575962497213,"version":"986.0"},"id":"whitelist.loaded"}}
{"recorder_version":"31","session":"7021491dbf91","build":"193.5233.102","bucket":"148","time":1575962497494,"group":{"id":"settings","version":"4"},"event":{"state":true,"data":{"component":"UpdatesConfigurable","created":1575962497494,"name":"checkNeeded","type":"bool","value":false},"id":"not.default"}}
{"recorder_version":"31","session":"7021491dbf91","build":"193.5233.102","bucket":"148","time":1575962497494,"group":{"id":"settings","version":"4"},"event":{"state":true,"data":{"component":"UpdatesConfigurable","created":1575962497494,"name":"thirdPartyPluginsAllowed","type":"bool","value":true},"id":"not.default"}}
{"recorder_version":"31","session":"7021491dbf91","build":"193.5233.102","bucket":"148","time":1575962497494,"group":{"id":"settings","version":"4"},"event":{"state":true,"data":{"component":"UpdatesConfigurable","created":1575962497494},"id":"invoked"}}
{"recorder_version":"31","session":"7021491dbf91","build":"193.5233.102","bucket":"148","time":1575962497580,"group":{"id":"settings","version":"4"},"event":{"state":true,"data":{"component":"GeneralSettings","created":1575962497595},"id":"invoked"}}
{"recorder_version":"31","session":"7021491dbf91","build":"193.5233.102","bucket":"148","time":1575962497658,"group":{"id":"lifecycle","version":"31"},"event":{"count":1,"data":{"internal":true,"eap":false,"created":1575962497674},"id":"ide.start"}}
{"recorder_version":"31","session":"7021491dbf91","build":"193.5233.102","bucket":"148","time":1575962498377,"group":{"id":"performance","version":"31"},"event":{"count":1,"data":{"duration_ms":688,"created":1575962498377},"id":"ui.latency"}}
{"recorder_version":"31","session":"7021491dbf91","build":"193.5233.102","bucket":"148","time":1575962498377,"group":{"id":"performance","version":"31"},"event":{"count":1,"data":{"duration_ms":688,"created":1575962498377},"id":"ui.lagging"}}
{"recorder_version":"31","session":"7021491dbf91","build":"193.5233.102","bucket":"148","time":1575962498392,"group":{"id":"settings","version":"4"},"event":{"state":true,"data":{"component":"XmlEditorOptions","created":1575962498392},"id":"invoked"}}
{"recorder_version":"31","session":"7021491dbf91","build":"193.5233.102","bucket":"148","time":1575962498423,"group":{"id":"lifecycle","version":"31"},"event":{"count":1,"data":{"created":1575962498439},"id":"frame.activated"}}
{"recorder_version":"31","session":"7021491dbf91","build":"193.5233.102","bucket":"148","time":1575962498439,"group":{"id":"settings","version":"4"},"event":{"state":true,"data":{"component":"VcsApplicationSettings","created":1575962498439},"id":"invoked"}}
{"recorder_version":"31","session":"7021491dbf91","build":"193.5233.102","bucket":"148","time":1575962498486,"group":{"id":"ui.dialogs","version":"31"},"event":{"count":1,"data":{"created":1575962498486,"plugin_type":"PLATFORM","dialog_class":"com.intellij.openapi.progress.util.ProgressDialog$MyDialogWrapper"},"id":"show"}}
{"recorder_version":"31","session":"7021491dbf91","build":"193.5233.102","bucket":"148","time":1575962500768,"group":{"id":"lifecycle","version":"31"},"event":{"count":1,"data":{"created":1575962500768,"project":"1b07182a6fbc47b5244aa599d3d97bfe93a413b2cc48aa24d012a3e8a4aea27e"},"id":"project.opened"}}
{"recorder_version":"31","session":"7021491dbf91","build":"193.5233.102","bucket":"148","time":1575962501085,"group":{"id":"performance","version":"31"},"event":{"count":1,"data":{"duration_ms":317,"created":1575962501085},"id":"ui.lagging"}}
{"recorder_version":"31","session":"7021491dbf91","build":"193.5233.102","bucket":"148","time":1575962501445,"group":{"id":"indexing","version":"2"},"event":{"count":1,"data":{"ide_activity_id":1,"created":1575962501461,"project":"1b07182a6fbc47b5244aa599d3d97bfe93a413b2cc48aa24d012a3e8a4aea27e"},"id":"started"}}
{"recorder_version":"31","session":"7021491dbf91","build":"193.5233.102","bucket":"148","time":1575962501486,"group":{"id":"indexing","version":"2"},"event":{"count":1,"data":{"ide_activity_id":1,"stage_class":"com.intellij.util.indexing.UnindexedFilesUpdater","created":1575962501500,"plugin_type":"PLATFORM"},"id":"stage"}}
{"recorder_version":"31","session":"7021491dbf91","build":"193.5233.102","bucket":"148","time":1575962503269,"group":{"id":"toolwindow","version":"31"},"event":{"count":1,"data":{"created":1575962503280,"plugin_type":"PLATFORM","id":"Project"},"id":"activated"}}
{"recorder_version":"31","session":"7021491dbf91","build":"193.5233.102","bucket":"148","time":1575962503934,"group":{"id":"performance","version":"31"},"event":{"count":1,"data":{"duration_ms":115,"created":1575962503951},"id":"ui.lagging"}}
{"recorder_version":"31","session":"7021491dbf91","build":"193.5233.102","bucket":"148","time":1575962504293,"group":{"id":"ui.tips","version":"2"},"event":{"count":1,"data":{"created":1575962504294,"type":"automatically"},"id":"dialog.shown"}}
{"recorder_version":"31","session":"7021491dbf91","build":"193.5233.102","bucket":"148","time":1575962504393,"group":{"id":"ui.dialogs","version":"31"},"event":{"count":1,"data":{"created":1575962504393,"plugin_type":"PLATFORM","dialog_class":"com.intellij.ide.util.TipDialog"},"id":"show"}}
{"recorder_version":"31","session":"7021491dbf91","build":"193.5233.102","bucket":"148","time":1575962505540,"group":{"id":"project.fs","version":"1"},"event":{"state":true,"data":{"os":"Windows","cs-project":false,"created":1575962505557,"project":"1b07182a6fbc47b5244aa599d3d97bfe93a413b2cc48aa24d012a3e8a4aea27e","cs-implicit":true,"cs-system":false},"id":"case-sensitivity"}}
{"recorder_version":"31","session":"7021491dbf91","build":"193.5233.102","bucket":"148","time":1575962505540,"group":{"id":"project.fs","version":"1"},"event":{"state":true,"data":{"created":1575962505558},"id":"invoked"}}
{"recorder_version":"31","session":"7021491dbf91","build":"193.5233.102","bucket":"148","time":1575962505558,"group":{"id":"project.fs","version":"1"},"event":{"state":true,"data":{"pct-non-watched":0,"created":1575962505559,"project":"1b07182a6fbc47b5244aa599d3d97bfe93a413b2cc48aa24d012a3e8a4aea27e"},"id":"roots-watched"}}
{"recorder_version":"31","session":"7021491dbf91","build":"193.5233.102","bucket":"148","time":1575962505558,"group":{"id":"project.fs","version":"1"},"event":{"state":true,"data":{"created":1575962505559},"id":"invoked"}}
{"recorder_version":"31","session":"7021491dbf91","build":"193.5233.102","bucket":"148","time":1575962505726,"group":{"id":"ui.dialogs","version":"31"},"event":{"count":1,"data":{"code":1,"created":1575962505733,"plugin_type":"PLATFORM","dialog_class":"com.intellij.openapi.progress.util.ProgressDialog$MyDialogWrapper"},"id":"close"}}
{"recorder_version":"31","session":"7021491dbf91","build":"193.5233.102","bucket":"148","time":1575962505738,"group":{"id":"project.import","version":"2"},"event":{"count":1,"data":{"ide_activity_id":2,"plugin":"org.jetbrains.idea.maven","system_id":"undefined.system","created":1575962505739,"task_class":"org.jetbrains.idea.maven.project.MavenProjectsProcessorReadingTask","plugin_type":"JB_BUNDLED","project":"1b07182a6fbc47b5244aa599d3d97bfe93a413b2cc48aa24d012a3e8a4aea27e"},"id":"started"}}
{"recorder_version":"31","session":"7021491dbf91","build":"193.5233.102","bucket":"148","time":1575962505869,"group":{"id":"lifecycle","version":"31"},"event":{"count":1,"data":{"duration_ms":8043,"created":1575962505876,"project":"1b07182a6fbc47b5244aa599d3d97bfe93a413b2cc48aa24d012a3e8a4aea27e"},"id":"project.opening.finished"}}
{"recorder_version":"31","session":"7021491dbf91","build":"193.5233.102","bucket":"148","time":1575962506018,"group":{"id":"project.import","version":"2"},"event":{"count":1,"data":{"duration_ms":280,"ide_activity_id":2,"created":1575962506018},"id":"finished"}}
{"recorder_version":"31","session":"7021491dbf91","build":"193.5233.102","bucket":"148","time":1575962506348,"group":{"id":"performance","version":"31"},"event":{"count":1,"data":{"duration_ms":363,"created":1575962506368},"id":"ui.lagging"}}
{"recorder_version":"31","session":"7021491dbf91","build":"193.5233.102","bucket":"148","time":1575962507170,"group":{"id":"indexing","version":"2"},"event":{"count":1,"data":{"duration_ms":5725,"ide_activity_id":1,"created":1575962507170},"id":"finished"}}
{"recorder_version":"31","session":"7021491dbf91","build":"193.5233.102","bucket":"148","time":1575962507361,"group":{"id":"indexing","version":"2"},"event":{"count":1,"data":{"ide_activity_id":3,"created":1575962507367,"project":"1b07182a6fbc47b5244aa599d3d97bfe93a413b2cc48aa24d012a3e8a4aea27e"},"id":"started"}}
{"recorder_version":"31","session":"7021491dbf91","build":"193.5233.102","bucket":"148","time":1575962507368,"group":{"id":"indexing","version":"2"},"event":{"count":1,"data":{"ide_activity_id":3,"plugin":"org.jetbrains.android","stage_class":"com.android.tools.idea.res.ResourceFolderRepositoryFileCacheImpl$PruneTask","created":1575962507368,"plugin_type":"JB_BUNDLED"},"id":"stage"}}
{"recorder_version":"31","session":"7021491dbf91","build":"193.5233.102","bucket":"148","time":1575962507398,"group":{"id":"indexing","version":"2"},"event":{"count":1,"data":{"ide_activity_id":3,"plugin":"org.jetbrains.android","stage_class":"com.android.tools.idea.res.ResourceFolderRepositoryFileCacheImpl$ManageLruProjectFilesTask","created":1575962507404,"plugin_type":"JB_BUNDLED"},"id":"stage"}}
{"recorder_version":"31","session":"7021491dbf91","build":"193.5233.102","bucket":"148","time":1575962507439,"group":{"id":"indexing","version":"2"},"event":{"count":1,"data":{"duration_ms":78,"ide_activity_id":3,"created":1575962507439},"id":"finished"}}
{"recorder_version":"31","session":"7021491dbf91","build":"193.5233.102","bucket":"148","time":1575962507517,"group":{"id":"indexing","version":"2"},"event":{"count":1,"data":{"ide_activity_id":4,"created":1575962507517,"project":"1b07182a6fbc47b5244aa599d3d97bfe93a413b2cc48aa24d012a3e8a4aea27e"},"id":"started"}}
{"recorder_version":"31","session":"7021491dbf91","build":"193.5233.102","bucket":"148","time":1575962507548,"group":{"id":"indexing","version":"2"},"event":{"count":1,"data":{"ide_activity_id":4,"plugin":"org.jetbrains.android","stage_class":"com.android.tools.idea.res.ResourceFolderRegistry$PopulateCachesTask","created":1575962507564,"plugin_type":"JB_BUNDLED"},"id":"stage"}}
{"recorder_version":"31","session":"7021491dbf91","build":"193.5233.102","bucket":"148","time":1575962507564,"group":{"id":"indexing","version":"2"},"event":{"count":1,"data":{"duration_ms":47,"ide_activity_id":4,"created":1575962507564},"id":"finished"}}
{"recorder_version":"31","session":"7021491dbf91","build":"193.5233.102","bucket":"148","time":1575962507718,"group":{"id":"project.import","version":"2"},"event":{"count":1,"data":{"ide_activity_id":5,"plugin":"org.jetbrains.idea.maven","system_id":"undefined.system","created":1575962507733,"task_class":"org.jetbrains.idea.maven.project.MavenProjectsProcessor$MavenProjectsProcessorWaitForCompletionTask","plugin_type":"JB_BUNDLED","project":"1b07182a6fbc47b5244aa599d3d97bfe93a413b2cc48aa24d012a3e8a4aea27e"},"id":"started"}}
{"recorder_version":"31","session":"7021491dbf91","build":"193.5233.102","bucket":"148","time":1575962507718,"group":{"id":"project.import","version":"2"},"event":{"count":1,"data":{"duration_ms":0,"ide_activity_id":5,"created":1575962507733},"id":"finished"}}
{"recorder_version":"31","session":"7021491dbf91","build":"193.5233.102","bucket":"148","time":1575962507750,"group":{"id":"project.import","version":"2"},"event":{"count":1,"data":{"ide_activity_id":6,"plugin":"org.jetbrains.idea.maven","system_id":"undefined.system","created":1575962507750,"task_class":"org.jetbrains.idea.maven.project.MavenProjectsProcessor$MavenProjectsProcessorWaitForCompletionTask","plugin_type":"JB_BUNDLED","project":"1b07182a6fbc47b5244aa599d3d97bfe93a413b2cc48aa24d012a3e8a4aea27e"},"id":"started"}}
{"recorder_version":"31","session":"7021491dbf91","build":"193.5233.102","bucket":"148","time":1575962507750,"group":{"id":"project.import","version":"2"},"event":{"count":1,"data":{"duration_ms":0,"ide_activity_id":6,"created":1575962507750},"id":"finished"}}
{"recorder_version":"31","session":"7021491dbf91","build":"193.5233.102","bucket":"148","time":1575962507750,"group":{"id":"project.import","version":"2"},"event":{"count":1,"data":{"ide_activity_id":7,"plugin":"org.jetbrains.idea.maven","system_id":"undefined.system","created":1575962507750,"task_class":"org.jetbrains.idea.maven.project.MavenProjectsProcessor$MavenProjectsProcessorWaitForCompletionTask","plugin_type":"JB_BUNDLED","project":"1b07182a6fbc47b5244aa599d3d97bfe93a413b2cc48aa24d012a3e8a4aea27e"},"id":"started"}}
{"recorder_version":"31","session":"7021491dbf91","build":"193.5233.102","bucket":"148","time":1575962507750,"group":{"id":"project.import","version":"2"},"event":{"count":1,"data":{"duration_ms":0,"ide_activity_id":7,"created":1575962507750},"id":"finished"}}
{"recorder_version":"31","session":"7021491dbf91","build":"193.5233.102","bucket":"148","time":1575962507797,"group":{"id":"project.import","version":"2"},"event":{"count":1,"data":{"ide_activity_id":8,"plugin":"org.jetbrains.idea.maven","system_id":"undefined.system","created":1575962507797,"task_class":"org.jetbrains.idea.maven.project.MavenProjectsProcessor$MavenProjectsProcessorWaitForCompletionTask","plugin_type":"JB_BUNDLED","project":"1b07182a6fbc47b5244aa599d3d97bfe93a413b2cc48aa24d012a3e8a4aea27e"},"id":"started"}}
{"recorder_version":"31","session":"7021491dbf91","build":"193.5233.102","bucket":"148","time":1575962507797,"group":{"id":"project.import","version":"2"},"event":{"count":1,"data":{"duration_ms":0,"ide_activity_id":8,"created":1575962507811},"id":"finished"}}
{"recorder_version":"31","session":"7021491dbf91","build":"193.5233.102","bucket":"148","time":1575962507811,"group":{"id":"project.import","version":"2"},"event":{"count":1,"data":{"ide_activity_id":9,"plugin":"org.jetbrains.idea.maven","system_id":"undefined.system","created":1575962507812,"task_class":"org.jetbrains.idea.maven.project.MavenProjectsProcessor$MavenProjectsProcessorWaitForCompletionTask","plugin_type":"JB_BUNDLED","project":"1b07182a6fbc47b5244aa599d3d97bfe93a413b2cc48aa24d012a3e8a4aea27e"},"id":"started"}}
{"recorder_version":"31","session":"7021491dbf91","build":"193.5233.102","bucket":"148","time":1575962507811,"group":{"id":"project.import","version":"2"},"event":{"count":1,"data":{"duration_ms":0,"ide_activity_id":9,"created":1575962507812},"id":"finished"}}
{"recorder_version":"31","session":"7021491dbf91","build":"193.5233.102","bucket":"148","time":1575962507813,"group":{"id":"project.import","version":"2"},"event":{"count":1,"data":{"ide_activity_id":10,"plugin":"org.jetbrains.idea.maven","system_id":"undefined.system","created":1575962507815,"task_class":"org.jetbrains.idea.maven.project.MavenProjectsProcessor$MavenProjectsProcessorWaitForCompletionTask","plugin_type":"JB_BUNDLED","project":"1b07182a6fbc47b5244aa599d3d97bfe93a413b2cc48aa24d012a3e8a4aea27e"},"id":"started"}}
{"recorder_version":"31","session":"7021491dbf91","build":"193.5233.102","bucket":"148","time":1575962507813,"group":{"id":"project.import","version":"2"},"event":{"count":1,"data":{"duration_ms":0,"ide_activity_id":10,"created":1575962507816},"id":"finished"}}
{"recorder_version":"31","session":"7021491dbf91","build":"193.5233.102","bucket":"148","time":1575962515420,"group":{"id":"startup","version":"1"},"event":{"count":1,"data":{"duration":3080,"created":1575962515420},"id":"appInit"}}
{"recorder_version":"31","session":"7021491dbf91","build":"193.5233.102","bucket":"148","time":1575962515420,"group":{"id":"startup","version":"1"},"event":{"count":1,"data":{"duration":259,"created":1575962515435},"id":"splash"}}
{"recorder_version":"31","session":"7021491dbf91","build":"193.5233.102","bucket":"148","time":1575962515420,"group":{"id":"startup","version":"1"},"event":{"count":1,"data":{"duration":250,"created":1575962515435},"id":"bootstrap"}}
{"recorder_version":"31","session":"7021491dbf91","build":"193.5233.102","bucket":"148","time":1575962515420,"group":{"id":"startup","version":"1"},"event":{"count":1,"data":{"duration":14910,"created":1575962515435},"id":"totalDuration"}}
{"recorder_version":"31","session":"7021491dbf91","build":"193.5233.102","bucket":"148","time":1575962598912,"group":{"id":"performance","version":"31"},"event":{"count":1,"data":{"duration_ms":0,"created":1575962598912},"id":"ui.latency"}}
{"recorder_version":"31","session":"7021491dbf91","build":"193.5233.102","bucket":"148","time":1575962670292,"group":{"id":"ui.dialogs","version":"31"},"event":{"count":1,"data":{"code":1,"created":1575962670292,"plugin_type":"PLATFORM","dialog_class":"com.intellij.ide.util.TipDialog"},"id":"close"}}
{"recorder_version":"31","session":"7021491dbf91","build":"193.5233.102","bucket":"148","time":1575962672977,"group":{"id":"lifecycle","version":"31"},"event":{"count":1,"data":{"created":1575962672977,"project":"1b07182a6fbc47b5244aa599d3d97bfe93a413b2cc48aa24d012a3e8a4aea27e"},"id":"frame.deactivated"}}
{"recorder_version":"31","session":"7021491dbf91","build":"193.5233.102","bucket":"148","time":1575962674656,"group":{"id":"performance","version":"31"},"event":{"count":1,"data":{"duration_ms":233,"created":1575962674656},"id":"ui.lagging"}}
{"recorder_version":"31","session":"7021491dbf91","build":"193.5233.102","bucket":"148","time":1575962699138,"group":{"id":"lifecycle","version":"31"},"event":{"count":1,"data":{"created":1575962699138,"project":"1b07182a6fbc47b5244aa599d3d97bfe93a413b2cc48aa24d012a3e8a4aea27e"},"id":"frame.activated"}}
{"recorder_version":"31","session":"7021491dbf91","build":"193.5233.102","bucket":"148","time":1575962699543,"group":{"id":"performance","version":"31"},"event":{"count":1,"data":{"duration_ms":0,"created":1575962699543},"id":"ui.latency"}}
{"recorder_version":"31","session":"7021491dbf91","build":"193.5233.102","bucket":"148","time":1575962700511,"group":{"id":"ui.dialogs","version":"31"},"event":{"count":1,"data":{"created":1575962700511,"plugin_type":"PLATFORM","dialog_class":"com.intellij.openapi.ui.messages.MessageDialog"},"id":"show"}}
{"recorder_version":"31","session":"7021491dbf91","build":"193.5233.102","bucket":"148","time":1575962701455,"group":{"id":"lifecycle","version":"31"},"event":{"count":1,"data":{"restart":false,"created":1575962701455},"id":"ide.close"}}
{"recorder_version":"31","session":"7021491dbf91","build":"193.5233.102","bucket":"148","time":1575962701588,"group":{"id":"lifecycle","version":"31"},"event":{"count":1,"data":{"created":1575962701588,"project":"1b07182a6fbc47b5244aa599d3d97bfe93a413b2cc48aa24d012a3e8a4aea27e"},"id":"project.closed"}}
