{"recorder_version":"31","session":"ad168dd60350","build":"193.5233.102","bucket":"148","time":1575944772381,"group":{"id":"settings","version":"4"},"event":{"state":true,"data":{"component":"UISettings","created":1575944774510},"id":"invoked"}}
{"recorder_version":"31","session":"ad168dd60350","build":"193.5233.102","bucket":"148","time":1575944772381,"group":{"id":"settings","version":"4"},"event":{"state":true,"data":{"component":"NotRoamableUiSettings","created":1575944774586},"id":"invoked"}}
{"recorder_version":"31","session":"ad168dd60350","build":"193.5233.102","bucket":"148","time":1575944772394,"group":{"id":"system.java","version":"1"},"event":{"state":true,"data":{"created":1575944774600,"version":"1.8"},"id":"Oracle"}}
{"recorder_version":"31","session":"ad168dd60350","build":"193.5233.102","bucket":"148","time":1575944772428,"group":{"id":"system.java","version":"1"},"event":{"state":true,"data":{"created":1575944774604},"id":"invoked"}}
{"recorder_version":"31","session":"ad168dd60350","build":"193.5233.102","bucket":"148","time":1575944774050,"group":{"id":"system.os","version":"3"},"event":{"state":true,"data":{"created":1575944774610,"version":"10.0"},"id":"Windows"}}
{"recorder_version":"31","session":"ad168dd60350","build":"193.5233.102","bucket":"148","time":1575944774050,"group":{"id":"system.os","version":"3"},"event":{"state":true,"data":{"created":1575944774611,"name":"Windows","version":"10.0"},"id":"os.name"}}
{"recorder_version":"31","session":"ad168dd60350","build":"193.5233.102","bucket":"148","time":1575944774050,"group":{"id":"system.os","version":"3"},"event":{"state":true,"data":{"created":1575944774614,"value":"+08_00"},"id":"os.timezone"}}
{"recorder_version":"31","session":"ad168dd60350","build":"193.5233.102","bucket":"148","time":1575944774050,"group":{"id":"system.os","version":"3"},"event":{"state":true,"data":{"created":1575944774614},"id":"invoked"}}
{"recorder_version":"31","session":"ad168dd60350","build":"193.5233.102","bucket":"148","time":1575944774489,"group":{"id":"event.log","version":"31"},"event":{"count":1,"data":{"created":1575944774615,"version":"985.0"},"id":"whitelist.loaded"}}
{"recorder_version":"31","session":"ad168dd60350","build":"193.5233.102","bucket":"148","time":1575944774697,"group":{"id":"settings","version":"4"},"event":{"state":true,"data":{"component":"UpdatesConfigurable","created":1575944774697,"name":"checkNeeded","type":"bool","value":false},"id":"not.default"}}
{"recorder_version":"31","session":"ad168dd60350","build":"193.5233.102","bucket":"148","time":1575944774697,"group":{"id":"settings","version":"4"},"event":{"state":true,"data":{"component":"UpdatesConfigurable","created":1575944774698},"id":"invoked"}}
{"recorder_version":"31","session":"ad168dd60350","build":"193.5233.102","bucket":"148","time":1575944777779,"group":{"id":"settings","version":"4"},"event":{"state":true,"data":{"component":"GeneralSettings","created":1575944777779},"id":"invoked"}}
{"recorder_version":"31","session":"ad168dd60350","build":"193.5233.102","bucket":"148","time":1575944778050,"group":{"id":"lifecycle","version":"31"},"event":{"count":1,"data":{"duration_ms":6568,"created":1575944778050,"duration_grouped":"6s"},"id":"ide.freeze"}}
{"recorder_version":"31","session":"ad168dd60350","build":"193.5233.102","bucket":"148","time":1575944778050,"group":{"id":"performance","version":"31"},"event":{"count":1,"data":{"duration_ms":7252,"created":1575944778065},"id":"ui.latency"}}
{"recorder_version":"31","session":"ad168dd60350","build":"193.5233.102","bucket":"148","time":1575944778050,"group":{"id":"performance","version":"31"},"event":{"count":1,"data":{"duration_ms":7252,"created":1575944778065},"id":"ui.lagging"}}
{"recorder_version":"31","session":"ad168dd60350","build":"193.5233.102","bucket":"148","time":1575944778050,"group":{"id":"performance","version":"31"},"event":{"count":1,"data":{"duration_ms":6166,"created":1575944778065},"id":"ui.lagging"}}
{"recorder_version":"31","session":"ad168dd60350","build":"193.5233.102","bucket":"148","time":1575944778050,"group":{"id":"performance","version":"31"},"event":{"count":1,"data":{"duration_ms":5164,"created":1575944778065},"id":"ui.lagging"}}
{"recorder_version":"31","session":"ad168dd60350","build":"193.5233.102","bucket":"148","time":1575944778050,"group":{"id":"performance","version":"31"},"event":{"count":1,"data":{"duration_ms":4163,"created":1575944778065},"id":"ui.lagging"}}
{"recorder_version":"31","session":"ad168dd60350","build":"193.5233.102","bucket":"148","time":1575944778050,"group":{"id":"performance","version":"31"},"event":{"count":1,"data":{"duration_ms":3161,"created":1575944778065},"id":"ui.lagging"}}
{"recorder_version":"31","session":"ad168dd60350","build":"193.5233.102","bucket":"148","time":1575944778050,"group":{"id":"performance","version":"31"},"event":{"count":1,"data":{"duration_ms":1126,"created":1575944778065},"id":"ui.lagging"}}
{"recorder_version":"31","session":"ad168dd60350","build":"193.5233.102","bucket":"148","time":1575944779124,"group":{"id":"settings","version":"4"},"event":{"state":true,"data":{"component":"XmlEditorOptions","created":1575944779124},"id":"invoked"}}
{"recorder_version":"31","session":"ad168dd60350","build":"193.5233.102","bucket":"148","time":1575944781155,"group":{"id":"lifecycle","version":"31"},"event":{"count":1,"data":{"internal":true,"eap":false,"created":1575944781155},"id":"ide.start"}}
{"recorder_version":"31","session":"ad168dd60350","build":"193.5233.102","bucket":"148","time":1575944781176,"group":{"id":"performance","version":"31"},"event":{"count":1,"data":{"duration_ms":3126,"created":1575944781177},"id":"ui.lagging"}}
{"recorder_version":"31","session":"ad168dd60350","build":"193.5233.102","bucket":"148","time":1575944781297,"group":{"id":"performance","version":"31"},"event":{"count":1,"data":{"duration_ms":2235,"created":1575944781298},"id":"ui.lagging"}}
{"recorder_version":"31","session":"ad168dd60350","build":"193.5233.102","bucket":"148","time":1575944781298,"group":{"id":"performance","version":"31"},"event":{"count":1,"data":{"duration_ms":1234,"created":1575944781303},"id":"ui.lagging"}}
{"recorder_version":"31","session":"ad168dd60350","build":"193.5233.102","bucket":"148","time":1575944781438,"group":{"id":"performance","version":"31"},"event":{"count":1,"data":{"duration_ms":371,"created":1575944781439},"id":"ui.lagging"}}
{"recorder_version":"31","session":"ad168dd60350","build":"193.5233.102","bucket":"148","time":1575944791502,"group":{"id":"settings","version":"4"},"event":{"state":true,"data":{"component":"VcsApplicationSettings","created":1575944791502},"id":"invoked"}}
{"recorder_version":"31","session":"ad168dd60350","build":"193.5233.102","bucket":"148","time":1575944791700,"group":{"id":"actions","version":"31"},"event":{"count":1,"data":{"context_menu":false,"action_id":"com.intellij.openapi.wm.impl.welcomeScreen.FlatWelcomeFrame$FlatWelcomeScreen$5","created":1575944791700,"plugin_type":"PLATFORM","place":"unknown","class":"com.intellij.openapi.wm.impl.welcomeScreen.FlatWelcomeFrame$FlatWelcomeScreen$5","input_event":"MouseLeft"},"id":"action.invoked"}}
{"recorder_version":"31","session":"ad168dd60350","build":"193.5233.102","bucket":"148","time":1575944795313,"group":{"id":"performance","version":"31"},"event":{"count":1,"data":{"duration_ms":3215,"created":1575944795314},"id":"ui.lagging"}}
{"recorder_version":"31","session":"ad168dd60350","build":"193.5233.102","bucket":"148","time":1575944795314,"group":{"id":"performance","version":"31"},"event":{"count":1,"data":{"duration_ms":2205,"created":1575944795314},"id":"ui.lagging"}}
{"recorder_version":"31","session":"ad168dd60350","build":"193.5233.102","bucket":"148","time":1575944795316,"group":{"id":"performance","version":"31"},"event":{"count":1,"data":{"duration_ms":1193,"created":1575944795317},"id":"ui.lagging"}}
{"recorder_version":"31","session":"ad168dd60350","build":"193.5233.102","bucket":"148","time":1575944795387,"group":{"id":"performance","version":"31"},"event":{"count":1,"data":{"duration_ms":264,"created":1575944795387},"id":"ui.lagging"}}
{"recorder_version":"31","session":"ad168dd60350","build":"193.5233.102","bucket":"148","time":1575944795928,"group":{"id":"actions","version":"31"},"event":{"count":1,"data":{"context_menu":false,"action_id":"com.intellij.openapi.wm.impl.welcomeScreen.FlatWelcomeFrame$FlatWelcomeScreen$5","created":1575944795928,"plugin_type":"PLATFORM","place":"unknown","class":"com.intellij.openapi.wm.impl.welcomeScreen.FlatWelcomeFrame$FlatWelcomeScreen$5","input_event":"MouseLeft"},"id":"action.invoked"}}
{"recorder_version":"31","session":"ad168dd60350","build":"193.5233.102","bucket":"148","time":1575944801394,"group":{"id":"actions","version":"31"},"event":{"count":1,"data":{"context_menu":false,"action_id":"WelcomeScreen.Settings","created":1575944801395,"plugin_type":"PLATFORM","place":"WelcomeScreen","class":"com.intellij.ide.actions.ShowSettingsAction"},"id":"action.invoked"}}
{"recorder_version":"31","session":"ad168dd60350","build":"193.5233.102","bucket":"148","time":1575944811098,"group":{"id":"ui.dialogs","version":"31"},"event":{"count":1,"data":{"created":1575944811098,"plugin_type":"PLATFORM","dialog_class":"com.intellij.openapi.options.newEditor.SettingsDialog"},"id":"show"}}
{"recorder_version":"31","session":"ad168dd60350","build":"193.5233.102","bucket":"148","time":1575944811455,"group":{"id":"lifecycle","version":"31"},"event":{"count":1,"data":{"duration_ms":14233,"created":1575944811456,"duration_grouped":"10s+"},"id":"ide.freeze"}}
{"recorder_version":"31","session":"ad168dd60350","build":"193.5233.102","bucket":"148","time":1575944811484,"group":{"id":"performance","version":"31"},"event":{"count":1,"data":{"duration_ms":13340,"created":1575944811485},"id":"ui.lagging"}}
{"recorder_version":"31","session":"ad168dd60350","build":"193.5233.102","bucket":"148","time":1575944811484,"group":{"id":"performance","version":"31"},"event":{"count":1,"data":{"duration_ms":12325,"created":1575944811487},"id":"ui.lagging"}}
{"recorder_version":"31","session":"ad168dd60350","build":"193.5233.102","bucket":"148","time":1575944811485,"group":{"id":"performance","version":"31"},"event":{"count":1,"data":{"duration_ms":11325,"created":1575944811488},"id":"ui.lagging"}}
{"recorder_version":"31","session":"ad168dd60350","build":"193.5233.102","bucket":"148","time":1575944811485,"group":{"id":"performance","version":"31"},"event":{"count":1,"data":{"duration_ms":10324,"created":1575944811488},"id":"ui.lagging"}}
{"recorder_version":"31","session":"ad168dd60350","build":"193.5233.102","bucket":"148","time":1575944811485,"group":{"id":"performance","version":"31"},"event":{"count":1,"data":{"duration_ms":9324,"created":1575944811488},"id":"ui.lagging"}}
{"recorder_version":"31","session":"ad168dd60350","build":"193.5233.102","bucket":"148","time":1575944811485,"group":{"id":"performance","version":"31"},"event":{"count":1,"data":{"duration_ms":8323,"created":1575944811488},"id":"ui.lagging"}}
{"recorder_version":"31","session":"ad168dd60350","build":"193.5233.102","bucket":"148","time":1575944811485,"group":{"id":"performance","version":"31"},"event":{"count":1,"data":{"duration_ms":7315,"created":1575944811488},"id":"ui.lagging"}}
{"recorder_version":"31","session":"ad168dd60350","build":"193.5233.102","bucket":"148","time":1575944811485,"group":{"id":"performance","version":"31"},"event":{"count":1,"data":{"duration_ms":6301,"created":1575944811488},"id":"ui.lagging"}}
{"recorder_version":"31","session":"ad168dd60350","build":"193.5233.102","bucket":"148","time":1575944811485,"group":{"id":"performance","version":"31"},"event":{"count":1,"data":{"duration_ms":5295,"created":1575944811489},"id":"ui.lagging"}}
{"recorder_version":"31","session":"ad168dd60350","build":"193.5233.102","bucket":"148","time":1575944811485,"group":{"id":"performance","version":"31"},"event":{"count":1,"data":{"duration_ms":4294,"created":1575944811489},"id":"ui.lagging"}}
{"recorder_version":"31","session":"ad168dd60350","build":"193.5233.102","bucket":"148","time":1575944811485,"group":{"id":"performance","version":"31"},"event":{"count":1,"data":{"duration_ms":3294,"created":1575944811489},"id":"ui.lagging"}}
{"recorder_version":"31","session":"ad168dd60350","build":"193.5233.102","bucket":"148","time":1575944811825,"group":{"id":"performance","version":"31"},"event":{"count":1,"data":{"duration_ms":2632,"created":1575944811831},"id":"ui.lagging"}}
{"recorder_version":"31","session":"ad168dd60350","build":"193.5233.102","bucket":"148","time":1575944811826,"group":{"id":"performance","version":"31"},"event":{"count":1,"data":{"duration_ms":1593,"created":1575944811832},"id":"ui.lagging"}}
{"recorder_version":"31","session":"ad168dd60350","build":"193.5233.102","bucket":"148","time":1575944812115,"group":{"id":"performance","version":"31"},"event":{"count":1,"data":{"duration_ms":881,"created":1575944812115},"id":"ui.lagging"}}
{"recorder_version":"31","session":"ad168dd60350","build":"193.5233.102","bucket":"148","time":1575944812642,"group":{"id":"ui.settings","version":"31"},"event":{"count":1,"data":{"created":1575944812657,"plugin_type":"PLATFORM","configurable":"com.intellij.ide.ui.AppearanceConfigurable"},"id":"select"}}
{"recorder_version":"31","session":"ad168dd60350","build":"193.5233.102","bucket":"148","time":1575944817472,"group":{"id":"performance","version":"31"},"event":{"count":1,"data":{"duration_ms":225,"created":1575944817474},"id":"ui.lagging"}}
{"recorder_version":"31","session":"ad168dd60350","build":"193.5233.102","bucket":"148","time":1575944818189,"group":{"id":"ui.settings","version":"31"},"event":{"count":1,"data":{"created":1575944818190,"plugin_type":"PLATFORM","configurable":"com.intellij.ide.ui.AppearanceConfigurable"},"id":"apply"}}
{"recorder_version":"31","session":"ad168dd60350","build":"193.5233.102","bucket":"148","time":1575944818769,"group":{"id":"performance","version":"31"},"event":{"count":1,"data":{"duration_ms":521,"created":1575944818769},"id":"ui.lagging"}}
{"recorder_version":"31","session":"ad168dd60350","build":"193.5233.102","bucket":"148","time":1575944820900,"group":{"id":"ui.settings","version":"31"},"event":{"count":1,"data":{"created":1575944820900,"plugin_type":"PLATFORM","configurable":"com.intellij.openapi.options.ex.SortedConfigurableGroup"},"id":"select"}}
{"recorder_version":"31","session":"ad168dd60350","build":"193.5233.102","bucket":"148","time":1575944822282,"group":{"id":"ui.settings","version":"31"},"event":{"count":1,"data":{"created":1575944822282,"plugin_type":"PLATFORM","configurable":"com.intellij.ide.plugins.PluginManagerConfigurable"},"id":"select"}}
{"recorder_version":"31","session":"ad168dd60350","build":"193.5233.102","bucket":"148","time":1575944853084,"group":{"id":"ui.dialogs","version":"31"},"event":{"count":1,"data":{"created":1575944853087,"plugin_type":"PLATFORM","dialog_class":"com.intellij.openapi.ui.messages.MessageDialog"},"id":"show"}}
{"recorder_version":"31","session":"ad168dd60350","build":"193.5233.102","bucket":"148","time":1575944854460,"group":{"id":"ui.settings","version":"31"},"event":{"count":1,"data":{"created":1575944854460,"plugin_type":"PLATFORM","configurable":"com.intellij.ide.plugins.PluginManagerConfigurable"},"id":"apply"}}
{"recorder_version":"31","session":"ad168dd60350","build":"193.5233.102","bucket":"148","time":1575944854460,"group":{"id":"ui.dialogs","version":"31"},"event":{"count":1,"data":{"code":0,"created":1575944854460,"plugin_type":"PLATFORM","dialog_class":"com.intellij.openapi.options.newEditor.SettingsDialog"},"id":"close"}}
{"recorder_version":"31","session":"ad168dd60350","build":"193.5233.102","bucket":"148","time":1575944854882,"group":{"id":"lifecycle","version":"31"},"event":{"count":1,"data":{"restart":true,"created":1575944854882},"id":"ide.close"}}
{"recorder_version":"31","session":"ad168dd60350","build":"193.5233.102","bucket":"148","time":1575944855597,"group":{"id":"ui.dialogs","version":"31"},"event":{"count":1,"data":{"created":1575944855597,"plugin_type":"PLATFORM","dialog_class":"com.intellij.openapi.progress.util.ProgressDialog$MyDialogWrapper"},"id":"show"}}
{"recorder_version":"31","session":"ad168dd60350","build":"193.5233.102","bucket":"148","time":1575944855615,"group":{"id":"performance","version":"31"},"event":{"count":1,"data":{"duration_ms":215,"created":1575944855615},"id":"ui.lagging"}}
