{"recorder_version":"31","session":"b5b434a7a717","build":"193.5233.102","bucket":"148","time":1575973111213,"group":{"id":"settings","version":"4"},"event":{"state":true,"data":{"component":"NotRoamableUiSettings","created":1575973111655},"id":"invoked"}}
{"recorder_version":"31","session":"b5b434a7a717","build":"193.5233.102","bucket":"148","time":1575973111213,"group":{"id":"settings","version":"4"},"event":{"state":true,"data":{"component":"UISettings","created":1575973111655},"id":"invoked"}}
{"recorder_version":"31","session":"b5b434a7a717","build":"193.5233.102","bucket":"148","time":1575973111228,"group":{"id":"system.java","version":"1"},"event":{"state":true,"data":{"created":1575973111671,"version":"1.11"},"id":"JetBrains"}}
{"recorder_version":"31","session":"b5b434a7a717","build":"193.5233.102","bucket":"148","time":1575973111228,"group":{"id":"system.java","version":"1"},"event":{"state":true,"data":{"created":1575973111671},"id":"invoked"}}
{"recorder_version":"31","session":"b5b434a7a717","build":"193.5233.102","bucket":"148","time":1575973111291,"group":{"id":"system.os","version":"3"},"event":{"state":true,"data":{"created":1575973111671,"version":"10.0"},"id":"Windows"}}
{"recorder_version":"31","session":"b5b434a7a717","build":"193.5233.102","bucket":"148","time":1575973111291,"group":{"id":"system.os","version":"3"},"event":{"state":true,"data":{"created":1575973111671,"name":"Windows","version":"10.0"},"id":"os.name"}}
{"recorder_version":"31","session":"b5b434a7a717","build":"193.5233.102","bucket":"148","time":1575973111291,"group":{"id":"system.os","version":"3"},"event":{"state":true,"data":{"created":1575973111671,"value":"+08_00"},"id":"os.timezone"}}
{"recorder_version":"31","session":"b5b434a7a717","build":"193.5233.102","bucket":"148","time":1575973111291,"group":{"id":"system.os","version":"3"},"event":{"state":true,"data":{"created":1575973111687},"id":"invoked"}}
{"recorder_version":"31","session":"b5b434a7a717","build":"193.5233.102","bucket":"148","time":1575973111608,"group":{"id":"event.log","version":"31"},"event":{"count":1,"data":{"created":1575973111687,"version":"988.0"},"id":"whitelist.loaded"}}
{"recorder_version":"31","session":"b5b434a7a717","build":"193.5233.102","bucket":"148","time":1575973111874,"group":{"id":"settings","version":"4"},"event":{"state":true,"data":{"component":"UpdatesConfigurable","created":1575973111874,"name":"checkNeeded","type":"bool","value":false},"id":"not.default"}}
{"recorder_version":"31","session":"b5b434a7a717","build":"193.5233.102","bucket":"148","time":1575973111874,"group":{"id":"settings","version":"4"},"event":{"state":true,"data":{"component":"UpdatesConfigurable","created":1575973111898,"name":"thirdPartyPluginsAllowed","type":"bool","value":true},"id":"not.default"}}
{"recorder_version":"31","session":"b5b434a7a717","build":"193.5233.102","bucket":"148","time":1575973111874,"group":{"id":"settings","version":"4"},"event":{"state":true,"data":{"component":"UpdatesConfigurable","created":1575973111899},"id":"invoked"}}
{"recorder_version":"31","session":"b5b434a7a717","build":"193.5233.102","bucket":"148","time":1575973111992,"group":{"id":"settings","version":"4"},"event":{"state":true,"data":{"component":"GeneralSettings","created":1575973112000},"id":"invoked"}}
{"recorder_version":"31","session":"b5b434a7a717","build":"193.5233.102","bucket":"148","time":1575973112081,"group":{"id":"lifecycle","version":"31"},"event":{"count":1,"data":{"internal":true,"eap":false,"created":1575973112081},"id":"ide.start"}}
{"recorder_version":"31","session":"b5b434a7a717","build":"193.5233.102","bucket":"148","time":1575973112538,"group":{"id":"settings","version":"4"},"event":{"state":true,"data":{"component":"XmlEditorOptions","created":1575973112539},"id":"invoked"}}
{"recorder_version":"31","session":"b5b434a7a717","build":"193.5233.102","bucket":"148","time":1575973113163,"group":{"id":"performance","version":"31"},"event":{"count":1,"data":{"duration_ms":980,"created":1575973113163},"id":"ui.latency"}}
{"recorder_version":"31","session":"b5b434a7a717","build":"193.5233.102","bucket":"148","time":1575973113163,"group":{"id":"performance","version":"31"},"event":{"count":1,"data":{"duration_ms":980,"created":1575973113163},"id":"ui.lagging"}}
{"recorder_version":"31","session":"b5b434a7a717","build":"193.5233.102","bucket":"148","time":1575973113210,"group":{"id":"settings","version":"4"},"event":{"state":true,"data":{"component":"VcsApplicationSettings","created":1575973113210},"id":"invoked"}}
{"recorder_version":"31","session":"b5b434a7a717","build":"193.5233.102","bucket":"148","time":1575973113210,"group":{"id":"lifecycle","version":"31"},"event":{"count":1,"data":{"created":1575973113210},"id":"frame.activated"}}
{"recorder_version":"31","session":"b5b434a7a717","build":"193.5233.102","bucket":"148","time":1575973113257,"group":{"id":"ui.dialogs","version":"31"},"event":{"count":1,"data":{"created":1575973113257,"plugin_type":"PLATFORM","dialog_class":"com.intellij.openapi.progress.util.ProgressDialog$MyDialogWrapper"},"id":"show"}}
{"recorder_version":"31","session":"b5b434a7a717","build":"193.5233.102","bucket":"148","time":1575973113319,"group":{"id":"performance","version":"31"},"event":{"count":1,"data":{"duration_ms":109,"created":1575973113319},"id":"ui.lagging"}}
{"recorder_version":"31","session":"b5b434a7a717","build":"193.5233.102","bucket":"148","time":1575973115519,"group":{"id":"lifecycle","version":"31"},"event":{"count":1,"data":{"created":1575973115519,"project":"1b07182a6fbc47b5244aa599d3d97bfe93a413b2cc48aa24d012a3e8a4aea27e"},"id":"project.opened"}}
{"recorder_version":"31","session":"b5b434a7a717","build":"193.5233.102","bucket":"148","time":1575973116377,"group":{"id":"performance","version":"31"},"event":{"count":1,"data":{"duration_ms":1140,"created":1575973116377},"id":"ui.lagging"}}
{"recorder_version":"31","session":"b5b434a7a717","build":"193.5233.102","bucket":"148","time":1575973116410,"group":{"id":"performance","version":"31"},"event":{"count":1,"data":{"duration_ms":142,"created":1575973116425},"id":"ui.lagging"}}
{"recorder_version":"31","session":"b5b434a7a717","build":"193.5233.102","bucket":"148","time":1575973116735,"group":{"id":"indexing","version":"2"},"event":{"count":1,"data":{"ide_activity_id":1,"created":1575973116743,"project":"1b07182a6fbc47b5244aa599d3d97bfe93a413b2cc48aa24d012a3e8a4aea27e"},"id":"started"}}
{"recorder_version":"31","session":"b5b434a7a717","build":"193.5233.102","bucket":"148","time":1575973116823,"group":{"id":"indexing","version":"2"},"event":{"count":1,"data":{"ide_activity_id":1,"stage_class":"com.intellij.util.indexing.UnindexedFilesUpdater","created":1575973116823,"plugin_type":"PLATFORM"},"id":"stage"}}
{"recorder_version":"31","session":"b5b434a7a717","build":"193.5233.102","bucket":"148","time":1575973116823,"group":{"id":"lifecycle","version":"31"},"event":{"count":1,"data":{"created":1575973116823,"project":"1b07182a6fbc47b5244aa599d3d97bfe93a413b2cc48aa24d012a3e8a4aea27e"},"id":"frame.deactivated"}}
{"recorder_version":"31","session":"b5b434a7a717","build":"193.5233.102","bucket":"148","time":1575973118606,"group":{"id":"performance","version":"31"},"event":{"count":1,"data":{"duration_ms":318,"created":1575973118626},"id":"ui.lagging"}}
{"recorder_version":"31","session":"b5b434a7a717","build":"193.5233.102","bucket":"148","time":1575973119600,"group":{"id":"performance","version":"31"},"event":{"count":1,"data":{"duration_ms":264,"created":1575973119615},"id":"ui.lagging"}}
{"recorder_version":"31","session":"b5b434a7a717","build":"193.5233.102","bucket":"148","time":1575973120068,"group":{"id":"ui.tips","version":"2"},"event":{"count":1,"data":{"created":1575973120073,"type":"automatically"},"id":"dialog.shown"}}
{"recorder_version":"31","session":"b5b434a7a717","build":"193.5233.102","bucket":"148","time":1575973120151,"group":{"id":"ui.dialogs","version":"31"},"event":{"count":1,"data":{"created":1575973120169,"plugin_type":"PLATFORM","dialog_class":"com.intellij.ide.util.TipDialog"},"id":"show"}}
{"recorder_version":"31","session":"b5b434a7a717","build":"193.5233.102","bucket":"148","time":1575973120386,"group":{"id":"lifecycle","version":"31"},"event":{"count":1,"data":{"created":1575973120386,"project":"1b07182a6fbc47b5244aa599d3d97bfe93a413b2cc48aa24d012a3e8a4aea27e"},"id":"frame.activated"}}
{"recorder_version":"31","session":"b5b434a7a717","build":"193.5233.102","bucket":"148","time":1575973121675,"group":{"id":"project.fs","version":"1"},"event":{"state":true,"data":{"os":"Windows","cs-project":false,"created":1575973121691,"project":"1b07182a6fbc47b5244aa599d3d97bfe93a413b2cc48aa24d012a3e8a4aea27e","cs-implicit":true,"cs-system":false},"id":"case-sensitivity"}}
{"recorder_version":"31","session":"b5b434a7a717","build":"193.5233.102","bucket":"148","time":1575973121675,"group":{"id":"project.fs","version":"1"},"event":{"state":true,"data":{"created":1575973121691},"id":"invoked"}}
{"recorder_version":"31","session":"b5b434a7a717","build":"193.5233.102","bucket":"148","time":1575973121691,"group":{"id":"project.fs","version":"1"},"event":{"state":true,"data":{"pct-non-watched":0,"created":1575973121698,"project":"1b07182a6fbc47b5244aa599d3d97bfe93a413b2cc48aa24d012a3e8a4aea27e"},"id":"roots-watched"}}
{"recorder_version":"31","session":"b5b434a7a717","build":"193.5233.102","bucket":"148","time":1575973121691,"group":{"id":"project.fs","version":"1"},"event":{"state":true,"data":{"created":1575973121700},"id":"invoked"}}
{"recorder_version":"31","session":"b5b434a7a717","build":"193.5233.102","bucket":"148","time":1575973121795,"group":{"id":"ui.dialogs","version":"31"},"event":{"count":1,"data":{"code":1,"created":1575973121795,"plugin_type":"PLATFORM","dialog_class":"com.intellij.openapi.progress.util.ProgressDialog$MyDialogWrapper"},"id":"close"}}
{"recorder_version":"31","session":"b5b434a7a717","build":"193.5233.102","bucket":"148","time":1575973121795,"group":{"id":"project.import","version":"2"},"event":{"count":1,"data":{"ide_activity_id":2,"plugin":"org.jetbrains.idea.maven","system_id":"undefined.system","created":1575973121795,"task_class":"org.jetbrains.idea.maven.project.MavenProjectsProcessorReadingTask","plugin_type":"JB_BUNDLED","project":"1b07182a6fbc47b5244aa599d3d97bfe93a413b2cc48aa24d012a3e8a4aea27e"},"id":"started"}}
{"recorder_version":"31","session":"b5b434a7a717","build":"193.5233.102","bucket":"148","time":1575973121880,"group":{"id":"project.import","version":"2"},"event":{"count":1,"data":{"duration_ms":85,"ide_activity_id":2,"created":1575973121896},"id":"finished"}}
{"recorder_version":"31","session":"b5b434a7a717","build":"193.5233.102","bucket":"148","time":1575973121952,"group":{"id":"lifecycle","version":"31"},"event":{"count":1,"data":{"duration_ms":9682,"created":1575973121977,"project":"1b07182a6fbc47b5244aa599d3d97bfe93a413b2cc48aa24d012a3e8a4aea27e"},"id":"project.opening.finished"}}
{"recorder_version":"31","session":"b5b434a7a717","build":"193.5233.102","bucket":"148","time":1575973123044,"group":{"id":"indexing","version":"2"},"event":{"count":1,"data":{"duration_ms":6309,"ide_activity_id":1,"created":1575973123046},"id":"finished"}}
{"recorder_version":"31","session":"b5b434a7a717","build":"193.5233.102","bucket":"148","time":1575973123329,"group":{"id":"indexing","version":"2"},"event":{"count":1,"data":{"ide_activity_id":3,"created":1575973123329,"project":"1b07182a6fbc47b5244aa599d3d97bfe93a413b2cc48aa24d012a3e8a4aea27e"},"id":"started"}}
{"recorder_version":"31","session":"b5b434a7a717","build":"193.5233.102","bucket":"148","time":1575973123411,"group":{"id":"indexing","version":"2"},"event":{"count":1,"data":{"ide_activity_id":3,"plugin":"org.jetbrains.android","stage_class":"com.android.tools.idea.res.ResourceFolderRepositoryFileCacheImpl$PruneTask","created":1575973123411,"plugin_type":"JB_BUNDLED"},"id":"stage"}}
{"recorder_version":"31","session":"b5b434a7a717","build":"193.5233.102","bucket":"148","time":1575973123511,"group":{"id":"indexing","version":"2"},"event":{"count":1,"data":{"ide_activity_id":3,"plugin":"org.jetbrains.android","stage_class":"com.android.tools.idea.res.ResourceFolderRepositoryFileCacheImpl$ManageLruProjectFilesTask","created":1575973123522,"plugin_type":"JB_BUNDLED"},"id":"stage"}}
{"recorder_version":"31","session":"b5b434a7a717","build":"193.5233.102","bucket":"148","time":1575973123544,"group":{"id":"indexing","version":"2"},"event":{"count":1,"data":{"duration_ms":215,"ide_activity_id":3,"created":1575973123544},"id":"finished"}}
{"recorder_version":"31","session":"b5b434a7a717","build":"193.5233.102","bucket":"148","time":1575973123575,"group":{"id":"indexing","version":"2"},"event":{"count":1,"data":{"ide_activity_id":4,"created":1575973123575,"project":"1b07182a6fbc47b5244aa599d3d97bfe93a413b2cc48aa24d012a3e8a4aea27e"},"id":"started"}}
{"recorder_version":"31","session":"b5b434a7a717","build":"193.5233.102","bucket":"148","time":1575973123591,"group":{"id":"indexing","version":"2"},"event":{"count":1,"data":{"ide_activity_id":4,"plugin":"org.jetbrains.android","stage_class":"com.android.tools.idea.res.ResourceFolderRegistry$PopulateCachesTask","created":1575973123606,"plugin_type":"JB_BUNDLED"},"id":"stage"}}
{"recorder_version":"31","session":"b5b434a7a717","build":"193.5233.102","bucket":"148","time":1575973123637,"group":{"id":"indexing","version":"2"},"event":{"count":1,"data":{"duration_ms":62,"ide_activity_id":4,"created":1575973123637},"id":"finished"}}
{"recorder_version":"31","session":"b5b434a7a717","build":"193.5233.102","bucket":"148","time":1575973123798,"group":{"id":"project.import","version":"2"},"event":{"count":1,"data":{"ide_activity_id":5,"plugin":"org.jetbrains.idea.maven","system_id":"undefined.system","created":1575973123798,"task_class":"org.jetbrains.idea.maven.project.MavenProjectsProcessor$MavenProjectsProcessorWaitForCompletionTask","plugin_type":"JB_BUNDLED","project":"1b07182a6fbc47b5244aa599d3d97bfe93a413b2cc48aa24d012a3e8a4aea27e"},"id":"started"}}
{"recorder_version":"31","session":"b5b434a7a717","build":"193.5233.102","bucket":"148","time":1575973123798,"group":{"id":"project.import","version":"2"},"event":{"count":1,"data":{"duration_ms":0,"ide_activity_id":5,"created":1575973123798},"id":"finished"}}
{"recorder_version":"31","session":"b5b434a7a717","build":"193.5233.102","bucket":"148","time":1575973123814,"group":{"id":"project.import","version":"2"},"event":{"count":1,"data":{"ide_activity_id":6,"plugin":"org.jetbrains.idea.maven","system_id":"undefined.system","created":1575973123814,"task_class":"org.jetbrains.idea.maven.project.MavenProjectsProcessor$MavenProjectsProcessorWaitForCompletionTask","plugin_type":"JB_BUNDLED","project":"1b07182a6fbc47b5244aa599d3d97bfe93a413b2cc48aa24d012a3e8a4aea27e"},"id":"started"}}
{"recorder_version":"31","session":"b5b434a7a717","build":"193.5233.102","bucket":"148","time":1575973123814,"group":{"id":"project.import","version":"2"},"event":{"count":1,"data":{"duration_ms":0,"ide_activity_id":6,"created":1575973123830},"id":"finished"}}
{"recorder_version":"31","session":"b5b434a7a717","build":"193.5233.102","bucket":"148","time":1575973123844,"group":{"id":"project.import","version":"2"},"event":{"count":1,"data":{"ide_activity_id":7,"plugin":"org.jetbrains.idea.maven","system_id":"undefined.system","created":1575973123844,"task_class":"org.jetbrains.idea.maven.project.MavenProjectsProcessor$MavenProjectsProcessorWaitForCompletionTask","plugin_type":"JB_BUNDLED","project":"1b07182a6fbc47b5244aa599d3d97bfe93a413b2cc48aa24d012a3e8a4aea27e"},"id":"started"}}
{"recorder_version":"31","session":"b5b434a7a717","build":"193.5233.102","bucket":"148","time":1575973123844,"group":{"id":"project.import","version":"2"},"event":{"count":1,"data":{"duration_ms":0,"ide_activity_id":7,"created":1575973123844},"id":"finished"}}
{"recorder_version":"31","session":"b5b434a7a717","build":"193.5233.102","bucket":"148","time":1575973123859,"group":{"id":"project.import","version":"2"},"event":{"count":1,"data":{"ide_activity_id":8,"plugin":"org.jetbrains.idea.maven","system_id":"undefined.system","created":1575973123863,"task_class":"org.jetbrains.idea.maven.project.MavenProjectsProcessor$MavenProjectsProcessorWaitForCompletionTask","plugin_type":"JB_BUNDLED","project":"1b07182a6fbc47b5244aa599d3d97bfe93a413b2cc48aa24d012a3e8a4aea27e"},"id":"started"}}
{"recorder_version":"31","session":"b5b434a7a717","build":"193.5233.102","bucket":"148","time":1575973123859,"group":{"id":"project.import","version":"2"},"event":{"count":1,"data":{"duration_ms":0,"ide_activity_id":8,"created":1575973123863},"id":"finished"}}
{"recorder_version":"31","session":"b5b434a7a717","build":"193.5233.102","bucket":"148","time":1575973123863,"group":{"id":"project.import","version":"2"},"event":{"count":1,"data":{"ide_activity_id":9,"plugin":"org.jetbrains.idea.maven","system_id":"undefined.system","created":1575973123863,"task_class":"org.jetbrains.idea.maven.project.MavenProjectsProcessor$MavenProjectsProcessorWaitForCompletionTask","plugin_type":"JB_BUNDLED","project":"1b07182a6fbc47b5244aa599d3d97bfe93a413b2cc48aa24d012a3e8a4aea27e"},"id":"started"}}
{"recorder_version":"31","session":"b5b434a7a717","build":"193.5233.102","bucket":"148","time":1575973123863,"group":{"id":"project.import","version":"2"},"event":{"count":1,"data":{"duration_ms":0,"ide_activity_id":9,"created":1575973123863},"id":"finished"}}
{"recorder_version":"31","session":"b5b434a7a717","build":"193.5233.102","bucket":"148","time":1575973123879,"group":{"id":"project.import","version":"2"},"event":{"count":1,"data":{"ide_activity_id":10,"plugin":"org.jetbrains.idea.maven","system_id":"undefined.system","created":1575973123895,"task_class":"org.jetbrains.idea.maven.project.MavenProjectsProcessor$MavenProjectsProcessorWaitForCompletionTask","plugin_type":"JB_BUNDLED","project":"1b07182a6fbc47b5244aa599d3d97bfe93a413b2cc48aa24d012a3e8a4aea27e"},"id":"started"}}
{"recorder_version":"31","session":"b5b434a7a717","build":"193.5233.102","bucket":"148","time":1575973123879,"group":{"id":"project.import","version":"2"},"event":{"count":1,"data":{"duration_ms":0,"ide_activity_id":10,"created":1575973123895},"id":"finished"}}
{"recorder_version":"31","session":"b5b434a7a717","build":"193.5233.102","bucket":"148","time":1575973125082,"group":{"id":"ui.dialogs","version":"31"},"event":{"count":1,"data":{"code":1,"created":1575973125090,"plugin_type":"PLATFORM","dialog_class":"com.intellij.ide.util.TipDialog"},"id":"close"}}
{"recorder_version":"31","session":"b5b434a7a717","build":"193.5233.102","bucket":"148","time":1575973126747,"group":{"id":"lifecycle","version":"31"},"event":{"count":1,"data":{"created":1575973126763,"project":"1b07182a6fbc47b5244aa599d3d97bfe93a413b2cc48aa24d012a3e8a4aea27e"},"id":"frame.deactivated"}}
{"recorder_version":"31","session":"b5b434a7a717","build":"193.5233.102","bucket":"148","time":1575973129796,"group":{"id":"performance","version":"31"},"event":{"count":1,"data":{"duration_ms":208,"created":1575973129814},"id":"ui.lagging"}}
{"recorder_version":"31","session":"b5b434a7a717","build":"193.5233.102","bucket":"148","time":1575973130810,"group":{"id":"performance","version":"31"},"event":{"count":1,"data":{"duration_ms":220,"created":1575973130826},"id":"ui.lagging"}}
{"recorder_version":"31","session":"b5b434a7a717","build":"193.5233.102","bucket":"148","time":1575973131758,"group":{"id":"startup","version":"1"},"event":{"count":1,"data":{"duration":3052,"created":1575973131760},"id":"appInit"}}
{"recorder_version":"31","session":"b5b434a7a717","build":"193.5233.102","bucket":"148","time":1575973131758,"group":{"id":"startup","version":"1"},"event":{"count":1,"data":{"duration":307,"created":1575973131760},"id":"splash"}}
{"recorder_version":"31","session":"b5b434a7a717","build":"193.5233.102","bucket":"148","time":1575973131758,"group":{"id":"startup","version":"1"},"event":{"count":1,"data":{"duration":266,"created":1575973131760},"id":"bootstrap"}}
{"recorder_version":"31","session":"b5b434a7a717","build":"193.5233.102","bucket":"148","time":1575973131758,"group":{"id":"startup","version":"1"},"event":{"count":1,"data":{"duration":17212,"created":1575973131760},"id":"totalDuration"}}
{"recorder_version":"31","session":"b5b434a7a717","build":"193.5233.102","bucket":"148","time":1575973147696,"group":{"id":"lifecycle","version":"31"},"event":{"count":1,"data":{"created":1575973147696,"project":"1b07182a6fbc47b5244aa599d3d97bfe93a413b2cc48aa24d012a3e8a4aea27e"},"id":"frame.activated"}}
{"recorder_version":"31","session":"b5b434a7a717","build":"193.5233.102","bucket":"148","time":1575973152450,"group":{"id":"toolwindow","version":"31"},"event":{"count":1,"data":{"created":1575973152450,"plugin_type":"PLATFORM","id":"Project"},"id":"activated"}}
{"recorder_version":"31","session":"b5b434a7a717","build":"193.5233.102","bucket":"148","time":1575973152997,"group":{"id":"performance","version":"31"},"event":{"count":1,"data":{"duration_ms":219,"created":1575973152997},"id":"ui.lagging"}}
{"recorder_version":"31","session":"b5b434a7a717","build":"193.5233.102","bucket":"148","time":1575973153138,"group":{"id":"file.types.usage","version":"31"},"event":{"count":1,"data":{"file_path":"2ee496aa4156f0ec145cd563b03ba72c94ae3a89268e148700aaadeed7b95459","file_type":"XML","created":1575973153138,"plugin_type":"PLATFORM","project":"1b07182a6fbc47b5244aa599d3d97bfe93a413b2cc48aa24d012a3e8a4aea27e"},"id":"open"}}
{"recorder_version":"31","session":"b5b434a7a717","build":"193.5233.102","bucket":"148","time":1575973156028,"group":{"id":"toolwindow","version":"31"},"event":{"count":1,"data":{"created":1575973156028,"plugin_type":"UNKNOWN","id":"unknown"},"id":"activated"}}
{"recorder_version":"31","session":"b5b434a7a717","build":"193.5233.102","bucket":"148","time":1575973213580,"group":{"id":"performance","version":"31"},"event":{"count":1,"data":{"duration_ms":0,"created":1575973213580},"id":"ui.latency"}}
{"recorder_version":"31","session":"b5b434a7a717","build":"193.5233.102","bucket":"148","time":1575973249731,"group":{"id":"ui.dialogs","version":"31"},"event":{"count":1,"data":{"created":1575973249731,"plugin_type":"PLATFORM","dialog_class":"com.intellij.openapi.ui.messages.MessageDialog"},"id":"show"}}
{"recorder_version":"31","session":"b5b434a7a717","build":"193.5233.102","bucket":"148","time":1575973250728,"group":{"id":"lifecycle","version":"31"},"event":{"count":1,"data":{"restart":false,"created":1575973250728},"id":"ide.close"}}
{"recorder_version":"31","session":"b5b434a7a717","build":"193.5233.102","bucket":"148","time":1575973250977,"group":{"id":"lifecycle","version":"31"},"event":{"count":1,"data":{"created":1575973250979,"project":"1b07182a6fbc47b5244aa599d3d97bfe93a413b2cc48aa24d012a3e8a4aea27e"},"id":"project.closed"}}
